running egg_info
creating ../build/par_pkg/par_pkg.egg-info
writing ../build/par_pkg/par_pkg.egg-info/PKG-INFO
writing dependency_links to ../build/par_pkg/par_pkg.egg-info/dependency_links.txt
writing entry points to ../build/par_pkg/par_pkg.egg-info/entry_points.txt
writing requirements to ../build/par_pkg/par_pkg.egg-info/requires.txt
writing top-level names to ../build/par_pkg/par_pkg.egg-info/top_level.txt
writing manifest file '../build/par_pkg/par_pkg.egg-info/SOURCES.txt'
reading manifest file '../build/par_pkg/par_pkg.egg-info/SOURCES.txt'
writing manifest file '../build/par_pkg/par_pkg.egg-info/SOURCES.txt'
running build
running build_py
creating /home/rmitaiil/aiil_workspace/humble_workspace/src/on_UR5e/build/par_pkg/build
creating /home/rmitaiil/aiil_workspace/humble_workspace/src/on_UR5e/build/par_pkg/build/lib
creating /home/rmitaiil/aiil_workspace/humble_workspace/src/on_UR5e/build/par_pkg/build/lib/par_pkg
copying par_pkg/__init__.py -> /home/rmitaiil/aiil_workspace/humble_workspace/src/on_UR5e/build/par_pkg/build/lib/par_pkg
copying par_pkg/rg2_gripper_node.py -> /home/rmitaiil/aiil_workspace/humble_workspace/src/on_UR5e/build/par_pkg/build/lib/par_pkg
running install
running install_lib
creating /home/rmitaiil/aiil_workspace/humble_workspace/src/on_UR5e/install/par_pkg/lib/python3.10/site-packages/par_pkg
copying /home/rmitaiil/aiil_workspace/humble_workspace/src/on_UR5e/build/par_pkg/build/lib/par_pkg/__init__.py -> /home/rmitaiil/aiil_workspace/humble_workspace/src/on_UR5e/install/par_pkg/lib/python3.10/site-packages/par_pkg
copying /home/rmitaiil/aiil_workspace/humble_workspace/src/on_UR5e/build/par_pkg/build/lib/par_pkg/rg2_gripper_node.py -> /home/rmitaiil/aiil_workspace/humble_workspace/src/on_UR5e/install/par_pkg/lib/python3.10/site-packages/par_pkg
byte-compiling /home/rmitaiil/aiil_workspace/humble_workspace/src/on_UR5e/install/par_pkg/lib/python3.10/site-packages/par_pkg/__init__.py to __init__.cpython-310.pyc
byte-compiling /home/rmitaiil/aiil_workspace/humble_workspace/src/on_UR5e/install/par_pkg/lib/python3.10/site-packages/par_pkg/rg2_gripper_node.py to rg2_gripper_node.cpython-310.pyc
running install_data
creating /home/rmitaiil/aiil_workspace/humble_workspace/src/on_UR5e/install/par_pkg/share/ament_index
creating /home/rmitaiil/aiil_workspace/humble_workspace/src/on_UR5e/install/par_pkg/share/ament_index/resource_index
creating /home/rmitaiil/aiil_workspace/humble_workspace/src/on_UR5e/install/par_pkg/share/ament_index/resource_index/packages
copying resource/par_pkg -> /home/rmitaiil/aiil_workspace/humble_workspace/src/on_UR5e/install/par_pkg/share/ament_index/resource_index/packages
copying package.xml -> /home/rmitaiil/aiil_workspace/humble_workspace/src/on_UR5e/install/par_pkg/share/par_pkg
running install_egg_info
Copying ../build/par_pkg/par_pkg.egg-info to /home/rmitaiil/aiil_workspace/humble_workspace/src/on_UR5e/install/par_pkg/lib/python3.10/site-packages/par_pkg-0.0.0-py3.10.egg-info
running install_scripts
writing list of installed files to '/home/rmitaiil/aiil_workspace/humble_workspace/src/on_UR5e/build/par_pkg/install.log'
