[0.172s] Invoking command in '/home/vxlab/on_UR5e/build/par_utils': CMAKE_PREFIX_PATH=/opt/ros/humble /usr/bin/cmake /home/vxlab/on_UR5e/par_utils -DCMAKE_INSTALL_PREFIX=/home/vxlab/on_UR5e/install/par_utils
[0.249s] -- The C compiler identification is GNU 11.4.0
[0.333s] -- The CXX compiler identification is GNU 11.4.0
[0.347s] -- Detecting C compiler ABI info
[0.446s] -- Detecting C compiler ABI info - done
[0.459s] -- Check for working C compiler: /usr/bin/cc - skipped
[0.459s] -- Detecting C compile features
[0.460s] -- Detecting C compile features - done
[0.465s] -- Detecting CXX compiler ABI info
[0.581s] -- Detecting CXX compiler ABI info - done
[0.596s] -- Check for working CXX compiler: /usr/bin/c++ - skipped
[0.596s] -- Detecting CXX compile features
[0.597s] -- Detecting CXX compile features - done
[0.601s] -- Found ament_cmake: 1.3.7 (/opt/ros/humble/share/ament_cmake/cmake)
[0.857s] -- Found Python3: /usr/bin/python3.10 (found version "3.10.12") found components: Interpreter 
[1.003s] -- Found rosidl_default_generators: 1.2.0 (/opt/ros/humble/share/rosidl_default_generators/cmake)
[1.008s] -- Using all available rosidl_typesupport_c: rosidl_typesupport_fastrtps_c;rosidl_typesupport_introspection_c
[1.018s] -- Found rosidl_adapter: 3.1.5 (/opt/ros/humble/share/rosidl_adapter/cmake)
[1.108s] -- Using all available rosidl_typesupport_cpp: rosidl_typesupport_fastrtps_cpp;rosidl_typesupport_introspection_cpp
[1.760s] -- Found ament_cmake_ros: 0.10.0 (/opt/ros/humble/share/ament_cmake_ros/cmake)
[2.074s] -- Using all available rosidl_typesupport_c: rosidl_typesupport_fastrtps_c;rosidl_typesupport_introspection_c
[2.471s] -- Using all available rosidl_typesupport_cpp: rosidl_typesupport_fastrtps_cpp;rosidl_typesupport_introspection_cpp
[2.507s] -- Found PythonInterp: /usr/bin/python3 (found suitable version "3.10.12", minimum required is "3.6") 
[2.510s] -- Found python_cmake_module: 0.10.0 (/opt/ros/humble/share/python_cmake_module/cmake)
[2.550s] -- Found PythonLibs: /usr/lib/x86_64-linux-gnu/libpython3.10.so (found suitable version "3.10.12", minimum required is "3.5") 
[2.550s] -- Using PYTHON_EXECUTABLE: /usr/bin/python3
[2.551s] -- Using PYTHON_INCLUDE_DIRS: /usr/include/python3.10
[2.551s] -- Using PYTHON_LIBRARIES: /usr/lib/x86_64-linux-gnu/libpython3.10.so
[2.591s] -- Found PythonExtra: .so  
[2.658s] -- Found ament_lint_auto: 0.12.10 (/opt/ros/humble/share/ament_lint_auto/cmake)
[2.684s] -- Added test 'lint_cmake' to check CMake code style
[2.686s] -- Added test 'xmllint' to check XML markup files
[2.689s] -- Configuring done
[2.751s] -- Generating done
[2.758s] -- Build files have been written to: /home/vxlab/on_UR5e/build/par_utils
[2.768s] Invoked command in '/home/vxlab/on_UR5e/build/par_utils' returned '0': CMAKE_PREFIX_PATH=/opt/ros/humble /usr/bin/cmake /home/vxlab/on_UR5e/par_utils -DCMAKE_INSTALL_PREFIX=/home/vxlab/on_UR5e/install/par_utils
[2.771s] Invoking command in '/home/vxlab/on_UR5e/build/par_utils': CMAKE_PREFIX_PATH=/opt/ros/humble /usr/bin/cmake --build /home/vxlab/on_UR5e/build/par_utils -- -j8 -l8
[2.845s] [  2%] [34m[1mGenerating C code for ROS interfaces[0m
[2.881s] [  5%] [34m[1mGenerating C++ code for ROS interfaces[0m
[2.892s] [  5%] Built target ament_cmake_python_copy_par_utils
[3.696s] running egg_info
[3.699s] writing par_utils.egg-info/PKG-INFO
[3.700s] writing dependency_links to par_utils.egg-info/dependency_links.txt
[3.700s] writing top-level names to par_utils.egg-info/top_level.txt
[3.708s] reading manifest file 'par_utils.egg-info/SOURCES.txt'
[3.709s] writing manifest file 'par_utils.egg-info/SOURCES.txt'
[3.769s] [  5%] Built target ament_cmake_python_build_par_utils_egg
[4.185s] [35m[1mConsolidate compiler generated dependencies of target par_utils__rosidl_generator_c[0m
[4.217s] [  7%] [32mBuilding C object CMakeFiles/par_utils__rosidl_generator_c.dir/rosidl_generator_c/par_utils/action/detail/gripper_set_width__functions.c.o[0m
[4.223s] [ 10%] [32mBuilding C object CMakeFiles/par_utils__rosidl_generator_c.dir/rosidl_generator_c/par_utils/msg/detail/gripper_info__functions.c.o[0m
[4.232s] [ 10%] Built target par_utils__cpp
[4.255s] [ 12%] [34m[1mGenerating C++ type support for eProsima Fast-RTPS[0m
[4.259s] [ 15%] [34m[1mGenerating C++ introspection for ROS interfaces[0m
[4.260s] [ 17%] [34m[1mGenerating C++ type support dispatch for ROS interfaces[0m
[4.562s] [ 20%] [32m[1mLinking C shared library libpar_utils__rosidl_generator_c.so[0m
[4.675s] [ 20%] Built target par_utils__rosidl_generator_c
[4.704s] [ 23%] [34m[1mGenerating C type support for eProsima Fast-RTPS[0m
[4.719s] [ 25%] [34m[1mGenerating C type support dispatch for ROS interfaces[0m
[4.745s] [ 28%] [34m[1mGenerating C introspection for ROS interfaces[0m
[5.765s] [35m[1mConsolidate compiler generated dependencies of target par_utils__rosidl_typesupport_cpp[0m
[5.819s] [ 30%] [32mBuilding CXX object CMakeFiles/par_utils__rosidl_typesupport_cpp.dir/rosidl_typesupport_cpp/par_utils/action/gripper_set_width__type_support.cpp.o[0m
[5.831s] [ 33%] [32mBuilding CXX object CMakeFiles/par_utils__rosidl_typesupport_cpp.dir/rosidl_typesupport_cpp/par_utils/msg/gripper_info__type_support.cpp.o[0m
[6.036s] [35m[1mConsolidate compiler generated dependencies of target par_utils__rosidl_typesupport_c[0m
[6.088s] [35m[1mConsolidate compiler generated dependencies of target par_utils__rosidl_typesupport_introspection_cpp[0m
[6.109s] [ 35%] [32mBuilding CXX object CMakeFiles/par_utils__rosidl_typesupport_c.dir/rosidl_typesupport_c/par_utils/action/gripper_set_width__type_support.cpp.o[0m
[6.132s] [ 38%] [32mBuilding CXX object CMakeFiles/par_utils__rosidl_typesupport_introspection_cpp.dir/rosidl_typesupport_introspection_cpp/par_utils/action/detail/gripper_set_width__type_support.cpp.o[0m
[6.140s] [ 41%] [32mBuilding CXX object CMakeFiles/par_utils__rosidl_typesupport_introspection_cpp.dir/rosidl_typesupport_introspection_cpp/par_utils/msg/detail/gripper_info__type_support.cpp.o[0m
[6.172s] [35m[1mConsolidate compiler generated dependencies of target par_utils__rosidl_typesupport_fastrtps_cpp[0m
[6.308s] [ 43%] [32mBuilding CXX object CMakeFiles/par_utils__rosidl_typesupport_fastrtps_cpp.dir/rosidl_typesupport_fastrtps_cpp/par_utils/action/detail/dds_fastrtps/gripper_set_width__type_support.cpp.o[0m
[6.341s] [ 46%] [32mBuilding CXX object CMakeFiles/par_utils__rosidl_typesupport_c.dir/rosidl_typesupport_c/par_utils/msg/gripper_info__type_support.cpp.o[0m
[6.493s] [ 48%] [32m[1mLinking CXX shared library libpar_utils__rosidl_typesupport_c.so[0m
[6.626s] [35m[1mConsolidate compiler generated dependencies of target par_utils__rosidl_typesupport_fastrtps_c[0m
[6.673s] [ 51%] [32mBuilding CXX object CMakeFiles/par_utils__rosidl_typesupport_fastrtps_c.dir/rosidl_typesupport_fastrtps_c/par_utils/action/detail/gripper_set_width__type_support_c.cpp.o[0m
[6.684s] [ 51%] Built target par_utils__rosidl_typesupport_c
[6.704s] [35m[1mConsolidate compiler generated dependencies of target par_utils__rosidl_typesupport_introspection_c[0m
[6.743s] [ 53%] [32mBuilding CXX object CMakeFiles/par_utils__rosidl_typesupport_fastrtps_c.dir/rosidl_typesupport_fastrtps_c/par_utils/msg/detail/gripper_info__type_support_c.cpp.o[0m
[6.803s] [ 56%] [32mBuilding C object CMakeFiles/par_utils__rosidl_typesupport_introspection_c.dir/rosidl_typesupport_introspection_c/par_utils/action/detail/gripper_set_width__type_support.c.o[0m
[7.035s] [ 58%] [32mBuilding C object CMakeFiles/par_utils__rosidl_typesupport_introspection_c.dir/rosidl_typesupport_introspection_c/par_utils/msg/detail/gripper_info__type_support.c.o[0m
[7.067s] [ 61%] [32mBuilding CXX object CMakeFiles/par_utils__rosidl_typesupport_fastrtps_cpp.dir/rosidl_typesupport_fastrtps_cpp/par_utils/msg/detail/dds_fastrtps/gripper_info__type_support.cpp.o[0m
[7.204s] [ 64%] [32m[1mLinking C shared library libpar_utils__rosidl_typesupport_introspection_c.so[0m
[7.420s] [ 64%] Built target par_utils__rosidl_typesupport_introspection_c
[7.450s] [ 66%] [32m[1mLinking CXX shared library libpar_utils__rosidl_typesupport_cpp.so[0m
[7.671s] [ 66%] Built target par_utils__rosidl_typesupport_cpp
[8.047s] [ 69%] [32m[1mLinking CXX shared library libpar_utils__rosidl_typesupport_fastrtps_c.so[0m
[8.081s] [ 71%] [32m[1mLinking CXX shared library libpar_utils__rosidl_typesupport_introspection_cpp.so[0m
[8.233s] [ 71%] Built target par_utils__rosidl_typesupport_fastrtps_c
[8.256s] [ 71%] Built target par_utils__rosidl_typesupport_introspection_cpp
[8.330s] [ 74%] [32m[1mLinking CXX shared library libpar_utils__rosidl_typesupport_fastrtps_cpp.so[0m
[8.437s] [ 74%] Built target par_utils__rosidl_typesupport_fastrtps_cpp
[8.464s] [ 74%] Built target par_utils
[8.492s] [ 76%] [34m[1mGenerating Python code for ROS interfaces[0m
[10.453s] [ 76%] Built target par_utils__py
[10.467s] [35m[1mConsolidate compiler generated dependencies of target par_utils__rosidl_generator_py[0m
[10.487s] [ 82%] [32mBuilding C object CMakeFiles/par_utils__rosidl_generator_py.dir/rosidl_generator_py/par_utils/msg/_gripper_info_s.c.o[0m
[10.487s] [ 82%] [32mBuilding C object CMakeFiles/par_utils__rosidl_generator_py.dir/rosidl_generator_py/par_utils/action/_gripper_set_width_s.c.o[0m
[10.724s] [ 84%] [32m[1mLinking C shared library rosidl_generator_py/par_utils/libpar_utils__rosidl_generator_py.so[0m
[10.778s] [ 84%] Built target par_utils__rosidl_generator_py
[10.796s] [35m[1mConsolidate compiler generated dependencies of target par_utils__rosidl_typesupport_c__pyext[0m
[10.796s] [35m[1mConsolidate compiler generated dependencies of target par_utils__rosidl_typesupport_introspection_c__pyext[0m
[10.797s] [35m[1mConsolidate compiler generated dependencies of target par_utils__rosidl_typesupport_fastrtps_c__pyext[0m
[10.819s] [ 87%] [32mBuilding C object CMakeFiles/par_utils__rosidl_typesupport_fastrtps_c__pyext.dir/rosidl_generator_py/par_utils/_par_utils_s.ep.rosidl_typesupport_fastrtps_c.c.o[0m
[10.821s] [ 89%] [32mBuilding C object CMakeFiles/par_utils__rosidl_typesupport_c__pyext.dir/rosidl_generator_py/par_utils/_par_utils_s.ep.rosidl_typesupport_c.c.o[0m
[10.821s] [ 92%] [32mBuilding C object CMakeFiles/par_utils__rosidl_typesupport_introspection_c__pyext.dir/rosidl_generator_py/par_utils/_par_utils_s.ep.rosidl_typesupport_introspection_c.c.o[0m
[11.083s] [ 94%] [32m[1mLinking C shared library rosidl_generator_py/par_utils/par_utils_s__rosidl_typesupport_introspection_c.cpython-310-x86_64-linux-gnu.so[0m
[11.090s] [ 97%] [32m[1mLinking C shared library rosidl_generator_py/par_utils/par_utils_s__rosidl_typesupport_c.cpython-310-x86_64-linux-gnu.so[0m
[11.153s] [100%] [32m[1mLinking C shared library rosidl_generator_py/par_utils/par_utils_s__rosidl_typesupport_fastrtps_c.cpython-310-x86_64-linux-gnu.so[0m
[11.185s] [100%] Built target par_utils__rosidl_typesupport_c__pyext
[11.187s] [100%] Built target par_utils__rosidl_typesupport_introspection_c__pyext
[11.237s] [100%] Built target par_utils__rosidl_typesupport_fastrtps_c__pyext
[11.258s] Invoked command in '/home/vxlab/on_UR5e/build/par_utils' returned '0': CMAKE_PREFIX_PATH=/opt/ros/humble /usr/bin/cmake --build /home/vxlab/on_UR5e/build/par_utils -- -j8 -l8
[11.403s] Invoking command in '/home/vxlab/on_UR5e/build/par_utils': CMAKE_PREFIX_PATH=/opt/ros/humble /usr/bin/cmake --install /home/vxlab/on_UR5e/build/par_utils
[11.415s] -- Install configuration: ""
[11.416s] -- Up-to-date: /home/vxlab/on_UR5e/install/par_utils/share/ament_index/resource_index/rosidl_interfaces/par_utils
[11.416s] -- Up-to-date: /home/vxlab/on_UR5e/install/par_utils/include/par_utils/par_utils
[11.416s] -- Up-to-date: /home/vxlab/on_UR5e/install/par_utils/include/par_utils/par_utils/msg
[11.417s] -- Installing: /home/vxlab/on_UR5e/install/par_utils/include/par_utils/par_utils/msg/gripper_info.h
[11.417s] -- Up-to-date: /home/vxlab/on_UR5e/install/par_utils/include/par_utils/par_utils/msg/detail
[11.417s] -- Installing: /home/vxlab/on_UR5e/install/par_utils/include/par_utils/par_utils/msg/detail/gripper_info__struct.h
[11.417s] -- Installing: /home/vxlab/on_UR5e/install/par_utils/include/par_utils/par_utils/msg/detail/gripper_info__type_support.h
[11.417s] -- Installing: /home/vxlab/on_UR5e/install/par_utils/include/par_utils/par_utils/msg/detail/gripper_info__functions.c
[11.418s] -- Installing: /home/vxlab/on_UR5e/install/par_utils/include/par_utils/par_utils/msg/detail/gripper_info__functions.h
[11.418s] -- Up-to-date: /home/vxlab/on_UR5e/install/par_utils/include/par_utils/par_utils/msg/rosidl_generator_c__visibility_control.h
[11.418s] -- Up-to-date: /home/vxlab/on_UR5e/install/par_utils/include/par_utils/par_utils/action
[11.418s] -- Up-to-date: /home/vxlab/on_UR5e/install/par_utils/include/par_utils/par_utils/action/gripper_grip.h
[11.418s] -- Installing: /home/vxlab/on_UR5e/install/par_utils/include/par_utils/par_utils/action/gripper_set_width.h
[11.418s] -- Up-to-date: /home/vxlab/on_UR5e/install/par_utils/include/par_utils/par_utils/action/detail
[11.419s] -- Up-to-date: /home/vxlab/on_UR5e/install/par_utils/include/par_utils/par_utils/action/detail/gripper_grip__type_support.h
[11.419s] -- Installing: /home/vxlab/on_UR5e/install/par_utils/include/par_utils/par_utils/action/detail/gripper_set_width__type_support.h
[11.419s] -- Installing: /home/vxlab/on_UR5e/install/par_utils/include/par_utils/par_utils/action/detail/gripper_set_width__struct.h
[11.420s] -- Up-to-date: /home/vxlab/on_UR5e/install/par_utils/include/par_utils/par_utils/action/detail/gripper_grip__struct.h
[11.420s] -- Installing: /home/vxlab/on_UR5e/install/par_utils/include/par_utils/par_utils/action/detail/gripper_set_width__functions.c
[11.420s] -- Up-to-date: /home/vxlab/on_UR5e/install/par_utils/include/par_utils/par_utils/action/detail/gripper_grip__functions.h
[11.420s] -- Up-to-date: /home/vxlab/on_UR5e/install/par_utils/include/par_utils/par_utils/action/detail/gripper_grip__functions.c
[11.421s] -- Installing: /home/vxlab/on_UR5e/install/par_utils/include/par_utils/par_utils/action/detail/gripper_set_width__functions.h
[11.421s] -- Installing: /home/vxlab/on_UR5e/install/par_utils/share/par_utils/environment/library_path.sh
[11.421s] -- Installing: /home/vxlab/on_UR5e/install/par_utils/share/par_utils/environment/library_path.dsv
[11.422s] -- Installing: /home/vxlab/on_UR5e/install/par_utils/lib/libpar_utils__rosidl_generator_c.so
[11.422s] -- Set runtime path of "/home/vxlab/on_UR5e/install/par_utils/lib/libpar_utils__rosidl_generator_c.so" to ""
[11.422s] -- Up-to-date: /home/vxlab/on_UR5e/install/par_utils/include/par_utils/par_utils
[11.422s] -- Up-to-date: /home/vxlab/on_UR5e/install/par_utils/include/par_utils/par_utils/msg
[11.423s] -- Up-to-date: /home/vxlab/on_UR5e/install/par_utils/include/par_utils/par_utils/msg/rosidl_typesupport_fastrtps_c__visibility_control.h
[11.423s] -- Up-to-date: /home/vxlab/on_UR5e/install/par_utils/include/par_utils/par_utils/msg/detail
[11.423s] -- Installing: /home/vxlab/on_UR5e/install/par_utils/include/par_utils/par_utils/msg/detail/gripper_info__rosidl_typesupport_fastrtps_c.h
[11.424s] -- Up-to-date: /home/vxlab/on_UR5e/install/par_utils/include/par_utils/par_utils/action
[11.424s] -- Up-to-date: /home/vxlab/on_UR5e/install/par_utils/include/par_utils/par_utils/action/detail
[11.424s] -- Up-to-date: /home/vxlab/on_UR5e/install/par_utils/include/par_utils/par_utils/action/detail/gripper_grip__rosidl_typesupport_fastrtps_c.h
[11.424s] -- Installing: /home/vxlab/on_UR5e/install/par_utils/include/par_utils/par_utils/action/detail/gripper_set_width__rosidl_typesupport_fastrtps_c.h
[11.424s] -- Installing: /home/vxlab/on_UR5e/install/par_utils/lib/libpar_utils__rosidl_typesupport_fastrtps_c.so
[11.425s] -- Set runtime path of "/home/vxlab/on_UR5e/install/par_utils/lib/libpar_utils__rosidl_typesupport_fastrtps_c.so" to ""
[11.425s] -- Up-to-date: /home/vxlab/on_UR5e/install/par_utils/include/par_utils/par_utils
[11.425s] -- Up-to-date: /home/vxlab/on_UR5e/install/par_utils/include/par_utils/par_utils/msg
[11.425s] -- Up-to-date: /home/vxlab/on_UR5e/install/par_utils/include/par_utils/par_utils/msg/rosidl_typesupport_introspection_c__visibility_control.h
[11.426s] -- Up-to-date: /home/vxlab/on_UR5e/install/par_utils/include/par_utils/par_utils/msg/detail
[11.426s] -- Installing: /home/vxlab/on_UR5e/install/par_utils/include/par_utils/par_utils/msg/detail/gripper_info__rosidl_typesupport_introspection_c.h
[11.426s] -- Installing: /home/vxlab/on_UR5e/install/par_utils/include/par_utils/par_utils/msg/detail/gripper_info__type_support.c
[11.426s] -- Up-to-date: /home/vxlab/on_UR5e/install/par_utils/include/par_utils/par_utils/action
[11.427s] -- Up-to-date: /home/vxlab/on_UR5e/install/par_utils/include/par_utils/par_utils/action/detail
[11.427s] -- Up-to-date: /home/vxlab/on_UR5e/install/par_utils/include/par_utils/par_utils/action/detail/gripper_grip__type_support.c
[11.427s] -- Installing: /home/vxlab/on_UR5e/install/par_utils/include/par_utils/par_utils/action/detail/gripper_set_width__rosidl_typesupport_introspection_c.h
[11.427s] -- Up-to-date: /home/vxlab/on_UR5e/install/par_utils/include/par_utils/par_utils/action/detail/gripper_grip__rosidl_typesupport_introspection_c.h
[11.428s] -- Installing: /home/vxlab/on_UR5e/install/par_utils/include/par_utils/par_utils/action/detail/gripper_set_width__type_support.c
[11.428s] -- Installing: /home/vxlab/on_UR5e/install/par_utils/lib/libpar_utils__rosidl_typesupport_introspection_c.so
[11.428s] -- Set runtime path of "/home/vxlab/on_UR5e/install/par_utils/lib/libpar_utils__rosidl_typesupport_introspection_c.so" to ""
[11.428s] -- Installing: /home/vxlab/on_UR5e/install/par_utils/lib/libpar_utils__rosidl_typesupport_c.so
[11.429s] -- Set runtime path of "/home/vxlab/on_UR5e/install/par_utils/lib/libpar_utils__rosidl_typesupport_c.so" to ""
[11.429s] -- Up-to-date: /home/vxlab/on_UR5e/install/par_utils/include/par_utils/par_utils
[11.429s] -- Up-to-date: /home/vxlab/on_UR5e/install/par_utils/include/par_utils/par_utils/msg
[11.430s] -- Installing: /home/vxlab/on_UR5e/install/par_utils/include/par_utils/par_utils/msg/gripper_info.hpp
[11.430s] -- Up-to-date: /home/vxlab/on_UR5e/install/par_utils/include/par_utils/par_utils/msg/detail
[11.430s] -- Installing: /home/vxlab/on_UR5e/install/par_utils/include/par_utils/par_utils/msg/detail/gripper_info__traits.hpp
[11.430s] -- Installing: /home/vxlab/on_UR5e/install/par_utils/include/par_utils/par_utils/msg/detail/gripper_info__struct.hpp
[11.431s] -- Installing: /home/vxlab/on_UR5e/install/par_utils/include/par_utils/par_utils/msg/detail/gripper_info__builder.hpp
[11.431s] -- Up-to-date: /home/vxlab/on_UR5e/install/par_utils/include/par_utils/par_utils/action
[11.431s] -- Up-to-date: /home/vxlab/on_UR5e/install/par_utils/include/par_utils/par_utils/action/detail
[11.431s] -- Installing: /home/vxlab/on_UR5e/install/par_utils/include/par_utils/par_utils/action/detail/gripper_set_width__struct.hpp
[11.432s] -- Installing: /home/vxlab/on_UR5e/install/par_utils/include/par_utils/par_utils/action/detail/gripper_set_width__traits.hpp
[11.432s] -- Installing: /home/vxlab/on_UR5e/install/par_utils/include/par_utils/par_utils/action/detail/gripper_set_width__builder.hpp
[11.432s] -- Up-to-date: /home/vxlab/on_UR5e/install/par_utils/include/par_utils/par_utils/action/detail/gripper_grip__traits.hpp
[11.432s] -- Up-to-date: /home/vxlab/on_UR5e/install/par_utils/include/par_utils/par_utils/action/detail/gripper_grip__builder.hpp
[11.433s] -- Up-to-date: /home/vxlab/on_UR5e/install/par_utils/include/par_utils/par_utils/action/detail/gripper_grip__struct.hpp
[11.433s] -- Up-to-date: /home/vxlab/on_UR5e/install/par_utils/include/par_utils/par_utils/action/gripper_grip.hpp
[11.433s] -- Installing: /home/vxlab/on_UR5e/install/par_utils/include/par_utils/par_utils/action/gripper_set_width.hpp
[11.433s] -- Up-to-date: /home/vxlab/on_UR5e/install/par_utils/include/par_utils/par_utils
[11.434s] -- Up-to-date: /home/vxlab/on_UR5e/install/par_utils/include/par_utils/par_utils/msg
[11.434s] -- Up-to-date: /home/vxlab/on_UR5e/install/par_utils/include/par_utils/par_utils/msg/rosidl_typesupport_fastrtps_cpp__visibility_control.h
[11.434s] -- Up-to-date: /home/vxlab/on_UR5e/install/par_utils/include/par_utils/par_utils/msg/detail
[11.434s] -- Installing: /home/vxlab/on_UR5e/install/par_utils/include/par_utils/par_utils/msg/detail/dds_fastrtps
[11.435s] -- Installing: /home/vxlab/on_UR5e/install/par_utils/include/par_utils/par_utils/msg/detail/gripper_info__rosidl_typesupport_fastrtps_cpp.hpp
[11.435s] -- Up-to-date: /home/vxlab/on_UR5e/install/par_utils/include/par_utils/par_utils/action
[11.435s] -- Up-to-date: /home/vxlab/on_UR5e/install/par_utils/include/par_utils/par_utils/action/detail
[11.435s] -- Installing: /home/vxlab/on_UR5e/install/par_utils/include/par_utils/par_utils/action/detail/dds_fastrtps
[11.436s] -- Up-to-date: /home/vxlab/on_UR5e/install/par_utils/include/par_utils/par_utils/action/detail/gripper_grip__rosidl_typesupport_fastrtps_cpp.hpp
[11.436s] -- Installing: /home/vxlab/on_UR5e/install/par_utils/include/par_utils/par_utils/action/detail/gripper_set_width__rosidl_typesupport_fastrtps_cpp.hpp
[11.436s] -- Installing: /home/vxlab/on_UR5e/install/par_utils/lib/libpar_utils__rosidl_typesupport_fastrtps_cpp.so
[11.436s] -- Set runtime path of "/home/vxlab/on_UR5e/install/par_utils/lib/libpar_utils__rosidl_typesupport_fastrtps_cpp.so" to ""
[11.437s] -- Up-to-date: /home/vxlab/on_UR5e/install/par_utils/include/par_utils/par_utils
[11.437s] -- Up-to-date: /home/vxlab/on_UR5e/install/par_utils/include/par_utils/par_utils/msg
[11.437s] -- Up-to-date: /home/vxlab/on_UR5e/install/par_utils/include/par_utils/par_utils/msg/detail
[11.438s] -- Installing: /home/vxlab/on_UR5e/install/par_utils/include/par_utils/par_utils/msg/detail/gripper_info__type_support.cpp
[11.438s] -- Installing: /home/vxlab/on_UR5e/install/par_utils/include/par_utils/par_utils/msg/detail/gripper_info__rosidl_typesupport_introspection_cpp.hpp
[11.438s] -- Up-to-date: /home/vxlab/on_UR5e/install/par_utils/include/par_utils/par_utils/action
[11.438s] -- Up-to-date: /home/vxlab/on_UR5e/install/par_utils/include/par_utils/par_utils/action/detail
[11.439s] -- Installing: /home/vxlab/on_UR5e/install/par_utils/include/par_utils/par_utils/action/detail/gripper_set_width__type_support.cpp
[11.439s] -- Up-to-date: /home/vxlab/on_UR5e/install/par_utils/include/par_utils/par_utils/action/detail/gripper_grip__rosidl_typesupport_introspection_cpp.hpp
[11.439s] -- Installing: /home/vxlab/on_UR5e/install/par_utils/include/par_utils/par_utils/action/detail/gripper_set_width__rosidl_typesupport_introspection_cpp.hpp
[11.440s] -- Up-to-date: /home/vxlab/on_UR5e/install/par_utils/include/par_utils/par_utils/action/detail/gripper_grip__type_support.cpp
[11.440s] -- Installing: /home/vxlab/on_UR5e/install/par_utils/lib/libpar_utils__rosidl_typesupport_introspection_cpp.so
[11.440s] -- Set runtime path of "/home/vxlab/on_UR5e/install/par_utils/lib/libpar_utils__rosidl_typesupport_introspection_cpp.so" to ""
[11.440s] -- Installing: /home/vxlab/on_UR5e/install/par_utils/lib/libpar_utils__rosidl_typesupport_cpp.so
[11.440s] -- Set runtime path of "/home/vxlab/on_UR5e/install/par_utils/lib/libpar_utils__rosidl_typesupport_cpp.so" to ""
[11.441s] -- Up-to-date: /home/vxlab/on_UR5e/install/par_utils/share/par_utils/environment/pythonpath.sh
[11.441s] -- Installing: /home/vxlab/on_UR5e/install/par_utils/share/par_utils/environment/pythonpath.dsv
[11.441s] -- Up-to-date: /home/vxlab/on_UR5e/install/par_utils/local/lib/python3.10/dist-packages/par_utils-0.0.0-py3.10.egg-info
[11.441s] -- Installing: /home/vxlab/on_UR5e/install/par_utils/local/lib/python3.10/dist-packages/par_utils-0.0.0-py3.10.egg-info/SOURCES.txt
[11.441s] -- Installing: /home/vxlab/on_UR5e/install/par_utils/local/lib/python3.10/dist-packages/par_utils-0.0.0-py3.10.egg-info/dependency_links.txt
[11.441s] -- Installing: /home/vxlab/on_UR5e/install/par_utils/local/lib/python3.10/dist-packages/par_utils-0.0.0-py3.10.egg-info/top_level.txt
[11.442s] -- Installing: /home/vxlab/on_UR5e/install/par_utils/local/lib/python3.10/dist-packages/par_utils-0.0.0-py3.10.egg-info/PKG-INFO
[11.442s] -- Up-to-date: /home/vxlab/on_UR5e/install/par_utils/local/lib/python3.10/dist-packages/par_utils
[11.442s] -- Up-to-date: /home/vxlab/on_UR5e/install/par_utils/local/lib/python3.10/dist-packages/par_utils/msg
[11.442s] -- Installing: /home/vxlab/on_UR5e/install/par_utils/local/lib/python3.10/dist-packages/par_utils/msg/_gripper_info.py
[11.442s] -- Installing: /home/vxlab/on_UR5e/install/par_utils/local/lib/python3.10/dist-packages/par_utils/msg/_gripper_info_s.c
[11.442s] -- Installing: /home/vxlab/on_UR5e/install/par_utils/local/lib/python3.10/dist-packages/par_utils/msg/__init__.py
[11.442s] -- Installing: /home/vxlab/on_UR5e/install/par_utils/local/lib/python3.10/dist-packages/par_utils/par_utils_s__rosidl_typesupport_introspection_c.cpython-310-x86_64-linux-gnu.so
[11.443s] -- Installing: /home/vxlab/on_UR5e/install/par_utils/local/lib/python3.10/dist-packages/par_utils/_par_utils_s.ep.rosidl_typesupport_fastrtps_c.c
[11.443s] -- Up-to-date: /home/vxlab/on_UR5e/install/par_utils/local/lib/python3.10/dist-packages/par_utils/action
[11.443s] -- Installing: /home/vxlab/on_UR5e/install/par_utils/local/lib/python3.10/dist-packages/par_utils/action/_gripper_set_width_s.c
[11.443s] -- Up-to-date: /home/vxlab/on_UR5e/install/par_utils/local/lib/python3.10/dist-packages/par_utils/action/_gripper_grip_s.c
[11.443s] -- Installing: /home/vxlab/on_UR5e/install/par_utils/local/lib/python3.10/dist-packages/par_utils/action/_gripper_set_width.py
[11.443s] -- Installing: /home/vxlab/on_UR5e/install/par_utils/local/lib/python3.10/dist-packages/par_utils/action/__init__.py
[11.443s] -- Up-to-date: /home/vxlab/on_UR5e/install/par_utils/local/lib/python3.10/dist-packages/par_utils/action/_gripper_grip.py
[11.443s] -- Installing: /home/vxlab/on_UR5e/install/par_utils/local/lib/python3.10/dist-packages/par_utils/_par_utils_s.ep.rosidl_typesupport_introspection_c.c
[11.444s] -- Installing: /home/vxlab/on_UR5e/install/par_utils/local/lib/python3.10/dist-packages/par_utils/par_utils_s__rosidl_typesupport_c.cpython-310-x86_64-linux-gnu.so
[11.444s] -- Installing: /home/vxlab/on_UR5e/install/par_utils/local/lib/python3.10/dist-packages/par_utils/libpar_utils__rosidl_generator_py.so
[11.444s] -- Installing: /home/vxlab/on_UR5e/install/par_utils/local/lib/python3.10/dist-packages/par_utils/__init__.py
[11.444s] -- Installing: /home/vxlab/on_UR5e/install/par_utils/local/lib/python3.10/dist-packages/par_utils/par_utils_s__rosidl_typesupport_fastrtps_c.cpython-310-x86_64-linux-gnu.so
[11.444s] -- Installing: /home/vxlab/on_UR5e/install/par_utils/local/lib/python3.10/dist-packages/par_utils/_par_utils_s.ep.rosidl_typesupport_c.c
[11.521s] Listing '/home/vxlab/on_UR5e/install/par_utils/local/lib/python3.10/dist-packages/par_utils'...
[11.521s] Compiling '/home/vxlab/on_UR5e/install/par_utils/local/lib/python3.10/dist-packages/par_utils/__init__.py'...
[11.521s] Listing '/home/vxlab/on_UR5e/install/par_utils/local/lib/python3.10/dist-packages/par_utils/action'...
[11.521s] Compiling '/home/vxlab/on_UR5e/install/par_utils/local/lib/python3.10/dist-packages/par_utils/action/__init__.py'...
[11.521s] Compiling '/home/vxlab/on_UR5e/install/par_utils/local/lib/python3.10/dist-packages/par_utils/action/_gripper_grip.py'...
[11.521s] Compiling '/home/vxlab/on_UR5e/install/par_utils/local/lib/python3.10/dist-packages/par_utils/action/_gripper_set_width.py'...
[11.522s] Listing '/home/vxlab/on_UR5e/install/par_utils/local/lib/python3.10/dist-packages/par_utils/msg'...
[11.522s] Compiling '/home/vxlab/on_UR5e/install/par_utils/local/lib/python3.10/dist-packages/par_utils/msg/__init__.py'...
[11.522s] Compiling '/home/vxlab/on_UR5e/install/par_utils/local/lib/python3.10/dist-packages/par_utils/msg/_gripper_info.py'...
[11.529s] -- Installing: /home/vxlab/on_UR5e/install/par_utils/local/lib/python3.10/dist-packages/par_utils/par_utils_s__rosidl_typesupport_fastrtps_c.cpython-310-x86_64-linux-gnu.so
[11.530s] -- Set runtime path of "/home/vxlab/on_UR5e/install/par_utils/local/lib/python3.10/dist-packages/par_utils/par_utils_s__rosidl_typesupport_fastrtps_c.cpython-310-x86_64-linux-gnu.so" to ""
[11.530s] -- Installing: /home/vxlab/on_UR5e/install/par_utils/local/lib/python3.10/dist-packages/par_utils/par_utils_s__rosidl_typesupport_introspection_c.cpython-310-x86_64-linux-gnu.so
[11.531s] -- Set runtime path of "/home/vxlab/on_UR5e/install/par_utils/local/lib/python3.10/dist-packages/par_utils/par_utils_s__rosidl_typesupport_introspection_c.cpython-310-x86_64-linux-gnu.so" to ""
[11.531s] -- Installing: /home/vxlab/on_UR5e/install/par_utils/local/lib/python3.10/dist-packages/par_utils/par_utils_s__rosidl_typesupport_c.cpython-310-x86_64-linux-gnu.so
[11.532s] -- Set runtime path of "/home/vxlab/on_UR5e/install/par_utils/local/lib/python3.10/dist-packages/par_utils/par_utils_s__rosidl_typesupport_c.cpython-310-x86_64-linux-gnu.so" to ""
[11.532s] -- Installing: /home/vxlab/on_UR5e/install/par_utils/lib/libpar_utils__rosidl_generator_py.so
[11.534s] -- Set runtime path of "/home/vxlab/on_UR5e/install/par_utils/lib/libpar_utils__rosidl_generator_py.so" to ""
[11.534s] -- Installing: /home/vxlab/on_UR5e/install/par_utils/share/par_utils/action/GripperSetWidth.idl
[11.535s] -- Installing: /home/vxlab/on_UR5e/install/par_utils/share/par_utils/msg/GripperInfo.idl
[11.535s] -- Up-to-date: /home/vxlab/on_UR5e/install/par_utils/share/par_utils/action/GripperSetWidth.action
[11.536s] -- Up-to-date: /home/vxlab/on_UR5e/install/par_utils/share/par_utils/msg/GripperInfo.msg
[11.536s] -- Up-to-date: /home/vxlab/on_UR5e/install/par_utils/share/ament_index/resource_index/package_run_dependencies/par_utils
[11.536s] -- Installing: /home/vxlab/on_UR5e/install/par_utils/share/ament_index/resource_index/parent_prefix_path/par_utils
[11.536s] -- Installing: /home/vxlab/on_UR5e/install/par_utils/share/par_utils/environment/ament_prefix_path.sh
[11.537s] -- Installing: /home/vxlab/on_UR5e/install/par_utils/share/par_utils/environment/ament_prefix_path.dsv
[11.537s] -- Installing: /home/vxlab/on_UR5e/install/par_utils/share/par_utils/environment/path.sh
[11.537s] -- Installing: /home/vxlab/on_UR5e/install/par_utils/share/par_utils/environment/path.dsv
[11.538s] -- Up-to-date: /home/vxlab/on_UR5e/install/par_utils/share/par_utils/local_setup.bash
[11.538s] -- Installing: /home/vxlab/on_UR5e/install/par_utils/share/par_utils/local_setup.sh
[11.538s] -- Up-to-date: /home/vxlab/on_UR5e/install/par_utils/share/par_utils/local_setup.zsh
[11.538s] -- Installing: /home/vxlab/on_UR5e/install/par_utils/share/par_utils/local_setup.dsv
[11.539s] -- Installing: /home/vxlab/on_UR5e/install/par_utils/share/par_utils/package.dsv
[11.539s] -- Up-to-date: /home/vxlab/on_UR5e/install/par_utils/share/ament_index/resource_index/packages/par_utils
[11.539s] -- Up-to-date: /home/vxlab/on_UR5e/install/par_utils/share/par_utils/cmake/export_par_utils__rosidl_generator_cExport.cmake
[11.539s] -- Up-to-date: /home/vxlab/on_UR5e/install/par_utils/share/par_utils/cmake/export_par_utils__rosidl_generator_cExport-noconfig.cmake
[11.540s] -- Up-to-date: /home/vxlab/on_UR5e/install/par_utils/share/par_utils/cmake/export_par_utils__rosidl_typesupport_fastrtps_cExport.cmake
[11.540s] -- Up-to-date: /home/vxlab/on_UR5e/install/par_utils/share/par_utils/cmake/export_par_utils__rosidl_typesupport_fastrtps_cExport-noconfig.cmake
[11.540s] -- Up-to-date: /home/vxlab/on_UR5e/install/par_utils/share/par_utils/cmake/par_utils__rosidl_typesupport_introspection_cExport.cmake
[11.540s] -- Up-to-date: /home/vxlab/on_UR5e/install/par_utils/share/par_utils/cmake/par_utils__rosidl_typesupport_introspection_cExport-noconfig.cmake
[11.541s] -- Up-to-date: /home/vxlab/on_UR5e/install/par_utils/share/par_utils/cmake/par_utils__rosidl_typesupport_cExport.cmake
[11.541s] -- Up-to-date: /home/vxlab/on_UR5e/install/par_utils/share/par_utils/cmake/par_utils__rosidl_typesupport_cExport-noconfig.cmake
[11.541s] -- Up-to-date: /home/vxlab/on_UR5e/install/par_utils/share/par_utils/cmake/export_par_utils__rosidl_generator_cppExport.cmake
[11.541s] -- Up-to-date: /home/vxlab/on_UR5e/install/par_utils/share/par_utils/cmake/export_par_utils__rosidl_typesupport_fastrtps_cppExport.cmake
[11.541s] -- Up-to-date: /home/vxlab/on_UR5e/install/par_utils/share/par_utils/cmake/export_par_utils__rosidl_typesupport_fastrtps_cppExport-noconfig.cmake
[11.541s] -- Up-to-date: /home/vxlab/on_UR5e/install/par_utils/share/par_utils/cmake/par_utils__rosidl_typesupport_introspection_cppExport.cmake
[11.542s] -- Up-to-date: /home/vxlab/on_UR5e/install/par_utils/share/par_utils/cmake/par_utils__rosidl_typesupport_introspection_cppExport-noconfig.cmake
[11.542s] -- Up-to-date: /home/vxlab/on_UR5e/install/par_utils/share/par_utils/cmake/par_utils__rosidl_typesupport_cppExport.cmake
[11.542s] -- Up-to-date: /home/vxlab/on_UR5e/install/par_utils/share/par_utils/cmake/par_utils__rosidl_typesupport_cppExport-noconfig.cmake
[11.542s] -- Up-to-date: /home/vxlab/on_UR5e/install/par_utils/share/par_utils/cmake/export_par_utils__rosidl_generator_pyExport.cmake
[11.543s] -- Up-to-date: /home/vxlab/on_UR5e/install/par_utils/share/par_utils/cmake/export_par_utils__rosidl_generator_pyExport-noconfig.cmake
[11.543s] -- Up-to-date: /home/vxlab/on_UR5e/install/par_utils/share/par_utils/cmake/rosidl_cmake-extras.cmake
[11.544s] -- Up-to-date: /home/vxlab/on_UR5e/install/par_utils/share/par_utils/cmake/ament_cmake_export_dependencies-extras.cmake
[11.544s] -- Up-to-date: /home/vxlab/on_UR5e/install/par_utils/share/par_utils/cmake/ament_cmake_export_include_directories-extras.cmake
[11.545s] -- Up-to-date: /home/vxlab/on_UR5e/install/par_utils/share/par_utils/cmake/ament_cmake_export_libraries-extras.cmake
[11.545s] -- Up-to-date: /home/vxlab/on_UR5e/install/par_utils/share/par_utils/cmake/ament_cmake_export_targets-extras.cmake
[11.545s] -- Up-to-date: /home/vxlab/on_UR5e/install/par_utils/share/par_utils/cmake/rosidl_cmake_export_typesupport_targets-extras.cmake
[11.546s] -- Up-to-date: /home/vxlab/on_UR5e/install/par_utils/share/par_utils/cmake/rosidl_cmake_export_typesupport_libraries-extras.cmake
[11.546s] -- Up-to-date: /home/vxlab/on_UR5e/install/par_utils/share/par_utils/cmake/par_utilsConfig.cmake
[11.546s] -- Up-to-date: /home/vxlab/on_UR5e/install/par_utils/share/par_utils/cmake/par_utilsConfig-version.cmake
[11.547s] -- Up-to-date: /home/vxlab/on_UR5e/install/par_utils/share/par_utils/package.xml
[11.547s] Invoked command in '/home/vxlab/on_UR5e/build/par_utils' returned '0': CMAKE_PREFIX_PATH=/opt/ros/humble /usr/bin/cmake --install /home/vxlab/on_UR5e/build/par_utils
