[0.575s] DEBUG:colcon:Command line arguments: ['/usr/bin/colcon', 'build', '--packages-select', 'par_utils']
[0.575s] DEBUG:colcon:Parsed command line arguments: Namespace(log_base=None, log_level=None, verb_name='build', build_base='build', install_base='install', merge_install=False, symlink_install=False, test_result_base=None, continue_on_error=False, executor='parallel', parallel_workers=4, event_handlers=None, ignore_user_meta=False, metas=['./colcon.meta'], base_paths=['.'], packages_ignore=None, packages_ignore_regex=None, paths=None, packages_up_to=None, packages_up_to_regex=None, packages_above=None, packages_above_and_dependencies=None, packages_above_depth=None, packages_select_by_dep=None, packages_skip_by_dep=None, packages_skip_up_to=None, packages_select_build_failed=False, packages_skip_build_finished=False, packages_select_test_failures=False, packages_skip_test_passed=False, packages_select=['par_utils'], packages_skip=None, packages_select_regex=None, packages_skip_regex=None, packages_start=None, packages_end=None, allow_overriding=[], cmake_args=None, cmake_target=None, cmake_target_skip_unavailable=False, cmake_clean_cache=False, cmake_clean_first=False, cmake_force_configure=False, ament_cmake_args=None, catkin_cmake_args=None, catkin_skip_building_tests=False, verb_parser=<colcon_defaults.argument_parser.defaults.DefaultArgumentsDecorator object at 0x7fb283e68280>, verb_extension=<colcon_core.verb.build.BuildVerb object at 0x7fb284fd7be0>, main=<bound method BuildVerb.main of <colcon_core.verb.build.BuildVerb object at 0x7fb284fd7be0>>)
[0.604s] Level 1:colcon.colcon_core.package_discovery:discover_packages(colcon_meta) check parameters
[0.604s] Level 1:colcon.colcon_core.package_discovery:discover_packages(recursive) check parameters
[0.604s] Level 1:colcon.colcon_core.package_discovery:discover_packages(ignore) check parameters
[0.604s] Level 1:colcon.colcon_core.package_discovery:discover_packages(path) check parameters
[0.604s] Level 1:colcon.colcon_core.package_discovery:discover_packages(colcon_meta) discover
[0.604s] Level 1:colcon.colcon_core.package_discovery:discover_packages(recursive) discover
[0.604s] INFO:colcon.colcon_core.package_discovery:Crawling recursively for packages in '/home/rmitaiil/aiil_workspace/humble_workspace/src/on_UR5e'
[0.604s] Level 1:colcon.colcon_core.package_identification:_identify(.) by extensions ['ignore', 'ignore_ament_install']
[0.605s] Level 1:colcon.colcon_core.package_identification:_identify(.) by extension 'ignore'
[0.605s] Level 1:colcon.colcon_core.package_identification:_identify(.) by extension 'ignore_ament_install'
[0.605s] Level 1:colcon.colcon_core.package_identification:_identify(.) by extensions ['colcon_pkg']
[0.605s] Level 1:colcon.colcon_core.package_identification:_identify(.) by extension 'colcon_pkg'
[0.605s] Level 1:colcon.colcon_core.package_identification:_identify(.) by extensions ['colcon_meta']
[0.605s] Level 1:colcon.colcon_core.package_identification:_identify(.) by extension 'colcon_meta'
[0.605s] Level 1:colcon.colcon_core.package_identification:_identify(.) by extensions ['ros']
[0.605s] Level 1:colcon.colcon_core.package_identification:_identify(.) by extension 'ros'
[0.613s] Level 1:colcon.colcon_core.package_identification:_identify(.) by extensions ['cmake', 'python']
[0.614s] Level 1:colcon.colcon_core.package_identification:_identify(.) by extension 'cmake'
[0.614s] Level 1:colcon.colcon_core.package_identification:_identify(.) by extension 'python'
[0.614s] Level 1:colcon.colcon_core.package_identification:_identify(.) by extensions ['python_setup_py']
[0.614s] Level 1:colcon.colcon_core.package_identification:_identify(.) by extension 'python_setup_py'
[0.614s] Level 1:colcon.colcon_core.package_identification:_identify(build) by extensions ['ignore', 'ignore_ament_install']
[0.614s] Level 1:colcon.colcon_core.package_identification:_identify(build) by extension 'ignore'
[0.614s] Level 1:colcon.colcon_core.package_identification:_identify(build) ignored
[0.614s] Level 1:colcon.colcon_core.package_identification:_identify(graph_msgs) by extensions ['ignore', 'ignore_ament_install']
[0.614s] Level 1:colcon.colcon_core.package_identification:_identify(graph_msgs) by extension 'ignore'
[0.614s] Level 1:colcon.colcon_core.package_identification:_identify(graph_msgs) by extension 'ignore_ament_install'
[0.614s] Level 1:colcon.colcon_core.package_identification:_identify(graph_msgs) by extensions ['colcon_pkg']
[0.614s] Level 1:colcon.colcon_core.package_identification:_identify(graph_msgs) by extension 'colcon_pkg'
[0.614s] Level 1:colcon.colcon_core.package_identification:_identify(graph_msgs) by extensions ['colcon_meta']
[0.614s] Level 1:colcon.colcon_core.package_identification:_identify(graph_msgs) by extension 'colcon_meta'
[0.614s] Level 1:colcon.colcon_core.package_identification:_identify(graph_msgs) by extensions ['ros']
[0.614s] Level 1:colcon.colcon_core.package_identification:_identify(graph_msgs) by extension 'ros'
[0.614s] Level 1:colcon.colcon_core.package_identification:_identify(graph_msgs) by extensions ['cmake', 'python']
[0.614s] Level 1:colcon.colcon_core.package_identification:_identify(graph_msgs) by extension 'cmake'
[0.614s] Level 1:colcon.colcon_core.package_identification:_identify(graph_msgs) by extension 'python'
[0.614s] Level 1:colcon.colcon_core.package_identification:_identify(graph_msgs) by extensions ['python_setup_py']
[0.614s] Level 1:colcon.colcon_core.package_identification:_identify(graph_msgs) by extension 'python_setup_py'
[0.614s] Level 1:colcon.colcon_core.package_identification:_identify(hello_moveit_ur) by extensions ['ignore', 'ignore_ament_install']
[0.614s] Level 1:colcon.colcon_core.package_identification:_identify(hello_moveit_ur) by extension 'ignore'
[0.614s] Level 1:colcon.colcon_core.package_identification:_identify(hello_moveit_ur) by extension 'ignore_ament_install'
[0.614s] Level 1:colcon.colcon_core.package_identification:_identify(hello_moveit_ur) by extensions ['colcon_pkg']
[0.614s] Level 1:colcon.colcon_core.package_identification:_identify(hello_moveit_ur) by extension 'colcon_pkg'
[0.614s] Level 1:colcon.colcon_core.package_identification:_identify(hello_moveit_ur) by extensions ['colcon_meta']
[0.614s] Level 1:colcon.colcon_core.package_identification:_identify(hello_moveit_ur) by extension 'colcon_meta'
[0.614s] Level 1:colcon.colcon_core.package_identification:_identify(hello_moveit_ur) by extensions ['ros']
[0.614s] Level 1:colcon.colcon_core.package_identification:_identify(hello_moveit_ur) by extension 'ros'
[0.616s] DEBUG:colcon.colcon_core.package_identification:Package 'hello_moveit_ur' with type 'ros.ament_cmake' and name 'hello_moveit_ur'
[0.616s] Level 1:colcon.colcon_core.package_identification:_identify(install) by extensions ['ignore', 'ignore_ament_install']
[0.616s] Level 1:colcon.colcon_core.package_identification:_identify(install) by extension 'ignore'
[0.616s] Level 1:colcon.colcon_core.package_identification:_identify(install) ignored
[0.616s] Level 1:colcon.colcon_core.package_identification:_identify(log) by extensions ['ignore', 'ignore_ament_install']
[0.616s] Level 1:colcon.colcon_core.package_identification:_identify(log) by extension 'ignore'
[0.616s] Level 1:colcon.colcon_core.package_identification:_identify(log) ignored
[0.616s] Level 1:colcon.colcon_core.package_identification:_identify(moveit_visual_tools) by extensions ['ignore', 'ignore_ament_install']
[0.616s] Level 1:colcon.colcon_core.package_identification:_identify(moveit_visual_tools) by extension 'ignore'
[0.616s] Level 1:colcon.colcon_core.package_identification:_identify(moveit_visual_tools) by extension 'ignore_ament_install'
[0.617s] Level 1:colcon.colcon_core.package_identification:_identify(moveit_visual_tools) by extensions ['colcon_pkg']
[0.617s] Level 1:colcon.colcon_core.package_identification:_identify(moveit_visual_tools) by extension 'colcon_pkg'
[0.617s] Level 1:colcon.colcon_core.package_identification:_identify(moveit_visual_tools) by extensions ['colcon_meta']
[0.617s] Level 1:colcon.colcon_core.package_identification:_identify(moveit_visual_tools) by extension 'colcon_meta'
[0.617s] Level 1:colcon.colcon_core.package_identification:_identify(moveit_visual_tools) by extensions ['ros']
[0.617s] Level 1:colcon.colcon_core.package_identification:_identify(moveit_visual_tools) by extension 'ros'
[0.617s] Level 1:colcon.colcon_core.package_identification:_identify(moveit_visual_tools) by extensions ['cmake', 'python']
[0.617s] Level 1:colcon.colcon_core.package_identification:_identify(moveit_visual_tools) by extension 'cmake'
[0.617s] Level 1:colcon.colcon_core.package_identification:_identify(moveit_visual_tools) by extension 'python'
[0.617s] Level 1:colcon.colcon_core.package_identification:_identify(moveit_visual_tools) by extensions ['python_setup_py']
[0.617s] Level 1:colcon.colcon_core.package_identification:_identify(moveit_visual_tools) by extension 'python_setup_py'
[0.617s] Level 1:colcon.colcon_core.package_identification:_identify(par_pkg) by extensions ['ignore', 'ignore_ament_install']
[0.617s] Level 1:colcon.colcon_core.package_identification:_identify(par_pkg) by extension 'ignore'
[0.617s] Level 1:colcon.colcon_core.package_identification:_identify(par_pkg) by extension 'ignore_ament_install'
[0.617s] Level 1:colcon.colcon_core.package_identification:_identify(par_pkg) by extensions ['colcon_pkg']
[0.617s] Level 1:colcon.colcon_core.package_identification:_identify(par_pkg) by extension 'colcon_pkg'
[0.617s] Level 1:colcon.colcon_core.package_identification:_identify(par_pkg) by extensions ['colcon_meta']
[0.617s] Level 1:colcon.colcon_core.package_identification:_identify(par_pkg) by extension 'colcon_meta'
[0.617s] Level 1:colcon.colcon_core.package_identification:_identify(par_pkg) by extensions ['ros']
[0.617s] Level 1:colcon.colcon_core.package_identification:_identify(par_pkg) by extension 'ros'
[0.617s] DEBUG:colcon.colcon_core.package_identification:Package 'par_pkg' with type 'ros.ament_python' and name 'par_pkg'
[0.617s] Level 1:colcon.colcon_core.package_identification:_identify(par_utils) by extensions ['ignore', 'ignore_ament_install']
[0.617s] Level 1:colcon.colcon_core.package_identification:_identify(par_utils) by extension 'ignore'
[0.617s] Level 1:colcon.colcon_core.package_identification:_identify(par_utils) by extension 'ignore_ament_install'
[0.617s] Level 1:colcon.colcon_core.package_identification:_identify(par_utils) by extensions ['colcon_pkg']
[0.617s] Level 1:colcon.colcon_core.package_identification:_identify(par_utils) by extension 'colcon_pkg'
[0.618s] Level 1:colcon.colcon_core.package_identification:_identify(par_utils) by extensions ['colcon_meta']
[0.618s] Level 1:colcon.colcon_core.package_identification:_identify(par_utils) by extension 'colcon_meta'
[0.618s] Level 1:colcon.colcon_core.package_identification:_identify(par_utils) by extensions ['ros']
[0.618s] Level 1:colcon.colcon_core.package_identification:_identify(par_utils) by extension 'ros'
[0.618s] DEBUG:colcon.colcon_core.package_identification:Package 'par_utils' with type 'ros.ament_cmake' and name 'par_utils'
[0.618s] Level 1:colcon.colcon_core.package_identification:_identify(rviz_visual_tools) by extensions ['ignore', 'ignore_ament_install']
[0.618s] Level 1:colcon.colcon_core.package_identification:_identify(rviz_visual_tools) by extension 'ignore'
[0.618s] Level 1:colcon.colcon_core.package_identification:_identify(rviz_visual_tools) by extension 'ignore_ament_install'
[0.618s] Level 1:colcon.colcon_core.package_identification:_identify(rviz_visual_tools) by extensions ['colcon_pkg']
[0.618s] Level 1:colcon.colcon_core.package_identification:_identify(rviz_visual_tools) by extension 'colcon_pkg'
[0.618s] Level 1:colcon.colcon_core.package_identification:_identify(rviz_visual_tools) by extensions ['colcon_meta']
[0.618s] Level 1:colcon.colcon_core.package_identification:_identify(rviz_visual_tools) by extension 'colcon_meta'
[0.618s] Level 1:colcon.colcon_core.package_identification:_identify(rviz_visual_tools) by extensions ['ros']
[0.618s] Level 1:colcon.colcon_core.package_identification:_identify(rviz_visual_tools) by extension 'ros'
[0.618s] Level 1:colcon.colcon_core.package_identification:_identify(rviz_visual_tools) by extensions ['cmake', 'python']
[0.618s] Level 1:colcon.colcon_core.package_identification:_identify(rviz_visual_tools) by extension 'cmake'
[0.618s] Level 1:colcon.colcon_core.package_identification:_identify(rviz_visual_tools) by extension 'python'
[0.618s] Level 1:colcon.colcon_core.package_identification:_identify(rviz_visual_tools) by extensions ['python_setup_py']
[0.618s] Level 1:colcon.colcon_core.package_identification:_identify(rviz_visual_tools) by extension 'python_setup_py'
[0.618s] Level 1:colcon.colcon_core.package_discovery:discover_packages(recursive) using defaults
[0.618s] Level 1:colcon.colcon_core.package_discovery:discover_packages(ignore) discover
[0.618s] Level 1:colcon.colcon_core.package_discovery:discover_packages(ignore) using defaults
[0.618s] Level 1:colcon.colcon_core.package_discovery:discover_packages(path) discover
[0.618s] Level 1:colcon.colcon_core.package_discovery:discover_packages(path) using defaults
[0.655s] INFO:colcon.colcon_core.package_selection:Skipping not selected package 'hello_moveit_ur' in 'hello_moveit_ur'
[0.655s] INFO:colcon.colcon_core.package_selection:Skipping not selected package 'par_pkg' in 'par_pkg'
[0.676s] Level 1:colcon.colcon_core.package_discovery:discover_packages(prefix_path) check parameters
[0.676s] Level 1:colcon.colcon_core.package_discovery:discover_packages(prefix_path) discover
[0.694s] DEBUG:colcon.colcon_installed_package_information.package_discovery:Found 9 installed packages in /home/rmitaiil/aiil_workspace/humble_workspace/install
[0.703s] DEBUG:colcon.colcon_installed_package_information.package_discovery:Found 352 installed packages in /opt/ros/humble
[0.704s] Level 1:colcon.colcon_core.package_discovery:discover_packages(prefix_path) using defaults
[0.765s] Level 5:colcon.colcon_core.verb:set package 'par_utils' build argument 'cmake_args' from command line to 'None'
[0.765s] Level 5:colcon.colcon_core.verb:set package 'par_utils' build argument 'cmake_target' from command line to 'None'
[0.765s] Level 5:colcon.colcon_core.verb:set package 'par_utils' build argument 'cmake_target_skip_unavailable' from command line to 'False'
[0.765s] Level 5:colcon.colcon_core.verb:set package 'par_utils' build argument 'cmake_clean_cache' from command line to 'False'
[0.765s] Level 5:colcon.colcon_core.verb:set package 'par_utils' build argument 'cmake_clean_first' from command line to 'False'
[0.765s] Level 5:colcon.colcon_core.verb:set package 'par_utils' build argument 'cmake_force_configure' from command line to 'False'
[0.765s] Level 5:colcon.colcon_core.verb:set package 'par_utils' build argument 'ament_cmake_args' from command line to 'None'
[0.765s] Level 5:colcon.colcon_core.verb:set package 'par_utils' build argument 'catkin_cmake_args' from command line to 'None'
[0.765s] Level 5:colcon.colcon_core.verb:set package 'par_utils' build argument 'catkin_skip_building_tests' from command line to 'False'
[0.765s] DEBUG:colcon.colcon_core.verb:Building package 'par_utils' with the following arguments: {'ament_cmake_args': None, 'build_base': '/home/rmitaiil/aiil_workspace/humble_workspace/src/on_UR5e/build/par_utils', 'catkin_cmake_args': None, 'catkin_skip_building_tests': False, 'cmake_args': None, 'cmake_clean_cache': False, 'cmake_clean_first': False, 'cmake_force_configure': False, 'cmake_target': None, 'cmake_target_skip_unavailable': False, 'install_base': '/home/rmitaiil/aiil_workspace/humble_workspace/src/on_UR5e/install/par_utils', 'merge_install': False, 'path': '/home/rmitaiil/aiil_workspace/humble_workspace/src/on_UR5e/par_utils', 'symlink_install': False, 'test_result_base': None}
[0.773s] INFO:colcon.colcon_core.executor:Executing jobs using 'parallel' executor
[0.781s] DEBUG:colcon.colcon_parallel_executor.executor.parallel:run_until_complete
[0.782s] INFO:colcon.colcon_ros.task.ament_cmake.build:Building ROS package in '/home/rmitaiil/aiil_workspace/humble_workspace/src/on_UR5e/par_utils' with build type 'ament_cmake'
[0.782s] INFO:colcon.colcon_cmake.task.cmake.build:Building CMake package in '/home/rmitaiil/aiil_workspace/humble_workspace/src/on_UR5e/par_utils'
[0.791s] INFO:colcon.colcon_core.plugin_system:Skipping extension 'colcon_core.shell.bat': Not used on non-Windows systems
[0.791s] INFO:colcon.colcon_core.shell:Skip shell extension 'powershell' for command environment: Not usable outside of PowerShell
[0.791s] DEBUG:colcon.colcon_core.shell:Skip shell extension 'dsv' for command environment
[0.847s] DEBUG:colcon.colcon_core.event_handler.log_command:Invoking command in '/home/rmitaiil/aiil_workspace/humble_workspace/src/on_UR5e/build/par_utils': CMAKE_PREFIX_PATH=${CMAKE_PREFIX_PATH}:/home/rmitaiil/aiil_workspace/humble_workspace/install/snc_pkg:/home/rmitaiil/aiil_workspace/humble_workspace/install/onrobot_testing:/home/rmitaiil/aiil_workspace/humble_workspace/install/aiil_rosbot_demo:/home/rmitaiil/aiil_workspace/humble_workspace/install/aiil_gazebo:/opt/ros/humble /usr/bin/cmake /home/rmitaiil/aiil_workspace/humble_workspace/src/on_UR5e/par_utils -DCMAKE_INSTALL_PREFIX=/home/rmitaiil/aiil_workspace/humble_workspace/src/on_UR5e/install/par_utils
[1.998s] DEBUG:colcon.colcon_core.event_handler.log_command:Invoked command in '/home/rmitaiil/aiil_workspace/humble_workspace/src/on_UR5e/build/par_utils' returned '0': CMAKE_PREFIX_PATH=${CMAKE_PREFIX_PATH}:/home/rmitaiil/aiil_workspace/humble_workspace/install/snc_pkg:/home/rmitaiil/aiil_workspace/humble_workspace/install/onrobot_testing:/home/rmitaiil/aiil_workspace/humble_workspace/install/aiil_rosbot_demo:/home/rmitaiil/aiil_workspace/humble_workspace/install/aiil_gazebo:/opt/ros/humble /usr/bin/cmake /home/rmitaiil/aiil_workspace/humble_workspace/src/on_UR5e/par_utils -DCMAKE_INSTALL_PREFIX=/home/rmitaiil/aiil_workspace/humble_workspace/src/on_UR5e/install/par_utils
[1.999s] DEBUG:colcon.colcon_core.event_handler.log_command:Invoking command in '/home/rmitaiil/aiil_workspace/humble_workspace/src/on_UR5e/build/par_utils': CMAKE_PREFIX_PATH=${CMAKE_PREFIX_PATH}:/home/rmitaiil/aiil_workspace/humble_workspace/install/snc_pkg:/home/rmitaiil/aiil_workspace/humble_workspace/install/onrobot_testing:/home/rmitaiil/aiil_workspace/humble_workspace/install/aiil_rosbot_demo:/home/rmitaiil/aiil_workspace/humble_workspace/install/aiil_gazebo:/opt/ros/humble /usr/bin/cmake --build /home/rmitaiil/aiil_workspace/humble_workspace/src/on_UR5e/build/par_utils -- -j4 -l4
[5.051s] DEBUG:colcon.colcon_core.event_handler.log_command:Invoked command in '/home/rmitaiil/aiil_workspace/humble_workspace/src/on_UR5e/build/par_utils' returned '0': CMAKE_PREFIX_PATH=${CMAKE_PREFIX_PATH}:/home/rmitaiil/aiil_workspace/humble_workspace/install/snc_pkg:/home/rmitaiil/aiil_workspace/humble_workspace/install/onrobot_testing:/home/rmitaiil/aiil_workspace/humble_workspace/install/aiil_rosbot_demo:/home/rmitaiil/aiil_workspace/humble_workspace/install/aiil_gazebo:/opt/ros/humble /usr/bin/cmake --build /home/rmitaiil/aiil_workspace/humble_workspace/src/on_UR5e/build/par_utils -- -j4 -l4
[5.122s] DEBUG:colcon.colcon_core.event_handler.log_command:Invoking command in '/home/rmitaiil/aiil_workspace/humble_workspace/src/on_UR5e/build/par_utils': CMAKE_PREFIX_PATH=${CMAKE_PREFIX_PATH}:/home/rmitaiil/aiil_workspace/humble_workspace/install/snc_pkg:/home/rmitaiil/aiil_workspace/humble_workspace/install/onrobot_testing:/home/rmitaiil/aiil_workspace/humble_workspace/install/aiil_rosbot_demo:/home/rmitaiil/aiil_workspace/humble_workspace/install/aiil_gazebo:/opt/ros/humble /usr/bin/cmake --install /home/rmitaiil/aiil_workspace/humble_workspace/src/on_UR5e/build/par_utils
[5.197s] Level 1:colcon.colcon_core.environment:create_environment_scripts_only(par_utils)
[5.208s] DEBUG:colcon.colcon_core.event_handler.log_command:Invoked command in '/home/rmitaiil/aiil_workspace/humble_workspace/src/on_UR5e/build/par_utils' returned '0': CMAKE_PREFIX_PATH=${CMAKE_PREFIX_PATH}:/home/rmitaiil/aiil_workspace/humble_workspace/install/snc_pkg:/home/rmitaiil/aiil_workspace/humble_workspace/install/onrobot_testing:/home/rmitaiil/aiil_workspace/humble_workspace/install/aiil_rosbot_demo:/home/rmitaiil/aiil_workspace/humble_workspace/install/aiil_gazebo:/opt/ros/humble /usr/bin/cmake --install /home/rmitaiil/aiil_workspace/humble_workspace/src/on_UR5e/build/par_utils
[5.210s] Level 1:colcon.colcon_core.environment:checking '/home/rmitaiil/aiil_workspace/humble_workspace/src/on_UR5e/install/par_utils' for CMake module files
[5.211s] Level 1:colcon.colcon_core.environment:checking '/home/rmitaiil/aiil_workspace/humble_workspace/src/on_UR5e/install/par_utils' for CMake config files
[5.211s] Level 1:colcon.colcon_core.shell:create_environment_hook('par_utils', 'cmake_prefix_path')
[5.219s] INFO:colcon.colcon_core.shell:Creating environment hook '/home/rmitaiil/aiil_workspace/humble_workspace/src/on_UR5e/install/par_utils/share/par_utils/hook/cmake_prefix_path.ps1'
[5.220s] INFO:colcon.colcon_core.shell:Creating environment descriptor '/home/rmitaiil/aiil_workspace/humble_workspace/src/on_UR5e/install/par_utils/share/par_utils/hook/cmake_prefix_path.dsv'
[5.221s] INFO:colcon.colcon_core.shell:Creating environment hook '/home/rmitaiil/aiil_workspace/humble_workspace/src/on_UR5e/install/par_utils/share/par_utils/hook/cmake_prefix_path.sh'
[5.222s] Level 1:colcon.colcon_core.environment:checking '/home/rmitaiil/aiil_workspace/humble_workspace/src/on_UR5e/install/par_utils/lib'
[5.222s] Level 1:colcon.colcon_core.shell:create_environment_hook('par_utils', 'ld_library_path_lib')
[5.230s] INFO:colcon.colcon_core.shell:Creating environment hook '/home/rmitaiil/aiil_workspace/humble_workspace/src/on_UR5e/install/par_utils/share/par_utils/hook/ld_library_path_lib.ps1'
[5.230s] INFO:colcon.colcon_core.shell:Creating environment descriptor '/home/rmitaiil/aiil_workspace/humble_workspace/src/on_UR5e/install/par_utils/share/par_utils/hook/ld_library_path_lib.dsv'
[5.230s] INFO:colcon.colcon_core.shell:Creating environment hook '/home/rmitaiil/aiil_workspace/humble_workspace/src/on_UR5e/install/par_utils/share/par_utils/hook/ld_library_path_lib.sh'
[5.230s] Level 1:colcon.colcon_core.environment:checking '/home/rmitaiil/aiil_workspace/humble_workspace/src/on_UR5e/install/par_utils/bin'
[5.231s] Level 1:colcon.colcon_core.environment:checking '/home/rmitaiil/aiil_workspace/humble_workspace/src/on_UR5e/install/par_utils/lib/pkgconfig/par_utils.pc'
[5.231s] Level 1:colcon.colcon_core.environment:checking '/home/rmitaiil/aiil_workspace/humble_workspace/src/on_UR5e/install/par_utils/lib/python3.10/site-packages'
[5.231s] Level 1:colcon.colcon_core.environment:checking '/home/rmitaiil/aiil_workspace/humble_workspace/src/on_UR5e/install/par_utils/bin'
[5.239s] INFO:colcon.colcon_core.shell:Creating package script '/home/rmitaiil/aiil_workspace/humble_workspace/src/on_UR5e/install/par_utils/share/par_utils/package.ps1'
[5.239s] INFO:colcon.colcon_core.shell:Creating package descriptor '/home/rmitaiil/aiil_workspace/humble_workspace/src/on_UR5e/install/par_utils/share/par_utils/package.dsv'
[5.240s] INFO:colcon.colcon_core.shell:Creating package script '/home/rmitaiil/aiil_workspace/humble_workspace/src/on_UR5e/install/par_utils/share/par_utils/package.sh'
[5.240s] INFO:colcon.colcon_core.shell:Creating package script '/home/rmitaiil/aiil_workspace/humble_workspace/src/on_UR5e/install/par_utils/share/par_utils/package.bash'
[5.241s] INFO:colcon.colcon_core.shell:Creating package script '/home/rmitaiil/aiil_workspace/humble_workspace/src/on_UR5e/install/par_utils/share/par_utils/package.zsh'
[5.241s] Level 1:colcon.colcon_core.environment:create_file_with_runtime_dependencies(/home/rmitaiil/aiil_workspace/humble_workspace/src/on_UR5e/install/par_utils/share/colcon-core/packages/par_utils)
[5.323s] Level 1:colcon.colcon_core.environment:create_environment_scripts_only(par_utils)
[5.330s] Level 1:colcon.colcon_core.environment:checking '/home/rmitaiil/aiil_workspace/humble_workspace/src/on_UR5e/install/par_utils' for CMake module files
[5.331s] Level 1:colcon.colcon_core.environment:checking '/home/rmitaiil/aiil_workspace/humble_workspace/src/on_UR5e/install/par_utils' for CMake config files
[5.331s] Level 1:colcon.colcon_core.shell:create_environment_hook('par_utils', 'cmake_prefix_path')
[5.338s] INFO:colcon.colcon_core.shell:Creating environment hook '/home/rmitaiil/aiil_workspace/humble_workspace/src/on_UR5e/install/par_utils/share/par_utils/hook/cmake_prefix_path.ps1'
[5.339s] INFO:colcon.colcon_core.shell:Creating environment descriptor '/home/rmitaiil/aiil_workspace/humble_workspace/src/on_UR5e/install/par_utils/share/par_utils/hook/cmake_prefix_path.dsv'
[5.339s] INFO:colcon.colcon_core.shell:Creating environment hook '/home/rmitaiil/aiil_workspace/humble_workspace/src/on_UR5e/install/par_utils/share/par_utils/hook/cmake_prefix_path.sh'
[5.339s] Level 1:colcon.colcon_core.environment:checking '/home/rmitaiil/aiil_workspace/humble_workspace/src/on_UR5e/install/par_utils/lib'
[5.339s] Level 1:colcon.colcon_core.shell:create_environment_hook('par_utils', 'ld_library_path_lib')
[5.347s] INFO:colcon.colcon_core.shell:Creating environment hook '/home/rmitaiil/aiil_workspace/humble_workspace/src/on_UR5e/install/par_utils/share/par_utils/hook/ld_library_path_lib.ps1'
[5.347s] INFO:colcon.colcon_core.shell:Creating environment descriptor '/home/rmitaiil/aiil_workspace/humble_workspace/src/on_UR5e/install/par_utils/share/par_utils/hook/ld_library_path_lib.dsv'
[5.348s] INFO:colcon.colcon_core.shell:Creating environment hook '/home/rmitaiil/aiil_workspace/humble_workspace/src/on_UR5e/install/par_utils/share/par_utils/hook/ld_library_path_lib.sh'
[5.348s] Level 1:colcon.colcon_core.environment:checking '/home/rmitaiil/aiil_workspace/humble_workspace/src/on_UR5e/install/par_utils/bin'
[5.348s] Level 1:colcon.colcon_core.environment:checking '/home/rmitaiil/aiil_workspace/humble_workspace/src/on_UR5e/install/par_utils/lib/pkgconfig/par_utils.pc'
[5.348s] Level 1:colcon.colcon_core.environment:checking '/home/rmitaiil/aiil_workspace/humble_workspace/src/on_UR5e/install/par_utils/lib/python3.10/site-packages'
[5.348s] Level 1:colcon.colcon_core.environment:checking '/home/rmitaiil/aiil_workspace/humble_workspace/src/on_UR5e/install/par_utils/bin'
[5.356s] INFO:colcon.colcon_core.shell:Creating package script '/home/rmitaiil/aiil_workspace/humble_workspace/src/on_UR5e/install/par_utils/share/par_utils/package.ps1'
[5.356s] INFO:colcon.colcon_core.shell:Creating package descriptor '/home/rmitaiil/aiil_workspace/humble_workspace/src/on_UR5e/install/par_utils/share/par_utils/package.dsv'
[5.356s] INFO:colcon.colcon_core.shell:Creating package script '/home/rmitaiil/aiil_workspace/humble_workspace/src/on_UR5e/install/par_utils/share/par_utils/package.sh'
[5.356s] INFO:colcon.colcon_core.shell:Creating package script '/home/rmitaiil/aiil_workspace/humble_workspace/src/on_UR5e/install/par_utils/share/par_utils/package.bash'
[5.357s] INFO:colcon.colcon_core.shell:Creating package script '/home/rmitaiil/aiil_workspace/humble_workspace/src/on_UR5e/install/par_utils/share/par_utils/package.zsh'
[5.357s] Level 1:colcon.colcon_core.environment:create_file_with_runtime_dependencies(/home/rmitaiil/aiil_workspace/humble_workspace/src/on_UR5e/install/par_utils/share/colcon-core/packages/par_utils)
[5.357s] DEBUG:colcon.colcon_parallel_executor.executor.parallel:closing loop
[5.357s] DEBUG:colcon.colcon_parallel_executor.executor.parallel:loop closed
[5.357s] DEBUG:colcon.colcon_parallel_executor.executor.parallel:run_until_complete finished with '0'
[5.357s] DEBUG:colcon.colcon_core.event_reactor:joining thread
[5.378s] INFO:colcon.colcon_core.plugin_system:Skipping extension 'colcon_notification.desktop_notification.terminal_notifier': Not used on non-Darwin systems
[5.378s] INFO:colcon.colcon_core.plugin_system:Skipping extension 'colcon_notification.desktop_notification.win32': Not used on non-Windows systems
[5.378s] INFO:colcon.colcon_notification.desktop_notification:Sending desktop notification using 'notify2'
[5.389s] DEBUG:colcon.colcon_core.event_reactor:joined thread
[5.399s] INFO:colcon.colcon_core.shell:Creating prefix script '/home/rmitaiil/aiil_workspace/humble_workspace/src/on_UR5e/install/local_setup.ps1'
[5.400s] INFO:colcon.colcon_core.shell:Creating prefix util module '/home/rmitaiil/aiil_workspace/humble_workspace/src/on_UR5e/install/_local_setup_util_ps1.py'
[5.401s] INFO:colcon.colcon_core.shell:Creating prefix chain script '/home/rmitaiil/aiil_workspace/humble_workspace/src/on_UR5e/install/setup.ps1'
[5.415s] INFO:colcon.colcon_core.shell:Creating prefix script '/home/rmitaiil/aiil_workspace/humble_workspace/src/on_UR5e/install/local_setup.sh'
[5.416s] INFO:colcon.colcon_core.shell:Creating prefix util module '/home/rmitaiil/aiil_workspace/humble_workspace/src/on_UR5e/install/_local_setup_util_sh.py'
[5.416s] INFO:colcon.colcon_core.shell:Creating prefix chain script '/home/rmitaiil/aiil_workspace/humble_workspace/src/on_UR5e/install/setup.sh'
[5.428s] INFO:colcon.colcon_core.shell:Creating prefix script '/home/rmitaiil/aiil_workspace/humble_workspace/src/on_UR5e/install/local_setup.bash'
[5.428s] INFO:colcon.colcon_core.shell:Creating prefix chain script '/home/rmitaiil/aiil_workspace/humble_workspace/src/on_UR5e/install/setup.bash'
[5.439s] INFO:colcon.colcon_core.shell:Creating prefix script '/home/rmitaiil/aiil_workspace/humble_workspace/src/on_UR5e/install/local_setup.zsh'
[5.440s] INFO:colcon.colcon_core.shell:Creating prefix chain script '/home/rmitaiil/aiil_workspace/humble_workspace/src/on_UR5e/install/setup.zsh'
