[0.066s] Invoking command in '/root/overlay_ws/src/build/graph_msgs': CMAKE_PREFIX_PATH=${CMAKE_PREFIX_PATH}:/root/underlay_ws/install/moveit_configs_utils:/root/underlay_ws/install/launch_param_builder:/opt/ros/humble /usr/bin/cmake /root/overlay_ws/src/graph_msgs -DCMAKE_BUILD_TYPE=Release -DCMAKE_INSTALL_PREFIX=/root/overlay_ws/src/install/graph_msgs
[0.096s] -- Found ament_cmake: 1.3.8 (/opt/ros/humble/share/ament_cmake/cmake)
[0.348s] -- Found rosidl_default_generators: 1.2.0 (/opt/ros/humble/share/rosidl_default_generators/cmake)
[0.373s] -- Using all available rosidl_typesupport_c: rosidl_typesupport_fastrtps_c;rosidl_typesupport_introspection_c
[0.380s] -- Found rosidl_adapter: 3.1.5 (/opt/ros/humble/share/rosidl_adapter/cmake)
[0.445s] -- Using all available rosidl_typesupport_cpp: rosidl_typesupport_fastrtps_cpp;rosidl_typesupport_introspection_cpp
[0.514s] -- Found builtin_interfaces: 1.2.1 (/opt/ros/humble/share/builtin_interfaces/cmake)
[0.551s] -- Found std_msgs: 4.2.3 (/opt/ros/humble/share/std_msgs/cmake)
[0.630s] -- Found geometry_msgs: 4.2.3 (/opt/ros/humble/share/geometry_msgs/cmake)
[1.284s] -- Found ament_cmake_ros: 0.10.0 (/opt/ros/humble/share/ament_cmake_ros/cmake)
[1.799s] -- Using all available rosidl_typesupport_c: rosidl_typesupport_fastrtps_c;rosidl_typesupport_introspection_c
[2.554s] -- Using all available rosidl_typesupport_cpp: rosidl_typesupport_fastrtps_cpp;rosidl_typesupport_introspection_cpp
[2.603s] -- Found python_cmake_module: 0.10.0 (/opt/ros/humble/share/python_cmake_module/cmake)
[2.645s] -- Using PYTHON_EXECUTABLE: /usr/bin/python3
[2.645s] -- Using PYTHON_INCLUDE_DIRS: /usr/include/python3.10
[2.645s] -- Using PYTHON_LIBRARIES: /usr/lib/x86_64-linux-gnu/libpython3.10.so
[2.815s] -- Found ament_lint_auto: 0.12.10 (/opt/ros/humble/share/ament_lint_auto/cmake)
[2.863s] -- Configuring done
[2.946s] -- Generating done
[2.953s] -- Build files have been written to: /root/overlay_ws/src/build/graph_msgs
[2.964s] Invoked command in '/root/overlay_ws/src/build/graph_msgs' returned '0': CMAKE_PREFIX_PATH=${CMAKE_PREFIX_PATH}:/root/underlay_ws/install/moveit_configs_utils:/root/underlay_ws/install/launch_param_builder:/opt/ros/humble /usr/bin/cmake /root/overlay_ws/src/graph_msgs -DCMAKE_BUILD_TYPE=Release -DCMAKE_INSTALL_PREFIX=/root/overlay_ws/src/install/graph_msgs
[2.965s] Invoking command in '/root/overlay_ws/src/build/graph_msgs': CMAKE_PREFIX_PATH=${CMAKE_PREFIX_PATH}:/root/underlay_ws/install/moveit_configs_utils:/root/underlay_ws/install/launch_param_builder:/opt/ros/humble /usr/bin/cmake --build /root/overlay_ws/src/build/graph_msgs -- -j8 -l8
[3.086s] [35m[1mConsolidate compiler generated dependencies of target graph_msgs__rosidl_generator_c[0m
[3.129s] [  2%] [32mBuilding C object CMakeFiles/graph_msgs__rosidl_generator_c.dir/rosidl_generator_c/graph_msgs/msg/detail/edges__functions.c.o[0m
[3.139s] [  7%] Built target graph_msgs__cpp
[3.140s] [  7%] [32mBuilding C object CMakeFiles/graph_msgs__rosidl_generator_c.dir/rosidl_generator_c/graph_msgs/msg/detail/geometry_graph__functions.c.o[0m
[3.152s] [  7%] Built target ament_cmake_python_copy_graph_msgs
[3.186s] [35m[1mConsolidate compiler generated dependencies of target graph_msgs__rosidl_typesupport_fastrtps_cpp[0m
[3.208s] [35m[1mConsolidate compiler generated dependencies of target graph_msgs__rosidl_typesupport_cpp[0m
[3.209s] [35m[1mConsolidate compiler generated dependencies of target graph_msgs__rosidl_typesupport_introspection_cpp[0m
[3.241s] [ 10%] [32mBuilding CXX object CMakeFiles/graph_msgs__rosidl_typesupport_fastrtps_cpp.dir/rosidl_typesupport_fastrtps_cpp/graph_msgs/msg/detail/dds_fastrtps/edges__type_support.cpp.o[0m
[3.276s] [ 12%] [32mBuilding CXX object CMakeFiles/graph_msgs__rosidl_typesupport_introspection_cpp.dir/rosidl_typesupport_introspection_cpp/graph_msgs/msg/detail/edges__type_support.cpp.o[0m
[3.289s] [ 15%] [32mBuilding CXX object CMakeFiles/graph_msgs__rosidl_typesupport_introspection_cpp.dir/rosidl_typesupport_introspection_cpp/graph_msgs/msg/detail/geometry_graph__type_support.cpp.o[0m
[3.302s] [ 20%] [32mBuilding CXX object CMakeFiles/graph_msgs__rosidl_typesupport_cpp.dir/rosidl_typesupport_cpp/graph_msgs/msg/edges__type_support.cpp.o[0m
[3.302s] [ 20%] [32mBuilding CXX object CMakeFiles/graph_msgs__rosidl_typesupport_fastrtps_cpp.dir/rosidl_typesupport_fastrtps_cpp/graph_msgs/msg/detail/dds_fastrtps/geometry_graph__type_support.cpp.o[0m
[3.468s] [ 23%] [32m[1mLinking C shared library libgraph_msgs__rosidl_generator_c.so[0m
[3.476s] [ 25%] [32mBuilding CXX object CMakeFiles/graph_msgs__rosidl_typesupport_cpp.dir/rosidl_typesupport_cpp/graph_msgs/msg/geometry_graph__type_support.cpp.o[0m
[3.766s] [ 28%] Built target graph_msgs__rosidl_generator_c
[3.805s] [35m[1mConsolidate compiler generated dependencies of target graph_msgs__rosidl_typesupport_fastrtps_c[0m
[3.854s] [ 30%] [32mBuilding CXX object CMakeFiles/graph_msgs__rosidl_typesupport_fastrtps_c.dir/rosidl_typesupport_fastrtps_c/graph_msgs/msg/detail/edges__type_support_c.cpp.o[0m
[4.316s] running egg_info
[4.321s] writing graph_msgs.egg-info/PKG-INFO
[4.321s] writing dependency_links to graph_msgs.egg-info/dependency_links.txt
[4.322s] writing top-level names to graph_msgs.egg-info/top_level.txt
[4.328s] reading manifest file 'graph_msgs.egg-info/SOURCES.txt'
[4.329s] writing manifest file 'graph_msgs.egg-info/SOURCES.txt'
[4.456s] [ 30%] Built target ament_cmake_python_build_graph_msgs_egg
[4.534s] [35m[1mConsolidate compiler generated dependencies of target graph_msgs__rosidl_typesupport_introspection_c[0m
[4.558s] [35m[1mConsolidate compiler generated dependencies of target graph_msgs__rosidl_typesupport_c[0m
[4.687s] [ 33%] [32mBuilding C object CMakeFiles/graph_msgs__rosidl_typesupport_introspection_c.dir/rosidl_typesupport_introspection_c/graph_msgs/msg/detail/edges__type_support.c.o[0m
[4.691s] [ 35%] [32m[1mLinking CXX shared library libgraph_msgs__rosidl_typesupport_cpp.so[0m
[4.714s] [ 38%] [32mBuilding CXX object CMakeFiles/graph_msgs__rosidl_typesupport_c.dir/rosidl_typesupport_c/graph_msgs/msg/edges__type_support.cpp.o[0m
[4.964s] [ 41%] [32mBuilding CXX object CMakeFiles/graph_msgs__rosidl_typesupport_c.dir/rosidl_typesupport_c/graph_msgs/msg/geometry_graph__type_support.cpp.o[0m
[4.974s] [ 43%] Built target graph_msgs__rosidl_typesupport_cpp
[5.063s] [ 46%] [32mBuilding C object CMakeFiles/graph_msgs__rosidl_typesupport_introspection_c.dir/rosidl_typesupport_introspection_c/graph_msgs/msg/detail/geometry_graph__type_support.c.o[0m
[5.067s] [ 48%] [32mBuilding CXX object CMakeFiles/graph_msgs__rosidl_typesupport_fastrtps_c.dir/rosidl_typesupport_fastrtps_c/graph_msgs/msg/detail/geometry_graph__type_support_c.cpp.o[0m
[5.207s] [ 51%] [32m[1mLinking CXX shared library libgraph_msgs__rosidl_typesupport_c.so[0m
[5.278s] [ 53%] [32m[1mLinking CXX shared library libgraph_msgs__rosidl_typesupport_introspection_cpp.so[0m
[5.306s] [ 56%] [32m[1mLinking C shared library libgraph_msgs__rosidl_typesupport_introspection_c.so[0m
[5.383s] [ 58%] Built target graph_msgs__rosidl_typesupport_c
[5.432s] [ 61%] Built target graph_msgs__rosidl_typesupport_introspection_c
[5.516s] [ 64%] [32m[1mLinking CXX shared library libgraph_msgs__rosidl_typesupport_fastrtps_cpp.so[0m
[5.536s] [ 66%] Built target graph_msgs__rosidl_typesupport_introspection_cpp
[5.703s] [ 69%] Built target graph_msgs__rosidl_typesupport_fastrtps_cpp
[6.073s] [ 71%] [32m[1mLinking CXX shared library libgraph_msgs__rosidl_typesupport_fastrtps_c.so[0m
[6.223s] [ 74%] Built target graph_msgs__rosidl_typesupport_fastrtps_c
[6.280s] [ 74%] Built target graph_msgs
[6.334s] [ 76%] Built target graph_msgs__py
[6.359s] [35m[1mConsolidate compiler generated dependencies of target graph_msgs__rosidl_generator_py[0m
[6.393s] [ 79%] [32mBuilding C object CMakeFiles/graph_msgs__rosidl_generator_py.dir/rosidl_generator_py/graph_msgs/msg/_geometry_graph_s.c.o[0m
[6.404s] [ 82%] [32mBuilding C object CMakeFiles/graph_msgs__rosidl_generator_py.dir/rosidl_generator_py/graph_msgs/msg/_edges_s.c.o[0m
[7.059s] [ 84%] [32m[1mLinking C shared library rosidl_generator_py/graph_msgs/libgraph_msgs__rosidl_generator_py.so[0m
[7.198s] [ 84%] Built target graph_msgs__rosidl_generator_py
[7.250s] [35m[1mConsolidate compiler generated dependencies of target graph_msgs__rosidl_typesupport_introspection_c__pyext[0m
[7.288s] [35m[1mConsolidate compiler generated dependencies of target graph_msgs__rosidl_typesupport_fastrtps_c__pyext[0m
[7.298s] [ 87%] [32mBuilding C object CMakeFiles/graph_msgs__rosidl_typesupport_introspection_c__pyext.dir/rosidl_generator_py/graph_msgs/_graph_msgs_s.ep.rosidl_typesupport_introspection_c.c.o[0m
[7.316s] [35m[1mConsolidate compiler generated dependencies of target graph_msgs__rosidl_typesupport_c__pyext[0m
[7.356s] [ 89%] [32mBuilding C object CMakeFiles/graph_msgs__rosidl_typesupport_fastrtps_c__pyext.dir/rosidl_generator_py/graph_msgs/_graph_msgs_s.ep.rosidl_typesupport_fastrtps_c.c.o[0m
[7.391s] [ 92%] [32mBuilding C object CMakeFiles/graph_msgs__rosidl_typesupport_c__pyext.dir/rosidl_generator_py/graph_msgs/_graph_msgs_s.ep.rosidl_typesupport_c.c.o[0m
[8.093s] [ 94%] [32m[1mLinking C shared library rosidl_generator_py/graph_msgs/graph_msgs_s__rosidl_typesupport_fastrtps_c.cpython-310-x86_64-linux-gnu.so[0m
[8.145s] [ 97%] [32m[1mLinking C shared library rosidl_generator_py/graph_msgs/graph_msgs_s__rosidl_typesupport_introspection_c.cpython-310-x86_64-linux-gnu.so[0m
[8.274s] [100%] [32m[1mLinking C shared library rosidl_generator_py/graph_msgs/graph_msgs_s__rosidl_typesupport_c.cpython-310-x86_64-linux-gnu.so[0m
[8.370s] [100%] Built target graph_msgs__rosidl_typesupport_fastrtps_c__pyext
[8.465s] [100%] Built target graph_msgs__rosidl_typesupport_introspection_c__pyext
[8.605s] [100%] Built target graph_msgs__rosidl_typesupport_c__pyext
[8.699s] Invoked command in '/root/overlay_ws/src/build/graph_msgs' returned '0': CMAKE_PREFIX_PATH=${CMAKE_PREFIX_PATH}:/root/underlay_ws/install/moveit_configs_utils:/root/underlay_ws/install/launch_param_builder:/opt/ros/humble /usr/bin/cmake --build /root/overlay_ws/src/build/graph_msgs -- -j8 -l8
[10.613s] Invoking command in '/root/overlay_ws/src/build/graph_msgs': CMAKE_PREFIX_PATH=${CMAKE_PREFIX_PATH}:/root/underlay_ws/install/moveit_configs_utils:/root/underlay_ws/install/launch_param_builder:/opt/ros/humble /usr/bin/cmake --install /root/overlay_ws/src/build/graph_msgs
[10.688s] -- Install configuration: "Release"
[10.689s] -- Up-to-date: /root/overlay_ws/src/install/graph_msgs/share/ament_index/resource_index/rosidl_interfaces/graph_msgs
[10.690s] -- Up-to-date: /root/overlay_ws/src/install/graph_msgs/include/graph_msgs/graph_msgs
[10.691s] -- Up-to-date: /root/overlay_ws/src/install/graph_msgs/include/graph_msgs/graph_msgs/msg
[10.691s] -- Up-to-date: /root/overlay_ws/src/install/graph_msgs/include/graph_msgs/graph_msgs/msg/geometry_graph.h
[10.692s] -- Up-to-date: /root/overlay_ws/src/install/graph_msgs/include/graph_msgs/graph_msgs/msg/detail
[10.692s] -- Up-to-date: /root/overlay_ws/src/install/graph_msgs/include/graph_msgs/graph_msgs/msg/detail/edges__struct.h
[10.693s] -- Up-to-date: /root/overlay_ws/src/install/graph_msgs/include/graph_msgs/graph_msgs/msg/detail/edges__type_support.h
[10.694s] -- Up-to-date: /root/overlay_ws/src/install/graph_msgs/include/graph_msgs/graph_msgs/msg/detail/geometry_graph__functions.c
[10.694s] -- Up-to-date: /root/overlay_ws/src/install/graph_msgs/include/graph_msgs/graph_msgs/msg/detail/edges__functions.h
[10.695s] -- Up-to-date: /root/overlay_ws/src/install/graph_msgs/include/graph_msgs/graph_msgs/msg/detail/geometry_graph__type_support.h
[10.695s] -- Up-to-date: /root/overlay_ws/src/install/graph_msgs/include/graph_msgs/graph_msgs/msg/detail/geometry_graph__struct.h
[10.696s] -- Up-to-date: /root/overlay_ws/src/install/graph_msgs/include/graph_msgs/graph_msgs/msg/detail/edges__functions.c
[10.696s] -- Up-to-date: /root/overlay_ws/src/install/graph_msgs/include/graph_msgs/graph_msgs/msg/detail/geometry_graph__functions.h
[10.697s] -- Up-to-date: /root/overlay_ws/src/install/graph_msgs/include/graph_msgs/graph_msgs/msg/edges.h
[10.697s] -- Up-to-date: /root/overlay_ws/src/install/graph_msgs/include/graph_msgs/graph_msgs/msg/rosidl_generator_c__visibility_control.h
[10.698s] -- Up-to-date: /root/overlay_ws/src/install/graph_msgs/share/graph_msgs/environment/library_path.sh
[10.698s] -- Installing: /root/overlay_ws/src/install/graph_msgs/share/graph_msgs/environment/library_path.dsv
[10.700s] -- Installing: /root/overlay_ws/src/install/graph_msgs/lib/libgraph_msgs__rosidl_generator_c.so
[10.702s] -- Set runtime path of "/root/overlay_ws/src/install/graph_msgs/lib/libgraph_msgs__rosidl_generator_c.so" to ""
[10.702s] -- Up-to-date: /root/overlay_ws/src/install/graph_msgs/include/graph_msgs/graph_msgs
[10.703s] -- Up-to-date: /root/overlay_ws/src/install/graph_msgs/include/graph_msgs/graph_msgs/msg
[10.703s] -- Up-to-date: /root/overlay_ws/src/install/graph_msgs/include/graph_msgs/graph_msgs/msg/rosidl_typesupport_fastrtps_c__visibility_control.h
[10.704s] -- Up-to-date: /root/overlay_ws/src/install/graph_msgs/include/graph_msgs/graph_msgs/msg/detail
[10.704s] -- Up-to-date: /root/overlay_ws/src/install/graph_msgs/include/graph_msgs/graph_msgs/msg/detail/geometry_graph__rosidl_typesupport_fastrtps_c.h
[10.705s] -- Up-to-date: /root/overlay_ws/src/install/graph_msgs/include/graph_msgs/graph_msgs/msg/detail/edges__rosidl_typesupport_fastrtps_c.h
[10.706s] -- Installing: /root/overlay_ws/src/install/graph_msgs/lib/libgraph_msgs__rosidl_typesupport_fastrtps_c.so
[10.708s] -- Set runtime path of "/root/overlay_ws/src/install/graph_msgs/lib/libgraph_msgs__rosidl_typesupport_fastrtps_c.so" to ""
[10.708s] -- Up-to-date: /root/overlay_ws/src/install/graph_msgs/include/graph_msgs/graph_msgs
[10.710s] -- Up-to-date: /root/overlay_ws/src/install/graph_msgs/include/graph_msgs/graph_msgs/msg
[10.710s] -- Up-to-date: /root/overlay_ws/src/install/graph_msgs/include/graph_msgs/graph_msgs/msg/rosidl_typesupport_introspection_c__visibility_control.h
[10.711s] -- Up-to-date: /root/overlay_ws/src/install/graph_msgs/include/graph_msgs/graph_msgs/msg/detail
[10.711s] -- Up-to-date: /root/overlay_ws/src/install/graph_msgs/include/graph_msgs/graph_msgs/msg/detail/geometry_graph__rosidl_typesupport_introspection_c.h
[10.712s] -- Up-to-date: /root/overlay_ws/src/install/graph_msgs/include/graph_msgs/graph_msgs/msg/detail/geometry_graph__type_support.c
[10.712s] -- Up-to-date: /root/overlay_ws/src/install/graph_msgs/include/graph_msgs/graph_msgs/msg/detail/edges__rosidl_typesupport_introspection_c.h
[10.713s] -- Up-to-date: /root/overlay_ws/src/install/graph_msgs/include/graph_msgs/graph_msgs/msg/detail/edges__type_support.c
[10.714s] -- Installing: /root/overlay_ws/src/install/graph_msgs/lib/libgraph_msgs__rosidl_typesupport_introspection_c.so
[10.715s] -- Set runtime path of "/root/overlay_ws/src/install/graph_msgs/lib/libgraph_msgs__rosidl_typesupport_introspection_c.so" to ""
[10.716s] -- Installing: /root/overlay_ws/src/install/graph_msgs/lib/libgraph_msgs__rosidl_typesupport_c.so
[10.718s] -- Set runtime path of "/root/overlay_ws/src/install/graph_msgs/lib/libgraph_msgs__rosidl_typesupport_c.so" to ""
[10.719s] -- Up-to-date: /root/overlay_ws/src/install/graph_msgs/include/graph_msgs/graph_msgs
[10.719s] -- Up-to-date: /root/overlay_ws/src/install/graph_msgs/include/graph_msgs/graph_msgs/msg
[10.720s] -- Up-to-date: /root/overlay_ws/src/install/graph_msgs/include/graph_msgs/graph_msgs/msg/detail
[10.720s] -- Up-to-date: /root/overlay_ws/src/install/graph_msgs/include/graph_msgs/graph_msgs/msg/detail/edges__builder.hpp
[10.721s] -- Up-to-date: /root/overlay_ws/src/install/graph_msgs/include/graph_msgs/graph_msgs/msg/detail/edges__traits.hpp
[10.721s] -- Up-to-date: /root/overlay_ws/src/install/graph_msgs/include/graph_msgs/graph_msgs/msg/detail/geometry_graph__builder.hpp
[10.722s] -- Up-to-date: /root/overlay_ws/src/install/graph_msgs/include/graph_msgs/graph_msgs/msg/detail/geometry_graph__traits.hpp
[10.722s] -- Up-to-date: /root/overlay_ws/src/install/graph_msgs/include/graph_msgs/graph_msgs/msg/detail/geometry_graph__struct.hpp
[10.722s] -- Up-to-date: /root/overlay_ws/src/install/graph_msgs/include/graph_msgs/graph_msgs/msg/detail/edges__struct.hpp
[10.723s] -- Up-to-date: /root/overlay_ws/src/install/graph_msgs/include/graph_msgs/graph_msgs/msg/geometry_graph.hpp
[10.723s] -- Up-to-date: /root/overlay_ws/src/install/graph_msgs/include/graph_msgs/graph_msgs/msg/edges.hpp
[10.724s] -- Up-to-date: /root/overlay_ws/src/install/graph_msgs/include/graph_msgs/graph_msgs
[10.724s] -- Up-to-date: /root/overlay_ws/src/install/graph_msgs/include/graph_msgs/graph_msgs/msg
[10.725s] -- Up-to-date: /root/overlay_ws/src/install/graph_msgs/include/graph_msgs/graph_msgs/msg/rosidl_typesupport_fastrtps_cpp__visibility_control.h
[10.725s] -- Up-to-date: /root/overlay_ws/src/install/graph_msgs/include/graph_msgs/graph_msgs/msg/detail
[10.726s] -- Up-to-date: /root/overlay_ws/src/install/graph_msgs/include/graph_msgs/graph_msgs/msg/detail/dds_fastrtps
[10.726s] -- Up-to-date: /root/overlay_ws/src/install/graph_msgs/include/graph_msgs/graph_msgs/msg/detail/edges__rosidl_typesupport_fastrtps_cpp.hpp
[10.727s] -- Up-to-date: /root/overlay_ws/src/install/graph_msgs/include/graph_msgs/graph_msgs/msg/detail/geometry_graph__rosidl_typesupport_fastrtps_cpp.hpp
[10.728s] -- Installing: /root/overlay_ws/src/install/graph_msgs/lib/libgraph_msgs__rosidl_typesupport_fastrtps_cpp.so
[10.730s] -- Set runtime path of "/root/overlay_ws/src/install/graph_msgs/lib/libgraph_msgs__rosidl_typesupport_fastrtps_cpp.so" to ""
[10.730s] -- Up-to-date: /root/overlay_ws/src/install/graph_msgs/include/graph_msgs/graph_msgs
[10.731s] -- Up-to-date: /root/overlay_ws/src/install/graph_msgs/include/graph_msgs/graph_msgs/msg
[10.731s] -- Up-to-date: /root/overlay_ws/src/install/graph_msgs/include/graph_msgs/graph_msgs/msg/detail
[10.732s] -- Up-to-date: /root/overlay_ws/src/install/graph_msgs/include/graph_msgs/graph_msgs/msg/detail/edges__type_support.cpp
[10.732s] -- Up-to-date: /root/overlay_ws/src/install/graph_msgs/include/graph_msgs/graph_msgs/msg/detail/geometry_graph__type_support.cpp
[10.733s] -- Up-to-date: /root/overlay_ws/src/install/graph_msgs/include/graph_msgs/graph_msgs/msg/detail/geometry_graph__rosidl_typesupport_introspection_cpp.hpp
[10.733s] -- Up-to-date: /root/overlay_ws/src/install/graph_msgs/include/graph_msgs/graph_msgs/msg/detail/edges__rosidl_typesupport_introspection_cpp.hpp
[10.734s] -- Installing: /root/overlay_ws/src/install/graph_msgs/lib/libgraph_msgs__rosidl_typesupport_introspection_cpp.so
[10.736s] -- Set runtime path of "/root/overlay_ws/src/install/graph_msgs/lib/libgraph_msgs__rosidl_typesupport_introspection_cpp.so" to ""
[10.737s] -- Installing: /root/overlay_ws/src/install/graph_msgs/lib/libgraph_msgs__rosidl_typesupport_cpp.so
[10.738s] -- Set runtime path of "/root/overlay_ws/src/install/graph_msgs/lib/libgraph_msgs__rosidl_typesupport_cpp.so" to ""
[10.739s] -- Up-to-date: /root/overlay_ws/src/install/graph_msgs/share/graph_msgs/environment/pythonpath.sh
[10.739s] -- Installing: /root/overlay_ws/src/install/graph_msgs/share/graph_msgs/environment/pythonpath.dsv
[10.740s] -- Up-to-date: /root/overlay_ws/src/install/graph_msgs/local/lib/python3.10/dist-packages/graph_msgs-0.2.0-py3.10.egg-info
[10.741s] -- Installing: /root/overlay_ws/src/install/graph_msgs/local/lib/python3.10/dist-packages/graph_msgs-0.2.0-py3.10.egg-info/SOURCES.txt
[10.742s] -- Installing: /root/overlay_ws/src/install/graph_msgs/local/lib/python3.10/dist-packages/graph_msgs-0.2.0-py3.10.egg-info/dependency_links.txt
[10.743s] -- Installing: /root/overlay_ws/src/install/graph_msgs/local/lib/python3.10/dist-packages/graph_msgs-0.2.0-py3.10.egg-info/top_level.txt
[10.744s] -- Installing: /root/overlay_ws/src/install/graph_msgs/local/lib/python3.10/dist-packages/graph_msgs-0.2.0-py3.10.egg-info/PKG-INFO
[10.745s] -- Up-to-date: /root/overlay_ws/src/install/graph_msgs/local/lib/python3.10/dist-packages/graph_msgs
[10.745s] -- Up-to-date: /root/overlay_ws/src/install/graph_msgs/local/lib/python3.10/dist-packages/graph_msgs/_graph_msgs_s.ep.rosidl_typesupport_c.c
[10.745s] -- Up-to-date: /root/overlay_ws/src/install/graph_msgs/local/lib/python3.10/dist-packages/graph_msgs/msg
[10.746s] -- Up-to-date: /root/overlay_ws/src/install/graph_msgs/local/lib/python3.10/dist-packages/graph_msgs/msg/_geometry_graph_s.c
[10.748s] -- Up-to-date: /root/overlay_ws/src/install/graph_msgs/local/lib/python3.10/dist-packages/graph_msgs/msg/_geometry_graph.py
[10.749s] -- Up-to-date: /root/overlay_ws/src/install/graph_msgs/local/lib/python3.10/dist-packages/graph_msgs/msg/_edges_s.c
[10.749s] -- Up-to-date: /root/overlay_ws/src/install/graph_msgs/local/lib/python3.10/dist-packages/graph_msgs/msg/__init__.py
[10.749s] -- Up-to-date: /root/overlay_ws/src/install/graph_msgs/local/lib/python3.10/dist-packages/graph_msgs/msg/_edges.py
[10.750s] -- Up-to-date: /root/overlay_ws/src/install/graph_msgs/local/lib/python3.10/dist-packages/graph_msgs/_graph_msgs_s.ep.rosidl_typesupport_introspection_c.c
[10.750s] -- Installing: /root/overlay_ws/src/install/graph_msgs/local/lib/python3.10/dist-packages/graph_msgs/graph_msgs_s__rosidl_typesupport_c.cpython-310-x86_64-linux-gnu.so
[10.751s] -- Installing: /root/overlay_ws/src/install/graph_msgs/local/lib/python3.10/dist-packages/graph_msgs/graph_msgs_s__rosidl_typesupport_introspection_c.cpython-310-x86_64-linux-gnu.so
[10.752s] -- Up-to-date: /root/overlay_ws/src/install/graph_msgs/local/lib/python3.10/dist-packages/graph_msgs/_graph_msgs_s.ep.rosidl_typesupport_fastrtps_c.c
[10.752s] -- Installing: /root/overlay_ws/src/install/graph_msgs/local/lib/python3.10/dist-packages/graph_msgs/__init__.py
[10.753s] -- Installing: /root/overlay_ws/src/install/graph_msgs/local/lib/python3.10/dist-packages/graph_msgs/libgraph_msgs__rosidl_generator_py.so
[10.754s] -- Installing: /root/overlay_ws/src/install/graph_msgs/local/lib/python3.10/dist-packages/graph_msgs/graph_msgs_s__rosidl_typesupport_fastrtps_c.cpython-310-x86_64-linux-gnu.so
[10.965s] Listing '/root/overlay_ws/src/install/graph_msgs/local/lib/python3.10/dist-packages/graph_msgs'...
[10.965s] Compiling '/root/overlay_ws/src/install/graph_msgs/local/lib/python3.10/dist-packages/graph_msgs/__init__.py'...
[10.965s] Listing '/root/overlay_ws/src/install/graph_msgs/local/lib/python3.10/dist-packages/graph_msgs/msg'...
[10.975s] -- Installing: /root/overlay_ws/src/install/graph_msgs/local/lib/python3.10/dist-packages/graph_msgs/graph_msgs_s__rosidl_typesupport_fastrtps_c.cpython-310-x86_64-linux-gnu.so
[10.975s] -- Set runtime path of "/root/overlay_ws/src/install/graph_msgs/local/lib/python3.10/dist-packages/graph_msgs/graph_msgs_s__rosidl_typesupport_fastrtps_c.cpython-310-x86_64-linux-gnu.so" to ""
[10.976s] -- Installing: /root/overlay_ws/src/install/graph_msgs/local/lib/python3.10/dist-packages/graph_msgs/graph_msgs_s__rosidl_typesupport_introspection_c.cpython-310-x86_64-linux-gnu.so
[10.976s] -- Set runtime path of "/root/overlay_ws/src/install/graph_msgs/local/lib/python3.10/dist-packages/graph_msgs/graph_msgs_s__rosidl_typesupport_introspection_c.cpython-310-x86_64-linux-gnu.so" to ""
[10.977s] -- Installing: /root/overlay_ws/src/install/graph_msgs/local/lib/python3.10/dist-packages/graph_msgs/graph_msgs_s__rosidl_typesupport_c.cpython-310-x86_64-linux-gnu.so
[10.978s] -- Set runtime path of "/root/overlay_ws/src/install/graph_msgs/local/lib/python3.10/dist-packages/graph_msgs/graph_msgs_s__rosidl_typesupport_c.cpython-310-x86_64-linux-gnu.so" to ""
[10.978s] -- Installing: /root/overlay_ws/src/install/graph_msgs/lib/libgraph_msgs__rosidl_generator_py.so
[10.979s] -- Set runtime path of "/root/overlay_ws/src/install/graph_msgs/lib/libgraph_msgs__rosidl_generator_py.so" to ""
[10.979s] -- Up-to-date: /root/overlay_ws/src/install/graph_msgs/share/graph_msgs/msg/Edges.idl
[10.980s] -- Up-to-date: /root/overlay_ws/src/install/graph_msgs/share/graph_msgs/msg/GeometryGraph.idl
[10.980s] -- Up-to-date: /root/overlay_ws/src/install/graph_msgs/share/graph_msgs/msg/Edges.msg
[10.980s] -- Up-to-date: /root/overlay_ws/src/install/graph_msgs/share/graph_msgs/msg/GeometryGraph.msg
[10.981s] -- Up-to-date: /root/overlay_ws/src/install/graph_msgs/share/ament_index/resource_index/package_run_dependencies/graph_msgs
[10.981s] -- Up-to-date: /root/overlay_ws/src/install/graph_msgs/share/ament_index/resource_index/parent_prefix_path/graph_msgs
[10.981s] -- Up-to-date: /root/overlay_ws/src/install/graph_msgs/share/graph_msgs/environment/ament_prefix_path.sh
[10.981s] -- Installing: /root/overlay_ws/src/install/graph_msgs/share/graph_msgs/environment/ament_prefix_path.dsv
[10.982s] -- Up-to-date: /root/overlay_ws/src/install/graph_msgs/share/graph_msgs/environment/path.sh
[10.982s] -- Installing: /root/overlay_ws/src/install/graph_msgs/share/graph_msgs/environment/path.dsv
[10.982s] -- Up-to-date: /root/overlay_ws/src/install/graph_msgs/share/graph_msgs/local_setup.bash
[10.982s] -- Up-to-date: /root/overlay_ws/src/install/graph_msgs/share/graph_msgs/local_setup.sh
[10.983s] -- Up-to-date: /root/overlay_ws/src/install/graph_msgs/share/graph_msgs/local_setup.zsh
[10.983s] -- Installing: /root/overlay_ws/src/install/graph_msgs/share/graph_msgs/local_setup.dsv
[10.983s] -- Installing: /root/overlay_ws/src/install/graph_msgs/share/graph_msgs/package.dsv
[10.983s] -- Up-to-date: /root/overlay_ws/src/install/graph_msgs/share/ament_index/resource_index/packages/graph_msgs
[10.984s] -- Up-to-date: /root/overlay_ws/src/install/graph_msgs/share/graph_msgs/cmake/export_graph_msgs__rosidl_generator_cExport.cmake
[10.984s] -- Up-to-date: /root/overlay_ws/src/install/graph_msgs/share/graph_msgs/cmake/export_graph_msgs__rosidl_generator_cExport-release.cmake
[10.984s] -- Up-to-date: /root/overlay_ws/src/install/graph_msgs/share/graph_msgs/cmake/export_graph_msgs__rosidl_typesupport_fastrtps_cExport.cmake
[10.984s] -- Up-to-date: /root/overlay_ws/src/install/graph_msgs/share/graph_msgs/cmake/export_graph_msgs__rosidl_typesupport_fastrtps_cExport-release.cmake
[10.985s] -- Up-to-date: /root/overlay_ws/src/install/graph_msgs/share/graph_msgs/cmake/graph_msgs__rosidl_typesupport_introspection_cExport.cmake
[10.985s] -- Up-to-date: /root/overlay_ws/src/install/graph_msgs/share/graph_msgs/cmake/graph_msgs__rosidl_typesupport_introspection_cExport-release.cmake
[10.986s] -- Up-to-date: /root/overlay_ws/src/install/graph_msgs/share/graph_msgs/cmake/graph_msgs__rosidl_typesupport_cExport.cmake
[10.986s] -- Up-to-date: /root/overlay_ws/src/install/graph_msgs/share/graph_msgs/cmake/graph_msgs__rosidl_typesupport_cExport-release.cmake
[10.986s] -- Up-to-date: /root/overlay_ws/src/install/graph_msgs/share/graph_msgs/cmake/export_graph_msgs__rosidl_generator_cppExport.cmake
[10.986s] -- Up-to-date: /root/overlay_ws/src/install/graph_msgs/share/graph_msgs/cmake/export_graph_msgs__rosidl_typesupport_fastrtps_cppExport.cmake
[10.987s] -- Up-to-date: /root/overlay_ws/src/install/graph_msgs/share/graph_msgs/cmake/export_graph_msgs__rosidl_typesupport_fastrtps_cppExport-release.cmake
[10.987s] -- Up-to-date: /root/overlay_ws/src/install/graph_msgs/share/graph_msgs/cmake/graph_msgs__rosidl_typesupport_introspection_cppExport.cmake
[10.987s] -- Up-to-date: /root/overlay_ws/src/install/graph_msgs/share/graph_msgs/cmake/graph_msgs__rosidl_typesupport_introspection_cppExport-release.cmake
[10.987s] -- Up-to-date: /root/overlay_ws/src/install/graph_msgs/share/graph_msgs/cmake/graph_msgs__rosidl_typesupport_cppExport.cmake
[10.988s] -- Up-to-date: /root/overlay_ws/src/install/graph_msgs/share/graph_msgs/cmake/graph_msgs__rosidl_typesupport_cppExport-release.cmake
[10.988s] -- Up-to-date: /root/overlay_ws/src/install/graph_msgs/share/graph_msgs/cmake/export_graph_msgs__rosidl_generator_pyExport.cmake
[10.988s] -- Up-to-date: /root/overlay_ws/src/install/graph_msgs/share/graph_msgs/cmake/export_graph_msgs__rosidl_generator_pyExport-release.cmake
[10.989s] -- Up-to-date: /root/overlay_ws/src/install/graph_msgs/share/graph_msgs/cmake/rosidl_cmake-extras.cmake
[10.989s] -- Up-to-date: /root/overlay_ws/src/install/graph_msgs/share/graph_msgs/cmake/ament_cmake_export_dependencies-extras.cmake
[10.989s] -- Up-to-date: /root/overlay_ws/src/install/graph_msgs/share/graph_msgs/cmake/ament_cmake_export_include_directories-extras.cmake
[10.989s] -- Up-to-date: /root/overlay_ws/src/install/graph_msgs/share/graph_msgs/cmake/ament_cmake_export_libraries-extras.cmake
[10.990s] -- Up-to-date: /root/overlay_ws/src/install/graph_msgs/share/graph_msgs/cmake/ament_cmake_export_targets-extras.cmake
[10.990s] -- Up-to-date: /root/overlay_ws/src/install/graph_msgs/share/graph_msgs/cmake/rosidl_cmake_export_typesupport_targets-extras.cmake
[10.990s] -- Up-to-date: /root/overlay_ws/src/install/graph_msgs/share/graph_msgs/cmake/rosidl_cmake_export_typesupport_libraries-extras.cmake
[10.991s] -- Up-to-date: /root/overlay_ws/src/install/graph_msgs/share/graph_msgs/cmake/graph_msgsConfig.cmake
[10.991s] -- Up-to-date: /root/overlay_ws/src/install/graph_msgs/share/graph_msgs/cmake/graph_msgsConfig-version.cmake
[10.991s] -- Up-to-date: /root/overlay_ws/src/install/graph_msgs/share/graph_msgs/package.xml
[11.007s] Invoked command in '/root/overlay_ws/src/build/graph_msgs' returned '0': CMAKE_PREFIX_PATH=${CMAKE_PREFIX_PATH}:/root/underlay_ws/install/moveit_configs_utils:/root/underlay_ws/install/launch_param_builder:/opt/ros/humble /usr/bin/cmake --install /root/overlay_ws/src/build/graph_msgs
