[0.030s] Invoking command in '/root/overlay_ws/src/hello_moveit_ur/build/hello_moveit_ur': CMAKE_PREFIX_PATH=${CMAKE_PREFIX_PATH}:/root/underlay_ws/install/moveit_configs_utils:/root/underlay_ws/install/launch_param_builder:/opt/ros/humble /usr/bin/cmake /root/overlay_ws/src/hello_moveit_ur -DCMAKE_BUILD_TYPE=Debug -DCMAKE_INSTALL_PREFIX=/root/overlay_ws/src/hello_moveit_ur/install/hello_moveit_ur
[0.153s] -- The C compiler identification is GNU 11.4.0
[0.243s] -- The CXX compiler identification is GNU 11.4.0
[0.259s] -- Detecting C compiler ABI info
[0.406s] -- Detecting C compiler ABI info - done
[0.420s] -- Check for working C compiler: /usr/bin/cc - skipped
[0.420s] -- Detecting C compile features
[0.421s] -- Detecting C compile features - done
[0.426s] -- Detecting CXX compiler ABI info
[0.571s] -- Detecting CXX compiler ABI info - done
[0.584s] -- Check for working CXX compiler: /usr/bin/c++ - skipped
[0.584s] -- Detecting CXX compile features
[0.585s] -- Detecting CXX compile features - done
[0.603s] -- Found ament_cmake: 1.3.8 (/opt/ros/humble/share/ament_cmake/cmake)
[0.869s] -- Found Python3: /usr/bin/python3 (found version "3.10.12") found components: Interpreter 
[1.160s] -- Found moveit_ros_planning_interface: 2.5.5 (/root/underlay_ws/install/moveit_ros_planning_interface/share/moveit_ros_planning_interface/cmake)
[1.546s] -- Found Boost: /usr/lib/x86_64-linux-gnu/cmake/Boost-1.74.0/BoostConfig.cmake (found version "1.74.0") found components: date_time filesystem program_options system thread 
[1.736s] -- Found rosidl_generator_c: 3.1.5 (/opt/ros/humble/share/rosidl_generator_c/cmake)
[1.763s] -- Found rosidl_adapter: 3.1.5 (/opt/ros/humble/share/rosidl_adapter/cmake)
[1.795s] -- Found rosidl_generator_cpp: 3.1.5 (/opt/ros/humble/share/rosidl_generator_cpp/cmake)
[1.842s] -- Using all available rosidl_typesupport_c: rosidl_typesupport_fastrtps_c;rosidl_typesupport_introspection_c
[1.904s] -- Using all available rosidl_typesupport_cpp: rosidl_typesupport_fastrtps_cpp;rosidl_typesupport_introspection_cpp
[3.467s] -- Found Boost: /usr/lib/x86_64-linux-gnu/cmake/Boost-1.74.0/BoostConfig.cmake (found version "1.74.0") found components: chrono date_time filesystem iostreams program_options regex serialization system thread 
[3.635s] -- Found parameter_traits: 0.3.8 (/opt/ros/humble/share/parameter_traits/cmake)
[3.837s] -- Found rmw_implementation_cmake: 6.1.1 (/opt/ros/humble/share/rmw_implementation_cmake/cmake)
[3.854s] -- Found rmw_fastrtps_cpp: 6.2.6 (/opt/ros/humble/share/rmw_fastrtps_cpp/cmake)
[4.114s] -- Found OpenSSL: /usr/lib/x86_64-linux-gnu/libcrypto.so (found version "3.0.2")  
[4.162s] -- Found FastRTPS: /opt/ros/humble/include  
[4.258s] -- Using RMW implementation 'rmw_fastrtps_cpp' as default
[4.301s] -- Found Threads: TRUE  
[4.586s] -- Found Eigen3: TRUE (found version "3.4.0") 
[4.600s] -- Found rclcpp_lifecycle: 16.0.8 (/opt/ros/humble/share/rclcpp_lifecycle/cmake)
[4.706s] -- Found Boost: /usr/lib/x86_64-linux-gnu/cmake/Boost-1.74.0/BoostConfig.cmake (found version "1.74.0") found components: filesystem 
[4.960s] -- library: /usr/lib/x86_64-linux-gnu/libcurl.so
[5.253s] -- Ensuring Eigen3 include directory is part of orocos-kdl CMake target
[6.288s] -- Found Boost: /usr/lib/x86_64-linux-gnu/cmake/Boost-1.74.0/BoostConfig.cmake (found version "1.74.0") found components: system filesystem date_time program_options thread chrono 
[7.102s] -- Found Boost: /usr/lib/x86_64-linux-gnu/cmake/Boost-1.74.0/BoostConfig.cmake (found version "1.74.0") found components: thread system filesystem regex date_time program_options 
[7.492s] -- Found Boost: /usr/lib/x86_64-linux-gnu/cmake/Boost-1.74.0/BoostConfig.cmake (found version "1.74.0") found components: system filesystem date_time program_options thread 
[8.168s] -- Found ament_lint_auto: 0.12.10 (/opt/ros/humble/share/ament_lint_auto/cmake)
[8.360s] -- Added test 'cppcheck' to perform static code analysis on C / C++ code
[8.360s] -- Configured cppcheck include dirs: $<BUILD_INTERFACE:/root/overlay_ws/src/hello_moveit_ur/include>
[8.360s] -- Configured cppcheck exclude dirs and/or files: 
[8.363s] -- Added test 'flake8' to check Python code syntax and style conventions
[8.366s] -- Added test 'lint_cmake' to check CMake code style
[8.369s] -- Added test 'pep257' to check Python code against some of the docstring style conventions in PEP 257
[8.378s] -- Added test 'uncrustify' to check C / C++ code style
[8.378s] -- Configured uncrustify additional arguments: 
[8.381s] -- Added test 'xmllint' to check XML markup files
[8.385s] -- Configuring done
[8.438s] -- Generating done
[8.441s] -- Build files have been written to: /root/overlay_ws/src/hello_moveit_ur/build/hello_moveit_ur
[8.458s] Invoked command in '/root/overlay_ws/src/hello_moveit_ur/build/hello_moveit_ur' returned '0': CMAKE_PREFIX_PATH=${CMAKE_PREFIX_PATH}:/root/underlay_ws/install/moveit_configs_utils:/root/underlay_ws/install/launch_param_builder:/opt/ros/humble /usr/bin/cmake /root/overlay_ws/src/hello_moveit_ur -DCMAKE_BUILD_TYPE=Debug -DCMAKE_INSTALL_PREFIX=/root/overlay_ws/src/hello_moveit_ur/install/hello_moveit_ur
[8.461s] Invoking command in '/root/overlay_ws/src/hello_moveit_ur/build/hello_moveit_ur': CMAKE_PREFIX_PATH=${CMAKE_PREFIX_PATH}:/root/underlay_ws/install/moveit_configs_utils:/root/underlay_ws/install/launch_param_builder:/opt/ros/humble /usr/bin/cmake --build /root/overlay_ws/src/hello_moveit_ur/build/hello_moveit_ur -- -j8 -l8
[8.580s] [ 50%] [32mBuilding CXX object CMakeFiles/hello_moveit_ur.dir/src/hello_moveit_ur.cpp.o[0m
[21.414s] [100%] [32m[1mLinking CXX executable hello_moveit_ur[0m
[21.960s] [100%] Built target hello_moveit_ur
[21.985s] Invoked command in '/root/overlay_ws/src/hello_moveit_ur/build/hello_moveit_ur' returned '0': CMAKE_PREFIX_PATH=${CMAKE_PREFIX_PATH}:/root/underlay_ws/install/moveit_configs_utils:/root/underlay_ws/install/launch_param_builder:/opt/ros/humble /usr/bin/cmake --build /root/overlay_ws/src/hello_moveit_ur/build/hello_moveit_ur -- -j8 -l8
[22.072s] Invoking command in '/root/overlay_ws/src/hello_moveit_ur/build/hello_moveit_ur': CMAKE_PREFIX_PATH=${CMAKE_PREFIX_PATH}:/root/underlay_ws/install/moveit_configs_utils:/root/underlay_ws/install/launch_param_builder:/opt/ros/humble /usr/bin/cmake --install /root/overlay_ws/src/hello_moveit_ur/build/hello_moveit_ur
[22.090s] -- Install configuration: "Debug"
[22.091s] -- Installing: /root/overlay_ws/src/hello_moveit_ur/install/hello_moveit_ur/lib/hello_moveit_ur/hello_moveit_ur
[22.105s] -- Set runtime path of "/root/overlay_ws/src/hello_moveit_ur/install/hello_moveit_ur/lib/hello_moveit_ur/hello_moveit_ur" to ""
[22.105s] -- Installing: /root/overlay_ws/src/hello_moveit_ur/install/hello_moveit_ur/share/hello_moveit_ur//launch
[22.105s] -- Installing: /root/overlay_ws/src/hello_moveit_ur/install/hello_moveit_ur/share/hello_moveit_ur//launch/hello_moveit_ur.launch.py
[22.105s] -- Installing: /root/overlay_ws/src/hello_moveit_ur/install/hello_moveit_ur/share/ament_index/resource_index/package_run_dependencies/hello_moveit_ur
[22.105s] -- Installing: /root/overlay_ws/src/hello_moveit_ur/install/hello_moveit_ur/share/ament_index/resource_index/parent_prefix_path/hello_moveit_ur
[22.106s] -- Installing: /root/overlay_ws/src/hello_moveit_ur/install/hello_moveit_ur/share/hello_moveit_ur/environment/ament_prefix_path.sh
[22.106s] -- Installing: /root/overlay_ws/src/hello_moveit_ur/install/hello_moveit_ur/share/hello_moveit_ur/environment/ament_prefix_path.dsv
[22.106s] -- Installing: /root/overlay_ws/src/hello_moveit_ur/install/hello_moveit_ur/share/hello_moveit_ur/environment/path.sh
[22.106s] -- Installing: /root/overlay_ws/src/hello_moveit_ur/install/hello_moveit_ur/share/hello_moveit_ur/environment/path.dsv
[22.107s] -- Installing: /root/overlay_ws/src/hello_moveit_ur/install/hello_moveit_ur/share/hello_moveit_ur/local_setup.bash
[22.107s] -- Installing: /root/overlay_ws/src/hello_moveit_ur/install/hello_moveit_ur/share/hello_moveit_ur/local_setup.sh
[22.107s] -- Installing: /root/overlay_ws/src/hello_moveit_ur/install/hello_moveit_ur/share/hello_moveit_ur/local_setup.zsh
[22.107s] -- Installing: /root/overlay_ws/src/hello_moveit_ur/install/hello_moveit_ur/share/hello_moveit_ur/local_setup.dsv
[22.108s] -- Installing: /root/overlay_ws/src/hello_moveit_ur/install/hello_moveit_ur/share/hello_moveit_ur/package.dsv
[22.108s] -- Installing: /root/overlay_ws/src/hello_moveit_ur/install/hello_moveit_ur/share/ament_index/resource_index/packages/hello_moveit_ur
[22.108s] -- Installing: /root/overlay_ws/src/hello_moveit_ur/install/hello_moveit_ur/share/hello_moveit_ur/cmake/hello_moveit_urConfig.cmake
[22.108s] -- Installing: /root/overlay_ws/src/hello_moveit_ur/install/hello_moveit_ur/share/hello_moveit_ur/cmake/hello_moveit_urConfig-version.cmake
[22.108s] -- Installing: /root/overlay_ws/src/hello_moveit_ur/install/hello_moveit_ur/share/hello_moveit_ur/package.xml
[22.112s] Invoked command in '/root/overlay_ws/src/hello_moveit_ur/build/hello_moveit_ur' returned '0': CMAKE_PREFIX_PATH=${CMAKE_PREFIX_PATH}:/root/underlay_ws/install/moveit_configs_utils:/root/underlay_ws/install/launch_param_builder:/opt/ros/humble /usr/bin/cmake --install /root/overlay_ws/src/hello_moveit_ur/build/hello_moveit_ur
