[0.037s] Invoking command in '/root/overlay_ws/src/build/hello_moveit_ur': CMAKE_PREFIX_PATH=${CMAKE_PREFIX_PATH}:/root/underlay_ws/install/moveit_configs_utils:/root/underlay_ws/install/launch_param_builder:/opt/ros/humble /usr/bin/cmake --build /root/overlay_ws/src/build/hello_moveit_ur -- -j8 -l8
[0.163s] [35m[1mConsolidate compiler generated dependencies of target hello_moveit_ur[0m
[0.275s] [100%] Built target hello_moveit_ur
[0.305s] Invoked command in '/root/overlay_ws/src/build/hello_moveit_ur' returned '0': CMAKE_PREFIX_PATH=${CMAKE_PREFIX_PATH}:/root/underlay_ws/install/moveit_configs_utils:/root/underlay_ws/install/launch_param_builder:/opt/ros/humble /usr/bin/cmake --build /root/overlay_ws/src/build/hello_moveit_ur -- -j8 -l8
[0.417s] Invoking command in '/root/overlay_ws/src/build/hello_moveit_ur': CMAKE_PREFIX_PATH=${CMAKE_PREFIX_PATH}:/root/underlay_ws/install/moveit_configs_utils:/root/underlay_ws/install/launch_param_builder:/opt/ros/humble /usr/bin/cmake --install /root/overlay_ws/src/build/hello_moveit_ur
[0.433s] -- Install configuration: "Release"
[0.433s] -- Up-to-date: /root/overlay_ws/src/install/hello_moveit_ur/lib/hello_moveit_ur/hello_moveit_ur
[0.433s] -- Up-to-date: /root/overlay_ws/src/install/hello_moveit_ur/share/hello_moveit_ur//launch
[0.434s] -- Up-to-date: /root/overlay_ws/src/install/hello_moveit_ur/share/hello_moveit_ur//launch/hello_moveit_ur_launch.py
[0.434s] -- Up-to-date: /root/overlay_ws/src/install/hello_moveit_ur/share/ament_index/resource_index/package_run_dependencies/hello_moveit_ur
[0.434s] -- Up-to-date: /root/overlay_ws/src/install/hello_moveit_ur/share/ament_index/resource_index/parent_prefix_path/hello_moveit_ur
[0.434s] -- Up-to-date: /root/overlay_ws/src/install/hello_moveit_ur/share/hello_moveit_ur/environment/ament_prefix_path.sh
[0.435s] -- Up-to-date: /root/overlay_ws/src/install/hello_moveit_ur/share/hello_moveit_ur/environment/ament_prefix_path.dsv
[0.435s] -- Up-to-date: /root/overlay_ws/src/install/hello_moveit_ur/share/hello_moveit_ur/environment/path.sh
[0.435s] -- Up-to-date: /root/overlay_ws/src/install/hello_moveit_ur/share/hello_moveit_ur/environment/path.dsv
[0.435s] -- Up-to-date: /root/overlay_ws/src/install/hello_moveit_ur/share/hello_moveit_ur/local_setup.bash
[0.435s] -- Up-to-date: /root/overlay_ws/src/install/hello_moveit_ur/share/hello_moveit_ur/local_setup.sh
[0.435s] -- Up-to-date: /root/overlay_ws/src/install/hello_moveit_ur/share/hello_moveit_ur/local_setup.zsh
[0.436s] -- Up-to-date: /root/overlay_ws/src/install/hello_moveit_ur/share/hello_moveit_ur/local_setup.dsv
[0.436s] -- Installing: /root/overlay_ws/src/install/hello_moveit_ur/share/hello_moveit_ur/package.dsv
[0.436s] -- Up-to-date: /root/overlay_ws/src/install/hello_moveit_ur/share/ament_index/resource_index/packages/hello_moveit_ur
[0.436s] -- Up-to-date: /root/overlay_ws/src/install/hello_moveit_ur/share/hello_moveit_ur/cmake/hello_moveit_urConfig.cmake
[0.436s] -- Up-to-date: /root/overlay_ws/src/install/hello_moveit_ur/share/hello_moveit_ur/cmake/hello_moveit_urConfig-version.cmake
[0.437s] -- Up-to-date: /root/overlay_ws/src/install/hello_moveit_ur/share/hello_moveit_ur/package.xml
[0.438s] Invoked command in '/root/overlay_ws/src/build/hello_moveit_ur' returned '0': CMAKE_PREFIX_PATH=${CMAKE_PREFIX_PATH}:/root/underlay_ws/install/moveit_configs_utils:/root/underlay_ws/install/launch_param_builder:/opt/ros/humble /usr/bin/cmake --install /root/overlay_ws/src/build/hello_moveit_ur
