running egg_info
writing ../build/par_pkg/par_pkg.egg-info/PKG-INFO
writing dependency_links to ../build/par_pkg/par_pkg.egg-info/dependency_links.txt
writing entry points to ../build/par_pkg/par_pkg.egg-info/entry_points.txt
writing requirements to ../build/par_pkg/par_pkg.egg-info/requires.txt
writing top-level names to ../build/par_pkg/par_pkg.egg-info/top_level.txt
reading manifest file '../build/par_pkg/par_pkg.egg-info/SOURCES.txt'
writing manifest file '../build/par_pkg/par_pkg.egg-info/SOURCES.txt'
running build
running build_py
copying par_pkg/gripper_control_node.py -> /home/vxlab/on_UR5e/build/par_pkg/build/lib/par_pkg
running install
running install_lib
copying /home/vxlab/on_UR5e/build/par_pkg/build/lib/par_pkg/gripper_control_node.py -> /home/vxlab/on_UR5e/install/par_pkg/lib/python3.10/site-packages/par_pkg
byte-compiling /home/vxlab/on_UR5e/install/par_pkg/lib/python3.10/site-packages/par_pkg/gripper_control_node.py to gripper_control_node.cpython-310.pyc
running install_data
running install_egg_info
removing '/home/vxlab/on_UR5e/install/par_pkg/lib/python3.10/site-packages/par_pkg-0.0.0-py3.10.egg-info' (and everything under it)
Copying ../build/par_pkg/par_pkg.egg-info to /home/vxlab/on_UR5e/install/par_pkg/lib/python3.10/site-packages/par_pkg-0.0.0-py3.10.egg-info
running install_scripts
Installing gripper_control_node script to /home/vxlab/on_UR5e/install/par_pkg/lib/par_pkg
writing list of installed files to '/home/vxlab/on_UR5e/build/par_pkg/install.log'
