[0.063s] Invoking command in '/root/overlay_ws/src/build/graph_msgs': CMAKE_PREFIX_PATH=${CMAKE_PREFIX_PATH}:/root/underlay_ws/install/moveit_configs_utils:/root/underlay_ws/install/launch_param_builder:/opt/ros/humble /usr/bin/cmake --build /root/overlay_ws/src/build/graph_msgs -- -j8 -l8
[0.246s] [  2%] Built target graph_msgs__cpp
[0.261s] [  2%] Built target ament_cmake_python_copy_graph_msgs
[0.263s] [ 12%] Built target graph_msgs__rosidl_generator_c
[0.343s] [ 23%] Built target graph_msgs__rosidl_typesupport_cpp
[0.409s] [ 43%] Built target graph_msgs__rosidl_typesupport_introspection_cpp
[0.411s] [ 41%] Built target graph_msgs__rosidl_typesupport_fastrtps_cpp
[0.472s] [ 53%] Built target graph_msgs__rosidl_typesupport_fastrtps_c
[0.507s] [ 64%] Built target graph_msgs__rosidl_typesupport_introspection_c
[0.518s] [ 74%] Built target graph_msgs__rosidl_typesupport_c
[0.584s] [ 74%] Built target graph_msgs
[0.658s] [ 76%] Built target graph_msgs__py
[0.751s] [ 84%] Built target graph_msgs__rosidl_generator_py
[0.843s] [ 89%] Built target graph_msgs__rosidl_typesupport_fastrtps_c__pyext
[0.856s] [ 94%] Built target graph_msgs__rosidl_typesupport_c__pyext
[0.860s] [100%] Built target graph_msgs__rosidl_typesupport_introspection_c__pyext
[1.038s] running egg_info
[1.039s] writing graph_msgs.egg-info/PKG-INFO
[1.040s] writing dependency_links to graph_msgs.egg-info/dependency_links.txt
[1.040s] writing top-level names to graph_msgs.egg-info/top_level.txt
[1.044s] reading manifest file 'graph_msgs.egg-info/SOURCES.txt'
[1.045s] writing manifest file 'graph_msgs.egg-info/SOURCES.txt'
[1.108s] [100%] Built target ament_cmake_python_build_graph_msgs_egg
[1.133s] Invoked command in '/root/overlay_ws/src/build/graph_msgs' returned '0': CMAKE_PREFIX_PATH=${CMAKE_PREFIX_PATH}:/root/underlay_ws/install/moveit_configs_utils:/root/underlay_ws/install/launch_param_builder:/opt/ros/humble /usr/bin/cmake --build /root/overlay_ws/src/build/graph_msgs -- -j8 -l8
[1.469s] Invoking command in '/root/overlay_ws/src/build/graph_msgs': CMAKE_PREFIX_PATH=${CMAKE_PREFIX_PATH}:/root/underlay_ws/install/moveit_configs_utils:/root/underlay_ws/install/launch_param_builder:/opt/ros/humble /usr/bin/cmake --install /root/overlay_ws/src/build/graph_msgs
[1.496s] -- Install configuration: "Release"
[1.496s] -- Up-to-date: /root/overlay_ws/src/install/graph_msgs/share/ament_index/resource_index/rosidl_interfaces/graph_msgs
[1.496s] -- Up-to-date: /root/overlay_ws/src/install/graph_msgs/include/graph_msgs/graph_msgs
[1.497s] -- Up-to-date: /root/overlay_ws/src/install/graph_msgs/include/graph_msgs/graph_msgs/msg
[1.497s] -- Up-to-date: /root/overlay_ws/src/install/graph_msgs/include/graph_msgs/graph_msgs/msg/geometry_graph.h
[1.497s] -- Up-to-date: /root/overlay_ws/src/install/graph_msgs/include/graph_msgs/graph_msgs/msg/detail
[1.497s] -- Up-to-date: /root/overlay_ws/src/install/graph_msgs/include/graph_msgs/graph_msgs/msg/detail/edges__struct.h
[1.497s] -- Up-to-date: /root/overlay_ws/src/install/graph_msgs/include/graph_msgs/graph_msgs/msg/detail/edges__type_support.h
[1.498s] -- Up-to-date: /root/overlay_ws/src/install/graph_msgs/include/graph_msgs/graph_msgs/msg/detail/geometry_graph__functions.c
[1.498s] -- Up-to-date: /root/overlay_ws/src/install/graph_msgs/include/graph_msgs/graph_msgs/msg/detail/edges__functions.h
[1.498s] -- Up-to-date: /root/overlay_ws/src/install/graph_msgs/include/graph_msgs/graph_msgs/msg/detail/geometry_graph__type_support.h
[1.499s] -- Up-to-date: /root/overlay_ws/src/install/graph_msgs/include/graph_msgs/graph_msgs/msg/detail/geometry_graph__struct.h
[1.499s] -- Up-to-date: /root/overlay_ws/src/install/graph_msgs/include/graph_msgs/graph_msgs/msg/detail/edges__functions.c
[1.500s] -- Up-to-date: /root/overlay_ws/src/install/graph_msgs/include/graph_msgs/graph_msgs/msg/detail/geometry_graph__functions.h
[1.500s] -- Up-to-date: /root/overlay_ws/src/install/graph_msgs/include/graph_msgs/graph_msgs/msg/edges.h
[1.500s] -- Up-to-date: /root/overlay_ws/src/install/graph_msgs/include/graph_msgs/graph_msgs/msg/rosidl_generator_c__visibility_control.h
[1.500s] -- Up-to-date: /root/overlay_ws/src/install/graph_msgs/share/graph_msgs/environment/library_path.sh
[1.501s] -- Up-to-date: /root/overlay_ws/src/install/graph_msgs/share/graph_msgs/environment/library_path.dsv
[1.503s] -- Up-to-date: /root/overlay_ws/src/install/graph_msgs/lib/libgraph_msgs__rosidl_generator_c.so
[1.503s] -- Up-to-date: /root/overlay_ws/src/install/graph_msgs/include/graph_msgs/graph_msgs
[1.503s] -- Up-to-date: /root/overlay_ws/src/install/graph_msgs/include/graph_msgs/graph_msgs/msg
[1.504s] -- Up-to-date: /root/overlay_ws/src/install/graph_msgs/include/graph_msgs/graph_msgs/msg/rosidl_typesupport_fastrtps_c__visibility_control.h
[1.504s] -- Up-to-date: /root/overlay_ws/src/install/graph_msgs/include/graph_msgs/graph_msgs/msg/detail
[1.504s] -- Up-to-date: /root/overlay_ws/src/install/graph_msgs/include/graph_msgs/graph_msgs/msg/detail/geometry_graph__rosidl_typesupport_fastrtps_c.h
[1.505s] -- Up-to-date: /root/overlay_ws/src/install/graph_msgs/include/graph_msgs/graph_msgs/msg/detail/edges__rosidl_typesupport_fastrtps_c.h
[1.505s] -- Up-to-date: /root/overlay_ws/src/install/graph_msgs/lib/libgraph_msgs__rosidl_typesupport_fastrtps_c.so
[1.505s] -- Up-to-date: /root/overlay_ws/src/install/graph_msgs/include/graph_msgs/graph_msgs
[1.506s] -- Up-to-date: /root/overlay_ws/src/install/graph_msgs/include/graph_msgs/graph_msgs/msg
[1.507s] -- Up-to-date: /root/overlay_ws/src/install/graph_msgs/include/graph_msgs/graph_msgs/msg/rosidl_typesupport_introspection_c__visibility_control.h
[1.507s] -- Up-to-date: /root/overlay_ws/src/install/graph_msgs/include/graph_msgs/graph_msgs/msg/detail
[1.507s] -- Up-to-date: /root/overlay_ws/src/install/graph_msgs/include/graph_msgs/graph_msgs/msg/detail/geometry_graph__rosidl_typesupport_introspection_c.h
[1.508s] -- Up-to-date: /root/overlay_ws/src/install/graph_msgs/include/graph_msgs/graph_msgs/msg/detail/geometry_graph__type_support.c
[1.508s] -- Up-to-date: /root/overlay_ws/src/install/graph_msgs/include/graph_msgs/graph_msgs/msg/detail/edges__rosidl_typesupport_introspection_c.h
[1.508s] -- Up-to-date: /root/overlay_ws/src/install/graph_msgs/include/graph_msgs/graph_msgs/msg/detail/edges__type_support.c
[1.508s] -- Up-to-date: /root/overlay_ws/src/install/graph_msgs/lib/libgraph_msgs__rosidl_typesupport_introspection_c.so
[1.508s] -- Up-to-date: /root/overlay_ws/src/install/graph_msgs/lib/libgraph_msgs__rosidl_typesupport_c.so
[1.508s] -- Up-to-date: /root/overlay_ws/src/install/graph_msgs/include/graph_msgs/graph_msgs
[1.509s] -- Up-to-date: /root/overlay_ws/src/install/graph_msgs/include/graph_msgs/graph_msgs/msg
[1.509s] -- Up-to-date: /root/overlay_ws/src/install/graph_msgs/include/graph_msgs/graph_msgs/msg/detail
[1.509s] -- Up-to-date: /root/overlay_ws/src/install/graph_msgs/include/graph_msgs/graph_msgs/msg/detail/edges__builder.hpp
[1.509s] -- Up-to-date: /root/overlay_ws/src/install/graph_msgs/include/graph_msgs/graph_msgs/msg/detail/edges__traits.hpp
[1.509s] -- Up-to-date: /root/overlay_ws/src/install/graph_msgs/include/graph_msgs/graph_msgs/msg/detail/geometry_graph__builder.hpp
[1.509s] -- Up-to-date: /root/overlay_ws/src/install/graph_msgs/include/graph_msgs/graph_msgs/msg/detail/geometry_graph__traits.hpp
[1.509s] -- Up-to-date: /root/overlay_ws/src/install/graph_msgs/include/graph_msgs/graph_msgs/msg/detail/geometry_graph__struct.hpp
[1.510s] -- Up-to-date: /root/overlay_ws/src/install/graph_msgs/include/graph_msgs/graph_msgs/msg/detail/edges__struct.hpp
[1.510s] -- Up-to-date: /root/overlay_ws/src/install/graph_msgs/include/graph_msgs/graph_msgs/msg/geometry_graph.hpp
[1.510s] -- Up-to-date: /root/overlay_ws/src/install/graph_msgs/include/graph_msgs/graph_msgs/msg/edges.hpp
[1.510s] -- Up-to-date: /root/overlay_ws/src/install/graph_msgs/include/graph_msgs/graph_msgs
[1.510s] -- Up-to-date: /root/overlay_ws/src/install/graph_msgs/include/graph_msgs/graph_msgs/msg
[1.510s] -- Up-to-date: /root/overlay_ws/src/install/graph_msgs/include/graph_msgs/graph_msgs/msg/rosidl_typesupport_fastrtps_cpp__visibility_control.h
[1.511s] -- Up-to-date: /root/overlay_ws/src/install/graph_msgs/include/graph_msgs/graph_msgs/msg/detail
[1.511s] -- Up-to-date: /root/overlay_ws/src/install/graph_msgs/include/graph_msgs/graph_msgs/msg/detail/dds_fastrtps
[1.511s] -- Up-to-date: /root/overlay_ws/src/install/graph_msgs/include/graph_msgs/graph_msgs/msg/detail/edges__rosidl_typesupport_fastrtps_cpp.hpp
[1.511s] -- Up-to-date: /root/overlay_ws/src/install/graph_msgs/include/graph_msgs/graph_msgs/msg/detail/geometry_graph__rosidl_typesupport_fastrtps_cpp.hpp
[1.511s] -- Up-to-date: /root/overlay_ws/src/install/graph_msgs/lib/libgraph_msgs__rosidl_typesupport_fastrtps_cpp.so
[1.511s] -- Up-to-date: /root/overlay_ws/src/install/graph_msgs/include/graph_msgs/graph_msgs
[1.511s] -- Up-to-date: /root/overlay_ws/src/install/graph_msgs/include/graph_msgs/graph_msgs/msg
[1.511s] -- Up-to-date: /root/overlay_ws/src/install/graph_msgs/include/graph_msgs/graph_msgs/msg/detail
[1.511s] -- Up-to-date: /root/overlay_ws/src/install/graph_msgs/include/graph_msgs/graph_msgs/msg/detail/edges__type_support.cpp
[1.512s] -- Up-to-date: /root/overlay_ws/src/install/graph_msgs/include/graph_msgs/graph_msgs/msg/detail/geometry_graph__type_support.cpp
[1.512s] -- Up-to-date: /root/overlay_ws/src/install/graph_msgs/include/graph_msgs/graph_msgs/msg/detail/geometry_graph__rosidl_typesupport_introspection_cpp.hpp
[1.512s] -- Up-to-date: /root/overlay_ws/src/install/graph_msgs/include/graph_msgs/graph_msgs/msg/detail/edges__rosidl_typesupport_introspection_cpp.hpp
[1.512s] -- Up-to-date: /root/overlay_ws/src/install/graph_msgs/lib/libgraph_msgs__rosidl_typesupport_introspection_cpp.so
[1.512s] -- Up-to-date: /root/overlay_ws/src/install/graph_msgs/lib/libgraph_msgs__rosidl_typesupport_cpp.so
[1.512s] -- Up-to-date: /root/overlay_ws/src/install/graph_msgs/share/graph_msgs/environment/pythonpath.sh
[1.513s] -- Up-to-date: /root/overlay_ws/src/install/graph_msgs/share/graph_msgs/environment/pythonpath.dsv
[1.513s] -- Up-to-date: /root/overlay_ws/src/install/graph_msgs/local/lib/python3.10/dist-packages/graph_msgs-0.2.0-py3.10.egg-info
[1.513s] -- Installing: /root/overlay_ws/src/install/graph_msgs/local/lib/python3.10/dist-packages/graph_msgs-0.2.0-py3.10.egg-info/SOURCES.txt
[1.514s] -- Installing: /root/overlay_ws/src/install/graph_msgs/local/lib/python3.10/dist-packages/graph_msgs-0.2.0-py3.10.egg-info/dependency_links.txt
[1.514s] -- Installing: /root/overlay_ws/src/install/graph_msgs/local/lib/python3.10/dist-packages/graph_msgs-0.2.0-py3.10.egg-info/top_level.txt
[1.514s] -- Installing: /root/overlay_ws/src/install/graph_msgs/local/lib/python3.10/dist-packages/graph_msgs-0.2.0-py3.10.egg-info/PKG-INFO
[1.514s] -- Up-to-date: /root/overlay_ws/src/install/graph_msgs/local/lib/python3.10/dist-packages/graph_msgs
[1.514s] -- Up-to-date: /root/overlay_ws/src/install/graph_msgs/local/lib/python3.10/dist-packages/graph_msgs/_graph_msgs_s.ep.rosidl_typesupport_c.c
[1.515s] -- Up-to-date: /root/overlay_ws/src/install/graph_msgs/local/lib/python3.10/dist-packages/graph_msgs/msg
[1.515s] -- Up-to-date: /root/overlay_ws/src/install/graph_msgs/local/lib/python3.10/dist-packages/graph_msgs/msg/_geometry_graph_s.c
[1.515s] -- Up-to-date: /root/overlay_ws/src/install/graph_msgs/local/lib/python3.10/dist-packages/graph_msgs/msg/_geometry_graph.py
[1.515s] -- Up-to-date: /root/overlay_ws/src/install/graph_msgs/local/lib/python3.10/dist-packages/graph_msgs/msg/_edges_s.c
[1.515s] -- Up-to-date: /root/overlay_ws/src/install/graph_msgs/local/lib/python3.10/dist-packages/graph_msgs/msg/__init__.py
[1.516s] -- Up-to-date: /root/overlay_ws/src/install/graph_msgs/local/lib/python3.10/dist-packages/graph_msgs/msg/_edges.py
[1.516s] -- Up-to-date: /root/overlay_ws/src/install/graph_msgs/local/lib/python3.10/dist-packages/graph_msgs/_graph_msgs_s.ep.rosidl_typesupport_introspection_c.c
[1.516s] -- Up-to-date: /root/overlay_ws/src/install/graph_msgs/local/lib/python3.10/dist-packages/graph_msgs/graph_msgs_s__rosidl_typesupport_c.cpython-310-x86_64-linux-gnu.so
[1.516s] -- Up-to-date: /root/overlay_ws/src/install/graph_msgs/local/lib/python3.10/dist-packages/graph_msgs/graph_msgs_s__rosidl_typesupport_introspection_c.cpython-310-x86_64-linux-gnu.so
[1.516s] -- Up-to-date: /root/overlay_ws/src/install/graph_msgs/local/lib/python3.10/dist-packages/graph_msgs/_graph_msgs_s.ep.rosidl_typesupport_fastrtps_c.c
[1.516s] -- Up-to-date: /root/overlay_ws/src/install/graph_msgs/local/lib/python3.10/dist-packages/graph_msgs/__init__.py
[1.517s] -- Up-to-date: /root/overlay_ws/src/install/graph_msgs/local/lib/python3.10/dist-packages/graph_msgs/libgraph_msgs__rosidl_generator_py.so
[1.517s] -- Up-to-date: /root/overlay_ws/src/install/graph_msgs/local/lib/python3.10/dist-packages/graph_msgs/graph_msgs_s__rosidl_typesupport_fastrtps_c.cpython-310-x86_64-linux-gnu.so
[1.579s] Listing '/root/overlay_ws/src/install/graph_msgs/local/lib/python3.10/dist-packages/graph_msgs'...
[1.580s] Listing '/root/overlay_ws/src/install/graph_msgs/local/lib/python3.10/dist-packages/graph_msgs/msg'...
[1.585s] -- Up-to-date: /root/overlay_ws/src/install/graph_msgs/local/lib/python3.10/dist-packages/graph_msgs/graph_msgs_s__rosidl_typesupport_fastrtps_c.cpython-310-x86_64-linux-gnu.so
[1.585s] -- Up-to-date: /root/overlay_ws/src/install/graph_msgs/local/lib/python3.10/dist-packages/graph_msgs/graph_msgs_s__rosidl_typesupport_introspection_c.cpython-310-x86_64-linux-gnu.so
[1.589s] -- Up-to-date: /root/overlay_ws/src/install/graph_msgs/local/lib/python3.10/dist-packages/graph_msgs/graph_msgs_s__rosidl_typesupport_c.cpython-310-x86_64-linux-gnu.so
[1.589s] -- Up-to-date: /root/overlay_ws/src/install/graph_msgs/lib/libgraph_msgs__rosidl_generator_py.so
[1.590s] -- Up-to-date: /root/overlay_ws/src/install/graph_msgs/share/graph_msgs/msg/Edges.idl
[1.590s] -- Up-to-date: /root/overlay_ws/src/install/graph_msgs/share/graph_msgs/msg/GeometryGraph.idl
[1.591s] -- Up-to-date: /root/overlay_ws/src/install/graph_msgs/share/graph_msgs/msg/Edges.msg
[1.591s] -- Up-to-date: /root/overlay_ws/src/install/graph_msgs/share/graph_msgs/msg/GeometryGraph.msg
[1.591s] -- Up-to-date: /root/overlay_ws/src/install/graph_msgs/share/ament_index/resource_index/package_run_dependencies/graph_msgs
[1.591s] -- Up-to-date: /root/overlay_ws/src/install/graph_msgs/share/ament_index/resource_index/parent_prefix_path/graph_msgs
[1.592s] -- Up-to-date: /root/overlay_ws/src/install/graph_msgs/share/graph_msgs/environment/ament_prefix_path.sh
[1.593s] -- Up-to-date: /root/overlay_ws/src/install/graph_msgs/share/graph_msgs/environment/ament_prefix_path.dsv
[1.593s] -- Up-to-date: /root/overlay_ws/src/install/graph_msgs/share/graph_msgs/environment/path.sh
[1.594s] -- Up-to-date: /root/overlay_ws/src/install/graph_msgs/share/graph_msgs/environment/path.dsv
[1.594s] -- Up-to-date: /root/overlay_ws/src/install/graph_msgs/share/graph_msgs/local_setup.bash
[1.594s] -- Up-to-date: /root/overlay_ws/src/install/graph_msgs/share/graph_msgs/local_setup.sh
[1.594s] -- Up-to-date: /root/overlay_ws/src/install/graph_msgs/share/graph_msgs/local_setup.zsh
[1.595s] -- Up-to-date: /root/overlay_ws/src/install/graph_msgs/share/graph_msgs/local_setup.dsv
[1.595s] -- Installing: /root/overlay_ws/src/install/graph_msgs/share/graph_msgs/package.dsv
[1.595s] -- Up-to-date: /root/overlay_ws/src/install/graph_msgs/share/ament_index/resource_index/packages/graph_msgs
[1.595s] -- Up-to-date: /root/overlay_ws/src/install/graph_msgs/share/graph_msgs/cmake/export_graph_msgs__rosidl_generator_cExport.cmake
[1.595s] -- Up-to-date: /root/overlay_ws/src/install/graph_msgs/share/graph_msgs/cmake/export_graph_msgs__rosidl_generator_cExport-release.cmake
[1.596s] -- Up-to-date: /root/overlay_ws/src/install/graph_msgs/share/graph_msgs/cmake/export_graph_msgs__rosidl_typesupport_fastrtps_cExport.cmake
[1.596s] -- Up-to-date: /root/overlay_ws/src/install/graph_msgs/share/graph_msgs/cmake/export_graph_msgs__rosidl_typesupport_fastrtps_cExport-release.cmake
[1.596s] -- Up-to-date: /root/overlay_ws/src/install/graph_msgs/share/graph_msgs/cmake/graph_msgs__rosidl_typesupport_introspection_cExport.cmake
[1.596s] -- Up-to-date: /root/overlay_ws/src/install/graph_msgs/share/graph_msgs/cmake/graph_msgs__rosidl_typesupport_introspection_cExport-release.cmake
[1.596s] -- Up-to-date: /root/overlay_ws/src/install/graph_msgs/share/graph_msgs/cmake/graph_msgs__rosidl_typesupport_cExport.cmake
[1.596s] -- Up-to-date: /root/overlay_ws/src/install/graph_msgs/share/graph_msgs/cmake/graph_msgs__rosidl_typesupport_cExport-release.cmake
[1.597s] -- Up-to-date: /root/overlay_ws/src/install/graph_msgs/share/graph_msgs/cmake/export_graph_msgs__rosidl_generator_cppExport.cmake
[1.597s] -- Up-to-date: /root/overlay_ws/src/install/graph_msgs/share/graph_msgs/cmake/export_graph_msgs__rosidl_typesupport_fastrtps_cppExport.cmake
[1.597s] -- Up-to-date: /root/overlay_ws/src/install/graph_msgs/share/graph_msgs/cmake/export_graph_msgs__rosidl_typesupport_fastrtps_cppExport-release.cmake
[1.597s] -- Up-to-date: /root/overlay_ws/src/install/graph_msgs/share/graph_msgs/cmake/graph_msgs__rosidl_typesupport_introspection_cppExport.cmake
[1.597s] -- Up-to-date: /root/overlay_ws/src/install/graph_msgs/share/graph_msgs/cmake/graph_msgs__rosidl_typesupport_introspection_cppExport-release.cmake
[1.597s] -- Up-to-date: /root/overlay_ws/src/install/graph_msgs/share/graph_msgs/cmake/graph_msgs__rosidl_typesupport_cppExport.cmake
[1.598s] -- Up-to-date: /root/overlay_ws/src/install/graph_msgs/share/graph_msgs/cmake/graph_msgs__rosidl_typesupport_cppExport-release.cmake
[1.600s] -- Up-to-date: /root/overlay_ws/src/install/graph_msgs/share/graph_msgs/cmake/export_graph_msgs__rosidl_generator_pyExport.cmake
[1.601s] -- Up-to-date: /root/overlay_ws/src/install/graph_msgs/share/graph_msgs/cmake/export_graph_msgs__rosidl_generator_pyExport-release.cmake
[1.601s] -- Up-to-date: /root/overlay_ws/src/install/graph_msgs/share/graph_msgs/cmake/rosidl_cmake-extras.cmake
[1.601s] -- Up-to-date: /root/overlay_ws/src/install/graph_msgs/share/graph_msgs/cmake/ament_cmake_export_dependencies-extras.cmake
[1.602s] -- Up-to-date: /root/overlay_ws/src/install/graph_msgs/share/graph_msgs/cmake/ament_cmake_export_include_directories-extras.cmake
[1.602s] -- Up-to-date: /root/overlay_ws/src/install/graph_msgs/share/graph_msgs/cmake/ament_cmake_export_libraries-extras.cmake
[1.602s] -- Up-to-date: /root/overlay_ws/src/install/graph_msgs/share/graph_msgs/cmake/ament_cmake_export_targets-extras.cmake
[1.603s] -- Up-to-date: /root/overlay_ws/src/install/graph_msgs/share/graph_msgs/cmake/rosidl_cmake_export_typesupport_targets-extras.cmake
[1.603s] -- Up-to-date: /root/overlay_ws/src/install/graph_msgs/share/graph_msgs/cmake/rosidl_cmake_export_typesupport_libraries-extras.cmake
[1.604s] -- Up-to-date: /root/overlay_ws/src/install/graph_msgs/share/graph_msgs/cmake/graph_msgsConfig.cmake
[1.604s] -- Up-to-date: /root/overlay_ws/src/install/graph_msgs/share/graph_msgs/cmake/graph_msgsConfig-version.cmake
[1.604s] -- Up-to-date: /root/overlay_ws/src/install/graph_msgs/share/graph_msgs/package.xml
[1.605s] Invoked command in '/root/overlay_ws/src/build/graph_msgs' returned '0': CMAKE_PREFIX_PATH=${CMAKE_PREFIX_PATH}:/root/underlay_ws/install/moveit_configs_utils:/root/underlay_ws/install/launch_param_builder:/opt/ros/humble /usr/bin/cmake --install /root/overlay_ws/src/build/graph_msgs
