-- Found ament_cmake: 1.3.7 (/opt/ros/humble/share/ament_cmake/cmake)
-- Found rosidl_default_generators: 1.2.0 (/opt/ros/humble/share/rosidl_default_generators/cmake)
-- Using all available rosidl_typesupport_c: rosidl_typesupport_fastrtps_c;rosidl_typesupport_introspection_c
-- Found rosidl_adapter: 3.1.5 (/opt/ros/humble/share/rosidl_adapter/cmake)
-- Using all available rosidl_typesupport_cpp: rosidl_typesupport_fastrtps_cpp;rosidl_typesupport_introspection_cpp
-- Found ament_cmake_ros: 0.10.0 (/opt/ros/humble/share/ament_cmake_ros/cmake)
-- Using all available rosidl_typesupport_c: rosidl_typesupport_fastrtps_c;rosidl_typesupport_introspection_c
-- Using all available rosidl_typesupport_cpp: rosidl_typesupport_fastrtps_cpp;rosidl_typesupport_introspection_cpp
-- Found python_cmake_module: 0.10.0 (/opt/ros/humble/share/python_cmake_module/cmake)
-- Using PYTHON_EXECUTABLE: /usr/bin/python3
-- Using PYTHON_INCLUDE_DIRS: /usr/include/python3.10
-- Using PYTHON_LIBRARIES: /usr/lib/x86_64-linux-gnu/libpython3.10.so
-- Found ament_lint_auto: 0.12.10 (/opt/ros/humble/share/ament_lint_auto/cmake)
-- Added test 'lint_cmake' to check CMake code style
-- Added test 'xmllint' to check XML markup files
-- Configuring done
-- Generating done
-- Build files have been written to: /home/rmitaiil/aiil_workspace/humble_workspace/src/on_UR5e/build/par_utils
[  2%] [34m[1mGenerating C code for ROS interfaces[0m
[  5%] Built target ament_cmake_python_copy_par_utils
[  5%] [34m[1mGenerating C++ code for ROS interfaces[0m
running egg_info
writing par_utils.egg-info/PKG-INFO
writing dependency_links to par_utils.egg-info/dependency_links.txt
writing top-level names to par_utils.egg-info/top_level.txt
reading manifest file 'par_utils.egg-info/SOURCES.txt'
writing manifest file 'par_utils.egg-info/SOURCES.txt'
[  5%] Built target ament_cmake_python_build_par_utils_egg
[  5%] Built target par_utils__cpp
[  7%] [34m[1mGenerating C++ type support dispatch for ROS interfaces[0m
[ 12%] [34m[1mGenerating C++ type support for eProsima Fast-RTPS[0m
[ 12%] [34m[1mGenerating C++ introspection for ROS interfaces[0m
[35m[1mConsolidate compiler generated dependencies of target par_utils__rosidl_generator_c[0m
[ 15%] [32mBuilding C object CMakeFiles/par_utils__rosidl_generator_c.dir/rosidl_generator_c/par_utils/action/detail/gripper_set_width__functions.c.o[0m
[ 17%] [32mBuilding C object CMakeFiles/par_utils__rosidl_generator_c.dir/rosidl_generator_c/par_utils/msg/detail/gripper_info__functions.c.o[0m
[35m[1mConsolidate compiler generated dependencies of target par_utils__rosidl_typesupport_cpp[0m
[ 20%] [32mBuilding CXX object CMakeFiles/par_utils__rosidl_typesupport_cpp.dir/rosidl_typesupport_cpp/par_utils/action/gripper_set_width__type_support.cpp.o[0m
[ 23%] [32m[1mLinking C shared library libpar_utils__rosidl_generator_c.so[0m
[ 23%] Built target par_utils__rosidl_generator_c
[35m[1mConsolidate compiler generated dependencies of target par_utils__rosidl_typesupport_introspection_cpp[0m
[ 25%] [34m[1mGenerating C type support for eProsima Fast-RTPS[0m
[ 28%] [32mBuilding CXX object CMakeFiles/par_utils__rosidl_typesupport_introspection_cpp.dir/rosidl_typesupport_introspection_cpp/par_utils/action/detail/gripper_set_width__type_support.cpp.o[0m
[35m[1mConsolidate compiler generated dependencies of target par_utils__rosidl_typesupport_fastrtps_cpp[0m
[ 30%] [32mBuilding CXX object CMakeFiles/par_utils__rosidl_typesupport_fastrtps_cpp.dir/rosidl_typesupport_fastrtps_cpp/par_utils/action/detail/dds_fastrtps/gripper_set_width__type_support.cpp.o[0m
[ 33%] [32mBuilding CXX object CMakeFiles/par_utils__rosidl_typesupport_cpp.dir/rosidl_typesupport_cpp/par_utils/msg/gripper_info__type_support.cpp.o[0m
[35m[1mConsolidate compiler generated dependencies of target par_utils__rosidl_typesupport_fastrtps_c[0m
[ 35%] [32mBuilding CXX object CMakeFiles/par_utils__rosidl_typesupport_fastrtps_c.dir/rosidl_typesupport_fastrtps_c/par_utils/action/detail/gripper_set_width__type_support_c.cpp.o[0m
[ 38%] [32mBuilding CXX object CMakeFiles/par_utils__rosidl_typesupport_fastrtps_cpp.dir/rosidl_typesupport_fastrtps_cpp/par_utils/msg/detail/dds_fastrtps/gripper_info__type_support.cpp.o[0m
[ 41%] [32m[1mLinking CXX shared library libpar_utils__rosidl_typesupport_cpp.so[0m
[ 43%] [32mBuilding CXX object CMakeFiles/par_utils__rosidl_typesupport_introspection_cpp.dir/rosidl_typesupport_introspection_cpp/par_utils/msg/detail/gripper_info__type_support.cpp.o[0m
[ 43%] Built target par_utils__rosidl_typesupport_cpp
[ 46%] [34m[1mGenerating C introspection for ROS interfaces[0m
[ 48%] [32mBuilding CXX object CMakeFiles/par_utils__rosidl_typesupport_fastrtps_c.dir/rosidl_typesupport_fastrtps_c/par_utils/msg/detail/gripper_info__type_support_c.cpp.o[0m
[ 51%] [32m[1mLinking CXX shared library libpar_utils__rosidl_typesupport_fastrtps_cpp.so[0m
[ 53%] [32m[1mLinking CXX shared library libpar_utils__rosidl_typesupport_introspection_cpp.so[0m
[ 53%] Built target par_utils__rosidl_typesupport_fastrtps_cpp
[ 53%] Built target par_utils__rosidl_typesupport_introspection_cpp
[ 56%] [34m[1mGenerating C type support dispatch for ROS interfaces[0m
[ 58%] [32m[1mLinking CXX shared library libpar_utils__rosidl_typesupport_fastrtps_c.so[0m
[35m[1mConsolidate compiler generated dependencies of target par_utils__rosidl_typesupport_introspection_c[0m
[ 58%] Built target par_utils__rosidl_typesupport_fastrtps_c
[ 61%] [32mBuilding C object CMakeFiles/par_utils__rosidl_typesupport_introspection_c.dir/rosidl_typesupport_introspection_c/par_utils/action/detail/gripper_set_width__type_support.c.o[0m
[ 64%] [32mBuilding C object CMakeFiles/par_utils__rosidl_typesupport_introspection_c.dir/rosidl_typesupport_introspection_c/par_utils/msg/detail/gripper_info__type_support.c.o[0m
[ 66%] [32m[1mLinking C shared library libpar_utils__rosidl_typesupport_introspection_c.so[0m
[ 66%] Built target par_utils__rosidl_typesupport_introspection_c
[35m[1mConsolidate compiler generated dependencies of target par_utils__rosidl_typesupport_c[0m
[ 71%] [32mBuilding CXX object CMakeFiles/par_utils__rosidl_typesupport_c.dir/rosidl_typesupport_c/par_utils/msg/gripper_info__type_support.cpp.o[0m
[ 71%] [32mBuilding CXX object CMakeFiles/par_utils__rosidl_typesupport_c.dir/rosidl_typesupport_c/par_utils/action/gripper_set_width__type_support.cpp.o[0m
[ 74%] [32m[1mLinking CXX shared library libpar_utils__rosidl_typesupport_c.so[0m
[ 74%] Built target par_utils__rosidl_typesupport_c
[ 74%] Built target par_utils
[ 76%] [34m[1mGenerating Python code for ROS interfaces[0m
[ 76%] Built target par_utils__py
[35m[1mConsolidate compiler generated dependencies of target par_utils__rosidl_generator_py[0m
[ 79%] [32mBuilding C object CMakeFiles/par_utils__rosidl_generator_py.dir/rosidl_generator_py/par_utils/action/_gripper_set_width_s.c.o[0m
[ 82%] [32mBuilding C object CMakeFiles/par_utils__rosidl_generator_py.dir/rosidl_generator_py/par_utils/msg/_gripper_info_s.c.o[0m
[ 84%] [32m[1mLinking C shared library rosidl_generator_py/par_utils/libpar_utils__rosidl_generator_py.so[0m
[ 84%] Built target par_utils__rosidl_generator_py
[35m[1mConsolidate compiler generated dependencies of target par_utils__rosidl_typesupport_fastrtps_c__pyext[0m
[35m[1mConsolidate compiler generated dependencies of target par_utils__rosidl_typesupport_introspection_c__pyext[0m
[ 87%] [32mBuilding C object CMakeFiles/par_utils__rosidl_typesupport_introspection_c__pyext.dir/rosidl_generator_py/par_utils/_par_utils_s.ep.rosidl_typesupport_introspection_c.c.o[0m
[35m[1mConsolidate compiler generated dependencies of target par_utils__rosidl_typesupport_c__pyext[0m
[ 89%] [32mBuilding C object CMakeFiles/par_utils__rosidl_typesupport_fastrtps_c__pyext.dir/rosidl_generator_py/par_utils/_par_utils_s.ep.rosidl_typesupport_fastrtps_c.c.o[0m
[ 92%] [32mBuilding C object CMakeFiles/par_utils__rosidl_typesupport_c__pyext.dir/rosidl_generator_py/par_utils/_par_utils_s.ep.rosidl_typesupport_c.c.o[0m
[ 94%] [32m[1mLinking C shared library rosidl_generator_py/par_utils/par_utils_s__rosidl_typesupport_c.cpython-310-x86_64-linux-gnu.so[0m
[ 97%] [32m[1mLinking C shared library rosidl_generator_py/par_utils/par_utils_s__rosidl_typesupport_fastrtps_c.cpython-310-x86_64-linux-gnu.so[0m
[ 97%] Built target par_utils__rosidl_typesupport_c__pyext
[ 97%] Built target par_utils__rosidl_typesupport_fastrtps_c__pyext
[100%] [32m[1mLinking C shared library rosidl_generator_py/par_utils/par_utils_s__rosidl_typesupport_introspection_c.cpython-310-x86_64-linux-gnu.so[0m
[100%] Built target par_utils__rosidl_typesupport_introspection_c__pyext
-- Install configuration: ""
-- Up-to-date: /home/rmitaiil/aiil_workspace/humble_workspace/src/on_UR5e/install/par_utils/share/ament_index/resource_index/rosidl_interfaces/par_utils
-- Up-to-date: /home/rmitaiil/aiil_workspace/humble_workspace/src/on_UR5e/install/par_utils/include/par_utils/par_utils
-- Up-to-date: /home/rmitaiil/aiil_workspace/humble_workspace/src/on_UR5e/install/par_utils/include/par_utils/par_utils/msg
-- Up-to-date: /home/rmitaiil/aiil_workspace/humble_workspace/src/on_UR5e/install/par_utils/include/par_utils/par_utils/msg/detail
-- Installing: /home/rmitaiil/aiil_workspace/humble_workspace/src/on_UR5e/install/par_utils/include/par_utils/par_utils/msg/detail/gripper_info__struct.h
-- Installing: /home/rmitaiil/aiil_workspace/humble_workspace/src/on_UR5e/install/par_utils/include/par_utils/par_utils/msg/detail/gripper_info__type_support.h
-- Installing: /home/rmitaiil/aiil_workspace/humble_workspace/src/on_UR5e/install/par_utils/include/par_utils/par_utils/msg/detail/gripper_info__functions.h
-- Installing: /home/rmitaiil/aiil_workspace/humble_workspace/src/on_UR5e/install/par_utils/include/par_utils/par_utils/msg/detail/gripper_info__functions.c
-- Installing: /home/rmitaiil/aiil_workspace/humble_workspace/src/on_UR5e/install/par_utils/include/par_utils/par_utils/msg/gripper_info.h
-- Up-to-date: /home/rmitaiil/aiil_workspace/humble_workspace/src/on_UR5e/install/par_utils/include/par_utils/par_utils/msg/rosidl_generator_c__visibility_control.h
-- Up-to-date: /home/rmitaiil/aiil_workspace/humble_workspace/src/on_UR5e/install/par_utils/include/par_utils/par_utils/action
-- Up-to-date: /home/rmitaiil/aiil_workspace/humble_workspace/src/on_UR5e/install/par_utils/include/par_utils/par_utils/action/detail
-- Installing: /home/rmitaiil/aiil_workspace/humble_workspace/src/on_UR5e/install/par_utils/include/par_utils/par_utils/action/detail/gripper_set_width__struct.h
-- Installing: /home/rmitaiil/aiil_workspace/humble_workspace/src/on_UR5e/install/par_utils/include/par_utils/par_utils/action/detail/gripper_set_width__functions.c
-- Up-to-date: /home/rmitaiil/aiil_workspace/humble_workspace/src/on_UR5e/install/par_utils/include/par_utils/par_utils/action/detail/gripper_grip__functions.c
-- Up-to-date: /home/rmitaiil/aiil_workspace/humble_workspace/src/on_UR5e/install/par_utils/include/par_utils/par_utils/action/detail/gripper_grip__functions.h
-- Installing: /home/rmitaiil/aiil_workspace/humble_workspace/src/on_UR5e/install/par_utils/include/par_utils/par_utils/action/detail/gripper_set_width__type_support.h
-- Up-to-date: /home/rmitaiil/aiil_workspace/humble_workspace/src/on_UR5e/install/par_utils/include/par_utils/par_utils/action/detail/gripper_grip__struct.h
-- Up-to-date: /home/rmitaiil/aiil_workspace/humble_workspace/src/on_UR5e/install/par_utils/include/par_utils/par_utils/action/detail/gripper_grip__type_support.h
-- Installing: /home/rmitaiil/aiil_workspace/humble_workspace/src/on_UR5e/install/par_utils/include/par_utils/par_utils/action/detail/gripper_set_width__functions.h
-- Installing: /home/rmitaiil/aiil_workspace/humble_workspace/src/on_UR5e/install/par_utils/include/par_utils/par_utils/action/gripper_set_width.h
-- Up-to-date: /home/rmitaiil/aiil_workspace/humble_workspace/src/on_UR5e/install/par_utils/include/par_utils/par_utils/action/gripper_grip.h
-- Up-to-date: /home/rmitaiil/aiil_workspace/humble_workspace/src/on_UR5e/install/par_utils/share/par_utils/environment/library_path.sh
-- Installing: /home/rmitaiil/aiil_workspace/humble_workspace/src/on_UR5e/install/par_utils/share/par_utils/environment/library_path.dsv
-- Installing: /home/rmitaiil/aiil_workspace/humble_workspace/src/on_UR5e/install/par_utils/lib/libpar_utils__rosidl_generator_c.so
-- Set runtime path of "/home/rmitaiil/aiil_workspace/humble_workspace/src/on_UR5e/install/par_utils/lib/libpar_utils__rosidl_generator_c.so" to ""
-- Up-to-date: /home/rmitaiil/aiil_workspace/humble_workspace/src/on_UR5e/install/par_utils/include/par_utils/par_utils
-- Up-to-date: /home/rmitaiil/aiil_workspace/humble_workspace/src/on_UR5e/install/par_utils/include/par_utils/par_utils/msg
-- Up-to-date: /home/rmitaiil/aiil_workspace/humble_workspace/src/on_UR5e/install/par_utils/include/par_utils/par_utils/msg/detail
-- Installing: /home/rmitaiil/aiil_workspace/humble_workspace/src/on_UR5e/install/par_utils/include/par_utils/par_utils/msg/detail/gripper_info__rosidl_typesupport_fastrtps_c.h
-- Up-to-date: /home/rmitaiil/aiil_workspace/humble_workspace/src/on_UR5e/install/par_utils/include/par_utils/par_utils/msg/rosidl_typesupport_fastrtps_c__visibility_control.h
-- Up-to-date: /home/rmitaiil/aiil_workspace/humble_workspace/src/on_UR5e/install/par_utils/include/par_utils/par_utils/action
-- Up-to-date: /home/rmitaiil/aiil_workspace/humble_workspace/src/on_UR5e/install/par_utils/include/par_utils/par_utils/action/detail
-- Installing: /home/rmitaiil/aiil_workspace/humble_workspace/src/on_UR5e/install/par_utils/include/par_utils/par_utils/action/detail/gripper_set_width__rosidl_typesupport_fastrtps_c.h
-- Up-to-date: /home/rmitaiil/aiil_workspace/humble_workspace/src/on_UR5e/install/par_utils/include/par_utils/par_utils/action/detail/gripper_grip__rosidl_typesupport_fastrtps_c.h
-- Installing: /home/rmitaiil/aiil_workspace/humble_workspace/src/on_UR5e/install/par_utils/lib/libpar_utils__rosidl_typesupport_fastrtps_c.so
-- Set runtime path of "/home/rmitaiil/aiil_workspace/humble_workspace/src/on_UR5e/install/par_utils/lib/libpar_utils__rosidl_typesupport_fastrtps_c.so" to ""
-- Up-to-date: /home/rmitaiil/aiil_workspace/humble_workspace/src/on_UR5e/install/par_utils/include/par_utils/par_utils
-- Up-to-date: /home/rmitaiil/aiil_workspace/humble_workspace/src/on_UR5e/install/par_utils/include/par_utils/par_utils/msg
-- Up-to-date: /home/rmitaiil/aiil_workspace/humble_workspace/src/on_UR5e/install/par_utils/include/par_utils/par_utils/msg/rosidl_typesupport_introspection_c__visibility_control.h
-- Up-to-date: /home/rmitaiil/aiil_workspace/humble_workspace/src/on_UR5e/install/par_utils/include/par_utils/par_utils/msg/detail
-- Installing: /home/rmitaiil/aiil_workspace/humble_workspace/src/on_UR5e/install/par_utils/include/par_utils/par_utils/msg/detail/gripper_info__rosidl_typesupport_introspection_c.h
-- Installing: /home/rmitaiil/aiil_workspace/humble_workspace/src/on_UR5e/install/par_utils/include/par_utils/par_utils/msg/detail/gripper_info__type_support.c
-- Up-to-date: /home/rmitaiil/aiil_workspace/humble_workspace/src/on_UR5e/install/par_utils/include/par_utils/par_utils/action
-- Up-to-date: /home/rmitaiil/aiil_workspace/humble_workspace/src/on_UR5e/install/par_utils/include/par_utils/par_utils/action/detail
-- Up-to-date: /home/rmitaiil/aiil_workspace/humble_workspace/src/on_UR5e/install/par_utils/include/par_utils/par_utils/action/detail/gripper_grip__type_support.c
-- Up-to-date: /home/rmitaiil/aiil_workspace/humble_workspace/src/on_UR5e/install/par_utils/include/par_utils/par_utils/action/detail/gripper_grip__rosidl_typesupport_introspection_c.h
-- Installing: /home/rmitaiil/aiil_workspace/humble_workspace/src/on_UR5e/install/par_utils/include/par_utils/par_utils/action/detail/gripper_set_width__rosidl_typesupport_introspection_c.h
-- Installing: /home/rmitaiil/aiil_workspace/humble_workspace/src/on_UR5e/install/par_utils/include/par_utils/par_utils/action/detail/gripper_set_width__type_support.c
-- Installing: /home/rmitaiil/aiil_workspace/humble_workspace/src/on_UR5e/install/par_utils/lib/libpar_utils__rosidl_typesupport_introspection_c.so
-- Set runtime path of "/home/rmitaiil/aiil_workspace/humble_workspace/src/on_UR5e/install/par_utils/lib/libpar_utils__rosidl_typesupport_introspection_c.so" to ""
-- Installing: /home/rmitaiil/aiil_workspace/humble_workspace/src/on_UR5e/install/par_utils/lib/libpar_utils__rosidl_typesupport_c.so
-- Set runtime path of "/home/rmitaiil/aiil_workspace/humble_workspace/src/on_UR5e/install/par_utils/lib/libpar_utils__rosidl_typesupport_c.so" to ""
-- Up-to-date: /home/rmitaiil/aiil_workspace/humble_workspace/src/on_UR5e/install/par_utils/include/par_utils/par_utils
-- Up-to-date: /home/rmitaiil/aiil_workspace/humble_workspace/src/on_UR5e/install/par_utils/include/par_utils/par_utils/msg
-- Up-to-date: /home/rmitaiil/aiil_workspace/humble_workspace/src/on_UR5e/install/par_utils/include/par_utils/par_utils/msg/detail
-- Installing: /home/rmitaiil/aiil_workspace/humble_workspace/src/on_UR5e/install/par_utils/include/par_utils/par_utils/msg/detail/gripper_info__traits.hpp
-- Installing: /home/rmitaiil/aiil_workspace/humble_workspace/src/on_UR5e/install/par_utils/include/par_utils/par_utils/msg/detail/gripper_info__struct.hpp
-- Installing: /home/rmitaiil/aiil_workspace/humble_workspace/src/on_UR5e/install/par_utils/include/par_utils/par_utils/msg/detail/gripper_info__builder.hpp
-- Installing: /home/rmitaiil/aiil_workspace/humble_workspace/src/on_UR5e/install/par_utils/include/par_utils/par_utils/msg/gripper_info.hpp
-- Up-to-date: /home/rmitaiil/aiil_workspace/humble_workspace/src/on_UR5e/install/par_utils/include/par_utils/par_utils/action
-- Up-to-date: /home/rmitaiil/aiil_workspace/humble_workspace/src/on_UR5e/install/par_utils/include/par_utils/par_utils/action/detail
-- Installing: /home/rmitaiil/aiil_workspace/humble_workspace/src/on_UR5e/install/par_utils/include/par_utils/par_utils/action/detail/gripper_set_width__builder.hpp
-- Installing: /home/rmitaiil/aiil_workspace/humble_workspace/src/on_UR5e/install/par_utils/include/par_utils/par_utils/action/detail/gripper_set_width__struct.hpp
-- Installing: /home/rmitaiil/aiil_workspace/humble_workspace/src/on_UR5e/install/par_utils/include/par_utils/par_utils/action/detail/gripper_set_width__traits.hpp
-- Up-to-date: /home/rmitaiil/aiil_workspace/humble_workspace/src/on_UR5e/install/par_utils/include/par_utils/par_utils/action/detail/gripper_grip__traits.hpp
-- Up-to-date: /home/rmitaiil/aiil_workspace/humble_workspace/src/on_UR5e/install/par_utils/include/par_utils/par_utils/action/detail/gripper_grip__struct.hpp
-- Up-to-date: /home/rmitaiil/aiil_workspace/humble_workspace/src/on_UR5e/install/par_utils/include/par_utils/par_utils/action/detail/gripper_grip__builder.hpp
-- Installing: /home/rmitaiil/aiil_workspace/humble_workspace/src/on_UR5e/install/par_utils/include/par_utils/par_utils/action/gripper_set_width.hpp
-- Up-to-date: /home/rmitaiil/aiil_workspace/humble_workspace/src/on_UR5e/install/par_utils/include/par_utils/par_utils/action/gripper_grip.hpp
-- Up-to-date: /home/rmitaiil/aiil_workspace/humble_workspace/src/on_UR5e/install/par_utils/include/par_utils/par_utils
-- Up-to-date: /home/rmitaiil/aiil_workspace/humble_workspace/src/on_UR5e/install/par_utils/include/par_utils/par_utils/msg
-- Up-to-date: /home/rmitaiil/aiil_workspace/humble_workspace/src/on_UR5e/install/par_utils/include/par_utils/par_utils/msg/rosidl_typesupport_fastrtps_cpp__visibility_control.h
-- Up-to-date: /home/rmitaiil/aiil_workspace/humble_workspace/src/on_UR5e/install/par_utils/include/par_utils/par_utils/msg/detail
-- Installing: /home/rmitaiil/aiil_workspace/humble_workspace/src/on_UR5e/install/par_utils/include/par_utils/par_utils/msg/detail/gripper_info__rosidl_typesupport_fastrtps_cpp.hpp
-- Up-to-date: /home/rmitaiil/aiil_workspace/humble_workspace/src/on_UR5e/install/par_utils/include/par_utils/par_utils/msg/detail/dds_fastrtps
-- Up-to-date: /home/rmitaiil/aiil_workspace/humble_workspace/src/on_UR5e/install/par_utils/include/par_utils/par_utils/action
-- Up-to-date: /home/rmitaiil/aiil_workspace/humble_workspace/src/on_UR5e/install/par_utils/include/par_utils/par_utils/action/detail
-- Up-to-date: /home/rmitaiil/aiil_workspace/humble_workspace/src/on_UR5e/install/par_utils/include/par_utils/par_utils/action/detail/dds_fastrtps
-- Up-to-date: /home/rmitaiil/aiil_workspace/humble_workspace/src/on_UR5e/install/par_utils/include/par_utils/par_utils/action/detail/gripper_grip__rosidl_typesupport_fastrtps_cpp.hpp
-- Installing: /home/rmitaiil/aiil_workspace/humble_workspace/src/on_UR5e/install/par_utils/include/par_utils/par_utils/action/detail/gripper_set_width__rosidl_typesupport_fastrtps_cpp.hpp
-- Installing: /home/rmitaiil/aiil_workspace/humble_workspace/src/on_UR5e/install/par_utils/lib/libpar_utils__rosidl_typesupport_fastrtps_cpp.so
-- Set runtime path of "/home/rmitaiil/aiil_workspace/humble_workspace/src/on_UR5e/install/par_utils/lib/libpar_utils__rosidl_typesupport_fastrtps_cpp.so" to ""
-- Up-to-date: /home/rmitaiil/aiil_workspace/humble_workspace/src/on_UR5e/install/par_utils/include/par_utils/par_utils
-- Up-to-date: /home/rmitaiil/aiil_workspace/humble_workspace/src/on_UR5e/install/par_utils/include/par_utils/par_utils/msg
-- Up-to-date: /home/rmitaiil/aiil_workspace/humble_workspace/src/on_UR5e/install/par_utils/include/par_utils/par_utils/msg/detail
-- Installing: /home/rmitaiil/aiil_workspace/humble_workspace/src/on_UR5e/install/par_utils/include/par_utils/par_utils/msg/detail/gripper_info__type_support.cpp
-- Installing: /home/rmitaiil/aiil_workspace/humble_workspace/src/on_UR5e/install/par_utils/include/par_utils/par_utils/msg/detail/gripper_info__rosidl_typesupport_introspection_cpp.hpp
-- Up-to-date: /home/rmitaiil/aiil_workspace/humble_workspace/src/on_UR5e/install/par_utils/include/par_utils/par_utils/action
-- Up-to-date: /home/rmitaiil/aiil_workspace/humble_workspace/src/on_UR5e/install/par_utils/include/par_utils/par_utils/action/detail
-- Installing: /home/rmitaiil/aiil_workspace/humble_workspace/src/on_UR5e/install/par_utils/include/par_utils/par_utils/action/detail/gripper_set_width__rosidl_typesupport_introspection_cpp.hpp
-- Installing: /home/rmitaiil/aiil_workspace/humble_workspace/src/on_UR5e/install/par_utils/include/par_utils/par_utils/action/detail/gripper_set_width__type_support.cpp
-- Up-to-date: /home/rmitaiil/aiil_workspace/humble_workspace/src/on_UR5e/install/par_utils/include/par_utils/par_utils/action/detail/gripper_grip__type_support.cpp
-- Up-to-date: /home/rmitaiil/aiil_workspace/humble_workspace/src/on_UR5e/install/par_utils/include/par_utils/par_utils/action/detail/gripper_grip__rosidl_typesupport_introspection_cpp.hpp
-- Installing: /home/rmitaiil/aiil_workspace/humble_workspace/src/on_UR5e/install/par_utils/lib/libpar_utils__rosidl_typesupport_introspection_cpp.so
-- Set runtime path of "/home/rmitaiil/aiil_workspace/humble_workspace/src/on_UR5e/install/par_utils/lib/libpar_utils__rosidl_typesupport_introspection_cpp.so" to ""
-- Installing: /home/rmitaiil/aiil_workspace/humble_workspace/src/on_UR5e/install/par_utils/lib/libpar_utils__rosidl_typesupport_cpp.so
-- Set runtime path of "/home/rmitaiil/aiil_workspace/humble_workspace/src/on_UR5e/install/par_utils/lib/libpar_utils__rosidl_typesupport_cpp.so" to ""
-- Up-to-date: /home/rmitaiil/aiil_workspace/humble_workspace/src/on_UR5e/install/par_utils/share/par_utils/environment/pythonpath.sh
-- Installing: /home/rmitaiil/aiil_workspace/humble_workspace/src/on_UR5e/install/par_utils/share/par_utils/environment/pythonpath.dsv
-- Up-to-date: /home/rmitaiil/aiil_workspace/humble_workspace/src/on_UR5e/install/par_utils/local/lib/python3.10/dist-packages/par_utils-0.0.0-py3.10.egg-info
-- Installing: /home/rmitaiil/aiil_workspace/humble_workspace/src/on_UR5e/install/par_utils/local/lib/python3.10/dist-packages/par_utils-0.0.0-py3.10.egg-info/top_level.txt
-- Installing: /home/rmitaiil/aiil_workspace/humble_workspace/src/on_UR5e/install/par_utils/local/lib/python3.10/dist-packages/par_utils-0.0.0-py3.10.egg-info/PKG-INFO
-- Installing: /home/rmitaiil/aiil_workspace/humble_workspace/src/on_UR5e/install/par_utils/local/lib/python3.10/dist-packages/par_utils-0.0.0-py3.10.egg-info/SOURCES.txt
-- Installing: /home/rmitaiil/aiil_workspace/humble_workspace/src/on_UR5e/install/par_utils/local/lib/python3.10/dist-packages/par_utils-0.0.0-py3.10.egg-info/dependency_links.txt
-- Up-to-date: /home/rmitaiil/aiil_workspace/humble_workspace/src/on_UR5e/install/par_utils/local/lib/python3.10/dist-packages/par_utils
-- Installing: /home/rmitaiil/aiil_workspace/humble_workspace/src/on_UR5e/install/par_utils/local/lib/python3.10/dist-packages/par_utils/__init__.py
-- Up-to-date: /home/rmitaiil/aiil_workspace/humble_workspace/src/on_UR5e/install/par_utils/local/lib/python3.10/dist-packages/par_utils/msg
-- Installing: /home/rmitaiil/aiil_workspace/humble_workspace/src/on_UR5e/install/par_utils/local/lib/python3.10/dist-packages/par_utils/msg/__init__.py
-- Installing: /home/rmitaiil/aiil_workspace/humble_workspace/src/on_UR5e/install/par_utils/local/lib/python3.10/dist-packages/par_utils/msg/_gripper_info_s.c
-- Installing: /home/rmitaiil/aiil_workspace/humble_workspace/src/on_UR5e/install/par_utils/local/lib/python3.10/dist-packages/par_utils/msg/_gripper_info.py
-- Installing: /home/rmitaiil/aiil_workspace/humble_workspace/src/on_UR5e/install/par_utils/local/lib/python3.10/dist-packages/par_utils/par_utils_s__rosidl_typesupport_introspection_c.cpython-310-x86_64-linux-gnu.so
-- Installing: /home/rmitaiil/aiil_workspace/humble_workspace/src/on_UR5e/install/par_utils/local/lib/python3.10/dist-packages/par_utils/_par_utils_s.ep.rosidl_typesupport_introspection_c.c
-- Installing: /home/rmitaiil/aiil_workspace/humble_workspace/src/on_UR5e/install/par_utils/local/lib/python3.10/dist-packages/par_utils/par_utils_s__rosidl_typesupport_c.cpython-310-x86_64-linux-gnu.so
-- Installing: /home/rmitaiil/aiil_workspace/humble_workspace/src/on_UR5e/install/par_utils/local/lib/python3.10/dist-packages/par_utils/_par_utils_s.ep.rosidl_typesupport_fastrtps_c.c
-- Up-to-date: /home/rmitaiil/aiil_workspace/humble_workspace/src/on_UR5e/install/par_utils/local/lib/python3.10/dist-packages/par_utils/action
-- Installing: /home/rmitaiil/aiil_workspace/humble_workspace/src/on_UR5e/install/par_utils/local/lib/python3.10/dist-packages/par_utils/action/__init__.py
-- Installing: /home/rmitaiil/aiil_workspace/humble_workspace/src/on_UR5e/install/par_utils/local/lib/python3.10/dist-packages/par_utils/action/_gripper_set_width_s.c
-- Up-to-date: /home/rmitaiil/aiil_workspace/humble_workspace/src/on_UR5e/install/par_utils/local/lib/python3.10/dist-packages/par_utils/action/_gripper_grip_s.c
-- Installing: /home/rmitaiil/aiil_workspace/humble_workspace/src/on_UR5e/install/par_utils/local/lib/python3.10/dist-packages/par_utils/action/_gripper_set_width.py
-- Up-to-date: /home/rmitaiil/aiil_workspace/humble_workspace/src/on_UR5e/install/par_utils/local/lib/python3.10/dist-packages/par_utils/action/_gripper_grip.py
-- Installing: /home/rmitaiil/aiil_workspace/humble_workspace/src/on_UR5e/install/par_utils/local/lib/python3.10/dist-packages/par_utils/par_utils_s__rosidl_typesupport_fastrtps_c.cpython-310-x86_64-linux-gnu.so
-- Installing: /home/rmitaiil/aiil_workspace/humble_workspace/src/on_UR5e/install/par_utils/local/lib/python3.10/dist-packages/par_utils/_par_utils_s.ep.rosidl_typesupport_c.c
-- Installing: /home/rmitaiil/aiil_workspace/humble_workspace/src/on_UR5e/install/par_utils/local/lib/python3.10/dist-packages/par_utils/libpar_utils__rosidl_generator_py.so
Listing '/home/rmitaiil/aiil_workspace/humble_workspace/src/on_UR5e/install/par_utils/local/lib/python3.10/dist-packages/par_utils'...
Compiling '/home/rmitaiil/aiil_workspace/humble_workspace/src/on_UR5e/install/par_utils/local/lib/python3.10/dist-packages/par_utils/__init__.py'...
Listing '/home/rmitaiil/aiil_workspace/humble_workspace/src/on_UR5e/install/par_utils/local/lib/python3.10/dist-packages/par_utils/action'...
Compiling '/home/rmitaiil/aiil_workspace/humble_workspace/src/on_UR5e/install/par_utils/local/lib/python3.10/dist-packages/par_utils/action/__init__.py'...
Compiling '/home/rmitaiil/aiil_workspace/humble_workspace/src/on_UR5e/install/par_utils/local/lib/python3.10/dist-packages/par_utils/action/_gripper_set_width.py'...
Listing '/home/rmitaiil/aiil_workspace/humble_workspace/src/on_UR5e/install/par_utils/local/lib/python3.10/dist-packages/par_utils/msg'...
Compiling '/home/rmitaiil/aiil_workspace/humble_workspace/src/on_UR5e/install/par_utils/local/lib/python3.10/dist-packages/par_utils/msg/__init__.py'...
Compiling '/home/rmitaiil/aiil_workspace/humble_workspace/src/on_UR5e/install/par_utils/local/lib/python3.10/dist-packages/par_utils/msg/_gripper_info.py'...
-- Installing: /home/rmitaiil/aiil_workspace/humble_workspace/src/on_UR5e/install/par_utils/local/lib/python3.10/dist-packages/par_utils/par_utils_s__rosidl_typesupport_fastrtps_c.cpython-310-x86_64-linux-gnu.so
-- Set runtime path of "/home/rmitaiil/aiil_workspace/humble_workspace/src/on_UR5e/install/par_utils/local/lib/python3.10/dist-packages/par_utils/par_utils_s__rosidl_typesupport_fastrtps_c.cpython-310-x86_64-linux-gnu.so" to ""
-- Installing: /home/rmitaiil/aiil_workspace/humble_workspace/src/on_UR5e/install/par_utils/local/lib/python3.10/dist-packages/par_utils/par_utils_s__rosidl_typesupport_introspection_c.cpython-310-x86_64-linux-gnu.so
-- Set runtime path of "/home/rmitaiil/aiil_workspace/humble_workspace/src/on_UR5e/install/par_utils/local/lib/python3.10/dist-packages/par_utils/par_utils_s__rosidl_typesupport_introspection_c.cpython-310-x86_64-linux-gnu.so" to ""
-- Installing: /home/rmitaiil/aiil_workspace/humble_workspace/src/on_UR5e/install/par_utils/local/lib/python3.10/dist-packages/par_utils/par_utils_s__rosidl_typesupport_c.cpython-310-x86_64-linux-gnu.so
-- Set runtime path of "/home/rmitaiil/aiil_workspace/humble_workspace/src/on_UR5e/install/par_utils/local/lib/python3.10/dist-packages/par_utils/par_utils_s__rosidl_typesupport_c.cpython-310-x86_64-linux-gnu.so" to ""
-- Installing: /home/rmitaiil/aiil_workspace/humble_workspace/src/on_UR5e/install/par_utils/lib/libpar_utils__rosidl_generator_py.so
-- Set runtime path of "/home/rmitaiil/aiil_workspace/humble_workspace/src/on_UR5e/install/par_utils/lib/libpar_utils__rosidl_generator_py.so" to ""
-- Installing: /home/rmitaiil/aiil_workspace/humble_workspace/src/on_UR5e/install/par_utils/share/par_utils/action/GripperSetWidth.idl
-- Up-to-date: /home/rmitaiil/aiil_workspace/humble_workspace/src/on_UR5e/install/par_utils/share/par_utils/msg/GripperInfo.idl
-- Installing: /home/rmitaiil/aiil_workspace/humble_workspace/src/on_UR5e/install/par_utils/share/par_utils/action/GripperSetWidth.action
-- Up-to-date: /home/rmitaiil/aiil_workspace/humble_workspace/src/on_UR5e/install/par_utils/share/par_utils/msg/GripperInfo.msg
-- Up-to-date: /home/rmitaiil/aiil_workspace/humble_workspace/src/on_UR5e/install/par_utils/share/ament_index/resource_index/package_run_dependencies/par_utils
-- Installing: /home/rmitaiil/aiil_workspace/humble_workspace/src/on_UR5e/install/par_utils/share/ament_index/resource_index/parent_prefix_path/par_utils
-- Up-to-date: /home/rmitaiil/aiil_workspace/humble_workspace/src/on_UR5e/install/par_utils/share/par_utils/environment/ament_prefix_path.sh
-- Installing: /home/rmitaiil/aiil_workspace/humble_workspace/src/on_UR5e/install/par_utils/share/par_utils/environment/ament_prefix_path.dsv
-- Up-to-date: /home/rmitaiil/aiil_workspace/humble_workspace/src/on_UR5e/install/par_utils/share/par_utils/environment/path.sh
-- Installing: /home/rmitaiil/aiil_workspace/humble_workspace/src/on_UR5e/install/par_utils/share/par_utils/environment/path.dsv
-- Up-to-date: /home/rmitaiil/aiil_workspace/humble_workspace/src/on_UR5e/install/par_utils/share/par_utils/local_setup.bash
-- Up-to-date: /home/rmitaiil/aiil_workspace/humble_workspace/src/on_UR5e/install/par_utils/share/par_utils/local_setup.sh
-- Up-to-date: /home/rmitaiil/aiil_workspace/humble_workspace/src/on_UR5e/install/par_utils/share/par_utils/local_setup.zsh
-- Installing: /home/rmitaiil/aiil_workspace/humble_workspace/src/on_UR5e/install/par_utils/share/par_utils/local_setup.dsv
-- Installing: /home/rmitaiil/aiil_workspace/humble_workspace/src/on_UR5e/install/par_utils/share/par_utils/package.dsv
-- Up-to-date: /home/rmitaiil/aiil_workspace/humble_workspace/src/on_UR5e/install/par_utils/share/ament_index/resource_index/packages/par_utils
-- Up-to-date: /home/rmitaiil/aiil_workspace/humble_workspace/src/on_UR5e/install/par_utils/share/par_utils/cmake/export_par_utils__rosidl_generator_cExport.cmake
-- Up-to-date: /home/rmitaiil/aiil_workspace/humble_workspace/src/on_UR5e/install/par_utils/share/par_utils/cmake/export_par_utils__rosidl_generator_cExport-noconfig.cmake
-- Up-to-date: /home/rmitaiil/aiil_workspace/humble_workspace/src/on_UR5e/install/par_utils/share/par_utils/cmake/export_par_utils__rosidl_typesupport_fastrtps_cExport.cmake
-- Up-to-date: /home/rmitaiil/aiil_workspace/humble_workspace/src/on_UR5e/install/par_utils/share/par_utils/cmake/export_par_utils__rosidl_typesupport_fastrtps_cExport-noconfig.cmake
-- Up-to-date: /home/rmitaiil/aiil_workspace/humble_workspace/src/on_UR5e/install/par_utils/share/par_utils/cmake/par_utils__rosidl_typesupport_introspection_cExport.cmake
-- Up-to-date: /home/rmitaiil/aiil_workspace/humble_workspace/src/on_UR5e/install/par_utils/share/par_utils/cmake/par_utils__rosidl_typesupport_introspection_cExport-noconfig.cmake
-- Up-to-date: /home/rmitaiil/aiil_workspace/humble_workspace/src/on_UR5e/install/par_utils/share/par_utils/cmake/par_utils__rosidl_typesupport_cExport.cmake
-- Up-to-date: /home/rmitaiil/aiil_workspace/humble_workspace/src/on_UR5e/install/par_utils/share/par_utils/cmake/par_utils__rosidl_typesupport_cExport-noconfig.cmake
-- Up-to-date: /home/rmitaiil/aiil_workspace/humble_workspace/src/on_UR5e/install/par_utils/share/par_utils/cmake/export_par_utils__rosidl_generator_cppExport.cmake
-- Up-to-date: /home/rmitaiil/aiil_workspace/humble_workspace/src/on_UR5e/install/par_utils/share/par_utils/cmake/export_par_utils__rosidl_typesupport_fastrtps_cppExport.cmake
-- Up-to-date: /home/rmitaiil/aiil_workspace/humble_workspace/src/on_UR5e/install/par_utils/share/par_utils/cmake/export_par_utils__rosidl_typesupport_fastrtps_cppExport-noconfig.cmake
-- Up-to-date: /home/rmitaiil/aiil_workspace/humble_workspace/src/on_UR5e/install/par_utils/share/par_utils/cmake/par_utils__rosidl_typesupport_introspection_cppExport.cmake
-- Up-to-date: /home/rmitaiil/aiil_workspace/humble_workspace/src/on_UR5e/install/par_utils/share/par_utils/cmake/par_utils__rosidl_typesupport_introspection_cppExport-noconfig.cmake
-- Up-to-date: /home/rmitaiil/aiil_workspace/humble_workspace/src/on_UR5e/install/par_utils/share/par_utils/cmake/par_utils__rosidl_typesupport_cppExport.cmake
-- Up-to-date: /home/rmitaiil/aiil_workspace/humble_workspace/src/on_UR5e/install/par_utils/share/par_utils/cmake/par_utils__rosidl_typesupport_cppExport-noconfig.cmake
-- Up-to-date: /home/rmitaiil/aiil_workspace/humble_workspace/src/on_UR5e/install/par_utils/share/par_utils/cmake/export_par_utils__rosidl_generator_pyExport.cmake
-- Up-to-date: /home/rmitaiil/aiil_workspace/humble_workspace/src/on_UR5e/install/par_utils/share/par_utils/cmake/export_par_utils__rosidl_generator_pyExport-noconfig.cmake
-- Up-to-date: /home/rmitaiil/aiil_workspace/humble_workspace/src/on_UR5e/install/par_utils/share/par_utils/cmake/rosidl_cmake-extras.cmake
-- Up-to-date: /home/rmitaiil/aiil_workspace/humble_workspace/src/on_UR5e/install/par_utils/share/par_utils/cmake/ament_cmake_export_dependencies-extras.cmake
-- Up-to-date: /home/rmitaiil/aiil_workspace/humble_workspace/src/on_UR5e/install/par_utils/share/par_utils/cmake/ament_cmake_export_include_directories-extras.cmake
-- Up-to-date: /home/rmitaiil/aiil_workspace/humble_workspace/src/on_UR5e/install/par_utils/share/par_utils/cmake/ament_cmake_export_libraries-extras.cmake
-- Up-to-date: /home/rmitaiil/aiil_workspace/humble_workspace/src/on_UR5e/install/par_utils/share/par_utils/cmake/ament_cmake_export_targets-extras.cmake
-- Up-to-date: /home/rmitaiil/aiil_workspace/humble_workspace/src/on_UR5e/install/par_utils/share/par_utils/cmake/rosidl_cmake_export_typesupport_targets-extras.cmake
-- Up-to-date: /home/rmitaiil/aiil_workspace/humble_workspace/src/on_UR5e/install/par_utils/share/par_utils/cmake/rosidl_cmake_export_typesupport_libraries-extras.cmake
-- Up-to-date: /home/rmitaiil/aiil_workspace/humble_workspace/src/on_UR5e/install/par_utils/share/par_utils/cmake/par_utilsConfig.cmake
-- Up-to-date: /home/rmitaiil/aiil_workspace/humble_workspace/src/on_UR5e/install/par_utils/share/par_utils/cmake/par_utilsConfig-version.cmake
-- Up-to-date: /home/rmitaiil/aiil_workspace/humble_workspace/src/on_UR5e/install/par_utils/share/par_utils/package.xml
