[0.064s] Invoking command in '/home/rmitaiil/aiil_workspace/humble_workspace/src/on_UR5e/build/par_utils': CMAKE_PREFIX_PATH=${CMAKE_PREFIX_PATH}:/home/rmitaiil/aiil_workspace/humble_workspace/src/on_UR5e/install/par_pkg:/home/rmitaiil/aiil_workspace/humble_workspace/install/snc_pkg:/home/rmitaiil/aiil_workspace/humble_workspace/install/onrobot_testing:/home/rmitaiil/aiil_workspace/humble_workspace/install/aiil_rosbot_demo:/home/rmitaiil/aiil_workspace/humble_workspace/install/aiil_gazebo:/opt/ros/humble /usr/bin/cmake --build /home/rmitaiil/aiil_workspace/humble_workspace/src/on_UR5e/build/par_utils -- -j4 -l4
[0.169s] -- Found ament_cmake: 1.3.7 (/opt/ros/humble/share/ament_cmake/cmake)
[0.356s] -- Found rosidl_default_generators: 1.2.0 (/opt/ros/humble/share/rosidl_default_generators/cmake)
[0.360s] -- Using all available rosidl_typesupport_c: rosidl_typesupport_fastrtps_c;rosidl_typesupport_introspection_c
[0.367s] -- Found rosidl_adapter: 3.1.5 (/opt/ros/humble/share/rosidl_adapter/cmake)
[0.412s] -- Using all available rosidl_typesupport_cpp: rosidl_typesupport_fastrtps_cpp;rosidl_typesupport_introspection_cpp
[0.774s] -- Found ament_cmake_ros: 0.10.0 (/opt/ros/humble/share/ament_cmake_ros/cmake)
[0.960s] -- Using all available rosidl_typesupport_c: rosidl_typesupport_fastrtps_c;rosidl_typesupport_introspection_c
[1.219s] -- Using all available rosidl_typesupport_cpp: rosidl_typesupport_fastrtps_cpp;rosidl_typesupport_introspection_cpp
[1.257s] -- Found python_cmake_module: 0.10.0 (/opt/ros/humble/share/python_cmake_module/cmake)
[1.282s] -- Using PYTHON_EXECUTABLE: /usr/bin/python3
[1.282s] -- Using PYTHON_INCLUDE_DIRS: /usr/include/python3.10
[1.282s] -- Using PYTHON_LIBRARIES: /usr/lib/x86_64-linux-gnu/libpython3.10.so
[1.301s] -- Found ament_lint_auto: 0.12.10 (/opt/ros/humble/share/ament_lint_auto/cmake)
[1.316s] -- Added test 'lint_cmake' to check CMake code style
[1.317s] -- Added test 'xmllint' to check XML markup files
[1.319s] -- Configuring done
[1.380s] -- Generating done
[1.384s] -- Build files have been written to: /home/rmitaiil/aiil_workspace/humble_workspace/src/on_UR5e/build/par_utils
[1.422s] [  2%] [34m[1mGenerating C code for ROS interfaces[0m
[1.454s] [  5%] Built target ament_cmake_python_copy_par_utils
[1.454s] [  5%] [34m[1mGenerating C++ code for ROS interfaces[0m
[1.663s] running egg_info
[1.664s] writing par_utils.egg-info/PKG-INFO
[1.665s] writing dependency_links to par_utils.egg-info/dependency_links.txt
[1.665s] writing top-level names to par_utils.egg-info/top_level.txt
[1.668s] reading manifest file 'par_utils.egg-info/SOURCES.txt'
[1.672s] writing manifest file 'par_utils.egg-info/SOURCES.txt'
[1.703s] [  5%] Built target ament_cmake_python_build_par_utils_egg
[1.926s] [  5%] Built target par_utils__cpp
[1.939s] [  7%] [34m[1mGenerating C++ type support dispatch for ROS interfaces[0m
[2.015s] [ 12%] [34m[1mGenerating C++ type support for eProsima Fast-RTPS[0m
[2.015s] [ 12%] [34m[1mGenerating C++ introspection for ROS interfaces[0m
[2.020s] [35m[1mConsolidate compiler generated dependencies of target par_utils__rosidl_generator_c[0m
[2.058s] [ 15%] [32mBuilding C object CMakeFiles/par_utils__rosidl_generator_c.dir/rosidl_generator_c/par_utils/action/detail/gripper_set_width__functions.c.o[0m
[2.413s] [ 17%] [32mBuilding C object CMakeFiles/par_utils__rosidl_generator_c.dir/rosidl_generator_c/par_utils/msg/detail/gripper_info__functions.c.o[0m
[2.433s] [35m[1mConsolidate compiler generated dependencies of target par_utils__rosidl_typesupport_cpp[0m
[2.493s] [ 20%] [32mBuilding CXX object CMakeFiles/par_utils__rosidl_typesupport_cpp.dir/rosidl_typesupport_cpp/par_utils/action/gripper_set_width__type_support.cpp.o[0m
[2.536s] [ 23%] [32m[1mLinking C shared library libpar_utils__rosidl_generator_c.so[0m
[2.672s] [ 23%] Built target par_utils__rosidl_generator_c
[2.693s] [35m[1mConsolidate compiler generated dependencies of target par_utils__rosidl_typesupport_introspection_cpp[0m
[2.706s] [ 25%] [34m[1mGenerating C type support for eProsima Fast-RTPS[0m
[2.730s] [ 28%] [32mBuilding CXX object CMakeFiles/par_utils__rosidl_typesupport_introspection_cpp.dir/rosidl_typesupport_introspection_cpp/par_utils/action/detail/gripper_set_width__type_support.cpp.o[0m
[2.837s] [35m[1mConsolidate compiler generated dependencies of target par_utils__rosidl_typesupport_fastrtps_cpp[0m
[2.919s] [ 30%] [32mBuilding CXX object CMakeFiles/par_utils__rosidl_typesupport_fastrtps_cpp.dir/rosidl_typesupport_fastrtps_cpp/par_utils/action/detail/dds_fastrtps/gripper_set_width__type_support.cpp.o[0m
[3.363s] [ 33%] [32mBuilding CXX object CMakeFiles/par_utils__rosidl_typesupport_cpp.dir/rosidl_typesupport_cpp/par_utils/msg/gripper_info__type_support.cpp.o[0m
[3.695s] [35m[1mConsolidate compiler generated dependencies of target par_utils__rosidl_typesupport_fastrtps_c[0m
[3.731s] [ 35%] [32mBuilding CXX object CMakeFiles/par_utils__rosidl_typesupport_fastrtps_c.dir/rosidl_typesupport_fastrtps_c/par_utils/action/detail/gripper_set_width__type_support_c.cpp.o[0m
[3.960s] [ 38%] [32mBuilding CXX object CMakeFiles/par_utils__rosidl_typesupport_fastrtps_cpp.dir/rosidl_typesupport_fastrtps_cpp/par_utils/msg/detail/dds_fastrtps/gripper_info__type_support.cpp.o[0m
[4.029s] [ 41%] [32m[1mLinking CXX shared library libpar_utils__rosidl_typesupport_cpp.so[0m
[4.034s] [ 43%] [32mBuilding CXX object CMakeFiles/par_utils__rosidl_typesupport_introspection_cpp.dir/rosidl_typesupport_introspection_cpp/par_utils/msg/detail/gripper_info__type_support.cpp.o[0m
[4.220s] [ 43%] Built target par_utils__rosidl_typesupport_cpp
[4.277s] [ 46%] [34m[1mGenerating C introspection for ROS interfaces[0m
[4.447s] [ 48%] [32mBuilding CXX object CMakeFiles/par_utils__rosidl_typesupport_fastrtps_c.dir/rosidl_typesupport_fastrtps_c/par_utils/msg/detail/gripper_info__type_support_c.cpp.o[0m
[4.577s] [ 51%] [32m[1mLinking CXX shared library libpar_utils__rosidl_typesupport_fastrtps_cpp.so[0m
[4.640s] [ 53%] [32m[1mLinking CXX shared library libpar_utils__rosidl_typesupport_introspection_cpp.so[0m
[4.851s] [ 53%] Built target par_utils__rosidl_typesupport_fastrtps_cpp
[4.878s] [ 53%] Built target par_utils__rosidl_typesupport_introspection_cpp
[4.893s] [ 56%] [34m[1mGenerating C type support dispatch for ROS interfaces[0m
[4.967s] [ 58%] [32m[1mLinking CXX shared library libpar_utils__rosidl_typesupport_fastrtps_c.so[0m
[5.092s] [35m[1mConsolidate compiler generated dependencies of target par_utils__rosidl_typesupport_introspection_c[0m
[5.101s] [ 58%] Built target par_utils__rosidl_typesupport_fastrtps_c
[5.122s] [ 61%] [32mBuilding C object CMakeFiles/par_utils__rosidl_typesupport_introspection_c.dir/rosidl_typesupport_introspection_c/par_utils/action/detail/gripper_set_width__type_support.c.o[0m
[5.139s] [ 64%] [32mBuilding C object CMakeFiles/par_utils__rosidl_typesupport_introspection_c.dir/rosidl_typesupport_introspection_c/par_utils/msg/detail/gripper_info__type_support.c.o[0m
[5.232s] [ 66%] [32m[1mLinking C shared library libpar_utils__rosidl_typesupport_introspection_c.so[0m
[5.309s] [ 66%] Built target par_utils__rosidl_typesupport_introspection_c
[5.448s] [35m[1mConsolidate compiler generated dependencies of target par_utils__rosidl_typesupport_c[0m
[5.464s] [ 71%] [32mBuilding CXX object CMakeFiles/par_utils__rosidl_typesupport_c.dir/rosidl_typesupport_c/par_utils/msg/gripper_info__type_support.cpp.o[0m
[5.464s] [ 71%] [32mBuilding CXX object CMakeFiles/par_utils__rosidl_typesupport_c.dir/rosidl_typesupport_c/par_utils/action/gripper_set_width__type_support.cpp.o[0m
[5.532s] [ 74%] [32m[1mLinking CXX shared library libpar_utils__rosidl_typesupport_c.so[0m
[5.615s] [ 74%] Built target par_utils__rosidl_typesupport_c
[5.664s] [ 74%] Built target par_utils
[5.697s] [ 76%] [34m[1mGenerating Python code for ROS interfaces[0m
[6.899s] [ 76%] Built target par_utils__py
[6.929s] [35m[1mConsolidate compiler generated dependencies of target par_utils__rosidl_generator_py[0m
[6.975s] [ 79%] [32mBuilding C object CMakeFiles/par_utils__rosidl_generator_py.dir/rosidl_generator_py/par_utils/action/_gripper_set_width_s.c.o[0m
[6.977s] [ 82%] [32mBuilding C object CMakeFiles/par_utils__rosidl_generator_py.dir/rosidl_generator_py/par_utils/msg/_gripper_info_s.c.o[0m
[7.181s] [ 84%] [32m[1mLinking C shared library rosidl_generator_py/par_utils/libpar_utils__rosidl_generator_py.so[0m
[7.248s] [ 84%] Built target par_utils__rosidl_generator_py
[7.275s] [35m[1mConsolidate compiler generated dependencies of target par_utils__rosidl_typesupport_fastrtps_c__pyext[0m
[7.277s] [35m[1mConsolidate compiler generated dependencies of target par_utils__rosidl_typesupport_introspection_c__pyext[0m
[7.318s] [ 87%] [32mBuilding C object CMakeFiles/par_utils__rosidl_typesupport_introspection_c__pyext.dir/rosidl_generator_py/par_utils/_par_utils_s.ep.rosidl_typesupport_introspection_c.c.o[0m
[7.319s] [35m[1mConsolidate compiler generated dependencies of target par_utils__rosidl_typesupport_c__pyext[0m
[7.334s] [ 89%] [32mBuilding C object CMakeFiles/par_utils__rosidl_typesupport_fastrtps_c__pyext.dir/rosidl_generator_py/par_utils/_par_utils_s.ep.rosidl_typesupport_fastrtps_c.c.o[0m
[7.370s] [ 92%] [32mBuilding C object CMakeFiles/par_utils__rosidl_typesupport_c__pyext.dir/rosidl_generator_py/par_utils/_par_utils_s.ep.rosidl_typesupport_c.c.o[0m
[7.584s] [ 94%] [32m[1mLinking C shared library rosidl_generator_py/par_utils/par_utils_s__rosidl_typesupport_c.cpython-310-x86_64-linux-gnu.so[0m
[7.619s] [ 97%] [32m[1mLinking C shared library rosidl_generator_py/par_utils/par_utils_s__rosidl_typesupport_fastrtps_c.cpython-310-x86_64-linux-gnu.so[0m
[7.654s] [ 97%] Built target par_utils__rosidl_typesupport_c__pyext
[7.706s] [ 97%] Built target par_utils__rosidl_typesupport_fastrtps_c__pyext
[7.706s] [100%] [32m[1mLinking C shared library rosidl_generator_py/par_utils/par_utils_s__rosidl_typesupport_introspection_c.cpython-310-x86_64-linux-gnu.so[0m
[7.774s] [100%] Built target par_utils__rosidl_typesupport_introspection_c__pyext
[7.799s] Invoked command in '/home/rmitaiil/aiil_workspace/humble_workspace/src/on_UR5e/build/par_utils' returned '0': CMAKE_PREFIX_PATH=${CMAKE_PREFIX_PATH}:/home/rmitaiil/aiil_workspace/humble_workspace/src/on_UR5e/install/par_pkg:/home/rmitaiil/aiil_workspace/humble_workspace/install/snc_pkg:/home/rmitaiil/aiil_workspace/humble_workspace/install/onrobot_testing:/home/rmitaiil/aiil_workspace/humble_workspace/install/aiil_rosbot_demo:/home/rmitaiil/aiil_workspace/humble_workspace/install/aiil_gazebo:/opt/ros/humble /usr/bin/cmake --build /home/rmitaiil/aiil_workspace/humble_workspace/src/on_UR5e/build/par_utils -- -j4 -l4
[8.001s] Invoking command in '/home/rmitaiil/aiil_workspace/humble_workspace/src/on_UR5e/build/par_utils': CMAKE_PREFIX_PATH=${CMAKE_PREFIX_PATH}:/home/rmitaiil/aiil_workspace/humble_workspace/src/on_UR5e/install/par_pkg:/home/rmitaiil/aiil_workspace/humble_workspace/install/snc_pkg:/home/rmitaiil/aiil_workspace/humble_workspace/install/onrobot_testing:/home/rmitaiil/aiil_workspace/humble_workspace/install/aiil_rosbot_demo:/home/rmitaiil/aiil_workspace/humble_workspace/install/aiil_gazebo:/opt/ros/humble /usr/bin/cmake --install /home/rmitaiil/aiil_workspace/humble_workspace/src/on_UR5e/build/par_utils
[8.020s] -- Install configuration: ""
[8.021s] -- Up-to-date: /home/rmitaiil/aiil_workspace/humble_workspace/src/on_UR5e/install/par_utils/share/ament_index/resource_index/rosidl_interfaces/par_utils
[8.021s] -- Up-to-date: /home/rmitaiil/aiil_workspace/humble_workspace/src/on_UR5e/install/par_utils/include/par_utils/par_utils
[8.021s] -- Up-to-date: /home/rmitaiil/aiil_workspace/humble_workspace/src/on_UR5e/install/par_utils/include/par_utils/par_utils/msg
[8.021s] -- Up-to-date: /home/rmitaiil/aiil_workspace/humble_workspace/src/on_UR5e/install/par_utils/include/par_utils/par_utils/msg/detail
[8.021s] -- Installing: /home/rmitaiil/aiil_workspace/humble_workspace/src/on_UR5e/install/par_utils/include/par_utils/par_utils/msg/detail/gripper_info__struct.h
[8.021s] -- Installing: /home/rmitaiil/aiil_workspace/humble_workspace/src/on_UR5e/install/par_utils/include/par_utils/par_utils/msg/detail/gripper_info__type_support.h
[8.021s] -- Installing: /home/rmitaiil/aiil_workspace/humble_workspace/src/on_UR5e/install/par_utils/include/par_utils/par_utils/msg/detail/gripper_info__functions.h
[8.022s] -- Installing: /home/rmitaiil/aiil_workspace/humble_workspace/src/on_UR5e/install/par_utils/include/par_utils/par_utils/msg/detail/gripper_info__functions.c
[8.022s] -- Installing: /home/rmitaiil/aiil_workspace/humble_workspace/src/on_UR5e/install/par_utils/include/par_utils/par_utils/msg/gripper_info.h
[8.022s] -- Up-to-date: /home/rmitaiil/aiil_workspace/humble_workspace/src/on_UR5e/install/par_utils/include/par_utils/par_utils/msg/rosidl_generator_c__visibility_control.h
[8.022s] -- Up-to-date: /home/rmitaiil/aiil_workspace/humble_workspace/src/on_UR5e/install/par_utils/include/par_utils/par_utils/action
[8.022s] -- Up-to-date: /home/rmitaiil/aiil_workspace/humble_workspace/src/on_UR5e/install/par_utils/include/par_utils/par_utils/action/detail
[8.022s] -- Installing: /home/rmitaiil/aiil_workspace/humble_workspace/src/on_UR5e/install/par_utils/include/par_utils/par_utils/action/detail/gripper_set_width__struct.h
[8.022s] -- Installing: /home/rmitaiil/aiil_workspace/humble_workspace/src/on_UR5e/install/par_utils/include/par_utils/par_utils/action/detail/gripper_set_width__functions.c
[8.023s] -- Up-to-date: /home/rmitaiil/aiil_workspace/humble_workspace/src/on_UR5e/install/par_utils/include/par_utils/par_utils/action/detail/gripper_grip__functions.c
[8.023s] -- Up-to-date: /home/rmitaiil/aiil_workspace/humble_workspace/src/on_UR5e/install/par_utils/include/par_utils/par_utils/action/detail/gripper_grip__functions.h
[8.023s] -- Installing: /home/rmitaiil/aiil_workspace/humble_workspace/src/on_UR5e/install/par_utils/include/par_utils/par_utils/action/detail/gripper_set_width__type_support.h
[8.023s] -- Up-to-date: /home/rmitaiil/aiil_workspace/humble_workspace/src/on_UR5e/install/par_utils/include/par_utils/par_utils/action/detail/gripper_grip__struct.h
[8.023s] -- Up-to-date: /home/rmitaiil/aiil_workspace/humble_workspace/src/on_UR5e/install/par_utils/include/par_utils/par_utils/action/detail/gripper_grip__type_support.h
[8.023s] -- Installing: /home/rmitaiil/aiil_workspace/humble_workspace/src/on_UR5e/install/par_utils/include/par_utils/par_utils/action/detail/gripper_set_width__functions.h
[8.023s] -- Installing: /home/rmitaiil/aiil_workspace/humble_workspace/src/on_UR5e/install/par_utils/include/par_utils/par_utils/action/gripper_set_width.h
[8.024s] -- Up-to-date: /home/rmitaiil/aiil_workspace/humble_workspace/src/on_UR5e/install/par_utils/include/par_utils/par_utils/action/gripper_grip.h
[8.024s] -- Up-to-date: /home/rmitaiil/aiil_workspace/humble_workspace/src/on_UR5e/install/par_utils/share/par_utils/environment/library_path.sh
[8.024s] -- Installing: /home/rmitaiil/aiil_workspace/humble_workspace/src/on_UR5e/install/par_utils/share/par_utils/environment/library_path.dsv
[8.025s] -- Installing: /home/rmitaiil/aiil_workspace/humble_workspace/src/on_UR5e/install/par_utils/lib/libpar_utils__rosidl_generator_c.so
[8.026s] -- Set runtime path of "/home/rmitaiil/aiil_workspace/humble_workspace/src/on_UR5e/install/par_utils/lib/libpar_utils__rosidl_generator_c.so" to ""
[8.026s] -- Up-to-date: /home/rmitaiil/aiil_workspace/humble_workspace/src/on_UR5e/install/par_utils/include/par_utils/par_utils
[8.027s] -- Up-to-date: /home/rmitaiil/aiil_workspace/humble_workspace/src/on_UR5e/install/par_utils/include/par_utils/par_utils/msg
[8.027s] -- Up-to-date: /home/rmitaiil/aiil_workspace/humble_workspace/src/on_UR5e/install/par_utils/include/par_utils/par_utils/msg/detail
[8.027s] -- Installing: /home/rmitaiil/aiil_workspace/humble_workspace/src/on_UR5e/install/par_utils/include/par_utils/par_utils/msg/detail/gripper_info__rosidl_typesupport_fastrtps_c.h
[8.027s] -- Up-to-date: /home/rmitaiil/aiil_workspace/humble_workspace/src/on_UR5e/install/par_utils/include/par_utils/par_utils/msg/rosidl_typesupport_fastrtps_c__visibility_control.h
[8.027s] -- Up-to-date: /home/rmitaiil/aiil_workspace/humble_workspace/src/on_UR5e/install/par_utils/include/par_utils/par_utils/action
[8.028s] -- Up-to-date: /home/rmitaiil/aiil_workspace/humble_workspace/src/on_UR5e/install/par_utils/include/par_utils/par_utils/action/detail
[8.028s] -- Installing: /home/rmitaiil/aiil_workspace/humble_workspace/src/on_UR5e/install/par_utils/include/par_utils/par_utils/action/detail/gripper_set_width__rosidl_typesupport_fastrtps_c.h
[8.028s] -- Up-to-date: /home/rmitaiil/aiil_workspace/humble_workspace/src/on_UR5e/install/par_utils/include/par_utils/par_utils/action/detail/gripper_grip__rosidl_typesupport_fastrtps_c.h
[8.029s] -- Installing: /home/rmitaiil/aiil_workspace/humble_workspace/src/on_UR5e/install/par_utils/lib/libpar_utils__rosidl_typesupport_fastrtps_c.so
[8.030s] -- Set runtime path of "/home/rmitaiil/aiil_workspace/humble_workspace/src/on_UR5e/install/par_utils/lib/libpar_utils__rosidl_typesupport_fastrtps_c.so" to ""
[8.030s] -- Up-to-date: /home/rmitaiil/aiil_workspace/humble_workspace/src/on_UR5e/install/par_utils/include/par_utils/par_utils
[8.031s] -- Up-to-date: /home/rmitaiil/aiil_workspace/humble_workspace/src/on_UR5e/install/par_utils/include/par_utils/par_utils/msg
[8.031s] -- Up-to-date: /home/rmitaiil/aiil_workspace/humble_workspace/src/on_UR5e/install/par_utils/include/par_utils/par_utils/msg/rosidl_typesupport_introspection_c__visibility_control.h
[8.031s] -- Up-to-date: /home/rmitaiil/aiil_workspace/humble_workspace/src/on_UR5e/install/par_utils/include/par_utils/par_utils/msg/detail
[8.031s] -- Installing: /home/rmitaiil/aiil_workspace/humble_workspace/src/on_UR5e/install/par_utils/include/par_utils/par_utils/msg/detail/gripper_info__rosidl_typesupport_introspection_c.h
[8.032s] -- Installing: /home/rmitaiil/aiil_workspace/humble_workspace/src/on_UR5e/install/par_utils/include/par_utils/par_utils/msg/detail/gripper_info__type_support.c
[8.032s] -- Up-to-date: /home/rmitaiil/aiil_workspace/humble_workspace/src/on_UR5e/install/par_utils/include/par_utils/par_utils/action
[8.032s] -- Up-to-date: /home/rmitaiil/aiil_workspace/humble_workspace/src/on_UR5e/install/par_utils/include/par_utils/par_utils/action/detail
[8.033s] -- Up-to-date: /home/rmitaiil/aiil_workspace/humble_workspace/src/on_UR5e/install/par_utils/include/par_utils/par_utils/action/detail/gripper_grip__type_support.c
[8.033s] -- Up-to-date: /home/rmitaiil/aiil_workspace/humble_workspace/src/on_UR5e/install/par_utils/include/par_utils/par_utils/action/detail/gripper_grip__rosidl_typesupport_introspection_c.h
[8.033s] -- Installing: /home/rmitaiil/aiil_workspace/humble_workspace/src/on_UR5e/install/par_utils/include/par_utils/par_utils/action/detail/gripper_set_width__rosidl_typesupport_introspection_c.h
[8.033s] -- Installing: /home/rmitaiil/aiil_workspace/humble_workspace/src/on_UR5e/install/par_utils/include/par_utils/par_utils/action/detail/gripper_set_width__type_support.c
[8.034s] -- Installing: /home/rmitaiil/aiil_workspace/humble_workspace/src/on_UR5e/install/par_utils/lib/libpar_utils__rosidl_typesupport_introspection_c.so
[8.035s] -- Set runtime path of "/home/rmitaiil/aiil_workspace/humble_workspace/src/on_UR5e/install/par_utils/lib/libpar_utils__rosidl_typesupport_introspection_c.so" to ""
[8.035s] -- Installing: /home/rmitaiil/aiil_workspace/humble_workspace/src/on_UR5e/install/par_utils/lib/libpar_utils__rosidl_typesupport_c.so
[8.036s] -- Set runtime path of "/home/rmitaiil/aiil_workspace/humble_workspace/src/on_UR5e/install/par_utils/lib/libpar_utils__rosidl_typesupport_c.so" to ""
[8.036s] -- Up-to-date: /home/rmitaiil/aiil_workspace/humble_workspace/src/on_UR5e/install/par_utils/include/par_utils/par_utils
[8.036s] -- Up-to-date: /home/rmitaiil/aiil_workspace/humble_workspace/src/on_UR5e/install/par_utils/include/par_utils/par_utils/msg
[8.037s] -- Up-to-date: /home/rmitaiil/aiil_workspace/humble_workspace/src/on_UR5e/install/par_utils/include/par_utils/par_utils/msg/detail
[8.037s] -- Installing: /home/rmitaiil/aiil_workspace/humble_workspace/src/on_UR5e/install/par_utils/include/par_utils/par_utils/msg/detail/gripper_info__traits.hpp
[8.037s] -- Installing: /home/rmitaiil/aiil_workspace/humble_workspace/src/on_UR5e/install/par_utils/include/par_utils/par_utils/msg/detail/gripper_info__struct.hpp
[8.038s] -- Installing: /home/rmitaiil/aiil_workspace/humble_workspace/src/on_UR5e/install/par_utils/include/par_utils/par_utils/msg/detail/gripper_info__builder.hpp
[8.038s] -- Installing: /home/rmitaiil/aiil_workspace/humble_workspace/src/on_UR5e/install/par_utils/include/par_utils/par_utils/msg/gripper_info.hpp
[8.038s] -- Up-to-date: /home/rmitaiil/aiil_workspace/humble_workspace/src/on_UR5e/install/par_utils/include/par_utils/par_utils/action
[8.038s] -- Up-to-date: /home/rmitaiil/aiil_workspace/humble_workspace/src/on_UR5e/install/par_utils/include/par_utils/par_utils/action/detail
[8.039s] -- Installing: /home/rmitaiil/aiil_workspace/humble_workspace/src/on_UR5e/install/par_utils/include/par_utils/par_utils/action/detail/gripper_set_width__builder.hpp
[8.039s] -- Installing: /home/rmitaiil/aiil_workspace/humble_workspace/src/on_UR5e/install/par_utils/include/par_utils/par_utils/action/detail/gripper_set_width__struct.hpp
[8.039s] -- Installing: /home/rmitaiil/aiil_workspace/humble_workspace/src/on_UR5e/install/par_utils/include/par_utils/par_utils/action/detail/gripper_set_width__traits.hpp
[8.040s] -- Up-to-date: /home/rmitaiil/aiil_workspace/humble_workspace/src/on_UR5e/install/par_utils/include/par_utils/par_utils/action/detail/gripper_grip__traits.hpp
[8.040s] -- Up-to-date: /home/rmitaiil/aiil_workspace/humble_workspace/src/on_UR5e/install/par_utils/include/par_utils/par_utils/action/detail/gripper_grip__struct.hpp
[8.040s] -- Up-to-date: /home/rmitaiil/aiil_workspace/humble_workspace/src/on_UR5e/install/par_utils/include/par_utils/par_utils/action/detail/gripper_grip__builder.hpp
[8.040s] -- Installing: /home/rmitaiil/aiil_workspace/humble_workspace/src/on_UR5e/install/par_utils/include/par_utils/par_utils/action/gripper_set_width.hpp
[8.041s] -- Up-to-date: /home/rmitaiil/aiil_workspace/humble_workspace/src/on_UR5e/install/par_utils/include/par_utils/par_utils/action/gripper_grip.hpp
[8.041s] -- Up-to-date: /home/rmitaiil/aiil_workspace/humble_workspace/src/on_UR5e/install/par_utils/include/par_utils/par_utils
[8.041s] -- Up-to-date: /home/rmitaiil/aiil_workspace/humble_workspace/src/on_UR5e/install/par_utils/include/par_utils/par_utils/msg
[8.042s] -- Up-to-date: /home/rmitaiil/aiil_workspace/humble_workspace/src/on_UR5e/install/par_utils/include/par_utils/par_utils/msg/rosidl_typesupport_fastrtps_cpp__visibility_control.h
[8.042s] -- Up-to-date: /home/rmitaiil/aiil_workspace/humble_workspace/src/on_UR5e/install/par_utils/include/par_utils/par_utils/msg/detail
[8.042s] -- Installing: /home/rmitaiil/aiil_workspace/humble_workspace/src/on_UR5e/install/par_utils/include/par_utils/par_utils/msg/detail/gripper_info__rosidl_typesupport_fastrtps_cpp.hpp
[8.042s] -- Up-to-date: /home/rmitaiil/aiil_workspace/humble_workspace/src/on_UR5e/install/par_utils/include/par_utils/par_utils/msg/detail/dds_fastrtps
[8.043s] -- Up-to-date: /home/rmitaiil/aiil_workspace/humble_workspace/src/on_UR5e/install/par_utils/include/par_utils/par_utils/action
[8.043s] -- Up-to-date: /home/rmitaiil/aiil_workspace/humble_workspace/src/on_UR5e/install/par_utils/include/par_utils/par_utils/action/detail
[8.044s] -- Up-to-date: /home/rmitaiil/aiil_workspace/humble_workspace/src/on_UR5e/install/par_utils/include/par_utils/par_utils/action/detail/dds_fastrtps
[8.045s] -- Up-to-date: /home/rmitaiil/aiil_workspace/humble_workspace/src/on_UR5e/install/par_utils/include/par_utils/par_utils/action/detail/gripper_grip__rosidl_typesupport_fastrtps_cpp.hpp
[8.045s] -- Installing: /home/rmitaiil/aiil_workspace/humble_workspace/src/on_UR5e/install/par_utils/include/par_utils/par_utils/action/detail/gripper_set_width__rosidl_typesupport_fastrtps_cpp.hpp
[8.046s] -- Installing: /home/rmitaiil/aiil_workspace/humble_workspace/src/on_UR5e/install/par_utils/lib/libpar_utils__rosidl_typesupport_fastrtps_cpp.so
[8.047s] -- Set runtime path of "/home/rmitaiil/aiil_workspace/humble_workspace/src/on_UR5e/install/par_utils/lib/libpar_utils__rosidl_typesupport_fastrtps_cpp.so" to ""
[8.047s] -- Up-to-date: /home/rmitaiil/aiil_workspace/humble_workspace/src/on_UR5e/install/par_utils/include/par_utils/par_utils
[8.047s] -- Up-to-date: /home/rmitaiil/aiil_workspace/humble_workspace/src/on_UR5e/install/par_utils/include/par_utils/par_utils/msg
[8.047s] -- Up-to-date: /home/rmitaiil/aiil_workspace/humble_workspace/src/on_UR5e/install/par_utils/include/par_utils/par_utils/msg/detail
[8.048s] -- Installing: /home/rmitaiil/aiil_workspace/humble_workspace/src/on_UR5e/install/par_utils/include/par_utils/par_utils/msg/detail/gripper_info__type_support.cpp
[8.048s] -- Installing: /home/rmitaiil/aiil_workspace/humble_workspace/src/on_UR5e/install/par_utils/include/par_utils/par_utils/msg/detail/gripper_info__rosidl_typesupport_introspection_cpp.hpp
[8.048s] -- Up-to-date: /home/rmitaiil/aiil_workspace/humble_workspace/src/on_UR5e/install/par_utils/include/par_utils/par_utils/action
[8.049s] -- Up-to-date: /home/rmitaiil/aiil_workspace/humble_workspace/src/on_UR5e/install/par_utils/include/par_utils/par_utils/action/detail
[8.049s] -- Installing: /home/rmitaiil/aiil_workspace/humble_workspace/src/on_UR5e/install/par_utils/include/par_utils/par_utils/action/detail/gripper_set_width__rosidl_typesupport_introspection_cpp.hpp
[8.049s] -- Installing: /home/rmitaiil/aiil_workspace/humble_workspace/src/on_UR5e/install/par_utils/include/par_utils/par_utils/action/detail/gripper_set_width__type_support.cpp
[8.050s] -- Up-to-date: /home/rmitaiil/aiil_workspace/humble_workspace/src/on_UR5e/install/par_utils/include/par_utils/par_utils/action/detail/gripper_grip__type_support.cpp
[8.050s] -- Up-to-date: /home/rmitaiil/aiil_workspace/humble_workspace/src/on_UR5e/install/par_utils/include/par_utils/par_utils/action/detail/gripper_grip__rosidl_typesupport_introspection_cpp.hpp
[8.052s] -- Installing: /home/rmitaiil/aiil_workspace/humble_workspace/src/on_UR5e/install/par_utils/lib/libpar_utils__rosidl_typesupport_introspection_cpp.so
[8.053s] -- Set runtime path of "/home/rmitaiil/aiil_workspace/humble_workspace/src/on_UR5e/install/par_utils/lib/libpar_utils__rosidl_typesupport_introspection_cpp.so" to ""
[8.057s] -- Installing: /home/rmitaiil/aiil_workspace/humble_workspace/src/on_UR5e/install/par_utils/lib/libpar_utils__rosidl_typesupport_cpp.so
[8.058s] -- Set runtime path of "/home/rmitaiil/aiil_workspace/humble_workspace/src/on_UR5e/install/par_utils/lib/libpar_utils__rosidl_typesupport_cpp.so" to ""
[8.059s] -- Up-to-date: /home/rmitaiil/aiil_workspace/humble_workspace/src/on_UR5e/install/par_utils/share/par_utils/environment/pythonpath.sh
[8.059s] -- Installing: /home/rmitaiil/aiil_workspace/humble_workspace/src/on_UR5e/install/par_utils/share/par_utils/environment/pythonpath.dsv
[8.060s] -- Up-to-date: /home/rmitaiil/aiil_workspace/humble_workspace/src/on_UR5e/install/par_utils/local/lib/python3.10/dist-packages/par_utils-0.0.0-py3.10.egg-info
[8.061s] -- Installing: /home/rmitaiil/aiil_workspace/humble_workspace/src/on_UR5e/install/par_utils/local/lib/python3.10/dist-packages/par_utils-0.0.0-py3.10.egg-info/top_level.txt
[8.061s] -- Installing: /home/rmitaiil/aiil_workspace/humble_workspace/src/on_UR5e/install/par_utils/local/lib/python3.10/dist-packages/par_utils-0.0.0-py3.10.egg-info/PKG-INFO
[8.062s] -- Installing: /home/rmitaiil/aiil_workspace/humble_workspace/src/on_UR5e/install/par_utils/local/lib/python3.10/dist-packages/par_utils-0.0.0-py3.10.egg-info/SOURCES.txt
[8.062s] -- Installing: /home/rmitaiil/aiil_workspace/humble_workspace/src/on_UR5e/install/par_utils/local/lib/python3.10/dist-packages/par_utils-0.0.0-py3.10.egg-info/dependency_links.txt
[8.064s] -- Up-to-date: /home/rmitaiil/aiil_workspace/humble_workspace/src/on_UR5e/install/par_utils/local/lib/python3.10/dist-packages/par_utils
[8.065s] -- Installing: /home/rmitaiil/aiil_workspace/humble_workspace/src/on_UR5e/install/par_utils/local/lib/python3.10/dist-packages/par_utils/__init__.py
[8.065s] -- Up-to-date: /home/rmitaiil/aiil_workspace/humble_workspace/src/on_UR5e/install/par_utils/local/lib/python3.10/dist-packages/par_utils/msg
[8.065s] -- Installing: /home/rmitaiil/aiil_workspace/humble_workspace/src/on_UR5e/install/par_utils/local/lib/python3.10/dist-packages/par_utils/msg/__init__.py
[8.066s] -- Installing: /home/rmitaiil/aiil_workspace/humble_workspace/src/on_UR5e/install/par_utils/local/lib/python3.10/dist-packages/par_utils/msg/_gripper_info_s.c
[8.066s] -- Installing: /home/rmitaiil/aiil_workspace/humble_workspace/src/on_UR5e/install/par_utils/local/lib/python3.10/dist-packages/par_utils/msg/_gripper_info.py
[8.066s] -- Installing: /home/rmitaiil/aiil_workspace/humble_workspace/src/on_UR5e/install/par_utils/local/lib/python3.10/dist-packages/par_utils/par_utils_s__rosidl_typesupport_introspection_c.cpython-310-x86_64-linux-gnu.so
[8.067s] -- Installing: /home/rmitaiil/aiil_workspace/humble_workspace/src/on_UR5e/install/par_utils/local/lib/python3.10/dist-packages/par_utils/_par_utils_s.ep.rosidl_typesupport_introspection_c.c
[8.068s] -- Installing: /home/rmitaiil/aiil_workspace/humble_workspace/src/on_UR5e/install/par_utils/local/lib/python3.10/dist-packages/par_utils/par_utils_s__rosidl_typesupport_c.cpython-310-x86_64-linux-gnu.so
[8.068s] -- Installing: /home/rmitaiil/aiil_workspace/humble_workspace/src/on_UR5e/install/par_utils/local/lib/python3.10/dist-packages/par_utils/_par_utils_s.ep.rosidl_typesupport_fastrtps_c.c
[8.069s] -- Up-to-date: /home/rmitaiil/aiil_workspace/humble_workspace/src/on_UR5e/install/par_utils/local/lib/python3.10/dist-packages/par_utils/action
[8.069s] -- Installing: /home/rmitaiil/aiil_workspace/humble_workspace/src/on_UR5e/install/par_utils/local/lib/python3.10/dist-packages/par_utils/action/__init__.py
[8.069s] -- Installing: /home/rmitaiil/aiil_workspace/humble_workspace/src/on_UR5e/install/par_utils/local/lib/python3.10/dist-packages/par_utils/action/_gripper_set_width_s.c
[8.070s] -- Up-to-date: /home/rmitaiil/aiil_workspace/humble_workspace/src/on_UR5e/install/par_utils/local/lib/python3.10/dist-packages/par_utils/action/_gripper_grip_s.c
[8.070s] -- Installing: /home/rmitaiil/aiil_workspace/humble_workspace/src/on_UR5e/install/par_utils/local/lib/python3.10/dist-packages/par_utils/action/_gripper_set_width.py
[8.070s] -- Up-to-date: /home/rmitaiil/aiil_workspace/humble_workspace/src/on_UR5e/install/par_utils/local/lib/python3.10/dist-packages/par_utils/action/_gripper_grip.py
[8.071s] -- Installing: /home/rmitaiil/aiil_workspace/humble_workspace/src/on_UR5e/install/par_utils/local/lib/python3.10/dist-packages/par_utils/par_utils_s__rosidl_typesupport_fastrtps_c.cpython-310-x86_64-linux-gnu.so
[8.071s] -- Installing: /home/rmitaiil/aiil_workspace/humble_workspace/src/on_UR5e/install/par_utils/local/lib/python3.10/dist-packages/par_utils/_par_utils_s.ep.rosidl_typesupport_c.c
[8.072s] -- Installing: /home/rmitaiil/aiil_workspace/humble_workspace/src/on_UR5e/install/par_utils/local/lib/python3.10/dist-packages/par_utils/libpar_utils__rosidl_generator_py.so
[8.135s] Listing '/home/rmitaiil/aiil_workspace/humble_workspace/src/on_UR5e/install/par_utils/local/lib/python3.10/dist-packages/par_utils'...
[8.135s] Compiling '/home/rmitaiil/aiil_workspace/humble_workspace/src/on_UR5e/install/par_utils/local/lib/python3.10/dist-packages/par_utils/__init__.py'...
[8.135s] Listing '/home/rmitaiil/aiil_workspace/humble_workspace/src/on_UR5e/install/par_utils/local/lib/python3.10/dist-packages/par_utils/action'...
[8.135s] Compiling '/home/rmitaiil/aiil_workspace/humble_workspace/src/on_UR5e/install/par_utils/local/lib/python3.10/dist-packages/par_utils/action/__init__.py'...
[8.135s] Compiling '/home/rmitaiil/aiil_workspace/humble_workspace/src/on_UR5e/install/par_utils/local/lib/python3.10/dist-packages/par_utils/action/_gripper_set_width.py'...
[8.135s] Listing '/home/rmitaiil/aiil_workspace/humble_workspace/src/on_UR5e/install/par_utils/local/lib/python3.10/dist-packages/par_utils/msg'...
[8.135s] Compiling '/home/rmitaiil/aiil_workspace/humble_workspace/src/on_UR5e/install/par_utils/local/lib/python3.10/dist-packages/par_utils/msg/__init__.py'...
[8.135s] Compiling '/home/rmitaiil/aiil_workspace/humble_workspace/src/on_UR5e/install/par_utils/local/lib/python3.10/dist-packages/par_utils/msg/_gripper_info.py'...
[8.138s] -- Installing: /home/rmitaiil/aiil_workspace/humble_workspace/src/on_UR5e/install/par_utils/local/lib/python3.10/dist-packages/par_utils/par_utils_s__rosidl_typesupport_fastrtps_c.cpython-310-x86_64-linux-gnu.so
[8.138s] -- Set runtime path of "/home/rmitaiil/aiil_workspace/humble_workspace/src/on_UR5e/install/par_utils/local/lib/python3.10/dist-packages/par_utils/par_utils_s__rosidl_typesupport_fastrtps_c.cpython-310-x86_64-linux-gnu.so" to ""
[8.139s] -- Installing: /home/rmitaiil/aiil_workspace/humble_workspace/src/on_UR5e/install/par_utils/local/lib/python3.10/dist-packages/par_utils/par_utils_s__rosidl_typesupport_introspection_c.cpython-310-x86_64-linux-gnu.so
[8.139s] -- Set runtime path of "/home/rmitaiil/aiil_workspace/humble_workspace/src/on_UR5e/install/par_utils/local/lib/python3.10/dist-packages/par_utils/par_utils_s__rosidl_typesupport_introspection_c.cpython-310-x86_64-linux-gnu.so" to ""
[8.140s] -- Installing: /home/rmitaiil/aiil_workspace/humble_workspace/src/on_UR5e/install/par_utils/local/lib/python3.10/dist-packages/par_utils/par_utils_s__rosidl_typesupport_c.cpython-310-x86_64-linux-gnu.so
[8.141s] -- Set runtime path of "/home/rmitaiil/aiil_workspace/humble_workspace/src/on_UR5e/install/par_utils/local/lib/python3.10/dist-packages/par_utils/par_utils_s__rosidl_typesupport_c.cpython-310-x86_64-linux-gnu.so" to ""
[8.141s] -- Installing: /home/rmitaiil/aiil_workspace/humble_workspace/src/on_UR5e/install/par_utils/lib/libpar_utils__rosidl_generator_py.so
[8.142s] -- Set runtime path of "/home/rmitaiil/aiil_workspace/humble_workspace/src/on_UR5e/install/par_utils/lib/libpar_utils__rosidl_generator_py.so" to ""
[8.142s] -- Installing: /home/rmitaiil/aiil_workspace/humble_workspace/src/on_UR5e/install/par_utils/share/par_utils/action/GripperSetWidth.idl
[8.143s] -- Up-to-date: /home/rmitaiil/aiil_workspace/humble_workspace/src/on_UR5e/install/par_utils/share/par_utils/msg/GripperInfo.idl
[8.143s] -- Installing: /home/rmitaiil/aiil_workspace/humble_workspace/src/on_UR5e/install/par_utils/share/par_utils/action/GripperSetWidth.action
[8.143s] -- Up-to-date: /home/rmitaiil/aiil_workspace/humble_workspace/src/on_UR5e/install/par_utils/share/par_utils/msg/GripperInfo.msg
[8.144s] -- Up-to-date: /home/rmitaiil/aiil_workspace/humble_workspace/src/on_UR5e/install/par_utils/share/ament_index/resource_index/package_run_dependencies/par_utils
[8.144s] -- Installing: /home/rmitaiil/aiil_workspace/humble_workspace/src/on_UR5e/install/par_utils/share/ament_index/resource_index/parent_prefix_path/par_utils
[8.145s] -- Up-to-date: /home/rmitaiil/aiil_workspace/humble_workspace/src/on_UR5e/install/par_utils/share/par_utils/environment/ament_prefix_path.sh
[8.145s] -- Installing: /home/rmitaiil/aiil_workspace/humble_workspace/src/on_UR5e/install/par_utils/share/par_utils/environment/ament_prefix_path.dsv
[8.145s] -- Up-to-date: /home/rmitaiil/aiil_workspace/humble_workspace/src/on_UR5e/install/par_utils/share/par_utils/environment/path.sh
[8.145s] -- Installing: /home/rmitaiil/aiil_workspace/humble_workspace/src/on_UR5e/install/par_utils/share/par_utils/environment/path.dsv
[8.146s] -- Up-to-date: /home/rmitaiil/aiil_workspace/humble_workspace/src/on_UR5e/install/par_utils/share/par_utils/local_setup.bash
[8.146s] -- Up-to-date: /home/rmitaiil/aiil_workspace/humble_workspace/src/on_UR5e/install/par_utils/share/par_utils/local_setup.sh
[8.146s] -- Up-to-date: /home/rmitaiil/aiil_workspace/humble_workspace/src/on_UR5e/install/par_utils/share/par_utils/local_setup.zsh
[8.146s] -- Installing: /home/rmitaiil/aiil_workspace/humble_workspace/src/on_UR5e/install/par_utils/share/par_utils/local_setup.dsv
[8.147s] -- Installing: /home/rmitaiil/aiil_workspace/humble_workspace/src/on_UR5e/install/par_utils/share/par_utils/package.dsv
[8.147s] -- Up-to-date: /home/rmitaiil/aiil_workspace/humble_workspace/src/on_UR5e/install/par_utils/share/ament_index/resource_index/packages/par_utils
[8.148s] -- Up-to-date: /home/rmitaiil/aiil_workspace/humble_workspace/src/on_UR5e/install/par_utils/share/par_utils/cmake/export_par_utils__rosidl_generator_cExport.cmake
[8.148s] -- Up-to-date: /home/rmitaiil/aiil_workspace/humble_workspace/src/on_UR5e/install/par_utils/share/par_utils/cmake/export_par_utils__rosidl_generator_cExport-noconfig.cmake
[8.152s] -- Up-to-date: /home/rmitaiil/aiil_workspace/humble_workspace/src/on_UR5e/install/par_utils/share/par_utils/cmake/export_par_utils__rosidl_typesupport_fastrtps_cExport.cmake
[8.152s] -- Up-to-date: /home/rmitaiil/aiil_workspace/humble_workspace/src/on_UR5e/install/par_utils/share/par_utils/cmake/export_par_utils__rosidl_typesupport_fastrtps_cExport-noconfig.cmake
[8.153s] -- Up-to-date: /home/rmitaiil/aiil_workspace/humble_workspace/src/on_UR5e/install/par_utils/share/par_utils/cmake/par_utils__rosidl_typesupport_introspection_cExport.cmake
[8.153s] -- Up-to-date: /home/rmitaiil/aiil_workspace/humble_workspace/src/on_UR5e/install/par_utils/share/par_utils/cmake/par_utils__rosidl_typesupport_introspection_cExport-noconfig.cmake
[8.153s] -- Up-to-date: /home/rmitaiil/aiil_workspace/humble_workspace/src/on_UR5e/install/par_utils/share/par_utils/cmake/par_utils__rosidl_typesupport_cExport.cmake
[8.153s] -- Up-to-date: /home/rmitaiil/aiil_workspace/humble_workspace/src/on_UR5e/install/par_utils/share/par_utils/cmake/par_utils__rosidl_typesupport_cExport-noconfig.cmake
[8.154s] -- Up-to-date: /home/rmitaiil/aiil_workspace/humble_workspace/src/on_UR5e/install/par_utils/share/par_utils/cmake/export_par_utils__rosidl_generator_cppExport.cmake
[8.154s] -- Up-to-date: /home/rmitaiil/aiil_workspace/humble_workspace/src/on_UR5e/install/par_utils/share/par_utils/cmake/export_par_utils__rosidl_typesupport_fastrtps_cppExport.cmake
[8.154s] -- Up-to-date: /home/rmitaiil/aiil_workspace/humble_workspace/src/on_UR5e/install/par_utils/share/par_utils/cmake/export_par_utils__rosidl_typesupport_fastrtps_cppExport-noconfig.cmake
[8.154s] -- Up-to-date: /home/rmitaiil/aiil_workspace/humble_workspace/src/on_UR5e/install/par_utils/share/par_utils/cmake/par_utils__rosidl_typesupport_introspection_cppExport.cmake
[8.154s] -- Up-to-date: /home/rmitaiil/aiil_workspace/humble_workspace/src/on_UR5e/install/par_utils/share/par_utils/cmake/par_utils__rosidl_typesupport_introspection_cppExport-noconfig.cmake
[8.155s] -- Up-to-date: /home/rmitaiil/aiil_workspace/humble_workspace/src/on_UR5e/install/par_utils/share/par_utils/cmake/par_utils__rosidl_typesupport_cppExport.cmake
[8.155s] -- Up-to-date: /home/rmitaiil/aiil_workspace/humble_workspace/src/on_UR5e/install/par_utils/share/par_utils/cmake/par_utils__rosidl_typesupport_cppExport-noconfig.cmake
[8.155s] -- Up-to-date: /home/rmitaiil/aiil_workspace/humble_workspace/src/on_UR5e/install/par_utils/share/par_utils/cmake/export_par_utils__rosidl_generator_pyExport.cmake
[8.156s] -- Up-to-date: /home/rmitaiil/aiil_workspace/humble_workspace/src/on_UR5e/install/par_utils/share/par_utils/cmake/export_par_utils__rosidl_generator_pyExport-noconfig.cmake
[8.156s] -- Up-to-date: /home/rmitaiil/aiil_workspace/humble_workspace/src/on_UR5e/install/par_utils/share/par_utils/cmake/rosidl_cmake-extras.cmake
[8.156s] -- Up-to-date: /home/rmitaiil/aiil_workspace/humble_workspace/src/on_UR5e/install/par_utils/share/par_utils/cmake/ament_cmake_export_dependencies-extras.cmake
[8.156s] -- Up-to-date: /home/rmitaiil/aiil_workspace/humble_workspace/src/on_UR5e/install/par_utils/share/par_utils/cmake/ament_cmake_export_include_directories-extras.cmake
[8.160s] -- Up-to-date: /home/rmitaiil/aiil_workspace/humble_workspace/src/on_UR5e/install/par_utils/share/par_utils/cmake/ament_cmake_export_libraries-extras.cmake
[8.160s] -- Up-to-date: /home/rmitaiil/aiil_workspace/humble_workspace/src/on_UR5e/install/par_utils/share/par_utils/cmake/ament_cmake_export_targets-extras.cmake
[8.161s] -- Up-to-date: /home/rmitaiil/aiil_workspace/humble_workspace/src/on_UR5e/install/par_utils/share/par_utils/cmake/rosidl_cmake_export_typesupport_targets-extras.cmake
[8.161s] -- Up-to-date: /home/rmitaiil/aiil_workspace/humble_workspace/src/on_UR5e/install/par_utils/share/par_utils/cmake/rosidl_cmake_export_typesupport_libraries-extras.cmake
[8.161s] -- Up-to-date: /home/rmitaiil/aiil_workspace/humble_workspace/src/on_UR5e/install/par_utils/share/par_utils/cmake/par_utilsConfig.cmake
[8.162s] -- Up-to-date: /home/rmitaiil/aiil_workspace/humble_workspace/src/on_UR5e/install/par_utils/share/par_utils/cmake/par_utilsConfig-version.cmake
[8.162s] -- Up-to-date: /home/rmitaiil/aiil_workspace/humble_workspace/src/on_UR5e/install/par_utils/share/par_utils/package.xml
[8.170s] Invoked command in '/home/rmitaiil/aiil_workspace/humble_workspace/src/on_UR5e/build/par_utils' returned '0': CMAKE_PREFIX_PATH=${CMAKE_PREFIX_PATH}:/home/rmitaiil/aiil_workspace/humble_workspace/src/on_UR5e/install/par_pkg:/home/rmitaiil/aiil_workspace/humble_workspace/install/snc_pkg:/home/rmitaiil/aiil_workspace/humble_workspace/install/onrobot_testing:/home/rmitaiil/aiil_workspace/humble_workspace/install/aiil_rosbot_demo:/home/rmitaiil/aiil_workspace/humble_workspace/install/aiil_gazebo:/opt/ros/humble /usr/bin/cmake --install /home/rmitaiil/aiil_workspace/humble_workspace/src/on_UR5e/build/par_utils
