[3.913s] DEBUG:colcon:Command line arguments: ['/usr/bin/colcon', 'build', '--packages-select', 'par_utils', 'par_pkg']
[3.913s] DEBUG:colcon:Parsed command line arguments: Namespace(log_base=None, log_level=None, verb_name='build', build_base='build', install_base='install', merge_install=False, symlink_install=False, test_result_base=None, continue_on_error=False, executor='parallel', parallel_workers=8, event_handlers=None, ignore_user_meta=False, metas=['./colcon.meta'], base_paths=['.'], packages_ignore=None, packages_ignore_regex=None, paths=None, packages_up_to=None, packages_up_to_regex=None, packages_above=None, packages_above_and_dependencies=None, packages_above_depth=None, packages_select_by_dep=None, packages_skip_by_dep=None, packages_skip_up_to=None, packages_select_build_failed=False, packages_skip_build_finished=False, packages_select_test_failures=False, packages_skip_test_passed=False, packages_select=['par_utils', 'par_pkg'], packages_skip=None, packages_select_regex=None, packages_skip_regex=None, packages_start=None, packages_end=None, allow_overriding=[], cmake_args=None, cmake_target=None, cmake_target_skip_unavailable=False, cmake_clean_cache=False, cmake_clean_first=False, cmake_force_configure=False, ament_cmake_args=None, catkin_cmake_args=None, catkin_skip_building_tests=False, mixin_files=None, mixin=None, verb_parser=<colcon_mixin.mixin.mixin_argument.MixinArgumentDecorator object at 0x72c8580f1b40>, verb_extension=<colcon_core.verb.build.BuildVerb object at 0x72c8580f2fb0>, main=<bound method BuildVerb.main of <colcon_core.verb.build.BuildVerb object at 0x72c8580f2fb0>>, mixin_verb=('build',))
[4.043s] Level 1:colcon.colcon_core.package_discovery:discover_packages(colcon_meta) check parameters
[4.044s] Level 1:colcon.colcon_core.package_discovery:discover_packages(recursive) check parameters
[4.044s] Level 1:colcon.colcon_core.package_discovery:discover_packages(ignore) check parameters
[4.044s] Level 1:colcon.colcon_core.package_discovery:discover_packages(path) check parameters
[4.044s] Level 1:colcon.colcon_core.package_discovery:discover_packages(colcon_meta) discover
[4.044s] Level 1:colcon.colcon_core.package_discovery:discover_packages(recursive) discover
[4.044s] INFO:colcon.colcon_core.package_discovery:Crawling recursively for packages in '/home/vxlab/on_UR5e'
[4.044s] Level 1:colcon.colcon_core.package_identification:_identify(.) by extensions ['ignore', 'ignore_ament_install']
[4.045s] Level 1:colcon.colcon_core.package_identification:_identify(.) by extension 'ignore'
[4.045s] Level 1:colcon.colcon_core.package_identification:_identify(.) by extension 'ignore_ament_install'
[4.045s] Level 1:colcon.colcon_core.package_identification:_identify(.) by extensions ['colcon_pkg']
[4.045s] Level 1:colcon.colcon_core.package_identification:_identify(.) by extension 'colcon_pkg'
[4.045s] Level 1:colcon.colcon_core.package_identification:_identify(.) by extensions ['colcon_meta']
[4.045s] Level 1:colcon.colcon_core.package_identification:_identify(.) by extension 'colcon_meta'
[4.045s] Level 1:colcon.colcon_core.package_identification:_identify(.) by extensions ['ros']
[4.045s] Level 1:colcon.colcon_core.package_identification:_identify(.) by extension 'ros'
[4.067s] Level 1:colcon.colcon_core.package_identification:_identify(.) by extensions ['cmake', 'python']
[4.067s] Level 1:colcon.colcon_core.package_identification:_identify(.) by extension 'cmake'
[4.067s] Level 1:colcon.colcon_core.package_identification:_identify(.) by extension 'python'
[4.068s] Level 1:colcon.colcon_core.package_identification:_identify(.) by extensions ['python_setup_py']
[4.068s] Level 1:colcon.colcon_core.package_identification:_identify(.) by extension 'python_setup_py'
[4.068s] Level 1:colcon.colcon_core.package_identification:_identify(build) by extensions ['ignore', 'ignore_ament_install']
[4.068s] Level 1:colcon.colcon_core.package_identification:_identify(build) by extension 'ignore'
[4.068s] Level 1:colcon.colcon_core.package_identification:_identify(build) ignored
[4.068s] Level 1:colcon.colcon_core.package_identification:_identify(graph_msgs) by extensions ['ignore', 'ignore_ament_install']
[4.069s] Level 1:colcon.colcon_core.package_identification:_identify(graph_msgs) by extension 'ignore'
[4.069s] Level 1:colcon.colcon_core.package_identification:_identify(graph_msgs) by extension 'ignore_ament_install'
[4.069s] Level 1:colcon.colcon_core.package_identification:_identify(graph_msgs) by extensions ['colcon_pkg']
[4.069s] Level 1:colcon.colcon_core.package_identification:_identify(graph_msgs) by extension 'colcon_pkg'
[4.069s] Level 1:colcon.colcon_core.package_identification:_identify(graph_msgs) by extensions ['colcon_meta']
[4.069s] Level 1:colcon.colcon_core.package_identification:_identify(graph_msgs) by extension 'colcon_meta'
[4.069s] Level 1:colcon.colcon_core.package_identification:_identify(graph_msgs) by extensions ['ros']
[4.069s] Level 1:colcon.colcon_core.package_identification:_identify(graph_msgs) by extension 'ros'
[4.069s] Level 1:colcon.colcon_core.package_identification:_identify(graph_msgs) by extensions ['cmake', 'python']
[4.069s] Level 1:colcon.colcon_core.package_identification:_identify(graph_msgs) by extension 'cmake'
[4.069s] Level 1:colcon.colcon_core.package_identification:_identify(graph_msgs) by extension 'python'
[4.070s] Level 1:colcon.colcon_core.package_identification:_identify(graph_msgs) by extensions ['python_setup_py']
[4.070s] Level 1:colcon.colcon_core.package_identification:_identify(graph_msgs) by extension 'python_setup_py'
[4.070s] Level 1:colcon.colcon_core.package_identification:_identify(hello_moveit_ur) by extensions ['ignore', 'ignore_ament_install']
[4.070s] Level 1:colcon.colcon_core.package_identification:_identify(hello_moveit_ur) by extension 'ignore'
[4.070s] Level 1:colcon.colcon_core.package_identification:_identify(hello_moveit_ur) by extension 'ignore_ament_install'
[4.070s] Level 1:colcon.colcon_core.package_identification:_identify(hello_moveit_ur) by extensions ['colcon_pkg']
[4.070s] Level 1:colcon.colcon_core.package_identification:_identify(hello_moveit_ur) by extension 'colcon_pkg'
[4.070s] Level 1:colcon.colcon_core.package_identification:_identify(hello_moveit_ur) by extensions ['colcon_meta']
[4.070s] Level 1:colcon.colcon_core.package_identification:_identify(hello_moveit_ur) by extension 'colcon_meta'
[4.070s] Level 1:colcon.colcon_core.package_identification:_identify(hello_moveit_ur) by extensions ['ros']
[4.070s] Level 1:colcon.colcon_core.package_identification:_identify(hello_moveit_ur) by extension 'ros'
[4.074s] DEBUG:colcon.colcon_core.package_identification:Package 'hello_moveit_ur' with type 'ros.ament_cmake' and name 'hello_moveit_ur'
[4.074s] Level 1:colcon.colcon_core.package_identification:_identify(install) by extensions ['ignore', 'ignore_ament_install']
[4.074s] Level 1:colcon.colcon_core.package_identification:_identify(install) by extension 'ignore'
[4.075s] Level 1:colcon.colcon_core.package_identification:_identify(install) ignored
[4.075s] Level 1:colcon.colcon_core.package_identification:_identify(log) by extensions ['ignore', 'ignore_ament_install']
[4.075s] Level 1:colcon.colcon_core.package_identification:_identify(log) by extension 'ignore'
[4.075s] Level 1:colcon.colcon_core.package_identification:_identify(log) ignored
[4.075s] Level 1:colcon.colcon_core.package_identification:_identify(moveit_visual_tools) by extensions ['ignore', 'ignore_ament_install']
[4.075s] Level 1:colcon.colcon_core.package_identification:_identify(moveit_visual_tools) by extension 'ignore'
[4.075s] Level 1:colcon.colcon_core.package_identification:_identify(moveit_visual_tools) by extension 'ignore_ament_install'
[4.076s] Level 1:colcon.colcon_core.package_identification:_identify(moveit_visual_tools) by extensions ['colcon_pkg']
[4.076s] Level 1:colcon.colcon_core.package_identification:_identify(moveit_visual_tools) by extension 'colcon_pkg'
[4.076s] Level 1:colcon.colcon_core.package_identification:_identify(moveit_visual_tools) by extensions ['colcon_meta']
[4.076s] Level 1:colcon.colcon_core.package_identification:_identify(moveit_visual_tools) by extension 'colcon_meta'
[4.076s] Level 1:colcon.colcon_core.package_identification:_identify(moveit_visual_tools) by extensions ['ros']
[4.076s] Level 1:colcon.colcon_core.package_identification:_identify(moveit_visual_tools) by extension 'ros'
[4.076s] Level 1:colcon.colcon_core.package_identification:_identify(moveit_visual_tools) by extensions ['cmake', 'python']
[4.076s] Level 1:colcon.colcon_core.package_identification:_identify(moveit_visual_tools) by extension 'cmake'
[4.076s] Level 1:colcon.colcon_core.package_identification:_identify(moveit_visual_tools) by extension 'python'
[4.076s] Level 1:colcon.colcon_core.package_identification:_identify(moveit_visual_tools) by extensions ['python_setup_py']
[4.076s] Level 1:colcon.colcon_core.package_identification:_identify(moveit_visual_tools) by extension 'python_setup_py'
[4.076s] Level 1:colcon.colcon_core.package_identification:_identify(par_pkg) by extensions ['ignore', 'ignore_ament_install']
[4.077s] Level 1:colcon.colcon_core.package_identification:_identify(par_pkg) by extension 'ignore'
[4.077s] Level 1:colcon.colcon_core.package_identification:_identify(par_pkg) by extension 'ignore_ament_install'
[4.077s] Level 1:colcon.colcon_core.package_identification:_identify(par_pkg) by extensions ['colcon_pkg']
[4.077s] Level 1:colcon.colcon_core.package_identification:_identify(par_pkg) by extension 'colcon_pkg'
[4.077s] Level 1:colcon.colcon_core.package_identification:_identify(par_pkg) by extensions ['colcon_meta']
[4.077s] Level 1:colcon.colcon_core.package_identification:_identify(par_pkg) by extension 'colcon_meta'
[4.077s] Level 1:colcon.colcon_core.package_identification:_identify(par_pkg) by extensions ['ros']
[4.077s] Level 1:colcon.colcon_core.package_identification:_identify(par_pkg) by extension 'ros'
[4.078s] DEBUG:colcon.colcon_core.package_identification:Package 'par_pkg' with type 'ros.ament_python' and name 'par_pkg'
[4.079s] Level 1:colcon.colcon_core.package_identification:_identify(par_utils) by extensions ['ignore', 'ignore_ament_install']
[4.079s] Level 1:colcon.colcon_core.package_identification:_identify(par_utils) by extension 'ignore'
[4.079s] Level 1:colcon.colcon_core.package_identification:_identify(par_utils) by extension 'ignore_ament_install'
[4.079s] Level 1:colcon.colcon_core.package_identification:_identify(par_utils) by extensions ['colcon_pkg']
[4.079s] Level 1:colcon.colcon_core.package_identification:_identify(par_utils) by extension 'colcon_pkg'
[4.079s] Level 1:colcon.colcon_core.package_identification:_identify(par_utils) by extensions ['colcon_meta']
[4.079s] Level 1:colcon.colcon_core.package_identification:_identify(par_utils) by extension 'colcon_meta'
[4.079s] Level 1:colcon.colcon_core.package_identification:_identify(par_utils) by extensions ['ros']
[4.079s] Level 1:colcon.colcon_core.package_identification:_identify(par_utils) by extension 'ros'
[4.080s] DEBUG:colcon.colcon_core.package_identification:Package 'par_utils' with type 'ros.ament_cmake' and name 'par_utils'
[4.080s] Level 1:colcon.colcon_core.package_identification:_identify(rviz_visual_tools) by extensions ['ignore', 'ignore_ament_install']
[4.080s] Level 1:colcon.colcon_core.package_identification:_identify(rviz_visual_tools) by extension 'ignore'
[4.081s] Level 1:colcon.colcon_core.package_identification:_identify(rviz_visual_tools) by extension 'ignore_ament_install'
[4.081s] Level 1:colcon.colcon_core.package_identification:_identify(rviz_visual_tools) by extensions ['colcon_pkg']
[4.081s] Level 1:colcon.colcon_core.package_identification:_identify(rviz_visual_tools) by extension 'colcon_pkg'
[4.081s] Level 1:colcon.colcon_core.package_identification:_identify(rviz_visual_tools) by extensions ['colcon_meta']
[4.081s] Level 1:colcon.colcon_core.package_identification:_identify(rviz_visual_tools) by extension 'colcon_meta'
[4.081s] Level 1:colcon.colcon_core.package_identification:_identify(rviz_visual_tools) by extensions ['ros']
[4.081s] Level 1:colcon.colcon_core.package_identification:_identify(rviz_visual_tools) by extension 'ros'
[4.081s] Level 1:colcon.colcon_core.package_identification:_identify(rviz_visual_tools) by extensions ['cmake', 'python']
[4.081s] Level 1:colcon.colcon_core.package_identification:_identify(rviz_visual_tools) by extension 'cmake'
[4.081s] Level 1:colcon.colcon_core.package_identification:_identify(rviz_visual_tools) by extension 'python'
[4.081s] Level 1:colcon.colcon_core.package_identification:_identify(rviz_visual_tools) by extensions ['python_setup_py']
[4.081s] Level 1:colcon.colcon_core.package_identification:_identify(rviz_visual_tools) by extension 'python_setup_py'
[4.082s] Level 1:colcon.colcon_core.package_discovery:discover_packages(recursive) using defaults
[4.082s] Level 1:colcon.colcon_core.package_discovery:discover_packages(ignore) discover
[4.082s] Level 1:colcon.colcon_core.package_discovery:discover_packages(ignore) using defaults
[4.082s] Level 1:colcon.colcon_core.package_discovery:discover_packages(path) discover
[4.082s] Level 1:colcon.colcon_core.package_discovery:discover_packages(path) using defaults
[4.264s] INFO:colcon.colcon_core.package_selection:Skipping not selected package 'hello_moveit_ur' in 'hello_moveit_ur'
[4.347s] Level 1:colcon.colcon_core.package_discovery:discover_packages(prefix_path) check parameters
[4.347s] Level 1:colcon.colcon_core.package_discovery:discover_packages(prefix_path) discover
[4.444s] DEBUG:colcon.colcon_installed_package_information.package_discovery:Found 6 installed packages in /home/vxlab/on_UR5e/install
[4.495s] DEBUG:colcon.colcon_installed_package_information.package_discovery:Found 384 installed packages in /opt/ros/humble
[4.502s] Level 1:colcon.colcon_core.package_discovery:discover_packages(prefix_path) using defaults
[4.804s] Level 5:colcon.colcon_core.verb:set package 'par_utils' build argument 'cmake_args' from command line to 'None'
[4.805s] Level 5:colcon.colcon_core.verb:set package 'par_utils' build argument 'cmake_target' from command line to 'None'
[4.805s] Level 5:colcon.colcon_core.verb:set package 'par_utils' build argument 'cmake_target_skip_unavailable' from command line to 'False'
[4.805s] Level 5:colcon.colcon_core.verb:set package 'par_utils' build argument 'cmake_clean_cache' from command line to 'False'
[4.805s] Level 5:colcon.colcon_core.verb:set package 'par_utils' build argument 'cmake_clean_first' from command line to 'False'
[4.805s] Level 5:colcon.colcon_core.verb:set package 'par_utils' build argument 'cmake_force_configure' from command line to 'False'
[4.806s] Level 5:colcon.colcon_core.verb:set package 'par_utils' build argument 'ament_cmake_args' from command line to 'None'
[4.806s] Level 5:colcon.colcon_core.verb:set package 'par_utils' build argument 'catkin_cmake_args' from command line to 'None'
[4.806s] Level 5:colcon.colcon_core.verb:set package 'par_utils' build argument 'catkin_skip_building_tests' from command line to 'False'
[4.806s] DEBUG:colcon.colcon_core.verb:Building package 'par_utils' with the following arguments: {'ament_cmake_args': None, 'build_base': '/home/vxlab/on_UR5e/build/par_utils', 'catkin_cmake_args': None, 'catkin_skip_building_tests': False, 'cmake_args': None, 'cmake_clean_cache': False, 'cmake_clean_first': False, 'cmake_force_configure': False, 'cmake_target': None, 'cmake_target_skip_unavailable': False, 'install_base': '/home/vxlab/on_UR5e/install/par_utils', 'merge_install': False, 'path': '/home/vxlab/on_UR5e/par_utils', 'symlink_install': False, 'test_result_base': None}
[4.867s] Level 5:colcon.colcon_core.verb:set package 'par_pkg' build argument 'cmake_args' from command line to 'None'
[4.867s] Level 5:colcon.colcon_core.verb:set package 'par_pkg' build argument 'cmake_target' from command line to 'None'
[4.867s] Level 5:colcon.colcon_core.verb:set package 'par_pkg' build argument 'cmake_target_skip_unavailable' from command line to 'False'
[4.867s] Level 5:colcon.colcon_core.verb:set package 'par_pkg' build argument 'cmake_clean_cache' from command line to 'False'
[4.867s] Level 5:colcon.colcon_core.verb:set package 'par_pkg' build argument 'cmake_clean_first' from command line to 'False'
[4.867s] Level 5:colcon.colcon_core.verb:set package 'par_pkg' build argument 'cmake_force_configure' from command line to 'False'
[4.867s] Level 5:colcon.colcon_core.verb:set package 'par_pkg' build argument 'ament_cmake_args' from command line to 'None'
[4.867s] Level 5:colcon.colcon_core.verb:set package 'par_pkg' build argument 'catkin_cmake_args' from command line to 'None'
[4.868s] Level 5:colcon.colcon_core.verb:set package 'par_pkg' build argument 'catkin_skip_building_tests' from command line to 'False'
[4.868s] DEBUG:colcon.colcon_core.verb:Building package 'par_pkg' with the following arguments: {'ament_cmake_args': None, 'build_base': '/home/vxlab/on_UR5e/build/par_pkg', 'catkin_cmake_args': None, 'catkin_skip_building_tests': False, 'cmake_args': None, 'cmake_clean_cache': False, 'cmake_clean_first': False, 'cmake_force_configure': False, 'cmake_target': None, 'cmake_target_skip_unavailable': False, 'install_base': '/home/vxlab/on_UR5e/install/par_pkg', 'merge_install': False, 'path': '/home/vxlab/on_UR5e/par_pkg', 'symlink_install': False, 'test_result_base': None}
[4.929s] INFO:colcon.colcon_core.executor:Executing jobs using 'parallel' executor
[4.993s] DEBUG:colcon.colcon_parallel_executor.executor.parallel:run_until_complete
[4.993s] INFO:colcon.colcon_ros.task.ament_cmake.build:Building ROS package in '/home/vxlab/on_UR5e/par_utils' with build type 'ament_cmake'
[4.993s] INFO:colcon.colcon_cmake.task.cmake.build:Building CMake package in '/home/vxlab/on_UR5e/par_utils'
[5.043s] INFO:colcon.colcon_core.plugin_system:Skipping extension 'colcon_core.shell.bat': Not used on non-Windows systems
[5.043s] INFO:colcon.colcon_core.shell:Skip shell extension 'powershell' for command environment: Not usable outside of PowerShell
[5.044s] DEBUG:colcon.colcon_core.shell:Skip shell extension 'dsv' for command environment
[5.216s] DEBUG:colcon.colcon_core.event_handler.log_command:Invoking command in '/home/vxlab/on_UR5e/build/par_utils': CMAKE_PREFIX_PATH=${CMAKE_PREFIX_PATH}:/home/vxlab/on_UR5e/install/par_pkg:/opt/ros/humble /usr/bin/cmake --build /home/vxlab/on_UR5e/build/par_utils -- -j8 -l8
[6.153s] DEBUG:colcon.colcon_core.event_handler.log_command:Invoked command in '/home/vxlab/on_UR5e/build/par_utils' returned '0': CMAKE_PREFIX_PATH=${CMAKE_PREFIX_PATH}:/home/vxlab/on_UR5e/install/par_pkg:/opt/ros/humble /usr/bin/cmake --build /home/vxlab/on_UR5e/build/par_utils -- -j8 -l8
[6.277s] DEBUG:colcon.colcon_core.event_handler.log_command:Invoking command in '/home/vxlab/on_UR5e/build/par_utils': CMAKE_PREFIX_PATH=${CMAKE_PREFIX_PATH}:/home/vxlab/on_UR5e/install/par_pkg:/opt/ros/humble /usr/bin/cmake --install /home/vxlab/on_UR5e/build/par_utils
[6.386s] Level 1:colcon.colcon_core.environment:create_environment_scripts_only(par_utils)
[6.390s] DEBUG:colcon.colcon_core.event_handler.log_command:Invoked command in '/home/vxlab/on_UR5e/build/par_utils' returned '0': CMAKE_PREFIX_PATH=${CMAKE_PREFIX_PATH}:/home/vxlab/on_UR5e/install/par_pkg:/opt/ros/humble /usr/bin/cmake --install /home/vxlab/on_UR5e/build/par_utils
[6.438s] Level 1:colcon.colcon_core.environment:checking '/home/vxlab/on_UR5e/install/par_utils' for CMake module files
[6.439s] Level 1:colcon.colcon_core.environment:checking '/home/vxlab/on_UR5e/install/par_utils' for CMake config files
[6.440s] Level 1:colcon.colcon_core.shell:create_environment_hook('par_utils', 'cmake_prefix_path')
[6.484s] INFO:colcon.colcon_core.shell:Creating environment hook '/home/vxlab/on_UR5e/install/par_utils/share/par_utils/hook/cmake_prefix_path.ps1'
[6.485s] INFO:colcon.colcon_core.shell:Creating environment descriptor '/home/vxlab/on_UR5e/install/par_utils/share/par_utils/hook/cmake_prefix_path.dsv'
[6.486s] INFO:colcon.colcon_core.shell:Creating environment hook '/home/vxlab/on_UR5e/install/par_utils/share/par_utils/hook/cmake_prefix_path.sh'
[6.488s] Level 1:colcon.colcon_core.environment:checking '/home/vxlab/on_UR5e/install/par_utils/lib'
[6.488s] Level 1:colcon.colcon_core.shell:create_environment_hook('par_utils', 'ld_library_path_lib')
[6.532s] INFO:colcon.colcon_core.shell:Creating environment hook '/home/vxlab/on_UR5e/install/par_utils/share/par_utils/hook/ld_library_path_lib.ps1'
[6.533s] INFO:colcon.colcon_core.shell:Creating environment descriptor '/home/vxlab/on_UR5e/install/par_utils/share/par_utils/hook/ld_library_path_lib.dsv'
[6.533s] INFO:colcon.colcon_core.shell:Creating environment hook '/home/vxlab/on_UR5e/install/par_utils/share/par_utils/hook/ld_library_path_lib.sh'
[6.534s] Level 1:colcon.colcon_core.environment:checking '/home/vxlab/on_UR5e/install/par_utils/bin'
[6.534s] Level 1:colcon.colcon_core.environment:checking '/home/vxlab/on_UR5e/install/par_utils/lib/pkgconfig/par_utils.pc'
[6.535s] Level 1:colcon.colcon_core.environment:checking '/home/vxlab/on_UR5e/install/par_utils/lib/python3.10/site-packages'
[6.535s] Level 1:colcon.colcon_core.environment:checking '/home/vxlab/on_UR5e/install/par_utils/bin'
[6.580s] INFO:colcon.colcon_core.shell:Creating package script '/home/vxlab/on_UR5e/install/par_utils/share/par_utils/package.ps1'
[6.581s] INFO:colcon.colcon_core.shell:Creating package descriptor '/home/vxlab/on_UR5e/install/par_utils/share/par_utils/package.dsv'
[6.582s] INFO:colcon.colcon_core.shell:Creating package script '/home/vxlab/on_UR5e/install/par_utils/share/par_utils/package.sh'
[6.583s] INFO:colcon.colcon_core.shell:Creating package script '/home/vxlab/on_UR5e/install/par_utils/share/par_utils/package.bash'
[6.584s] INFO:colcon.colcon_core.shell:Creating package script '/home/vxlab/on_UR5e/install/par_utils/share/par_utils/package.zsh'
[6.585s] Level 1:colcon.colcon_core.environment:create_file_with_runtime_dependencies(/home/vxlab/on_UR5e/install/par_utils/share/colcon-core/packages/par_utils)
[6.768s] Level 1:colcon.colcon_core.environment:create_environment_scripts_only(par_utils)
[6.824s] Level 1:colcon.colcon_core.environment:checking '/home/vxlab/on_UR5e/install/par_utils' for CMake module files
[6.826s] Level 1:colcon.colcon_core.environment:checking '/home/vxlab/on_UR5e/install/par_utils' for CMake config files
[6.827s] Level 1:colcon.colcon_core.shell:create_environment_hook('par_utils', 'cmake_prefix_path')
[6.878s] INFO:colcon.colcon_core.shell:Creating environment hook '/home/vxlab/on_UR5e/install/par_utils/share/par_utils/hook/cmake_prefix_path.ps1'
[6.879s] INFO:colcon.colcon_core.shell:Creating environment descriptor '/home/vxlab/on_UR5e/install/par_utils/share/par_utils/hook/cmake_prefix_path.dsv'
[6.879s] INFO:colcon.colcon_core.shell:Creating environment hook '/home/vxlab/on_UR5e/install/par_utils/share/par_utils/hook/cmake_prefix_path.sh'
[6.880s] Level 1:colcon.colcon_core.environment:checking '/home/vxlab/on_UR5e/install/par_utils/lib'
[6.880s] Level 1:colcon.colcon_core.shell:create_environment_hook('par_utils', 'ld_library_path_lib')
[6.928s] INFO:colcon.colcon_core.shell:Creating environment hook '/home/vxlab/on_UR5e/install/par_utils/share/par_utils/hook/ld_library_path_lib.ps1'
[6.928s] INFO:colcon.colcon_core.shell:Creating environment descriptor '/home/vxlab/on_UR5e/install/par_utils/share/par_utils/hook/ld_library_path_lib.dsv'
[6.929s] INFO:colcon.colcon_core.shell:Creating environment hook '/home/vxlab/on_UR5e/install/par_utils/share/par_utils/hook/ld_library_path_lib.sh'
[6.930s] Level 1:colcon.colcon_core.environment:checking '/home/vxlab/on_UR5e/install/par_utils/bin'
[6.930s] Level 1:colcon.colcon_core.environment:checking '/home/vxlab/on_UR5e/install/par_utils/lib/pkgconfig/par_utils.pc'
[6.930s] Level 1:colcon.colcon_core.environment:checking '/home/vxlab/on_UR5e/install/par_utils/lib/python3.10/site-packages'
[6.930s] Level 1:colcon.colcon_core.environment:checking '/home/vxlab/on_UR5e/install/par_utils/bin'
[6.980s] INFO:colcon.colcon_core.shell:Creating package script '/home/vxlab/on_UR5e/install/par_utils/share/par_utils/package.ps1'
[6.981s] INFO:colcon.colcon_core.shell:Creating package descriptor '/home/vxlab/on_UR5e/install/par_utils/share/par_utils/package.dsv'
[6.982s] INFO:colcon.colcon_core.shell:Creating package script '/home/vxlab/on_UR5e/install/par_utils/share/par_utils/package.sh'
[6.983s] INFO:colcon.colcon_core.shell:Creating package script '/home/vxlab/on_UR5e/install/par_utils/share/par_utils/package.bash'
[6.984s] INFO:colcon.colcon_core.shell:Creating package script '/home/vxlab/on_UR5e/install/par_utils/share/par_utils/package.zsh'
[6.985s] Level 1:colcon.colcon_core.environment:create_file_with_runtime_dependencies(/home/vxlab/on_UR5e/install/par_utils/share/colcon-core/packages/par_utils)
[6.986s] INFO:colcon.colcon_ros.task.ament_python.build:Building ROS package in '/home/vxlab/on_UR5e/par_pkg' with build type 'ament_python'
[6.986s] Level 1:colcon.colcon_core.shell:create_environment_hook('par_pkg', 'ament_prefix_path')
[7.049s] INFO:colcon.colcon_core.shell:Creating environment hook '/home/vxlab/on_UR5e/install/par_pkg/share/par_pkg/hook/ament_prefix_path.ps1'
[7.050s] INFO:colcon.colcon_core.shell:Creating environment descriptor '/home/vxlab/on_UR5e/install/par_pkg/share/par_pkg/hook/ament_prefix_path.dsv'
[7.051s] INFO:colcon.colcon_core.shell:Creating environment hook '/home/vxlab/on_UR5e/install/par_pkg/share/par_pkg/hook/ament_prefix_path.sh'
[7.112s] INFO:colcon.colcon_core.shell:Skip shell extension 'powershell' for command environment: Not usable outside of PowerShell
[7.112s] DEBUG:colcon.colcon_core.shell:Skip shell extension 'dsv' for command environment
[7.976s] INFO:colcon.colcon_core.task.python.build:Building Python package in '/home/vxlab/on_UR5e/par_pkg'
[8.025s] INFO:colcon.colcon_core.shell:Skip shell extension 'powershell' for command environment: Not usable outside of PowerShell
[8.025s] DEBUG:colcon.colcon_core.shell:Skip shell extension 'dsv' for command environment
[8.994s] DEBUG:colcon.colcon_core.event_handler.log_command:Invoking command in '/home/vxlab/on_UR5e/par_pkg': CMAKE_PREFIX_PATH=/home/vxlab/on_UR5e/install/par_utils:/home/vxlab/on_UR5e/install/moveit_visual_tools:/home/vxlab/on_UR5e/install/rviz_visual_tools:/home/vxlab/on_UR5e/install/hello_moveit_ur:/home/vxlab/on_UR5e/install/graph_msgs LD_LIBRARY_PATH=/home/vxlab/on_UR5e/install/par_utils/lib:/home/vxlab/on_UR5e/install/moveit_visual_tools/lib:/home/vxlab/on_UR5e/install/rviz_visual_tools/lib:/home/vxlab/on_UR5e/install/graph_msgs/lib:/opt/ros/humble/opt/rviz_ogre_vendor/lib:/opt/ros/humble/lib/x86_64-linux-gnu:/opt/ros/humble/lib PYTHONPATH=/home/vxlab/on_UR5e/build/par_pkg/prefix_override:/home/vxlab/on_UR5e/install/par_pkg/lib/python3.10/site-packages:${PYTHONPATH} /usr/bin/python3 setup.py egg_info --egg-base ../build/par_pkg build --build-base /home/vxlab/on_UR5e/build/par_pkg/build install --record /home/vxlab/on_UR5e/build/par_pkg/install.log --single-version-externally-managed
[9.642s] DEBUG:colcon.colcon_core.event_handler.log_command:Invoked command in '/home/vxlab/on_UR5e/par_pkg' returned '0': CMAKE_PREFIX_PATH=/home/vxlab/on_UR5e/install/par_utils:/home/vxlab/on_UR5e/install/moveit_visual_tools:/home/vxlab/on_UR5e/install/rviz_visual_tools:/home/vxlab/on_UR5e/install/hello_moveit_ur:/home/vxlab/on_UR5e/install/graph_msgs LD_LIBRARY_PATH=/home/vxlab/on_UR5e/install/par_utils/lib:/home/vxlab/on_UR5e/install/moveit_visual_tools/lib:/home/vxlab/on_UR5e/install/rviz_visual_tools/lib:/home/vxlab/on_UR5e/install/graph_msgs/lib:/opt/ros/humble/opt/rviz_ogre_vendor/lib:/opt/ros/humble/lib/x86_64-linux-gnu:/opt/ros/humble/lib PYTHONPATH=/home/vxlab/on_UR5e/build/par_pkg/prefix_override:/home/vxlab/on_UR5e/install/par_pkg/lib/python3.10/site-packages:${PYTHONPATH} /usr/bin/python3 setup.py egg_info --egg-base ../build/par_pkg build --build-base /home/vxlab/on_UR5e/build/par_pkg/build install --record /home/vxlab/on_UR5e/build/par_pkg/install.log --single-version-externally-managed
[9.689s] Level 1:colcon.colcon_core.environment:checking '/home/vxlab/on_UR5e/install/par_pkg' for CMake module files
[9.690s] Level 1:colcon.colcon_core.environment:checking '/home/vxlab/on_UR5e/install/par_pkg' for CMake config files
[9.691s] Level 1:colcon.colcon_core.environment:checking '/home/vxlab/on_UR5e/install/par_pkg/lib'
[9.691s] Level 1:colcon.colcon_core.environment:checking '/home/vxlab/on_UR5e/install/par_pkg/bin'
[9.691s] Level 1:colcon.colcon_core.environment:checking '/home/vxlab/on_UR5e/install/par_pkg/lib/pkgconfig/par_pkg.pc'
[9.692s] Level 1:colcon.colcon_core.environment:checking '/home/vxlab/on_UR5e/install/par_pkg/lib/python3.10/site-packages'
[9.692s] Level 1:colcon.colcon_core.shell:create_environment_hook('par_pkg', 'pythonpath')
[9.744s] INFO:colcon.colcon_core.shell:Creating environment hook '/home/vxlab/on_UR5e/install/par_pkg/share/par_pkg/hook/pythonpath.ps1'
[9.745s] INFO:colcon.colcon_core.shell:Creating environment descriptor '/home/vxlab/on_UR5e/install/par_pkg/share/par_pkg/hook/pythonpath.dsv'
[9.745s] INFO:colcon.colcon_core.shell:Creating environment hook '/home/vxlab/on_UR5e/install/par_pkg/share/par_pkg/hook/pythonpath.sh'
[9.746s] Level 1:colcon.colcon_core.environment:checking '/home/vxlab/on_UR5e/install/par_pkg/bin'
[9.746s] Level 1:colcon.colcon_core.environment:create_environment_scripts_only(par_pkg)
[9.802s] INFO:colcon.colcon_core.shell:Creating package script '/home/vxlab/on_UR5e/install/par_pkg/share/par_pkg/package.ps1'
[9.803s] INFO:colcon.colcon_core.shell:Creating package descriptor '/home/vxlab/on_UR5e/install/par_pkg/share/par_pkg/package.dsv'
[9.804s] INFO:colcon.colcon_core.shell:Creating package script '/home/vxlab/on_UR5e/install/par_pkg/share/par_pkg/package.sh'
[9.805s] INFO:colcon.colcon_core.shell:Creating package script '/home/vxlab/on_UR5e/install/par_pkg/share/par_pkg/package.bash'
[9.806s] INFO:colcon.colcon_core.shell:Creating package script '/home/vxlab/on_UR5e/install/par_pkg/share/par_pkg/package.zsh'
[9.807s] Level 1:colcon.colcon_core.environment:create_file_with_runtime_dependencies(/home/vxlab/on_UR5e/install/par_pkg/share/colcon-core/packages/par_pkg)
[9.808s] DEBUG:colcon.colcon_parallel_executor.executor.parallel:closing loop
[9.809s] DEBUG:colcon.colcon_parallel_executor.executor.parallel:loop closed
[9.809s] DEBUG:colcon.colcon_parallel_executor.executor.parallel:run_until_complete finished with '0'
[9.809s] DEBUG:colcon.colcon_core.event_reactor:joining thread
[9.887s] INFO:colcon.colcon_core.plugin_system:Skipping extension 'colcon_notification.desktop_notification.terminal_notifier': Not used on non-Darwin systems
[9.887s] INFO:colcon.colcon_core.plugin_system:Skipping extension 'colcon_notification.desktop_notification.win32': Not used on non-Windows systems
[9.887s] INFO:colcon.colcon_notification.desktop_notification:Sending desktop notification using 'notify2'
[9.913s] DEBUG:colcon.colcon_core.event_reactor:joined thread
[9.976s] INFO:colcon.colcon_core.shell:Creating prefix script '/home/vxlab/on_UR5e/install/local_setup.ps1'
[9.978s] INFO:colcon.colcon_core.shell:Creating prefix util module '/home/vxlab/on_UR5e/install/_local_setup_util_ps1.py'
[9.981s] INFO:colcon.colcon_core.shell:Creating prefix chain script '/home/vxlab/on_UR5e/install/setup.ps1'
[10.049s] INFO:colcon.colcon_core.shell:Creating prefix script '/home/vxlab/on_UR5e/install/local_setup.sh'
[10.051s] INFO:colcon.colcon_core.shell:Creating prefix util module '/home/vxlab/on_UR5e/install/_local_setup_util_sh.py'
[10.053s] INFO:colcon.colcon_core.shell:Creating prefix chain script '/home/vxlab/on_UR5e/install/setup.sh'
[10.105s] INFO:colcon.colcon_core.shell:Creating prefix script '/home/vxlab/on_UR5e/install/local_setup.bash'
[10.106s] INFO:colcon.colcon_core.shell:Creating prefix chain script '/home/vxlab/on_UR5e/install/setup.bash'
[10.158s] INFO:colcon.colcon_core.shell:Creating prefix script '/home/vxlab/on_UR5e/install/local_setup.zsh'
[10.159s] INFO:colcon.colcon_core.shell:Creating prefix chain script '/home/vxlab/on_UR5e/install/setup.zsh'
