[0.609s] DEBUG:colcon:Command line arguments: ['/usr/bin/colcon', 'build', '--packages-select', 'par_utils']
[0.609s] DEBUG:colcon:Parsed command line arguments: Namespace(log_base=None, log_level=None, verb_name='build', build_base='build', install_base='install', merge_install=False, symlink_install=False, test_result_base=None, continue_on_error=False, executor='parallel', parallel_workers=4, event_handlers=None, ignore_user_meta=False, metas=['./colcon.meta'], base_paths=['.'], packages_ignore=None, packages_ignore_regex=None, paths=None, packages_up_to=None, packages_up_to_regex=None, packages_above=None, packages_above_and_dependencies=None, packages_above_depth=None, packages_select_by_dep=None, packages_skip_by_dep=None, packages_skip_up_to=None, packages_select_build_failed=False, packages_skip_build_finished=False, packages_select_test_failures=False, packages_skip_test_passed=False, packages_select=['par_utils'], packages_skip=None, packages_select_regex=None, packages_skip_regex=None, packages_start=None, packages_end=None, allow_overriding=[], cmake_args=None, cmake_target=None, cmake_target_skip_unavailable=False, cmake_clean_cache=False, cmake_clean_first=False, cmake_force_configure=False, ament_cmake_args=None, catkin_cmake_args=None, catkin_skip_building_tests=False, verb_parser=<colcon_defaults.argument_parser.defaults.DefaultArgumentsDecorator object at 0x712dc0364490>, verb_extension=<colcon_core.verb.build.BuildVerb object at 0x712dc14d3be0>, main=<bound method BuildVerb.main of <colcon_core.verb.build.BuildVerb object at 0x712dc14d3be0>>)
[0.638s] Level 1:colcon.colcon_core.package_discovery:discover_packages(colcon_meta) check parameters
[0.638s] Level 1:colcon.colcon_core.package_discovery:discover_packages(recursive) check parameters
[0.638s] Level 1:colcon.colcon_core.package_discovery:discover_packages(ignore) check parameters
[0.638s] Level 1:colcon.colcon_core.package_discovery:discover_packages(path) check parameters
[0.638s] Level 1:colcon.colcon_core.package_discovery:discover_packages(colcon_meta) discover
[0.638s] Level 1:colcon.colcon_core.package_discovery:discover_packages(recursive) discover
[0.638s] INFO:colcon.colcon_core.package_discovery:Crawling recursively for packages in '/home/rmitaiil/aiil_workspace/humble_workspace/src/on_UR5e'
[0.638s] Level 1:colcon.colcon_core.package_identification:_identify(.) by extensions ['ignore', 'ignore_ament_install']
[0.638s] Level 1:colcon.colcon_core.package_identification:_identify(.) by extension 'ignore'
[0.639s] Level 1:colcon.colcon_core.package_identification:_identify(.) by extension 'ignore_ament_install'
[0.639s] Level 1:colcon.colcon_core.package_identification:_identify(.) by extensions ['colcon_pkg']
[0.639s] Level 1:colcon.colcon_core.package_identification:_identify(.) by extension 'colcon_pkg'
[0.639s] Level 1:colcon.colcon_core.package_identification:_identify(.) by extensions ['colcon_meta']
[0.639s] Level 1:colcon.colcon_core.package_identification:_identify(.) by extension 'colcon_meta'
[0.639s] Level 1:colcon.colcon_core.package_identification:_identify(.) by extensions ['ros']
[0.639s] Level 1:colcon.colcon_core.package_identification:_identify(.) by extension 'ros'
[0.646s] Level 1:colcon.colcon_core.package_identification:_identify(.) by extensions ['cmake', 'python']
[0.646s] Level 1:colcon.colcon_core.package_identification:_identify(.) by extension 'cmake'
[0.646s] Level 1:colcon.colcon_core.package_identification:_identify(.) by extension 'python'
[0.646s] Level 1:colcon.colcon_core.package_identification:_identify(.) by extensions ['python_setup_py']
[0.646s] Level 1:colcon.colcon_core.package_identification:_identify(.) by extension 'python_setup_py'
[0.646s] Level 1:colcon.colcon_core.package_identification:_identify(build) by extensions ['ignore', 'ignore_ament_install']
[0.647s] Level 1:colcon.colcon_core.package_identification:_identify(build) by extension 'ignore'
[0.647s] Level 1:colcon.colcon_core.package_identification:_identify(build) ignored
[0.647s] Level 1:colcon.colcon_core.package_identification:_identify(graph_msgs) by extensions ['ignore', 'ignore_ament_install']
[0.647s] Level 1:colcon.colcon_core.package_identification:_identify(graph_msgs) by extension 'ignore'
[0.647s] Level 1:colcon.colcon_core.package_identification:_identify(graph_msgs) by extension 'ignore_ament_install'
[0.647s] Level 1:colcon.colcon_core.package_identification:_identify(graph_msgs) by extensions ['colcon_pkg']
[0.647s] Level 1:colcon.colcon_core.package_identification:_identify(graph_msgs) by extension 'colcon_pkg'
[0.647s] Level 1:colcon.colcon_core.package_identification:_identify(graph_msgs) by extensions ['colcon_meta']
[0.647s] Level 1:colcon.colcon_core.package_identification:_identify(graph_msgs) by extension 'colcon_meta'
[0.647s] Level 1:colcon.colcon_core.package_identification:_identify(graph_msgs) by extensions ['ros']
[0.647s] Level 1:colcon.colcon_core.package_identification:_identify(graph_msgs) by extension 'ros'
[0.647s] Level 1:colcon.colcon_core.package_identification:_identify(graph_msgs) by extensions ['cmake', 'python']
[0.647s] Level 1:colcon.colcon_core.package_identification:_identify(graph_msgs) by extension 'cmake'
[0.647s] Level 1:colcon.colcon_core.package_identification:_identify(graph_msgs) by extension 'python'
[0.647s] Level 1:colcon.colcon_core.package_identification:_identify(graph_msgs) by extensions ['python_setup_py']
[0.647s] Level 1:colcon.colcon_core.package_identification:_identify(graph_msgs) by extension 'python_setup_py'
[0.647s] Level 1:colcon.colcon_core.package_identification:_identify(hello_moveit_ur) by extensions ['ignore', 'ignore_ament_install']
[0.647s] Level 1:colcon.colcon_core.package_identification:_identify(hello_moveit_ur) by extension 'ignore'
[0.647s] Level 1:colcon.colcon_core.package_identification:_identify(hello_moveit_ur) by extension 'ignore_ament_install'
[0.647s] Level 1:colcon.colcon_core.package_identification:_identify(hello_moveit_ur) by extensions ['colcon_pkg']
[0.647s] Level 1:colcon.colcon_core.package_identification:_identify(hello_moveit_ur) by extension 'colcon_pkg'
[0.647s] Level 1:colcon.colcon_core.package_identification:_identify(hello_moveit_ur) by extensions ['colcon_meta']
[0.647s] Level 1:colcon.colcon_core.package_identification:_identify(hello_moveit_ur) by extension 'colcon_meta'
[0.647s] Level 1:colcon.colcon_core.package_identification:_identify(hello_moveit_ur) by extensions ['ros']
[0.647s] Level 1:colcon.colcon_core.package_identification:_identify(hello_moveit_ur) by extension 'ros'
[0.649s] DEBUG:colcon.colcon_core.package_identification:Package 'hello_moveit_ur' with type 'ros.ament_cmake' and name 'hello_moveit_ur'
[0.649s] Level 1:colcon.colcon_core.package_identification:_identify(install) by extensions ['ignore', 'ignore_ament_install']
[0.649s] Level 1:colcon.colcon_core.package_identification:_identify(install) by extension 'ignore'
[0.649s] Level 1:colcon.colcon_core.package_identification:_identify(install) ignored
[0.649s] Level 1:colcon.colcon_core.package_identification:_identify(log) by extensions ['ignore', 'ignore_ament_install']
[0.649s] Level 1:colcon.colcon_core.package_identification:_identify(log) by extension 'ignore'
[0.649s] Level 1:colcon.colcon_core.package_identification:_identify(log) ignored
[0.649s] Level 1:colcon.colcon_core.package_identification:_identify(moveit_visual_tools) by extensions ['ignore', 'ignore_ament_install']
[0.649s] Level 1:colcon.colcon_core.package_identification:_identify(moveit_visual_tools) by extension 'ignore'
[0.649s] Level 1:colcon.colcon_core.package_identification:_identify(moveit_visual_tools) by extension 'ignore_ament_install'
[0.649s] Level 1:colcon.colcon_core.package_identification:_identify(moveit_visual_tools) by extensions ['colcon_pkg']
[0.649s] Level 1:colcon.colcon_core.package_identification:_identify(moveit_visual_tools) by extension 'colcon_pkg'
[0.649s] Level 1:colcon.colcon_core.package_identification:_identify(moveit_visual_tools) by extensions ['colcon_meta']
[0.649s] Level 1:colcon.colcon_core.package_identification:_identify(moveit_visual_tools) by extension 'colcon_meta'
[0.649s] Level 1:colcon.colcon_core.package_identification:_identify(moveit_visual_tools) by extensions ['ros']
[0.649s] Level 1:colcon.colcon_core.package_identification:_identify(moveit_visual_tools) by extension 'ros'
[0.650s] Level 1:colcon.colcon_core.package_identification:_identify(moveit_visual_tools) by extensions ['cmake', 'python']
[0.650s] Level 1:colcon.colcon_core.package_identification:_identify(moveit_visual_tools) by extension 'cmake'
[0.650s] Level 1:colcon.colcon_core.package_identification:_identify(moveit_visual_tools) by extension 'python'
[0.650s] Level 1:colcon.colcon_core.package_identification:_identify(moveit_visual_tools) by extensions ['python_setup_py']
[0.650s] Level 1:colcon.colcon_core.package_identification:_identify(moveit_visual_tools) by extension 'python_setup_py'
[0.650s] Level 1:colcon.colcon_core.package_identification:_identify(par_pkg) by extensions ['ignore', 'ignore_ament_install']
[0.650s] Level 1:colcon.colcon_core.package_identification:_identify(par_pkg) by extension 'ignore'
[0.650s] Level 1:colcon.colcon_core.package_identification:_identify(par_pkg) by extension 'ignore_ament_install'
[0.650s] Level 1:colcon.colcon_core.package_identification:_identify(par_pkg) by extensions ['colcon_pkg']
[0.650s] Level 1:colcon.colcon_core.package_identification:_identify(par_pkg) by extension 'colcon_pkg'
[0.650s] Level 1:colcon.colcon_core.package_identification:_identify(par_pkg) by extensions ['colcon_meta']
[0.650s] Level 1:colcon.colcon_core.package_identification:_identify(par_pkg) by extension 'colcon_meta'
[0.650s] Level 1:colcon.colcon_core.package_identification:_identify(par_pkg) by extensions ['ros']
[0.650s] Level 1:colcon.colcon_core.package_identification:_identify(par_pkg) by extension 'ros'
[0.650s] DEBUG:colcon.colcon_core.package_identification:Package 'par_pkg' with type 'ros.ament_python' and name 'par_pkg'
[0.650s] Level 1:colcon.colcon_core.package_identification:_identify(par_utils) by extensions ['ignore', 'ignore_ament_install']
[0.650s] Level 1:colcon.colcon_core.package_identification:_identify(par_utils) by extension 'ignore'
[0.650s] Level 1:colcon.colcon_core.package_identification:_identify(par_utils) by extension 'ignore_ament_install'
[0.650s] Level 1:colcon.colcon_core.package_identification:_identify(par_utils) by extensions ['colcon_pkg']
[0.650s] Level 1:colcon.colcon_core.package_identification:_identify(par_utils) by extension 'colcon_pkg'
[0.650s] Level 1:colcon.colcon_core.package_identification:_identify(par_utils) by extensions ['colcon_meta']
[0.650s] Level 1:colcon.colcon_core.package_identification:_identify(par_utils) by extension 'colcon_meta'
[0.650s] Level 1:colcon.colcon_core.package_identification:_identify(par_utils) by extensions ['ros']
[0.650s] Level 1:colcon.colcon_core.package_identification:_identify(par_utils) by extension 'ros'
[0.651s] DEBUG:colcon.colcon_core.package_identification:Package 'par_utils' with type 'ros.ament_cmake' and name 'par_utils'
[0.651s] Level 1:colcon.colcon_core.package_identification:_identify(rviz_visual_tools) by extensions ['ignore', 'ignore_ament_install']
[0.651s] Level 1:colcon.colcon_core.package_identification:_identify(rviz_visual_tools) by extension 'ignore'
[0.651s] Level 1:colcon.colcon_core.package_identification:_identify(rviz_visual_tools) by extension 'ignore_ament_install'
[0.651s] Level 1:colcon.colcon_core.package_identification:_identify(rviz_visual_tools) by extensions ['colcon_pkg']
[0.651s] Level 1:colcon.colcon_core.package_identification:_identify(rviz_visual_tools) by extension 'colcon_pkg'
[0.651s] Level 1:colcon.colcon_core.package_identification:_identify(rviz_visual_tools) by extensions ['colcon_meta']
[0.651s] Level 1:colcon.colcon_core.package_identification:_identify(rviz_visual_tools) by extension 'colcon_meta'
[0.651s] Level 1:colcon.colcon_core.package_identification:_identify(rviz_visual_tools) by extensions ['ros']
[0.651s] Level 1:colcon.colcon_core.package_identification:_identify(rviz_visual_tools) by extension 'ros'
[0.651s] Level 1:colcon.colcon_core.package_identification:_identify(rviz_visual_tools) by extensions ['cmake', 'python']
[0.651s] Level 1:colcon.colcon_core.package_identification:_identify(rviz_visual_tools) by extension 'cmake'
[0.651s] Level 1:colcon.colcon_core.package_identification:_identify(rviz_visual_tools) by extension 'python'
[0.651s] Level 1:colcon.colcon_core.package_identification:_identify(rviz_visual_tools) by extensions ['python_setup_py']
[0.651s] Level 1:colcon.colcon_core.package_identification:_identify(rviz_visual_tools) by extension 'python_setup_py'
[0.651s] Level 1:colcon.colcon_core.package_discovery:discover_packages(recursive) using defaults
[0.651s] Level 1:colcon.colcon_core.package_discovery:discover_packages(ignore) discover
[0.651s] Level 1:colcon.colcon_core.package_discovery:discover_packages(ignore) using defaults
[0.651s] Level 1:colcon.colcon_core.package_discovery:discover_packages(path) discover
[0.651s] Level 1:colcon.colcon_core.package_discovery:discover_packages(path) using defaults
[0.687s] INFO:colcon.colcon_core.package_selection:Skipping not selected package 'hello_moveit_ur' in 'hello_moveit_ur'
[0.687s] INFO:colcon.colcon_core.package_selection:Skipping not selected package 'par_pkg' in 'par_pkg'
[0.704s] Level 1:colcon.colcon_core.package_discovery:discover_packages(prefix_path) check parameters
[0.704s] Level 1:colcon.colcon_core.package_discovery:discover_packages(prefix_path) discover
[0.723s] DEBUG:colcon.colcon_installed_package_information.package_discovery:Found 9 installed packages in /home/rmitaiil/aiil_workspace/humble_workspace/install
[0.732s] DEBUG:colcon.colcon_installed_package_information.package_discovery:Found 352 installed packages in /opt/ros/humble
[0.733s] Level 1:colcon.colcon_core.package_discovery:discover_packages(prefix_path) using defaults
[0.802s] Level 5:colcon.colcon_core.verb:set package 'par_utils' build argument 'cmake_args' from command line to 'None'
[0.802s] Level 5:colcon.colcon_core.verb:set package 'par_utils' build argument 'cmake_target' from command line to 'None'
[0.802s] Level 5:colcon.colcon_core.verb:set package 'par_utils' build argument 'cmake_target_skip_unavailable' from command line to 'False'
[0.802s] Level 5:colcon.colcon_core.verb:set package 'par_utils' build argument 'cmake_clean_cache' from command line to 'False'
[0.802s] Level 5:colcon.colcon_core.verb:set package 'par_utils' build argument 'cmake_clean_first' from command line to 'False'
[0.802s] Level 5:colcon.colcon_core.verb:set package 'par_utils' build argument 'cmake_force_configure' from command line to 'False'
[0.803s] Level 5:colcon.colcon_core.verb:set package 'par_utils' build argument 'ament_cmake_args' from command line to 'None'
[0.803s] Level 5:colcon.colcon_core.verb:set package 'par_utils' build argument 'catkin_cmake_args' from command line to 'None'
[0.803s] Level 5:colcon.colcon_core.verb:set package 'par_utils' build argument 'catkin_skip_building_tests' from command line to 'False'
[0.803s] DEBUG:colcon.colcon_core.verb:Building package 'par_utils' with the following arguments: {'ament_cmake_args': None, 'build_base': '/home/rmitaiil/aiil_workspace/humble_workspace/src/on_UR5e/build/par_utils', 'catkin_cmake_args': None, 'catkin_skip_building_tests': False, 'cmake_args': None, 'cmake_clean_cache': False, 'cmake_clean_first': False, 'cmake_force_configure': False, 'cmake_target': None, 'cmake_target_skip_unavailable': False, 'install_base': '/home/rmitaiil/aiil_workspace/humble_workspace/src/on_UR5e/install/par_utils', 'merge_install': False, 'path': '/home/rmitaiil/aiil_workspace/humble_workspace/src/on_UR5e/par_utils', 'symlink_install': False, 'test_result_base': None}
[0.810s] INFO:colcon.colcon_core.executor:Executing jobs using 'parallel' executor
[0.818s] DEBUG:colcon.colcon_parallel_executor.executor.parallel:run_until_complete
[0.818s] INFO:colcon.colcon_ros.task.ament_cmake.build:Building ROS package in '/home/rmitaiil/aiil_workspace/humble_workspace/src/on_UR5e/par_utils' with build type 'ament_cmake'
[0.818s] INFO:colcon.colcon_cmake.task.cmake.build:Building CMake package in '/home/rmitaiil/aiil_workspace/humble_workspace/src/on_UR5e/par_utils'
[0.830s] INFO:colcon.colcon_core.plugin_system:Skipping extension 'colcon_core.shell.bat': Not used on non-Windows systems
[0.830s] INFO:colcon.colcon_core.shell:Skip shell extension 'powershell' for command environment: Not usable outside of PowerShell
[0.830s] DEBUG:colcon.colcon_core.shell:Skip shell extension 'dsv' for command environment
[0.888s] DEBUG:colcon.colcon_core.event_handler.log_command:Invoking command in '/home/rmitaiil/aiil_workspace/humble_workspace/src/on_UR5e/build/par_utils': CMAKE_PREFIX_PATH=${CMAKE_PREFIX_PATH}:/home/rmitaiil/aiil_workspace/humble_workspace/install/snc_pkg:/home/rmitaiil/aiil_workspace/humble_workspace/install/onrobot_testing:/home/rmitaiil/aiil_workspace/humble_workspace/install/aiil_rosbot_demo:/home/rmitaiil/aiil_workspace/humble_workspace/install/aiil_gazebo:/opt/ros/humble /usr/bin/cmake /home/rmitaiil/aiil_workspace/humble_workspace/src/on_UR5e/par_utils -DCMAKE_INSTALL_PREFIX=/home/rmitaiil/aiil_workspace/humble_workspace/src/on_UR5e/install/par_utils
[2.071s] DEBUG:colcon.colcon_core.event_handler.log_command:Invoked command in '/home/rmitaiil/aiil_workspace/humble_workspace/src/on_UR5e/build/par_utils' returned '1': CMAKE_PREFIX_PATH=${CMAKE_PREFIX_PATH}:/home/rmitaiil/aiil_workspace/humble_workspace/install/snc_pkg:/home/rmitaiil/aiil_workspace/humble_workspace/install/onrobot_testing:/home/rmitaiil/aiil_workspace/humble_workspace/install/aiil_rosbot_demo:/home/rmitaiil/aiil_workspace/humble_workspace/install/aiil_gazebo:/opt/ros/humble /usr/bin/cmake /home/rmitaiil/aiil_workspace/humble_workspace/src/on_UR5e/par_utils -DCMAKE_INSTALL_PREFIX=/home/rmitaiil/aiil_workspace/humble_workspace/src/on_UR5e/install/par_utils
[2.086s] Level 1:colcon.colcon_core.environment:create_environment_scripts_only(par_utils)
[2.104s] Level 1:colcon.colcon_core.environment:checking '/home/rmitaiil/aiil_workspace/humble_workspace/src/on_UR5e/install/par_utils' for CMake module files
[2.104s] Level 1:colcon.colcon_core.environment:checking '/home/rmitaiil/aiil_workspace/humble_workspace/src/on_UR5e/install/par_utils' for CMake config files
[2.104s] Level 1:colcon.colcon_core.environment:checking '/home/rmitaiil/aiil_workspace/humble_workspace/src/on_UR5e/install/par_utils/bin'
[2.104s] Level 1:colcon.colcon_core.environment:checking '/home/rmitaiil/aiil_workspace/humble_workspace/src/on_UR5e/install/par_utils/lib/pkgconfig/par_utils.pc'
[2.104s] Level 1:colcon.colcon_core.environment:checking '/home/rmitaiil/aiil_workspace/humble_workspace/src/on_UR5e/install/par_utils/lib/python3.10/site-packages'
[2.105s] Level 1:colcon.colcon_core.environment:checking '/home/rmitaiil/aiil_workspace/humble_workspace/src/on_UR5e/install/par_utils/bin'
[2.113s] INFO:colcon.colcon_core.shell:Creating package script '/home/rmitaiil/aiil_workspace/humble_workspace/src/on_UR5e/install/par_utils/share/par_utils/package.ps1'
[2.114s] INFO:colcon.colcon_core.shell:Creating package descriptor '/home/rmitaiil/aiil_workspace/humble_workspace/src/on_UR5e/install/par_utils/share/par_utils/package.dsv'
[2.114s] INFO:colcon.colcon_core.shell:Creating package script '/home/rmitaiil/aiil_workspace/humble_workspace/src/on_UR5e/install/par_utils/share/par_utils/package.sh'
[2.115s] INFO:colcon.colcon_core.shell:Creating package script '/home/rmitaiil/aiil_workspace/humble_workspace/src/on_UR5e/install/par_utils/share/par_utils/package.bash'
[2.116s] INFO:colcon.colcon_core.shell:Creating package script '/home/rmitaiil/aiil_workspace/humble_workspace/src/on_UR5e/install/par_utils/share/par_utils/package.zsh'
[2.116s] Level 1:colcon.colcon_core.environment:create_file_with_runtime_dependencies(/home/rmitaiil/aiil_workspace/humble_workspace/src/on_UR5e/install/par_utils/share/colcon-core/packages/par_utils)
[2.131s] DEBUG:colcon.colcon_parallel_executor.executor.parallel:closing loop
[2.131s] DEBUG:colcon.colcon_parallel_executor.executor.parallel:loop closed
[2.131s] DEBUG:colcon.colcon_parallel_executor.executor.parallel:run_until_complete finished with '1'
[2.131s] DEBUG:colcon.colcon_core.event_reactor:joining thread
[2.161s] INFO:colcon.colcon_core.plugin_system:Skipping extension 'colcon_notification.desktop_notification.terminal_notifier': Not used on non-Darwin systems
[2.162s] INFO:colcon.colcon_core.plugin_system:Skipping extension 'colcon_notification.desktop_notification.win32': Not used on non-Windows systems
[2.162s] INFO:colcon.colcon_notification.desktop_notification:Sending desktop notification using 'notify2'
[2.343s] DEBUG:colcon.colcon_core.event_reactor:joined thread
[2.354s] INFO:colcon.colcon_core.shell:Creating prefix script '/home/rmitaiil/aiil_workspace/humble_workspace/src/on_UR5e/install/local_setup.ps1'
[2.362s] INFO:colcon.colcon_core.shell:Creating prefix util module '/home/rmitaiil/aiil_workspace/humble_workspace/src/on_UR5e/install/_local_setup_util_ps1.py'
[2.365s] INFO:colcon.colcon_core.shell:Creating prefix chain script '/home/rmitaiil/aiil_workspace/humble_workspace/src/on_UR5e/install/setup.ps1'
[2.377s] INFO:colcon.colcon_core.shell:Creating prefix script '/home/rmitaiil/aiil_workspace/humble_workspace/src/on_UR5e/install/local_setup.sh'
[2.378s] INFO:colcon.colcon_core.shell:Creating prefix util module '/home/rmitaiil/aiil_workspace/humble_workspace/src/on_UR5e/install/_local_setup_util_sh.py'
[2.378s] INFO:colcon.colcon_core.shell:Creating prefix chain script '/home/rmitaiil/aiil_workspace/humble_workspace/src/on_UR5e/install/setup.sh'
[2.387s] INFO:colcon.colcon_core.shell:Creating prefix script '/home/rmitaiil/aiil_workspace/humble_workspace/src/on_UR5e/install/local_setup.bash'
[2.388s] INFO:colcon.colcon_core.shell:Creating prefix chain script '/home/rmitaiil/aiil_workspace/humble_workspace/src/on_UR5e/install/setup.bash'
[2.396s] INFO:colcon.colcon_core.shell:Creating prefix script '/home/rmitaiil/aiil_workspace/humble_workspace/src/on_UR5e/install/local_setup.zsh'
[2.397s] INFO:colcon.colcon_core.shell:Creating prefix chain script '/home/rmitaiil/aiil_workspace/humble_workspace/src/on_UR5e/install/setup.zsh'
