-- Found ament_cmake: 1.3.7 (/opt/ros/humble/share/ament_cmake/cmake)
-- Found rosidl_default_generators: 1.2.0 (/opt/ros/humble/share/rosidl_default_generators/cmake)
-- Using all available rosidl_typesupport_c: rosidl_typesupport_fastrtps_c;rosidl_typesupport_introspection_c
-- Found rosidl_adapter: 3.1.5 (/opt/ros/humble/share/rosidl_adapter/cmake)
-- Using all available rosidl_typesupport_cpp: rosidl_typesupport_fastrtps_cpp;rosidl_typesupport_introspection_cpp
-- Found ament_cmake_ros: 0.10.0 (/opt/ros/humble/share/ament_cmake_ros/cmake)
-- Using all available rosidl_typesupport_c: rosidl_typesupport_fastrtps_c;rosidl_typesupport_introspection_c
-- Using all available rosidl_typesupport_cpp: rosidl_typesupport_fastrtps_cpp;rosidl_typesupport_introspection_cpp
-- Found PythonInterp: /usr/bin/python3 (found suitable version "3.10.12", minimum required is "3.6") 
-- Found python_cmake_module: 0.10.0 (/opt/ros/humble/share/python_cmake_module/cmake)
-- Found PythonLibs: /usr/lib/x86_64-linux-gnu/libpython3.10.so (found suitable version "3.10.12", minimum required is "3.5") 
-- Using PYTHON_EXECUTABLE: /usr/bin/python3
-- Using PYTHON_INCLUDE_DIRS: /usr/include/python3.10
-- Using PYTHON_LIBRARIES: /usr/lib/x86_64-linux-gnu/libpython3.10.so
-- Found PythonExtra: .so  
-- Found ament_lint_auto: 0.12.10 (/opt/ros/humble/share/ament_lint_auto/cmake)
-- Added test 'lint_cmake' to check CMake code style
-- Added test 'xmllint' to check XML markup files
-- Configuring done
-- Generating done
-- Build files have been written to: /home/rmitaiil/aiil_workspace/humble_workspace/src/on_UR5e/build/par_utils
[  3%] [34m[1mGenerating C code for ROS interfaces[0m
[  6%] [34m[1mGenerating C++ code for ROS interfaces[0m
[  6%] Built target ament_cmake_python_copy_par_utils
running egg_info
creating par_utils.egg-info
writing par_utils.egg-info/PKG-INFO
writing dependency_links to par_utils.egg-info/dependency_links.txt
writing top-level names to par_utils.egg-info/top_level.txt
writing manifest file 'par_utils.egg-info/SOURCES.txt'
reading manifest file 'par_utils.egg-info/SOURCES.txt'
writing manifest file 'par_utils.egg-info/SOURCES.txt'
[  6%] Built target ament_cmake_python_build_par_utils_egg
[  6%] Built target par_utils__cpp
[  9%] [34m[1mGenerating C++ introspection for ROS interfaces[0m
[ 12%] [34m[1mGenerating C++ type support for eProsima Fast-RTPS[0m
[ 16%] [34m[1mGenerating C++ type support dispatch for ROS interfaces[0m
[ 19%] [32mBuilding C object CMakeFiles/par_utils__rosidl_generator_c.dir/rosidl_generator_c/par_utils/action/detail/gripper_grip__functions.c.o[0m
[ 22%] [32m[1mLinking C shared library libpar_utils__rosidl_generator_c.so[0m
[ 22%] Built target par_utils__rosidl_generator_c
[ 25%] [34m[1mGenerating C type support for eProsima Fast-RTPS[0m
[ 29%] [32mBuilding CXX object CMakeFiles/par_utils__rosidl_typesupport_cpp.dir/rosidl_typesupport_cpp/par_utils/action/gripper_grip__type_support.cpp.o[0m
[ 32%] [32mBuilding CXX object CMakeFiles/par_utils__rosidl_typesupport_introspection_cpp.dir/rosidl_typesupport_introspection_cpp/par_utils/action/detail/gripper_grip__type_support.cpp.o[0m
[ 35%] [32mBuilding CXX object CMakeFiles/par_utils__rosidl_typesupport_fastrtps_cpp.dir/rosidl_typesupport_fastrtps_cpp/par_utils/action/detail/dds_fastrtps/gripper_grip__type_support.cpp.o[0m
[ 38%] [32mBuilding CXX object CMakeFiles/par_utils__rosidl_typesupport_fastrtps_c.dir/rosidl_typesupport_fastrtps_c/par_utils/action/detail/gripper_grip__type_support_c.cpp.o[0m
[ 41%] [32m[1mLinking CXX shared library libpar_utils__rosidl_typesupport_introspection_cpp.so[0m
[ 45%] [32m[1mLinking CXX shared library libpar_utils__rosidl_typesupport_cpp.so[0m
[ 48%] [32m[1mLinking CXX shared library libpar_utils__rosidl_typesupport_fastrtps_c.so[0m
[ 48%] Built target par_utils__rosidl_typesupport_cpp
[ 51%] [34m[1mGenerating C introspection for ROS interfaces[0m
[ 51%] Built target par_utils__rosidl_typesupport_introspection_cpp
[ 54%] [34m[1mGenerating C type support dispatch for ROS interfaces[0m
[ 54%] Built target par_utils__rosidl_typesupport_fastrtps_c
[ 58%] [32m[1mLinking CXX shared library libpar_utils__rosidl_typesupport_fastrtps_cpp.so[0m
[ 58%] Built target par_utils__rosidl_typesupport_fastrtps_cpp
[ 61%] [32mBuilding CXX object CMakeFiles/par_utils__rosidl_typesupport_c.dir/rosidl_typesupport_c/par_utils/action/gripper_grip__type_support.cpp.o[0m
[ 64%] [32m[1mLinking CXX shared library libpar_utils__rosidl_typesupport_c.so[0m
[ 67%] [32mBuilding C object CMakeFiles/par_utils__rosidl_typesupport_introspection_c.dir/rosidl_typesupport_introspection_c/par_utils/action/detail/gripper_grip__type_support.c.o[0m
[ 67%] Built target par_utils__rosidl_typesupport_c
[ 70%] [32m[1mLinking C shared library libpar_utils__rosidl_typesupport_introspection_c.so[0m
[ 70%] Built target par_utils__rosidl_typesupport_introspection_c
[ 70%] Built target par_utils
[ 74%] [34m[1mGenerating Python code for ROS interfaces[0m
[ 74%] Built target par_utils__py
[ 77%] [32mBuilding C object CMakeFiles/par_utils__rosidl_generator_py.dir/rosidl_generator_py/par_utils/action/_gripper_grip_s.c.o[0m
[ 80%] [32m[1mLinking C shared library rosidl_generator_py/par_utils/libpar_utils__rosidl_generator_py.so[0m
[ 80%] Built target par_utils__rosidl_generator_py
[ 83%] [32mBuilding C object CMakeFiles/par_utils__rosidl_typesupport_introspection_c__pyext.dir/rosidl_generator_py/par_utils/_par_utils_s.ep.rosidl_typesupport_introspection_c.c.o[0m
[ 90%] [32mBuilding C object CMakeFiles/par_utils__rosidl_typesupport_c__pyext.dir/rosidl_generator_py/par_utils/_par_utils_s.ep.rosidl_typesupport_c.c.o[0m
[ 90%] [32mBuilding C object CMakeFiles/par_utils__rosidl_typesupport_fastrtps_c__pyext.dir/rosidl_generator_py/par_utils/_par_utils_s.ep.rosidl_typesupport_fastrtps_c.c.o[0m
[ 93%] [32m[1mLinking C shared library rosidl_generator_py/par_utils/par_utils_s__rosidl_typesupport_introspection_c.cpython-310-x86_64-linux-gnu.so[0m
[ 96%] [32m[1mLinking C shared library rosidl_generator_py/par_utils/par_utils_s__rosidl_typesupport_fastrtps_c.cpython-310-x86_64-linux-gnu.so[0m
[100%] [32m[1mLinking C shared library rosidl_generator_py/par_utils/par_utils_s__rosidl_typesupport_c.cpython-310-x86_64-linux-gnu.so[0m
[100%] Built target par_utils__rosidl_typesupport_introspection_c__pyext
[100%] Built target par_utils__rosidl_typesupport_fastrtps_c__pyext
[100%] Built target par_utils__rosidl_typesupport_c__pyext
-- Install configuration: ""
-- Installing: /home/rmitaiil/aiil_workspace/humble_workspace/src/on_UR5e/install/par_utils/share/ament_index/resource_index/rosidl_interfaces/par_utils
-- Installing: /home/rmitaiil/aiil_workspace/humble_workspace/src/on_UR5e/install/par_utils/include/par_utils/par_utils
-- Installing: /home/rmitaiil/aiil_workspace/humble_workspace/src/on_UR5e/install/par_utils/include/par_utils/par_utils/msg
-- Installing: /home/rmitaiil/aiil_workspace/humble_workspace/src/on_UR5e/install/par_utils/include/par_utils/par_utils/msg/rosidl_generator_c__visibility_control.h
-- Installing: /home/rmitaiil/aiil_workspace/humble_workspace/src/on_UR5e/install/par_utils/include/par_utils/par_utils/action
-- Installing: /home/rmitaiil/aiil_workspace/humble_workspace/src/on_UR5e/install/par_utils/include/par_utils/par_utils/action/detail
-- Installing: /home/rmitaiil/aiil_workspace/humble_workspace/src/on_UR5e/install/par_utils/include/par_utils/par_utils/action/detail/gripper_grip__functions.c
-- Installing: /home/rmitaiil/aiil_workspace/humble_workspace/src/on_UR5e/install/par_utils/include/par_utils/par_utils/action/detail/gripper_grip__functions.h
-- Installing: /home/rmitaiil/aiil_workspace/humble_workspace/src/on_UR5e/install/par_utils/include/par_utils/par_utils/action/detail/gripper_grip__struct.h
-- Installing: /home/rmitaiil/aiil_workspace/humble_workspace/src/on_UR5e/install/par_utils/include/par_utils/par_utils/action/detail/gripper_grip__type_support.h
-- Installing: /home/rmitaiil/aiil_workspace/humble_workspace/src/on_UR5e/install/par_utils/include/par_utils/par_utils/action/gripper_grip.h
-- Installing: /home/rmitaiil/aiil_workspace/humble_workspace/src/on_UR5e/install/par_utils/share/par_utils/environment/library_path.sh
-- Installing: /home/rmitaiil/aiil_workspace/humble_workspace/src/on_UR5e/install/par_utils/share/par_utils/environment/library_path.dsv
-- Installing: /home/rmitaiil/aiil_workspace/humble_workspace/src/on_UR5e/install/par_utils/lib/libpar_utils__rosidl_generator_c.so
-- Set runtime path of "/home/rmitaiil/aiil_workspace/humble_workspace/src/on_UR5e/install/par_utils/lib/libpar_utils__rosidl_generator_c.so" to ""
-- Up-to-date: /home/rmitaiil/aiil_workspace/humble_workspace/src/on_UR5e/install/par_utils/include/par_utils/par_utils
-- Up-to-date: /home/rmitaiil/aiil_workspace/humble_workspace/src/on_UR5e/install/par_utils/include/par_utils/par_utils/msg
-- Installing: /home/rmitaiil/aiil_workspace/humble_workspace/src/on_UR5e/install/par_utils/include/par_utils/par_utils/msg/rosidl_typesupport_fastrtps_c__visibility_control.h
-- Up-to-date: /home/rmitaiil/aiil_workspace/humble_workspace/src/on_UR5e/install/par_utils/include/par_utils/par_utils/action
-- Up-to-date: /home/rmitaiil/aiil_workspace/humble_workspace/src/on_UR5e/install/par_utils/include/par_utils/par_utils/action/detail
-- Installing: /home/rmitaiil/aiil_workspace/humble_workspace/src/on_UR5e/install/par_utils/include/par_utils/par_utils/action/detail/gripper_grip__rosidl_typesupport_fastrtps_c.h
-- Installing: /home/rmitaiil/aiil_workspace/humble_workspace/src/on_UR5e/install/par_utils/lib/libpar_utils__rosidl_typesupport_fastrtps_c.so
-- Set runtime path of "/home/rmitaiil/aiil_workspace/humble_workspace/src/on_UR5e/install/par_utils/lib/libpar_utils__rosidl_typesupport_fastrtps_c.so" to ""
-- Up-to-date: /home/rmitaiil/aiil_workspace/humble_workspace/src/on_UR5e/install/par_utils/include/par_utils/par_utils
-- Up-to-date: /home/rmitaiil/aiil_workspace/humble_workspace/src/on_UR5e/install/par_utils/include/par_utils/par_utils/msg
-- Installing: /home/rmitaiil/aiil_workspace/humble_workspace/src/on_UR5e/install/par_utils/include/par_utils/par_utils/msg/rosidl_typesupport_introspection_c__visibility_control.h
-- Up-to-date: /home/rmitaiil/aiil_workspace/humble_workspace/src/on_UR5e/install/par_utils/include/par_utils/par_utils/action
-- Up-to-date: /home/rmitaiil/aiil_workspace/humble_workspace/src/on_UR5e/install/par_utils/include/par_utils/par_utils/action/detail
-- Installing: /home/rmitaiil/aiil_workspace/humble_workspace/src/on_UR5e/install/par_utils/include/par_utils/par_utils/action/detail/gripper_grip__type_support.c
-- Installing: /home/rmitaiil/aiil_workspace/humble_workspace/src/on_UR5e/install/par_utils/include/par_utils/par_utils/action/detail/gripper_grip__rosidl_typesupport_introspection_c.h
-- Installing: /home/rmitaiil/aiil_workspace/humble_workspace/src/on_UR5e/install/par_utils/lib/libpar_utils__rosidl_typesupport_introspection_c.so
-- Set runtime path of "/home/rmitaiil/aiil_workspace/humble_workspace/src/on_UR5e/install/par_utils/lib/libpar_utils__rosidl_typesupport_introspection_c.so" to ""
-- Installing: /home/rmitaiil/aiil_workspace/humble_workspace/src/on_UR5e/install/par_utils/lib/libpar_utils__rosidl_typesupport_c.so
-- Set runtime path of "/home/rmitaiil/aiil_workspace/humble_workspace/src/on_UR5e/install/par_utils/lib/libpar_utils__rosidl_typesupport_c.so" to ""
-- Up-to-date: /home/rmitaiil/aiil_workspace/humble_workspace/src/on_UR5e/install/par_utils/include/par_utils/par_utils
-- Up-to-date: /home/rmitaiil/aiil_workspace/humble_workspace/src/on_UR5e/install/par_utils/include/par_utils/par_utils/action
-- Up-to-date: /home/rmitaiil/aiil_workspace/humble_workspace/src/on_UR5e/install/par_utils/include/par_utils/par_utils/action/detail
-- Installing: /home/rmitaiil/aiil_workspace/humble_workspace/src/on_UR5e/install/par_utils/include/par_utils/par_utils/action/detail/gripper_grip__traits.hpp
-- Installing: /home/rmitaiil/aiil_workspace/humble_workspace/src/on_UR5e/install/par_utils/include/par_utils/par_utils/action/detail/gripper_grip__struct.hpp
-- Installing: /home/rmitaiil/aiil_workspace/humble_workspace/src/on_UR5e/install/par_utils/include/par_utils/par_utils/action/detail/gripper_grip__builder.hpp
-- Installing: /home/rmitaiil/aiil_workspace/humble_workspace/src/on_UR5e/install/par_utils/include/par_utils/par_utils/action/gripper_grip.hpp
-- Up-to-date: /home/rmitaiil/aiil_workspace/humble_workspace/src/on_UR5e/install/par_utils/include/par_utils/par_utils
-- Up-to-date: /home/rmitaiil/aiil_workspace/humble_workspace/src/on_UR5e/install/par_utils/include/par_utils/par_utils/msg
-- Installing: /home/rmitaiil/aiil_workspace/humble_workspace/src/on_UR5e/install/par_utils/include/par_utils/par_utils/msg/rosidl_typesupport_fastrtps_cpp__visibility_control.h
-- Up-to-date: /home/rmitaiil/aiil_workspace/humble_workspace/src/on_UR5e/install/par_utils/include/par_utils/par_utils/action
-- Up-to-date: /home/rmitaiil/aiil_workspace/humble_workspace/src/on_UR5e/install/par_utils/include/par_utils/par_utils/action/detail
-- Installing: /home/rmitaiil/aiil_workspace/humble_workspace/src/on_UR5e/install/par_utils/include/par_utils/par_utils/action/detail/dds_fastrtps
-- Installing: /home/rmitaiil/aiil_workspace/humble_workspace/src/on_UR5e/install/par_utils/include/par_utils/par_utils/action/detail/gripper_grip__rosidl_typesupport_fastrtps_cpp.hpp
-- Installing: /home/rmitaiil/aiil_workspace/humble_workspace/src/on_UR5e/install/par_utils/lib/libpar_utils__rosidl_typesupport_fastrtps_cpp.so
-- Set runtime path of "/home/rmitaiil/aiil_workspace/humble_workspace/src/on_UR5e/install/par_utils/lib/libpar_utils__rosidl_typesupport_fastrtps_cpp.so" to ""
-- Up-to-date: /home/rmitaiil/aiil_workspace/humble_workspace/src/on_UR5e/install/par_utils/include/par_utils/par_utils
-- Up-to-date: /home/rmitaiil/aiil_workspace/humble_workspace/src/on_UR5e/install/par_utils/include/par_utils/par_utils/action
-- Up-to-date: /home/rmitaiil/aiil_workspace/humble_workspace/src/on_UR5e/install/par_utils/include/par_utils/par_utils/action/detail
-- Installing: /home/rmitaiil/aiil_workspace/humble_workspace/src/on_UR5e/install/par_utils/include/par_utils/par_utils/action/detail/gripper_grip__type_support.cpp
-- Installing: /home/rmitaiil/aiil_workspace/humble_workspace/src/on_UR5e/install/par_utils/include/par_utils/par_utils/action/detail/gripper_grip__rosidl_typesupport_introspection_cpp.hpp
-- Installing: /home/rmitaiil/aiil_workspace/humble_workspace/src/on_UR5e/install/par_utils/lib/libpar_utils__rosidl_typesupport_introspection_cpp.so
-- Set runtime path of "/home/rmitaiil/aiil_workspace/humble_workspace/src/on_UR5e/install/par_utils/lib/libpar_utils__rosidl_typesupport_introspection_cpp.so" to ""
-- Installing: /home/rmitaiil/aiil_workspace/humble_workspace/src/on_UR5e/install/par_utils/lib/libpar_utils__rosidl_typesupport_cpp.so
-- Set runtime path of "/home/rmitaiil/aiil_workspace/humble_workspace/src/on_UR5e/install/par_utils/lib/libpar_utils__rosidl_typesupport_cpp.so" to ""
-- Installing: /home/rmitaiil/aiil_workspace/humble_workspace/src/on_UR5e/install/par_utils/share/par_utils/environment/pythonpath.sh
-- Installing: /home/rmitaiil/aiil_workspace/humble_workspace/src/on_UR5e/install/par_utils/share/par_utils/environment/pythonpath.dsv
-- Installing: /home/rmitaiil/aiil_workspace/humble_workspace/src/on_UR5e/install/par_utils/local/lib/python3.10/dist-packages/par_utils-0.0.0-py3.10.egg-info
-- Installing: /home/rmitaiil/aiil_workspace/humble_workspace/src/on_UR5e/install/par_utils/local/lib/python3.10/dist-packages/par_utils-0.0.0-py3.10.egg-info/top_level.txt
-- Installing: /home/rmitaiil/aiil_workspace/humble_workspace/src/on_UR5e/install/par_utils/local/lib/python3.10/dist-packages/par_utils-0.0.0-py3.10.egg-info/PKG-INFO
-- Installing: /home/rmitaiil/aiil_workspace/humble_workspace/src/on_UR5e/install/par_utils/local/lib/python3.10/dist-packages/par_utils-0.0.0-py3.10.egg-info/SOURCES.txt
-- Installing: /home/rmitaiil/aiil_workspace/humble_workspace/src/on_UR5e/install/par_utils/local/lib/python3.10/dist-packages/par_utils-0.0.0-py3.10.egg-info/dependency_links.txt
-- Installing: /home/rmitaiil/aiil_workspace/humble_workspace/src/on_UR5e/install/par_utils/local/lib/python3.10/dist-packages/par_utils
-- Installing: /home/rmitaiil/aiil_workspace/humble_workspace/src/on_UR5e/install/par_utils/local/lib/python3.10/dist-packages/par_utils/__init__.py
-- Installing: /home/rmitaiil/aiil_workspace/humble_workspace/src/on_UR5e/install/par_utils/local/lib/python3.10/dist-packages/par_utils/par_utils_s__rosidl_typesupport_introspection_c.cpython-310-x86_64-linux-gnu.so
-- Installing: /home/rmitaiil/aiil_workspace/humble_workspace/src/on_UR5e/install/par_utils/local/lib/python3.10/dist-packages/par_utils/_par_utils_s.ep.rosidl_typesupport_introspection_c.c
-- Installing: /home/rmitaiil/aiil_workspace/humble_workspace/src/on_UR5e/install/par_utils/local/lib/python3.10/dist-packages/par_utils/par_utils_s__rosidl_typesupport_c.cpython-310-x86_64-linux-gnu.so
-- Installing: /home/rmitaiil/aiil_workspace/humble_workspace/src/on_UR5e/install/par_utils/local/lib/python3.10/dist-packages/par_utils/_par_utils_s.ep.rosidl_typesupport_fastrtps_c.c
-- Installing: /home/rmitaiil/aiil_workspace/humble_workspace/src/on_UR5e/install/par_utils/local/lib/python3.10/dist-packages/par_utils/action
-- Installing: /home/rmitaiil/aiil_workspace/humble_workspace/src/on_UR5e/install/par_utils/local/lib/python3.10/dist-packages/par_utils/action/__init__.py
-- Installing: /home/rmitaiil/aiil_workspace/humble_workspace/src/on_UR5e/install/par_utils/local/lib/python3.10/dist-packages/par_utils/action/_gripper_grip_s.c
-- Installing: /home/rmitaiil/aiil_workspace/humble_workspace/src/on_UR5e/install/par_utils/local/lib/python3.10/dist-packages/par_utils/action/_gripper_grip.py
-- Installing: /home/rmitaiil/aiil_workspace/humble_workspace/src/on_UR5e/install/par_utils/local/lib/python3.10/dist-packages/par_utils/par_utils_s__rosidl_typesupport_fastrtps_c.cpython-310-x86_64-linux-gnu.so
-- Installing: /home/rmitaiil/aiil_workspace/humble_workspace/src/on_UR5e/install/par_utils/local/lib/python3.10/dist-packages/par_utils/_par_utils_s.ep.rosidl_typesupport_c.c
-- Installing: /home/rmitaiil/aiil_workspace/humble_workspace/src/on_UR5e/install/par_utils/local/lib/python3.10/dist-packages/par_utils/libpar_utils__rosidl_generator_py.so
Listing '/home/rmitaiil/aiil_workspace/humble_workspace/src/on_UR5e/install/par_utils/local/lib/python3.10/dist-packages/par_utils'...
Compiling '/home/rmitaiil/aiil_workspace/humble_workspace/src/on_UR5e/install/par_utils/local/lib/python3.10/dist-packages/par_utils/__init__.py'...
Listing '/home/rmitaiil/aiil_workspace/humble_workspace/src/on_UR5e/install/par_utils/local/lib/python3.10/dist-packages/par_utils/action'...
Compiling '/home/rmitaiil/aiil_workspace/humble_workspace/src/on_UR5e/install/par_utils/local/lib/python3.10/dist-packages/par_utils/action/__init__.py'...
Compiling '/home/rmitaiil/aiil_workspace/humble_workspace/src/on_UR5e/install/par_utils/local/lib/python3.10/dist-packages/par_utils/action/_gripper_grip.py'...
-- Installing: /home/rmitaiil/aiil_workspace/humble_workspace/src/on_UR5e/install/par_utils/local/lib/python3.10/dist-packages/par_utils/par_utils_s__rosidl_typesupport_fastrtps_c.cpython-310-x86_64-linux-gnu.so
-- Set runtime path of "/home/rmitaiil/aiil_workspace/humble_workspace/src/on_UR5e/install/par_utils/local/lib/python3.10/dist-packages/par_utils/par_utils_s__rosidl_typesupport_fastrtps_c.cpython-310-x86_64-linux-gnu.so" to ""
-- Installing: /home/rmitaiil/aiil_workspace/humble_workspace/src/on_UR5e/install/par_utils/local/lib/python3.10/dist-packages/par_utils/par_utils_s__rosidl_typesupport_introspection_c.cpython-310-x86_64-linux-gnu.so
-- Set runtime path of "/home/rmitaiil/aiil_workspace/humble_workspace/src/on_UR5e/install/par_utils/local/lib/python3.10/dist-packages/par_utils/par_utils_s__rosidl_typesupport_introspection_c.cpython-310-x86_64-linux-gnu.so" to ""
-- Installing: /home/rmitaiil/aiil_workspace/humble_workspace/src/on_UR5e/install/par_utils/local/lib/python3.10/dist-packages/par_utils/par_utils_s__rosidl_typesupport_c.cpython-310-x86_64-linux-gnu.so
-- Set runtime path of "/home/rmitaiil/aiil_workspace/humble_workspace/src/on_UR5e/install/par_utils/local/lib/python3.10/dist-packages/par_utils/par_utils_s__rosidl_typesupport_c.cpython-310-x86_64-linux-gnu.so" to ""
-- Installing: /home/rmitaiil/aiil_workspace/humble_workspace/src/on_UR5e/install/par_utils/lib/libpar_utils__rosidl_generator_py.so
-- Set runtime path of "/home/rmitaiil/aiil_workspace/humble_workspace/src/on_UR5e/install/par_utils/lib/libpar_utils__rosidl_generator_py.so" to ""
-- Installing: /home/rmitaiil/aiil_workspace/humble_workspace/src/on_UR5e/install/par_utils/share/par_utils/action/GripperGrip.idl
-- Installing: /home/rmitaiil/aiil_workspace/humble_workspace/src/on_UR5e/install/par_utils/share/par_utils/action/GripperGrip.action
-- Installing: /home/rmitaiil/aiil_workspace/humble_workspace/src/on_UR5e/install/par_utils/share/ament_index/resource_index/package_run_dependencies/par_utils
-- Installing: /home/rmitaiil/aiil_workspace/humble_workspace/src/on_UR5e/install/par_utils/share/ament_index/resource_index/parent_prefix_path/par_utils
-- Installing: /home/rmitaiil/aiil_workspace/humble_workspace/src/on_UR5e/install/par_utils/share/par_utils/environment/ament_prefix_path.sh
-- Installing: /home/rmitaiil/aiil_workspace/humble_workspace/src/on_UR5e/install/par_utils/share/par_utils/environment/ament_prefix_path.dsv
-- Installing: /home/rmitaiil/aiil_workspace/humble_workspace/src/on_UR5e/install/par_utils/share/par_utils/environment/path.sh
-- Installing: /home/rmitaiil/aiil_workspace/humble_workspace/src/on_UR5e/install/par_utils/share/par_utils/environment/path.dsv
-- Installing: /home/rmitaiil/aiil_workspace/humble_workspace/src/on_UR5e/install/par_utils/share/par_utils/local_setup.bash
-- Installing: /home/rmitaiil/aiil_workspace/humble_workspace/src/on_UR5e/install/par_utils/share/par_utils/local_setup.sh
-- Installing: /home/rmitaiil/aiil_workspace/humble_workspace/src/on_UR5e/install/par_utils/share/par_utils/local_setup.zsh
-- Installing: /home/rmitaiil/aiil_workspace/humble_workspace/src/on_UR5e/install/par_utils/share/par_utils/local_setup.dsv
-- Installing: /home/rmitaiil/aiil_workspace/humble_workspace/src/on_UR5e/install/par_utils/share/par_utils/package.dsv
-- Installing: /home/rmitaiil/aiil_workspace/humble_workspace/src/on_UR5e/install/par_utils/share/ament_index/resource_index/packages/par_utils
-- Installing: /home/rmitaiil/aiil_workspace/humble_workspace/src/on_UR5e/install/par_utils/share/par_utils/cmake/export_par_utils__rosidl_generator_cExport.cmake
-- Installing: /home/rmitaiil/aiil_workspace/humble_workspace/src/on_UR5e/install/par_utils/share/par_utils/cmake/export_par_utils__rosidl_generator_cExport-noconfig.cmake
-- Installing: /home/rmitaiil/aiil_workspace/humble_workspace/src/on_UR5e/install/par_utils/share/par_utils/cmake/export_par_utils__rosidl_typesupport_fastrtps_cExport.cmake
-- Installing: /home/rmitaiil/aiil_workspace/humble_workspace/src/on_UR5e/install/par_utils/share/par_utils/cmake/export_par_utils__rosidl_typesupport_fastrtps_cExport-noconfig.cmake
-- Installing: /home/rmitaiil/aiil_workspace/humble_workspace/src/on_UR5e/install/par_utils/share/par_utils/cmake/par_utils__rosidl_typesupport_introspection_cExport.cmake
-- Installing: /home/rmitaiil/aiil_workspace/humble_workspace/src/on_UR5e/install/par_utils/share/par_utils/cmake/par_utils__rosidl_typesupport_introspection_cExport-noconfig.cmake
-- Installing: /home/rmitaiil/aiil_workspace/humble_workspace/src/on_UR5e/install/par_utils/share/par_utils/cmake/par_utils__rosidl_typesupport_cExport.cmake
-- Installing: /home/rmitaiil/aiil_workspace/humble_workspace/src/on_UR5e/install/par_utils/share/par_utils/cmake/par_utils__rosidl_typesupport_cExport-noconfig.cmake
-- Installing: /home/rmitaiil/aiil_workspace/humble_workspace/src/on_UR5e/install/par_utils/share/par_utils/cmake/export_par_utils__rosidl_generator_cppExport.cmake
-- Installing: /home/rmitaiil/aiil_workspace/humble_workspace/src/on_UR5e/install/par_utils/share/par_utils/cmake/export_par_utils__rosidl_typesupport_fastrtps_cppExport.cmake
-- Installing: /home/rmitaiil/aiil_workspace/humble_workspace/src/on_UR5e/install/par_utils/share/par_utils/cmake/export_par_utils__rosidl_typesupport_fastrtps_cppExport-noconfig.cmake
-- Installing: /home/rmitaiil/aiil_workspace/humble_workspace/src/on_UR5e/install/par_utils/share/par_utils/cmake/par_utils__rosidl_typesupport_introspection_cppExport.cmake
-- Installing: /home/rmitaiil/aiil_workspace/humble_workspace/src/on_UR5e/install/par_utils/share/par_utils/cmake/par_utils__rosidl_typesupport_introspection_cppExport-noconfig.cmake
-- Installing: /home/rmitaiil/aiil_workspace/humble_workspace/src/on_UR5e/install/par_utils/share/par_utils/cmake/par_utils__rosidl_typesupport_cppExport.cmake
-- Installing: /home/rmitaiil/aiil_workspace/humble_workspace/src/on_UR5e/install/par_utils/share/par_utils/cmake/par_utils__rosidl_typesupport_cppExport-noconfig.cmake
-- Installing: /home/rmitaiil/aiil_workspace/humble_workspace/src/on_UR5e/install/par_utils/share/par_utils/cmake/export_par_utils__rosidl_generator_pyExport.cmake
-- Installing: /home/rmitaiil/aiil_workspace/humble_workspace/src/on_UR5e/install/par_utils/share/par_utils/cmake/export_par_utils__rosidl_generator_pyExport-noconfig.cmake
-- Installing: /home/rmitaiil/aiil_workspace/humble_workspace/src/on_UR5e/install/par_utils/share/par_utils/cmake/rosidl_cmake-extras.cmake
-- Installing: /home/rmitaiil/aiil_workspace/humble_workspace/src/on_UR5e/install/par_utils/share/par_utils/cmake/ament_cmake_export_dependencies-extras.cmake
-- Installing: /home/rmitaiil/aiil_workspace/humble_workspace/src/on_UR5e/install/par_utils/share/par_utils/cmake/ament_cmake_export_include_directories-extras.cmake
-- Installing: /home/rmitaiil/aiil_workspace/humble_workspace/src/on_UR5e/install/par_utils/share/par_utils/cmake/ament_cmake_export_libraries-extras.cmake
-- Installing: /home/rmitaiil/aiil_workspace/humble_workspace/src/on_UR5e/install/par_utils/share/par_utils/cmake/ament_cmake_export_targets-extras.cmake
-- Installing: /home/rmitaiil/aiil_workspace/humble_workspace/src/on_UR5e/install/par_utils/share/par_utils/cmake/rosidl_cmake_export_typesupport_targets-extras.cmake
-- Installing: /home/rmitaiil/aiil_workspace/humble_workspace/src/on_UR5e/install/par_utils/share/par_utils/cmake/rosidl_cmake_export_typesupport_libraries-extras.cmake
-- Installing: /home/rmitaiil/aiil_workspace/humble_workspace/src/on_UR5e/install/par_utils/share/par_utils/cmake/par_utilsConfig.cmake
-- Installing: /home/rmitaiil/aiil_workspace/humble_workspace/src/on_UR5e/install/par_utils/share/par_utils/cmake/par_utilsConfig-version.cmake
-- Installing: /home/rmitaiil/aiil_workspace/humble_workspace/src/on_UR5e/install/par_utils/share/par_utils/package.xml
