[0.065s] Invoking command in '/home/rmitaiil/aiil_workspace/humble_workspace/src/on_UR5e/build/par_utils': CMAKE_PREFIX_PATH=${CMAKE_PREFIX_PATH}:/home/rmitaiil/aiil_workspace/humble_workspace/install/snc_pkg:/home/rmitaiil/aiil_workspace/humble_workspace/install/onrobot_testing:/home/rmitaiil/aiil_workspace/humble_workspace/install/aiil_rosbot_demo:/home/rmitaiil/aiil_workspace/humble_workspace/install/aiil_gazebo:/opt/ros/humble /usr/bin/cmake /home/rmitaiil/aiil_workspace/humble_workspace/src/on_UR5e/par_utils -DCMAKE_INSTALL_PREFIX=/home/rmitaiil/aiil_workspace/humble_workspace/src/on_UR5e/install/par_utils
[0.075s] -- Found ament_cmake: 1.3.7 (/opt/ros/humble/share/ament_cmake/cmake)
[0.201s] -- Found rosidl_default_generators: 1.2.0 (/opt/ros/humble/share/rosidl_default_generators/cmake)
[0.203s] -- Using all available rosidl_typesupport_c: rosidl_typesupport_fastrtps_c;rosidl_typesupport_introspection_c
[0.204s] -- Found rosidl_adapter: 3.1.5 (/opt/ros/humble/share/rosidl_adapter/cmake)
[0.226s] -- Using all available rosidl_typesupport_cpp: rosidl_typesupport_fastrtps_cpp;rosidl_typesupport_introspection_cpp
[0.590s] -- Found ament_cmake_ros: 0.10.0 (/opt/ros/humble/share/ament_cmake_ros/cmake)
[0.771s] -- Using all available rosidl_typesupport_c: rosidl_typesupport_fastrtps_c;rosidl_typesupport_introspection_c
[1.011s] -- Using all available rosidl_typesupport_cpp: rosidl_typesupport_fastrtps_cpp;rosidl_typesupport_introspection_cpp
[1.033s] -- Found PythonInterp: /usr/bin/python3 (found suitable version "3.10.12", minimum required is "3.6") 
[1.036s] -- Found python_cmake_module: 0.10.0 (/opt/ros/humble/share/python_cmake_module/cmake)
[1.075s] -- Found PythonLibs: /usr/lib/x86_64-linux-gnu/libpython3.10.so (found suitable version "3.10.12", minimum required is "3.5") 
[1.075s] -- Using PYTHON_EXECUTABLE: /usr/bin/python3
[1.075s] -- Using PYTHON_INCLUDE_DIRS: /usr/include/python3.10
[1.075s] -- Using PYTHON_LIBRARIES: /usr/lib/x86_64-linux-gnu/libpython3.10.so
[1.096s] -- Found PythonExtra: .so  
[1.136s] -- Found ament_lint_auto: 0.12.10 (/opt/ros/humble/share/ament_lint_auto/cmake)
[1.172s] -- Added test 'lint_cmake' to check CMake code style
[1.174s] -- Added test 'xmllint' to check XML markup files
[1.180s] -- Configuring done
[1.208s] -- Generating done
[1.210s] -- Build files have been written to: /home/rmitaiil/aiil_workspace/humble_workspace/src/on_UR5e/build/par_utils
[1.215s] Invoked command in '/home/rmitaiil/aiil_workspace/humble_workspace/src/on_UR5e/build/par_utils' returned '0': CMAKE_PREFIX_PATH=${CMAKE_PREFIX_PATH}:/home/rmitaiil/aiil_workspace/humble_workspace/install/snc_pkg:/home/rmitaiil/aiil_workspace/humble_workspace/install/onrobot_testing:/home/rmitaiil/aiil_workspace/humble_workspace/install/aiil_rosbot_demo:/home/rmitaiil/aiil_workspace/humble_workspace/install/aiil_gazebo:/opt/ros/humble /usr/bin/cmake /home/rmitaiil/aiil_workspace/humble_workspace/src/on_UR5e/par_utils -DCMAKE_INSTALL_PREFIX=/home/rmitaiil/aiil_workspace/humble_workspace/src/on_UR5e/install/par_utils
[1.217s] Invoking command in '/home/rmitaiil/aiil_workspace/humble_workspace/src/on_UR5e/build/par_utils': CMAKE_PREFIX_PATH=${CMAKE_PREFIX_PATH}:/home/rmitaiil/aiil_workspace/humble_workspace/install/snc_pkg:/home/rmitaiil/aiil_workspace/humble_workspace/install/onrobot_testing:/home/rmitaiil/aiil_workspace/humble_workspace/install/aiil_rosbot_demo:/home/rmitaiil/aiil_workspace/humble_workspace/install/aiil_gazebo:/opt/ros/humble /usr/bin/cmake --build /home/rmitaiil/aiil_workspace/humble_workspace/src/on_UR5e/build/par_utils -- -j4 -l4
[1.256s] [  3%] [34m[1mGenerating C code for ROS interfaces[0m
[1.267s] [  6%] [34m[1mGenerating C++ code for ROS interfaces[0m
[1.279s] [  6%] Built target ament_cmake_python_copy_par_utils
[1.477s] running egg_info
[1.479s] creating par_utils.egg-info
[1.479s] writing par_utils.egg-info/PKG-INFO
[1.480s] writing dependency_links to par_utils.egg-info/dependency_links.txt
[1.481s] writing top-level names to par_utils.egg-info/top_level.txt
[1.482s] writing manifest file 'par_utils.egg-info/SOURCES.txt'
[1.486s] reading manifest file 'par_utils.egg-info/SOURCES.txt'
[1.487s] writing manifest file 'par_utils.egg-info/SOURCES.txt'
[1.528s] [  6%] Built target ament_cmake_python_build_par_utils_egg
[1.625s] [  6%] Built target par_utils__cpp
[1.635s] [  9%] [34m[1mGenerating C++ introspection for ROS interfaces[0m
[1.635s] [ 12%] [34m[1mGenerating C++ type support for eProsima Fast-RTPS[0m
[1.636s] [ 16%] [34m[1mGenerating C++ type support dispatch for ROS interfaces[0m
[1.656s] [ 19%] [32mBuilding C object CMakeFiles/par_utils__rosidl_generator_c.dir/rosidl_generator_c/par_utils/action/detail/gripper_grip__functions.c.o[0m
[1.814s] [ 22%] [32m[1mLinking C shared library libpar_utils__rosidl_generator_c.so[0m
[1.852s] [ 22%] Built target par_utils__rosidl_generator_c
[1.868s] [ 25%] [34m[1mGenerating C type support for eProsima Fast-RTPS[0m
[1.870s] [ 29%] [32mBuilding CXX object CMakeFiles/par_utils__rosidl_typesupport_cpp.dir/rosidl_typesupport_cpp/par_utils/action/gripper_grip__type_support.cpp.o[0m
[1.934s] [ 32%] [32mBuilding CXX object CMakeFiles/par_utils__rosidl_typesupport_introspection_cpp.dir/rosidl_typesupport_introspection_cpp/par_utils/action/detail/gripper_grip__type_support.cpp.o[0m
[1.954s] [ 35%] [32mBuilding CXX object CMakeFiles/par_utils__rosidl_typesupport_fastrtps_cpp.dir/rosidl_typesupport_fastrtps_cpp/par_utils/action/detail/dds_fastrtps/gripper_grip__type_support.cpp.o[0m
[2.283s] [ 38%] [32mBuilding CXX object CMakeFiles/par_utils__rosidl_typesupport_fastrtps_c.dir/rosidl_typesupport_fastrtps_c/par_utils/action/detail/gripper_grip__type_support_c.cpp.o[0m
[2.642s] [ 41%] [32m[1mLinking CXX shared library libpar_utils__rosidl_typesupport_introspection_cpp.so[0m
[2.657s] [ 45%] [32m[1mLinking CXX shared library libpar_utils__rosidl_typesupport_cpp.so[0m
[2.691s] [ 48%] [32m[1mLinking CXX shared library libpar_utils__rosidl_typesupport_fastrtps_c.so[0m
[2.721s] [ 48%] Built target par_utils__rosidl_typesupport_cpp
[2.722s] [ 51%] [34m[1mGenerating C introspection for ROS interfaces[0m
[2.745s] [ 51%] Built target par_utils__rosidl_typesupport_introspection_cpp
[2.765s] [ 54%] [34m[1mGenerating C type support dispatch for ROS interfaces[0m
[2.833s] [ 54%] Built target par_utils__rosidl_typesupport_fastrtps_c
[2.922s] [ 58%] [32m[1mLinking CXX shared library libpar_utils__rosidl_typesupport_fastrtps_cpp.so[0m
[3.016s] [ 58%] Built target par_utils__rosidl_typesupport_fastrtps_cpp
[3.032s] [ 61%] [32mBuilding CXX object CMakeFiles/par_utils__rosidl_typesupport_c.dir/rosidl_typesupport_c/par_utils/action/gripper_grip__type_support.cpp.o[0m
[3.086s] [ 64%] [32m[1mLinking CXX shared library libpar_utils__rosidl_typesupport_c.so[0m
[3.120s] [ 67%] [32mBuilding C object CMakeFiles/par_utils__rosidl_typesupport_introspection_c.dir/rosidl_typesupport_introspection_c/par_utils/action/detail/gripper_grip__type_support.c.o[0m
[3.134s] [ 67%] Built target par_utils__rosidl_typesupport_c
[3.171s] [ 70%] [32m[1mLinking C shared library libpar_utils__rosidl_typesupport_introspection_c.so[0m
[3.206s] [ 70%] Built target par_utils__rosidl_typesupport_introspection_c
[3.227s] [ 70%] Built target par_utils
[3.247s] [ 74%] [34m[1mGenerating Python code for ROS interfaces[0m
[3.827s] [ 74%] Built target par_utils__py
[3.850s] [ 77%] [32mBuilding C object CMakeFiles/par_utils__rosidl_generator_py.dir/rosidl_generator_py/par_utils/action/_gripper_grip_s.c.o[0m
[4.017s] [ 80%] [32m[1mLinking C shared library rosidl_generator_py/par_utils/libpar_utils__rosidl_generator_py.so[0m
[4.058s] [ 80%] Built target par_utils__rosidl_generator_py
[4.085s] [ 83%] [32mBuilding C object CMakeFiles/par_utils__rosidl_typesupport_introspection_c__pyext.dir/rosidl_generator_py/par_utils/_par_utils_s.ep.rosidl_typesupport_introspection_c.c.o[0m
[4.085s] [ 90%] [32mBuilding C object CMakeFiles/par_utils__rosidl_typesupport_c__pyext.dir/rosidl_generator_py/par_utils/_par_utils_s.ep.rosidl_typesupport_c.c.o[0m
[4.085s] [ 90%] [32mBuilding C object CMakeFiles/par_utils__rosidl_typesupport_fastrtps_c__pyext.dir/rosidl_generator_py/par_utils/_par_utils_s.ep.rosidl_typesupport_fastrtps_c.c.o[0m
[4.199s] [ 93%] [32m[1mLinking C shared library rosidl_generator_py/par_utils/par_utils_s__rosidl_typesupport_introspection_c.cpython-310-x86_64-linux-gnu.so[0m
[4.202s] [ 96%] [32m[1mLinking C shared library rosidl_generator_py/par_utils/par_utils_s__rosidl_typesupport_fastrtps_c.cpython-310-x86_64-linux-gnu.so[0m
[4.211s] [100%] [32m[1mLinking C shared library rosidl_generator_py/par_utils/par_utils_s__rosidl_typesupport_c.cpython-310-x86_64-linux-gnu.so[0m
[4.241s] [100%] Built target par_utils__rosidl_typesupport_introspection_c__pyext
[4.250s] [100%] Built target par_utils__rosidl_typesupport_fastrtps_c__pyext
[4.256s] [100%] Built target par_utils__rosidl_typesupport_c__pyext
[4.268s] Invoked command in '/home/rmitaiil/aiil_workspace/humble_workspace/src/on_UR5e/build/par_utils' returned '0': CMAKE_PREFIX_PATH=${CMAKE_PREFIX_PATH}:/home/rmitaiil/aiil_workspace/humble_workspace/install/snc_pkg:/home/rmitaiil/aiil_workspace/humble_workspace/install/onrobot_testing:/home/rmitaiil/aiil_workspace/humble_workspace/install/aiil_rosbot_demo:/home/rmitaiil/aiil_workspace/humble_workspace/install/aiil_gazebo:/opt/ros/humble /usr/bin/cmake --build /home/rmitaiil/aiil_workspace/humble_workspace/src/on_UR5e/build/par_utils -- -j4 -l4
[4.339s] Invoking command in '/home/rmitaiil/aiil_workspace/humble_workspace/src/on_UR5e/build/par_utils': CMAKE_PREFIX_PATH=${CMAKE_PREFIX_PATH}:/home/rmitaiil/aiil_workspace/humble_workspace/install/snc_pkg:/home/rmitaiil/aiil_workspace/humble_workspace/install/onrobot_testing:/home/rmitaiil/aiil_workspace/humble_workspace/install/aiil_rosbot_demo:/home/rmitaiil/aiil_workspace/humble_workspace/install/aiil_gazebo:/opt/ros/humble /usr/bin/cmake --install /home/rmitaiil/aiil_workspace/humble_workspace/src/on_UR5e/build/par_utils
[4.346s] -- Install configuration: ""
[4.347s] -- Installing: /home/rmitaiil/aiil_workspace/humble_workspace/src/on_UR5e/install/par_utils/share/ament_index/resource_index/rosidl_interfaces/par_utils
[4.347s] -- Installing: /home/rmitaiil/aiil_workspace/humble_workspace/src/on_UR5e/install/par_utils/include/par_utils/par_utils
[4.347s] -- Installing: /home/rmitaiil/aiil_workspace/humble_workspace/src/on_UR5e/install/par_utils/include/par_utils/par_utils/msg
[4.347s] -- Installing: /home/rmitaiil/aiil_workspace/humble_workspace/src/on_UR5e/install/par_utils/include/par_utils/par_utils/msg/rosidl_generator_c__visibility_control.h
[4.348s] -- Installing: /home/rmitaiil/aiil_workspace/humble_workspace/src/on_UR5e/install/par_utils/include/par_utils/par_utils/action
[4.348s] -- Installing: /home/rmitaiil/aiil_workspace/humble_workspace/src/on_UR5e/install/par_utils/include/par_utils/par_utils/action/detail
[4.348s] -- Installing: /home/rmitaiil/aiil_workspace/humble_workspace/src/on_UR5e/install/par_utils/include/par_utils/par_utils/action/detail/gripper_grip__functions.c
[4.349s] -- Installing: /home/rmitaiil/aiil_workspace/humble_workspace/src/on_UR5e/install/par_utils/include/par_utils/par_utils/action/detail/gripper_grip__functions.h
[4.349s] -- Installing: /home/rmitaiil/aiil_workspace/humble_workspace/src/on_UR5e/install/par_utils/include/par_utils/par_utils/action/detail/gripper_grip__struct.h
[4.349s] -- Installing: /home/rmitaiil/aiil_workspace/humble_workspace/src/on_UR5e/install/par_utils/include/par_utils/par_utils/action/detail/gripper_grip__type_support.h
[4.349s] -- Installing: /home/rmitaiil/aiil_workspace/humble_workspace/src/on_UR5e/install/par_utils/include/par_utils/par_utils/action/gripper_grip.h
[4.349s] -- Installing: /home/rmitaiil/aiil_workspace/humble_workspace/src/on_UR5e/install/par_utils/share/par_utils/environment/library_path.sh
[4.349s] -- Installing: /home/rmitaiil/aiil_workspace/humble_workspace/src/on_UR5e/install/par_utils/share/par_utils/environment/library_path.dsv
[4.349s] -- Installing: /home/rmitaiil/aiil_workspace/humble_workspace/src/on_UR5e/install/par_utils/lib/libpar_utils__rosidl_generator_c.so
[4.349s] -- Set runtime path of "/home/rmitaiil/aiil_workspace/humble_workspace/src/on_UR5e/install/par_utils/lib/libpar_utils__rosidl_generator_c.so" to ""
[4.349s] -- Up-to-date: /home/rmitaiil/aiil_workspace/humble_workspace/src/on_UR5e/install/par_utils/include/par_utils/par_utils
[4.350s] -- Up-to-date: /home/rmitaiil/aiil_workspace/humble_workspace/src/on_UR5e/install/par_utils/include/par_utils/par_utils/msg
[4.350s] -- Installing: /home/rmitaiil/aiil_workspace/humble_workspace/src/on_UR5e/install/par_utils/include/par_utils/par_utils/msg/rosidl_typesupport_fastrtps_c__visibility_control.h
[4.350s] -- Up-to-date: /home/rmitaiil/aiil_workspace/humble_workspace/src/on_UR5e/install/par_utils/include/par_utils/par_utils/action
[4.350s] -- Up-to-date: /home/rmitaiil/aiil_workspace/humble_workspace/src/on_UR5e/install/par_utils/include/par_utils/par_utils/action/detail
[4.350s] -- Installing: /home/rmitaiil/aiil_workspace/humble_workspace/src/on_UR5e/install/par_utils/include/par_utils/par_utils/action/detail/gripper_grip__rosidl_typesupport_fastrtps_c.h
[4.350s] -- Installing: /home/rmitaiil/aiil_workspace/humble_workspace/src/on_UR5e/install/par_utils/lib/libpar_utils__rosidl_typesupport_fastrtps_c.so
[4.350s] -- Set runtime path of "/home/rmitaiil/aiil_workspace/humble_workspace/src/on_UR5e/install/par_utils/lib/libpar_utils__rosidl_typesupport_fastrtps_c.so" to ""
[4.354s] -- Up-to-date: /home/rmitaiil/aiil_workspace/humble_workspace/src/on_UR5e/install/par_utils/include/par_utils/par_utils
[4.354s] -- Up-to-date: /home/rmitaiil/aiil_workspace/humble_workspace/src/on_UR5e/install/par_utils/include/par_utils/par_utils/msg
[4.354s] -- Installing: /home/rmitaiil/aiil_workspace/humble_workspace/src/on_UR5e/install/par_utils/include/par_utils/par_utils/msg/rosidl_typesupport_introspection_c__visibility_control.h
[4.354s] -- Up-to-date: /home/rmitaiil/aiil_workspace/humble_workspace/src/on_UR5e/install/par_utils/include/par_utils/par_utils/action
[4.354s] -- Up-to-date: /home/rmitaiil/aiil_workspace/humble_workspace/src/on_UR5e/install/par_utils/include/par_utils/par_utils/action/detail
[4.354s] -- Installing: /home/rmitaiil/aiil_workspace/humble_workspace/src/on_UR5e/install/par_utils/include/par_utils/par_utils/action/detail/gripper_grip__type_support.c
[4.354s] -- Installing: /home/rmitaiil/aiil_workspace/humble_workspace/src/on_UR5e/install/par_utils/include/par_utils/par_utils/action/detail/gripper_grip__rosidl_typesupport_introspection_c.h
[4.354s] -- Installing: /home/rmitaiil/aiil_workspace/humble_workspace/src/on_UR5e/install/par_utils/lib/libpar_utils__rosidl_typesupport_introspection_c.so
[4.354s] -- Set runtime path of "/home/rmitaiil/aiil_workspace/humble_workspace/src/on_UR5e/install/par_utils/lib/libpar_utils__rosidl_typesupport_introspection_c.so" to ""
[4.354s] -- Installing: /home/rmitaiil/aiil_workspace/humble_workspace/src/on_UR5e/install/par_utils/lib/libpar_utils__rosidl_typesupport_c.so
[4.354s] -- Set runtime path of "/home/rmitaiil/aiil_workspace/humble_workspace/src/on_UR5e/install/par_utils/lib/libpar_utils__rosidl_typesupport_c.so" to ""
[4.354s] -- Up-to-date: /home/rmitaiil/aiil_workspace/humble_workspace/src/on_UR5e/install/par_utils/include/par_utils/par_utils
[4.354s] -- Up-to-date: /home/rmitaiil/aiil_workspace/humble_workspace/src/on_UR5e/install/par_utils/include/par_utils/par_utils/action
[4.354s] -- Up-to-date: /home/rmitaiil/aiil_workspace/humble_workspace/src/on_UR5e/install/par_utils/include/par_utils/par_utils/action/detail
[4.354s] -- Installing: /home/rmitaiil/aiil_workspace/humble_workspace/src/on_UR5e/install/par_utils/include/par_utils/par_utils/action/detail/gripper_grip__traits.hpp
[4.354s] -- Installing: /home/rmitaiil/aiil_workspace/humble_workspace/src/on_UR5e/install/par_utils/include/par_utils/par_utils/action/detail/gripper_grip__struct.hpp
[4.354s] -- Installing: /home/rmitaiil/aiil_workspace/humble_workspace/src/on_UR5e/install/par_utils/include/par_utils/par_utils/action/detail/gripper_grip__builder.hpp
[4.354s] -- Installing: /home/rmitaiil/aiil_workspace/humble_workspace/src/on_UR5e/install/par_utils/include/par_utils/par_utils/action/gripper_grip.hpp
[4.354s] -- Up-to-date: /home/rmitaiil/aiil_workspace/humble_workspace/src/on_UR5e/install/par_utils/include/par_utils/par_utils
[4.355s] -- Up-to-date: /home/rmitaiil/aiil_workspace/humble_workspace/src/on_UR5e/install/par_utils/include/par_utils/par_utils/msg
[4.355s] -- Installing: /home/rmitaiil/aiil_workspace/humble_workspace/src/on_UR5e/install/par_utils/include/par_utils/par_utils/msg/rosidl_typesupport_fastrtps_cpp__visibility_control.h
[4.355s] -- Up-to-date: /home/rmitaiil/aiil_workspace/humble_workspace/src/on_UR5e/install/par_utils/include/par_utils/par_utils/action
[4.355s] -- Up-to-date: /home/rmitaiil/aiil_workspace/humble_workspace/src/on_UR5e/install/par_utils/include/par_utils/par_utils/action/detail
[4.355s] -- Installing: /home/rmitaiil/aiil_workspace/humble_workspace/src/on_UR5e/install/par_utils/include/par_utils/par_utils/action/detail/dds_fastrtps
[4.355s] -- Installing: /home/rmitaiil/aiil_workspace/humble_workspace/src/on_UR5e/install/par_utils/include/par_utils/par_utils/action/detail/gripper_grip__rosidl_typesupport_fastrtps_cpp.hpp
[4.355s] -- Installing: /home/rmitaiil/aiil_workspace/humble_workspace/src/on_UR5e/install/par_utils/lib/libpar_utils__rosidl_typesupport_fastrtps_cpp.so
[4.355s] -- Set runtime path of "/home/rmitaiil/aiil_workspace/humble_workspace/src/on_UR5e/install/par_utils/lib/libpar_utils__rosidl_typesupport_fastrtps_cpp.so" to ""
[4.355s] -- Up-to-date: /home/rmitaiil/aiil_workspace/humble_workspace/src/on_UR5e/install/par_utils/include/par_utils/par_utils
[4.355s] -- Up-to-date: /home/rmitaiil/aiil_workspace/humble_workspace/src/on_UR5e/install/par_utils/include/par_utils/par_utils/action
[4.355s] -- Up-to-date: /home/rmitaiil/aiil_workspace/humble_workspace/src/on_UR5e/install/par_utils/include/par_utils/par_utils/action/detail
[4.355s] -- Installing: /home/rmitaiil/aiil_workspace/humble_workspace/src/on_UR5e/install/par_utils/include/par_utils/par_utils/action/detail/gripper_grip__type_support.cpp
[4.355s] -- Installing: /home/rmitaiil/aiil_workspace/humble_workspace/src/on_UR5e/install/par_utils/include/par_utils/par_utils/action/detail/gripper_grip__rosidl_typesupport_introspection_cpp.hpp
[4.355s] -- Installing: /home/rmitaiil/aiil_workspace/humble_workspace/src/on_UR5e/install/par_utils/lib/libpar_utils__rosidl_typesupport_introspection_cpp.so
[4.355s] -- Set runtime path of "/home/rmitaiil/aiil_workspace/humble_workspace/src/on_UR5e/install/par_utils/lib/libpar_utils__rosidl_typesupport_introspection_cpp.so" to ""
[4.355s] -- Installing: /home/rmitaiil/aiil_workspace/humble_workspace/src/on_UR5e/install/par_utils/lib/libpar_utils__rosidl_typesupport_cpp.so
[4.355s] -- Set runtime path of "/home/rmitaiil/aiil_workspace/humble_workspace/src/on_UR5e/install/par_utils/lib/libpar_utils__rosidl_typesupport_cpp.so" to ""
[4.355s] -- Installing: /home/rmitaiil/aiil_workspace/humble_workspace/src/on_UR5e/install/par_utils/share/par_utils/environment/pythonpath.sh
[4.355s] -- Installing: /home/rmitaiil/aiil_workspace/humble_workspace/src/on_UR5e/install/par_utils/share/par_utils/environment/pythonpath.dsv
[4.355s] -- Installing: /home/rmitaiil/aiil_workspace/humble_workspace/src/on_UR5e/install/par_utils/local/lib/python3.10/dist-packages/par_utils-0.0.0-py3.10.egg-info
[4.357s] -- Installing: /home/rmitaiil/aiil_workspace/humble_workspace/src/on_UR5e/install/par_utils/local/lib/python3.10/dist-packages/par_utils-0.0.0-py3.10.egg-info/top_level.txt
[4.357s] -- Installing: /home/rmitaiil/aiil_workspace/humble_workspace/src/on_UR5e/install/par_utils/local/lib/python3.10/dist-packages/par_utils-0.0.0-py3.10.egg-info/PKG-INFO
[4.357s] -- Installing: /home/rmitaiil/aiil_workspace/humble_workspace/src/on_UR5e/install/par_utils/local/lib/python3.10/dist-packages/par_utils-0.0.0-py3.10.egg-info/SOURCES.txt
[4.357s] -- Installing: /home/rmitaiil/aiil_workspace/humble_workspace/src/on_UR5e/install/par_utils/local/lib/python3.10/dist-packages/par_utils-0.0.0-py3.10.egg-info/dependency_links.txt
[4.357s] -- Installing: /home/rmitaiil/aiil_workspace/humble_workspace/src/on_UR5e/install/par_utils/local/lib/python3.10/dist-packages/par_utils
[4.357s] -- Installing: /home/rmitaiil/aiil_workspace/humble_workspace/src/on_UR5e/install/par_utils/local/lib/python3.10/dist-packages/par_utils/__init__.py
[4.357s] -- Installing: /home/rmitaiil/aiil_workspace/humble_workspace/src/on_UR5e/install/par_utils/local/lib/python3.10/dist-packages/par_utils/par_utils_s__rosidl_typesupport_introspection_c.cpython-310-x86_64-linux-gnu.so
[4.357s] -- Installing: /home/rmitaiil/aiil_workspace/humble_workspace/src/on_UR5e/install/par_utils/local/lib/python3.10/dist-packages/par_utils/_par_utils_s.ep.rosidl_typesupport_introspection_c.c
[4.357s] -- Installing: /home/rmitaiil/aiil_workspace/humble_workspace/src/on_UR5e/install/par_utils/local/lib/python3.10/dist-packages/par_utils/par_utils_s__rosidl_typesupport_c.cpython-310-x86_64-linux-gnu.so
[4.357s] -- Installing: /home/rmitaiil/aiil_workspace/humble_workspace/src/on_UR5e/install/par_utils/local/lib/python3.10/dist-packages/par_utils/_par_utils_s.ep.rosidl_typesupport_fastrtps_c.c
[4.358s] -- Installing: /home/rmitaiil/aiil_workspace/humble_workspace/src/on_UR5e/install/par_utils/local/lib/python3.10/dist-packages/par_utils/action
[4.358s] -- Installing: /home/rmitaiil/aiil_workspace/humble_workspace/src/on_UR5e/install/par_utils/local/lib/python3.10/dist-packages/par_utils/action/__init__.py
[4.358s] -- Installing: /home/rmitaiil/aiil_workspace/humble_workspace/src/on_UR5e/install/par_utils/local/lib/python3.10/dist-packages/par_utils/action/_gripper_grip_s.c
[4.358s] -- Installing: /home/rmitaiil/aiil_workspace/humble_workspace/src/on_UR5e/install/par_utils/local/lib/python3.10/dist-packages/par_utils/action/_gripper_grip.py
[4.358s] -- Installing: /home/rmitaiil/aiil_workspace/humble_workspace/src/on_UR5e/install/par_utils/local/lib/python3.10/dist-packages/par_utils/par_utils_s__rosidl_typesupport_fastrtps_c.cpython-310-x86_64-linux-gnu.so
[4.358s] -- Installing: /home/rmitaiil/aiil_workspace/humble_workspace/src/on_UR5e/install/par_utils/local/lib/python3.10/dist-packages/par_utils/_par_utils_s.ep.rosidl_typesupport_c.c
[4.358s] -- Installing: /home/rmitaiil/aiil_workspace/humble_workspace/src/on_UR5e/install/par_utils/local/lib/python3.10/dist-packages/par_utils/libpar_utils__rosidl_generator_py.so
[4.400s] Listing '/home/rmitaiil/aiil_workspace/humble_workspace/src/on_UR5e/install/par_utils/local/lib/python3.10/dist-packages/par_utils'...
[4.400s] Compiling '/home/rmitaiil/aiil_workspace/humble_workspace/src/on_UR5e/install/par_utils/local/lib/python3.10/dist-packages/par_utils/__init__.py'...
[4.400s] Listing '/home/rmitaiil/aiil_workspace/humble_workspace/src/on_UR5e/install/par_utils/local/lib/python3.10/dist-packages/par_utils/action'...
[4.400s] Compiling '/home/rmitaiil/aiil_workspace/humble_workspace/src/on_UR5e/install/par_utils/local/lib/python3.10/dist-packages/par_utils/action/__init__.py'...
[4.400s] Compiling '/home/rmitaiil/aiil_workspace/humble_workspace/src/on_UR5e/install/par_utils/local/lib/python3.10/dist-packages/par_utils/action/_gripper_grip.py'...
[4.405s] -- Installing: /home/rmitaiil/aiil_workspace/humble_workspace/src/on_UR5e/install/par_utils/local/lib/python3.10/dist-packages/par_utils/par_utils_s__rosidl_typesupport_fastrtps_c.cpython-310-x86_64-linux-gnu.so
[4.405s] -- Set runtime path of "/home/rmitaiil/aiil_workspace/humble_workspace/src/on_UR5e/install/par_utils/local/lib/python3.10/dist-packages/par_utils/par_utils_s__rosidl_typesupport_fastrtps_c.cpython-310-x86_64-linux-gnu.so" to ""
[4.406s] -- Installing: /home/rmitaiil/aiil_workspace/humble_workspace/src/on_UR5e/install/par_utils/local/lib/python3.10/dist-packages/par_utils/par_utils_s__rosidl_typesupport_introspection_c.cpython-310-x86_64-linux-gnu.so
[4.406s] -- Set runtime path of "/home/rmitaiil/aiil_workspace/humble_workspace/src/on_UR5e/install/par_utils/local/lib/python3.10/dist-packages/par_utils/par_utils_s__rosidl_typesupport_introspection_c.cpython-310-x86_64-linux-gnu.so" to ""
[4.406s] -- Installing: /home/rmitaiil/aiil_workspace/humble_workspace/src/on_UR5e/install/par_utils/local/lib/python3.10/dist-packages/par_utils/par_utils_s__rosidl_typesupport_c.cpython-310-x86_64-linux-gnu.so
[4.407s] -- Set runtime path of "/home/rmitaiil/aiil_workspace/humble_workspace/src/on_UR5e/install/par_utils/local/lib/python3.10/dist-packages/par_utils/par_utils_s__rosidl_typesupport_c.cpython-310-x86_64-linux-gnu.so" to ""
[4.407s] -- Installing: /home/rmitaiil/aiil_workspace/humble_workspace/src/on_UR5e/install/par_utils/lib/libpar_utils__rosidl_generator_py.so
[4.407s] -- Set runtime path of "/home/rmitaiil/aiil_workspace/humble_workspace/src/on_UR5e/install/par_utils/lib/libpar_utils__rosidl_generator_py.so" to ""
[4.408s] -- Installing: /home/rmitaiil/aiil_workspace/humble_workspace/src/on_UR5e/install/par_utils/share/par_utils/action/GripperGrip.idl
[4.408s] -- Installing: /home/rmitaiil/aiil_workspace/humble_workspace/src/on_UR5e/install/par_utils/share/par_utils/action/GripperGrip.action
[4.408s] -- Installing: /home/rmitaiil/aiil_workspace/humble_workspace/src/on_UR5e/install/par_utils/share/ament_index/resource_index/package_run_dependencies/par_utils
[4.408s] -- Installing: /home/rmitaiil/aiil_workspace/humble_workspace/src/on_UR5e/install/par_utils/share/ament_index/resource_index/parent_prefix_path/par_utils
[4.408s] -- Installing: /home/rmitaiil/aiil_workspace/humble_workspace/src/on_UR5e/install/par_utils/share/par_utils/environment/ament_prefix_path.sh
[4.409s] -- Installing: /home/rmitaiil/aiil_workspace/humble_workspace/src/on_UR5e/install/par_utils/share/par_utils/environment/ament_prefix_path.dsv
[4.409s] -- Installing: /home/rmitaiil/aiil_workspace/humble_workspace/src/on_UR5e/install/par_utils/share/par_utils/environment/path.sh
[4.409s] -- Installing: /home/rmitaiil/aiil_workspace/humble_workspace/src/on_UR5e/install/par_utils/share/par_utils/environment/path.dsv
[4.410s] -- Installing: /home/rmitaiil/aiil_workspace/humble_workspace/src/on_UR5e/install/par_utils/share/par_utils/local_setup.bash
[4.410s] -- Installing: /home/rmitaiil/aiil_workspace/humble_workspace/src/on_UR5e/install/par_utils/share/par_utils/local_setup.sh
[4.410s] -- Installing: /home/rmitaiil/aiil_workspace/humble_workspace/src/on_UR5e/install/par_utils/share/par_utils/local_setup.zsh
[4.410s] -- Installing: /home/rmitaiil/aiil_workspace/humble_workspace/src/on_UR5e/install/par_utils/share/par_utils/local_setup.dsv
[4.410s] -- Installing: /home/rmitaiil/aiil_workspace/humble_workspace/src/on_UR5e/install/par_utils/share/par_utils/package.dsv
[4.411s] -- Installing: /home/rmitaiil/aiil_workspace/humble_workspace/src/on_UR5e/install/par_utils/share/ament_index/resource_index/packages/par_utils
[4.411s] -- Installing: /home/rmitaiil/aiil_workspace/humble_workspace/src/on_UR5e/install/par_utils/share/par_utils/cmake/export_par_utils__rosidl_generator_cExport.cmake
[4.411s] -- Installing: /home/rmitaiil/aiil_workspace/humble_workspace/src/on_UR5e/install/par_utils/share/par_utils/cmake/export_par_utils__rosidl_generator_cExport-noconfig.cmake
[4.411s] -- Installing: /home/rmitaiil/aiil_workspace/humble_workspace/src/on_UR5e/install/par_utils/share/par_utils/cmake/export_par_utils__rosidl_typesupport_fastrtps_cExport.cmake
[4.411s] -- Installing: /home/rmitaiil/aiil_workspace/humble_workspace/src/on_UR5e/install/par_utils/share/par_utils/cmake/export_par_utils__rosidl_typesupport_fastrtps_cExport-noconfig.cmake
[4.411s] -- Installing: /home/rmitaiil/aiil_workspace/humble_workspace/src/on_UR5e/install/par_utils/share/par_utils/cmake/par_utils__rosidl_typesupport_introspection_cExport.cmake
[4.411s] -- Installing: /home/rmitaiil/aiil_workspace/humble_workspace/src/on_UR5e/install/par_utils/share/par_utils/cmake/par_utils__rosidl_typesupport_introspection_cExport-noconfig.cmake
[4.412s] -- Installing: /home/rmitaiil/aiil_workspace/humble_workspace/src/on_UR5e/install/par_utils/share/par_utils/cmake/par_utils__rosidl_typesupport_cExport.cmake
[4.412s] -- Installing: /home/rmitaiil/aiil_workspace/humble_workspace/src/on_UR5e/install/par_utils/share/par_utils/cmake/par_utils__rosidl_typesupport_cExport-noconfig.cmake
[4.413s] -- Installing: /home/rmitaiil/aiil_workspace/humble_workspace/src/on_UR5e/install/par_utils/share/par_utils/cmake/export_par_utils__rosidl_generator_cppExport.cmake
[4.413s] -- Installing: /home/rmitaiil/aiil_workspace/humble_workspace/src/on_UR5e/install/par_utils/share/par_utils/cmake/export_par_utils__rosidl_typesupport_fastrtps_cppExport.cmake
[4.413s] -- Installing: /home/rmitaiil/aiil_workspace/humble_workspace/src/on_UR5e/install/par_utils/share/par_utils/cmake/export_par_utils__rosidl_typesupport_fastrtps_cppExport-noconfig.cmake
[4.413s] -- Installing: /home/rmitaiil/aiil_workspace/humble_workspace/src/on_UR5e/install/par_utils/share/par_utils/cmake/par_utils__rosidl_typesupport_introspection_cppExport.cmake
[4.413s] -- Installing: /home/rmitaiil/aiil_workspace/humble_workspace/src/on_UR5e/install/par_utils/share/par_utils/cmake/par_utils__rosidl_typesupport_introspection_cppExport-noconfig.cmake
[4.413s] -- Installing: /home/rmitaiil/aiil_workspace/humble_workspace/src/on_UR5e/install/par_utils/share/par_utils/cmake/par_utils__rosidl_typesupport_cppExport.cmake
[4.413s] -- Installing: /home/rmitaiil/aiil_workspace/humble_workspace/src/on_UR5e/install/par_utils/share/par_utils/cmake/par_utils__rosidl_typesupport_cppExport-noconfig.cmake
[4.413s] -- Installing: /home/rmitaiil/aiil_workspace/humble_workspace/src/on_UR5e/install/par_utils/share/par_utils/cmake/export_par_utils__rosidl_generator_pyExport.cmake
[4.413s] -- Installing: /home/rmitaiil/aiil_workspace/humble_workspace/src/on_UR5e/install/par_utils/share/par_utils/cmake/export_par_utils__rosidl_generator_pyExport-noconfig.cmake
[4.413s] -- Installing: /home/rmitaiil/aiil_workspace/humble_workspace/src/on_UR5e/install/par_utils/share/par_utils/cmake/rosidl_cmake-extras.cmake
[4.413s] -- Installing: /home/rmitaiil/aiil_workspace/humble_workspace/src/on_UR5e/install/par_utils/share/par_utils/cmake/ament_cmake_export_dependencies-extras.cmake
[4.413s] -- Installing: /home/rmitaiil/aiil_workspace/humble_workspace/src/on_UR5e/install/par_utils/share/par_utils/cmake/ament_cmake_export_include_directories-extras.cmake
[4.413s] -- Installing: /home/rmitaiil/aiil_workspace/humble_workspace/src/on_UR5e/install/par_utils/share/par_utils/cmake/ament_cmake_export_libraries-extras.cmake
[4.414s] -- Installing: /home/rmitaiil/aiil_workspace/humble_workspace/src/on_UR5e/install/par_utils/share/par_utils/cmake/ament_cmake_export_targets-extras.cmake
[4.414s] -- Installing: /home/rmitaiil/aiil_workspace/humble_workspace/src/on_UR5e/install/par_utils/share/par_utils/cmake/rosidl_cmake_export_typesupport_targets-extras.cmake
[4.414s] -- Installing: /home/rmitaiil/aiil_workspace/humble_workspace/src/on_UR5e/install/par_utils/share/par_utils/cmake/rosidl_cmake_export_typesupport_libraries-extras.cmake
[4.414s] -- Installing: /home/rmitaiil/aiil_workspace/humble_workspace/src/on_UR5e/install/par_utils/share/par_utils/cmake/par_utilsConfig.cmake
[4.414s] -- Installing: /home/rmitaiil/aiil_workspace/humble_workspace/src/on_UR5e/install/par_utils/share/par_utils/cmake/par_utilsConfig-version.cmake
[4.414s] -- Installing: /home/rmitaiil/aiil_workspace/humble_workspace/src/on_UR5e/install/par_utils/share/par_utils/package.xml
[4.425s] Invoked command in '/home/rmitaiil/aiil_workspace/humble_workspace/src/on_UR5e/build/par_utils' returned '0': CMAKE_PREFIX_PATH=${CMAKE_PREFIX_PATH}:/home/rmitaiil/aiil_workspace/humble_workspace/install/snc_pkg:/home/rmitaiil/aiil_workspace/humble_workspace/install/onrobot_testing:/home/rmitaiil/aiil_workspace/humble_workspace/install/aiil_rosbot_demo:/home/rmitaiil/aiil_workspace/humble_workspace/install/aiil_gazebo:/opt/ros/humble /usr/bin/cmake --install /home/rmitaiil/aiil_workspace/humble_workspace/src/on_UR5e/build/par_utils
