[0.067s] Invoking command in '/home/rmitaiil/aiil_workspace/humble_workspace/src/on_UR5e/build/par_utils': CMAKE_PREFIX_PATH=${CMAKE_PREFIX_PATH}:/home/rmitaiil/aiil_workspace/humble_workspace/install/snc_pkg:/home/rmitaiil/aiil_workspace/humble_workspace/install/onrobot_testing:/home/rmitaiil/aiil_workspace/humble_workspace/install/aiil_rosbot_demo:/home/rmitaiil/aiil_workspace/humble_workspace/install/aiil_gazebo:/opt/ros/humble /usr/bin/cmake /home/rmitaiil/aiil_workspace/humble_workspace/src/on_UR5e/par_utils -DCMAKE_INSTALL_PREFIX=/home/rmitaiil/aiil_workspace/humble_workspace/src/on_UR5e/install/par_utils
[0.302s] -- The C compiler identification is GNU 11.4.0
[0.455s] -- The CXX compiler identification is GNU 11.4.0
[0.471s] -- Detecting C compiler ABI info
[0.553s] -- Detecting C compiler ABI info - done
[0.560s] -- Check for working C compiler: /usr/bin/cc - skipped
[0.561s] -- Detecting C compile features
[0.562s] -- Detecting C compile features - done
[0.565s] -- Detecting CXX compiler ABI info
[0.649s] -- Detecting CXX compiler ABI info - done
[0.656s] -- Check for working CXX compiler: /usr/bin/c++ - skipped
[0.656s] -- Detecting CXX compile features
[0.657s] -- Detecting CXX compile features - done
[0.663s] -- Found ament_cmake: 1.3.7 (/opt/ros/humble/share/ament_cmake/cmake)
[0.834s] -- Found Python3: /usr/bin/python3.10 (found version "3.10.12") found components: Interpreter 
[0.949s] -- Found rosidl_default_generators: 1.2.0 (/opt/ros/humble/share/rosidl_default_generators/cmake)
[0.959s] -- Using all available rosidl_typesupport_c: rosidl_typesupport_fastrtps_c;rosidl_typesupport_introspection_c
[0.970s] -- Found rosidl_adapter: 3.1.5 (/opt/ros/humble/share/rosidl_adapter/cmake)
[1.034s] -- Using all available rosidl_typesupport_cpp: rosidl_typesupport_fastrtps_cpp;rosidl_typesupport_introspection_cpp
[1.242s] [31mCMake Error at /opt/ros/humble/share/rosidl_adapter/cmake/rosidl_adapt_interfaces.cmake:59 (message):
[1.242s]   execute_process(/usr/bin/python3.10 -m rosidl_adapter --package-name
[1.242s]   par_utils --arguments-file
[1.242s]   /home/rmitaiil/aiil_workspace/humble_workspace/src/on_UR5e/build/par_utils/rosidl_adapter__arguments__par_utils.json
[1.242s]   --output-dir
[1.242s]   /home/rmitaiil/aiil_workspace/humble_workspace/src/on_UR5e/build/par_utils/rosidl_adapter/par_utils
[1.242s]   --output-file
[1.242s]   /home/rmitaiil/aiil_workspace/humble_workspace/src/on_UR5e/build/par_utils/rosidl_adapter/par_utils.idls)
[1.242s]   returned error code 1:
[1.242s] 
[1.242s]   Traceback (most recent call last):
[1.242s] 
[1.242s]     File "/usr/lib/python3.10/runpy.py", line 196, in _run_module_as_main
[1.242s]       return _run_code(code, main_globals, None,
[1.242s]     File "/usr/lib/python3.10/runpy.py", line 86, in _run_code
[1.242s]       exec(code, run_globals)
[1.243s]     File "/opt/ros/humble/local/lib/python3.10/dist-packages/rosidl_adapter/__main__.py", line 19, in <module>
[1.243s]       sys.exit(main())
[1.243s]     File "/opt/ros/humble/local/lib/python3.10/dist-packages/rosidl_adapter/main.py", line 53, in main
[1.243s]       abs_idl_file = convert_to_idl(
[1.243s]     File "/opt/ros/humble/local/lib/python3.10/dist-packages/rosidl_adapter/__init__.py", line 29, in convert_to_idl
[1.243s]       return convert_action_to_idl(
[1.243s]     File "/opt/ros/humble/local/lib/python3.10/dist-packages/rosidl_adapter/action/__init__.py", line 28, in convert_action_to_idl
[1.243s]       action = parse_action_string(package_name, input_file.stem, content)
[1.243s]     File "/opt/ros/humble/local/lib/python3.10/dist-packages/rosidl_adapter/parser.py", line 894, in parse_action_string
[1.243s]       raise InvalidActionSpecification(
[1.243s] 
[1.243s]   rosidl_adapter.parser.InvalidActionSpecification: Number of '---'
[1.243s]   separators nonconformant with action definition
[1.243s] 
[1.243s] Call Stack (most recent call first):
[1.243s]   /opt/ros/humble/share/rosidl_cmake/cmake/rosidl_generate_interfaces.cmake:130 (rosidl_adapt_interfaces)
[1.243s]   CMakeLists.txt:16 (rosidl_generate_interfaces)
[1.243s] 
[1.243s] [0m
[1.243s] -- Configuring incomplete, errors occurred!
[1.243s] See also "/home/rmitaiil/aiil_workspace/humble_workspace/src/on_UR5e/build/par_utils/CMakeFiles/CMakeOutput.log".
[1.252s] Invoked command in '/home/rmitaiil/aiil_workspace/humble_workspace/src/on_UR5e/build/par_utils' returned '1': CMAKE_PREFIX_PATH=${CMAKE_PREFIX_PATH}:/home/rmitaiil/aiil_workspace/humble_workspace/install/snc_pkg:/home/rmitaiil/aiil_workspace/humble_workspace/install/onrobot_testing:/home/rmitaiil/aiil_workspace/humble_workspace/install/aiil_rosbot_demo:/home/rmitaiil/aiil_workspace/humble_workspace/install/aiil_gazebo:/opt/ros/humble /usr/bin/cmake /home/rmitaiil/aiil_workspace/humble_workspace/src/on_UR5e/par_utils -DCMAKE_INSTALL_PREFIX=/home/rmitaiil/aiil_workspace/humble_workspace/src/on_UR5e/install/par_utils
