[0.564s] DEBUG:colcon:Command line arguments: ['/usr/bin/colcon', 'build', '--packages-select', 'par_utils']
[0.564s] DEBUG:colcon:Parsed command line arguments: Namespace(log_base=None, log_level=None, verb_name='build', build_base='build', install_base='install', merge_install=False, symlink_install=False, test_result_base=None, continue_on_error=False, executor='parallel', parallel_workers=4, event_handlers=None, ignore_user_meta=False, metas=['./colcon.meta'], base_paths=['.'], packages_ignore=None, packages_ignore_regex=None, paths=None, packages_up_to=None, packages_up_to_regex=None, packages_above=None, packages_above_and_dependencies=None, packages_above_depth=None, packages_select_by_dep=None, packages_skip_by_dep=None, packages_skip_up_to=None, packages_select_build_failed=False, packages_skip_build_finished=False, packages_select_test_failures=False, packages_skip_test_passed=False, packages_select=['par_utils'], packages_skip=None, packages_select_regex=None, packages_skip_regex=None, packages_start=None, packages_end=None, allow_overriding=[], cmake_args=None, cmake_target=None, cmake_target_skip_unavailable=False, cmake_clean_cache=False, cmake_clean_first=False, cmake_force_configure=False, ament_cmake_args=None, catkin_cmake_args=None, catkin_skip_building_tests=False, verb_parser=<colcon_defaults.argument_parser.defaults.DefaultArgumentsDecorator object at 0x7bec7a26a6e0>, verb_extension=<colcon_core.verb.build.BuildVerb object at 0x7bec7b3d7be0>, main=<bound method BuildVerb.main of <colcon_core.verb.build.BuildVerb object at 0x7bec7b3d7be0>>)
[0.591s] Level 1:colcon.colcon_core.package_discovery:discover_packages(colcon_meta) check parameters
[0.591s] Level 1:colcon.colcon_core.package_discovery:discover_packages(recursive) check parameters
[0.591s] Level 1:colcon.colcon_core.package_discovery:discover_packages(ignore) check parameters
[0.591s] Level 1:colcon.colcon_core.package_discovery:discover_packages(path) check parameters
[0.591s] Level 1:colcon.colcon_core.package_discovery:discover_packages(colcon_meta) discover
[0.591s] Level 1:colcon.colcon_core.package_discovery:discover_packages(recursive) discover
[0.591s] INFO:colcon.colcon_core.package_discovery:Crawling recursively for packages in '/home/rmitaiil/aiil_workspace/humble_workspace/src/on_UR5e'
[0.592s] Level 1:colcon.colcon_core.package_identification:_identify(.) by extensions ['ignore', 'ignore_ament_install']
[0.592s] Level 1:colcon.colcon_core.package_identification:_identify(.) by extension 'ignore'
[0.592s] Level 1:colcon.colcon_core.package_identification:_identify(.) by extension 'ignore_ament_install'
[0.592s] Level 1:colcon.colcon_core.package_identification:_identify(.) by extensions ['colcon_pkg']
[0.592s] Level 1:colcon.colcon_core.package_identification:_identify(.) by extension 'colcon_pkg'
[0.592s] Level 1:colcon.colcon_core.package_identification:_identify(.) by extensions ['colcon_meta']
[0.592s] Level 1:colcon.colcon_core.package_identification:_identify(.) by extension 'colcon_meta'
[0.592s] Level 1:colcon.colcon_core.package_identification:_identify(.) by extensions ['ros']
[0.592s] Level 1:colcon.colcon_core.package_identification:_identify(.) by extension 'ros'
[0.599s] Level 1:colcon.colcon_core.package_identification:_identify(.) by extensions ['cmake', 'python']
[0.599s] Level 1:colcon.colcon_core.package_identification:_identify(.) by extension 'cmake'
[0.599s] Level 1:colcon.colcon_core.package_identification:_identify(.) by extension 'python'
[0.599s] Level 1:colcon.colcon_core.package_identification:_identify(.) by extensions ['python_setup_py']
[0.599s] Level 1:colcon.colcon_core.package_identification:_identify(.) by extension 'python_setup_py'
[0.599s] Level 1:colcon.colcon_core.package_identification:_identify(build) by extensions ['ignore', 'ignore_ament_install']
[0.600s] Level 1:colcon.colcon_core.package_identification:_identify(build) by extension 'ignore'
[0.600s] Level 1:colcon.colcon_core.package_identification:_identify(build) ignored
[0.600s] Level 1:colcon.colcon_core.package_identification:_identify(graph_msgs) by extensions ['ignore', 'ignore_ament_install']
[0.600s] Level 1:colcon.colcon_core.package_identification:_identify(graph_msgs) by extension 'ignore'
[0.600s] Level 1:colcon.colcon_core.package_identification:_identify(graph_msgs) by extension 'ignore_ament_install'
[0.600s] Level 1:colcon.colcon_core.package_identification:_identify(graph_msgs) by extensions ['colcon_pkg']
[0.600s] Level 1:colcon.colcon_core.package_identification:_identify(graph_msgs) by extension 'colcon_pkg'
[0.600s] Level 1:colcon.colcon_core.package_identification:_identify(graph_msgs) by extensions ['colcon_meta']
[0.600s] Level 1:colcon.colcon_core.package_identification:_identify(graph_msgs) by extension 'colcon_meta'
[0.600s] Level 1:colcon.colcon_core.package_identification:_identify(graph_msgs) by extensions ['ros']
[0.600s] Level 1:colcon.colcon_core.package_identification:_identify(graph_msgs) by extension 'ros'
[0.600s] Level 1:colcon.colcon_core.package_identification:_identify(graph_msgs) by extensions ['cmake', 'python']
[0.600s] Level 1:colcon.colcon_core.package_identification:_identify(graph_msgs) by extension 'cmake'
[0.600s] Level 1:colcon.colcon_core.package_identification:_identify(graph_msgs) by extension 'python'
[0.600s] Level 1:colcon.colcon_core.package_identification:_identify(graph_msgs) by extensions ['python_setup_py']
[0.600s] Level 1:colcon.colcon_core.package_identification:_identify(graph_msgs) by extension 'python_setup_py'
[0.600s] Level 1:colcon.colcon_core.package_identification:_identify(hello_moveit_ur) by extensions ['ignore', 'ignore_ament_install']
[0.600s] Level 1:colcon.colcon_core.package_identification:_identify(hello_moveit_ur) by extension 'ignore'
[0.600s] Level 1:colcon.colcon_core.package_identification:_identify(hello_moveit_ur) by extension 'ignore_ament_install'
[0.600s] Level 1:colcon.colcon_core.package_identification:_identify(hello_moveit_ur) by extensions ['colcon_pkg']
[0.600s] Level 1:colcon.colcon_core.package_identification:_identify(hello_moveit_ur) by extension 'colcon_pkg'
[0.600s] Level 1:colcon.colcon_core.package_identification:_identify(hello_moveit_ur) by extensions ['colcon_meta']
[0.600s] Level 1:colcon.colcon_core.package_identification:_identify(hello_moveit_ur) by extension 'colcon_meta'
[0.600s] Level 1:colcon.colcon_core.package_identification:_identify(hello_moveit_ur) by extensions ['ros']
[0.600s] Level 1:colcon.colcon_core.package_identification:_identify(hello_moveit_ur) by extension 'ros'
[0.602s] DEBUG:colcon.colcon_core.package_identification:Package 'hello_moveit_ur' with type 'ros.ament_cmake' and name 'hello_moveit_ur'
[0.602s] Level 1:colcon.colcon_core.package_identification:_identify(install) by extensions ['ignore', 'ignore_ament_install']
[0.602s] Level 1:colcon.colcon_core.package_identification:_identify(install) by extension 'ignore'
[0.602s] Level 1:colcon.colcon_core.package_identification:_identify(install) ignored
[0.602s] Level 1:colcon.colcon_core.package_identification:_identify(log) by extensions ['ignore', 'ignore_ament_install']
[0.602s] Level 1:colcon.colcon_core.package_identification:_identify(log) by extension 'ignore'
[0.602s] Level 1:colcon.colcon_core.package_identification:_identify(log) ignored
[0.602s] Level 1:colcon.colcon_core.package_identification:_identify(moveit_visual_tools) by extensions ['ignore', 'ignore_ament_install']
[0.602s] Level 1:colcon.colcon_core.package_identification:_identify(moveit_visual_tools) by extension 'ignore'
[0.602s] Level 1:colcon.colcon_core.package_identification:_identify(moveit_visual_tools) by extension 'ignore_ament_install'
[0.602s] Level 1:colcon.colcon_core.package_identification:_identify(moveit_visual_tools) by extensions ['colcon_pkg']
[0.602s] Level 1:colcon.colcon_core.package_identification:_identify(moveit_visual_tools) by extension 'colcon_pkg'
[0.602s] Level 1:colcon.colcon_core.package_identification:_identify(moveit_visual_tools) by extensions ['colcon_meta']
[0.602s] Level 1:colcon.colcon_core.package_identification:_identify(moveit_visual_tools) by extension 'colcon_meta'
[0.603s] Level 1:colcon.colcon_core.package_identification:_identify(moveit_visual_tools) by extensions ['ros']
[0.603s] Level 1:colcon.colcon_core.package_identification:_identify(moveit_visual_tools) by extension 'ros'
[0.603s] Level 1:colcon.colcon_core.package_identification:_identify(moveit_visual_tools) by extensions ['cmake', 'python']
[0.603s] Level 1:colcon.colcon_core.package_identification:_identify(moveit_visual_tools) by extension 'cmake'
[0.603s] Level 1:colcon.colcon_core.package_identification:_identify(moveit_visual_tools) by extension 'python'
[0.603s] Level 1:colcon.colcon_core.package_identification:_identify(moveit_visual_tools) by extensions ['python_setup_py']
[0.603s] Level 1:colcon.colcon_core.package_identification:_identify(moveit_visual_tools) by extension 'python_setup_py'
[0.603s] Level 1:colcon.colcon_core.package_identification:_identify(par_pkg) by extensions ['ignore', 'ignore_ament_install']
[0.603s] Level 1:colcon.colcon_core.package_identification:_identify(par_pkg) by extension 'ignore'
[0.603s] Level 1:colcon.colcon_core.package_identification:_identify(par_pkg) by extension 'ignore_ament_install'
[0.603s] Level 1:colcon.colcon_core.package_identification:_identify(par_pkg) by extensions ['colcon_pkg']
[0.603s] Level 1:colcon.colcon_core.package_identification:_identify(par_pkg) by extension 'colcon_pkg'
[0.603s] Level 1:colcon.colcon_core.package_identification:_identify(par_pkg) by extensions ['colcon_meta']
[0.603s] Level 1:colcon.colcon_core.package_identification:_identify(par_pkg) by extension 'colcon_meta'
[0.603s] Level 1:colcon.colcon_core.package_identification:_identify(par_pkg) by extensions ['ros']
[0.603s] Level 1:colcon.colcon_core.package_identification:_identify(par_pkg) by extension 'ros'
[0.603s] DEBUG:colcon.colcon_core.package_identification:Package 'par_pkg' with type 'ros.ament_python' and name 'par_pkg'
[0.603s] Level 1:colcon.colcon_core.package_identification:_identify(par_utils) by extensions ['ignore', 'ignore_ament_install']
[0.603s] Level 1:colcon.colcon_core.package_identification:_identify(par_utils) by extension 'ignore'
[0.603s] Level 1:colcon.colcon_core.package_identification:_identify(par_utils) by extension 'ignore_ament_install'
[0.603s] Level 1:colcon.colcon_core.package_identification:_identify(par_utils) by extensions ['colcon_pkg']
[0.603s] Level 1:colcon.colcon_core.package_identification:_identify(par_utils) by extension 'colcon_pkg'
[0.603s] Level 1:colcon.colcon_core.package_identification:_identify(par_utils) by extensions ['colcon_meta']
[0.603s] Level 1:colcon.colcon_core.package_identification:_identify(par_utils) by extension 'colcon_meta'
[0.603s] Level 1:colcon.colcon_core.package_identification:_identify(par_utils) by extensions ['ros']
[0.603s] Level 1:colcon.colcon_core.package_identification:_identify(par_utils) by extension 'ros'
[0.604s] DEBUG:colcon.colcon_core.package_identification:Package 'par_utils' with type 'ros.ament_cmake' and name 'par_utils'
[0.604s] Level 1:colcon.colcon_core.package_identification:_identify(rviz_visual_tools) by extensions ['ignore', 'ignore_ament_install']
[0.604s] Level 1:colcon.colcon_core.package_identification:_identify(rviz_visual_tools) by extension 'ignore'
[0.604s] Level 1:colcon.colcon_core.package_identification:_identify(rviz_visual_tools) by extension 'ignore_ament_install'
[0.604s] Level 1:colcon.colcon_core.package_identification:_identify(rviz_visual_tools) by extensions ['colcon_pkg']
[0.604s] Level 1:colcon.colcon_core.package_identification:_identify(rviz_visual_tools) by extension 'colcon_pkg'
[0.604s] Level 1:colcon.colcon_core.package_identification:_identify(rviz_visual_tools) by extensions ['colcon_meta']
[0.604s] Level 1:colcon.colcon_core.package_identification:_identify(rviz_visual_tools) by extension 'colcon_meta'
[0.604s] Level 1:colcon.colcon_core.package_identification:_identify(rviz_visual_tools) by extensions ['ros']
[0.604s] Level 1:colcon.colcon_core.package_identification:_identify(rviz_visual_tools) by extension 'ros'
[0.604s] Level 1:colcon.colcon_core.package_identification:_identify(rviz_visual_tools) by extensions ['cmake', 'python']
[0.604s] Level 1:colcon.colcon_core.package_identification:_identify(rviz_visual_tools) by extension 'cmake'
[0.604s] Level 1:colcon.colcon_core.package_identification:_identify(rviz_visual_tools) by extension 'python'
[0.604s] Level 1:colcon.colcon_core.package_identification:_identify(rviz_visual_tools) by extensions ['python_setup_py']
[0.604s] Level 1:colcon.colcon_core.package_identification:_identify(rviz_visual_tools) by extension 'python_setup_py'
[0.604s] Level 1:colcon.colcon_core.package_discovery:discover_packages(recursive) using defaults
[0.604s] Level 1:colcon.colcon_core.package_discovery:discover_packages(ignore) discover
[0.604s] Level 1:colcon.colcon_core.package_discovery:discover_packages(ignore) using defaults
[0.604s] Level 1:colcon.colcon_core.package_discovery:discover_packages(path) discover
[0.604s] Level 1:colcon.colcon_core.package_discovery:discover_packages(path) using defaults
[0.640s] INFO:colcon.colcon_core.package_selection:Skipping not selected package 'hello_moveit_ur' in 'hello_moveit_ur'
[0.641s] INFO:colcon.colcon_core.package_selection:Skipping not selected package 'par_pkg' in 'par_pkg'
[0.655s] Level 1:colcon.colcon_core.package_discovery:discover_packages(prefix_path) check parameters
[0.655s] Level 1:colcon.colcon_core.package_discovery:discover_packages(prefix_path) discover
[0.671s] DEBUG:colcon.colcon_installed_package_information.package_discovery:Found 9 installed packages in /home/rmitaiil/aiil_workspace/humble_workspace/install
[0.680s] DEBUG:colcon.colcon_installed_package_information.package_discovery:Found 352 installed packages in /opt/ros/humble
[0.681s] Level 1:colcon.colcon_core.package_discovery:discover_packages(prefix_path) using defaults
[0.742s] Level 5:colcon.colcon_core.verb:set package 'par_utils' build argument 'cmake_args' from command line to 'None'
[0.742s] Level 5:colcon.colcon_core.verb:set package 'par_utils' build argument 'cmake_target' from command line to 'None'
[0.742s] Level 5:colcon.colcon_core.verb:set package 'par_utils' build argument 'cmake_target_skip_unavailable' from command line to 'False'
[0.742s] Level 5:colcon.colcon_core.verb:set package 'par_utils' build argument 'cmake_clean_cache' from command line to 'False'
[0.742s] Level 5:colcon.colcon_core.verb:set package 'par_utils' build argument 'cmake_clean_first' from command line to 'False'
[0.742s] Level 5:colcon.colcon_core.verb:set package 'par_utils' build argument 'cmake_force_configure' from command line to 'False'
[0.742s] Level 5:colcon.colcon_core.verb:set package 'par_utils' build argument 'ament_cmake_args' from command line to 'None'
[0.742s] Level 5:colcon.colcon_core.verb:set package 'par_utils' build argument 'catkin_cmake_args' from command line to 'None'
[0.742s] Level 5:colcon.colcon_core.verb:set package 'par_utils' build argument 'catkin_skip_building_tests' from command line to 'False'
[0.742s] DEBUG:colcon.colcon_core.verb:Building package 'par_utils' with the following arguments: {'ament_cmake_args': None, 'build_base': '/home/rmitaiil/aiil_workspace/humble_workspace/src/on_UR5e/build/par_utils', 'catkin_cmake_args': None, 'catkin_skip_building_tests': False, 'cmake_args': None, 'cmake_clean_cache': False, 'cmake_clean_first': False, 'cmake_force_configure': False, 'cmake_target': None, 'cmake_target_skip_unavailable': False, 'install_base': '/home/rmitaiil/aiil_workspace/humble_workspace/src/on_UR5e/install/par_utils', 'merge_install': False, 'path': '/home/rmitaiil/aiil_workspace/humble_workspace/src/on_UR5e/par_utils', 'symlink_install': False, 'test_result_base': None}
[0.750s] INFO:colcon.colcon_core.executor:Executing jobs using 'parallel' executor
[0.758s] DEBUG:colcon.colcon_parallel_executor.executor.parallel:run_until_complete
[0.758s] INFO:colcon.colcon_ros.task.ament_cmake.build:Building ROS package in '/home/rmitaiil/aiil_workspace/humble_workspace/src/on_UR5e/par_utils' with build type 'ament_cmake'
[0.758s] INFO:colcon.colcon_cmake.task.cmake.build:Building CMake package in '/home/rmitaiil/aiil_workspace/humble_workspace/src/on_UR5e/par_utils'
[0.766s] INFO:colcon.colcon_core.plugin_system:Skipping extension 'colcon_core.shell.bat': Not used on non-Windows systems
[0.767s] INFO:colcon.colcon_core.shell:Skip shell extension 'powershell' for command environment: Not usable outside of PowerShell
[0.767s] DEBUG:colcon.colcon_core.shell:Skip shell extension 'dsv' for command environment
[0.825s] DEBUG:colcon.colcon_core.event_handler.log_command:Invoking command in '/home/rmitaiil/aiil_workspace/humble_workspace/src/on_UR5e/build/par_utils': CMAKE_PREFIX_PATH=${CMAKE_PREFIX_PATH}:/home/rmitaiil/aiil_workspace/humble_workspace/install/snc_pkg:/home/rmitaiil/aiil_workspace/humble_workspace/install/onrobot_testing:/home/rmitaiil/aiil_workspace/humble_workspace/install/aiil_rosbot_demo:/home/rmitaiil/aiil_workspace/humble_workspace/install/aiil_gazebo:/opt/ros/humble /usr/bin/cmake /home/rmitaiil/aiil_workspace/humble_workspace/src/on_UR5e/par_utils -DCMAKE_INSTALL_PREFIX=/home/rmitaiil/aiil_workspace/humble_workspace/src/on_UR5e/install/par_utils
[1.177s] DEBUG:colcon.colcon_core.event_handler.log_command:Invoked command in '/home/rmitaiil/aiil_workspace/humble_workspace/src/on_UR5e/build/par_utils' returned '1': CMAKE_PREFIX_PATH=${CMAKE_PREFIX_PATH}:/home/rmitaiil/aiil_workspace/humble_workspace/install/snc_pkg:/home/rmitaiil/aiil_workspace/humble_workspace/install/onrobot_testing:/home/rmitaiil/aiil_workspace/humble_workspace/install/aiil_rosbot_demo:/home/rmitaiil/aiil_workspace/humble_workspace/install/aiil_gazebo:/opt/ros/humble /usr/bin/cmake /home/rmitaiil/aiil_workspace/humble_workspace/src/on_UR5e/par_utils -DCMAKE_INSTALL_PREFIX=/home/rmitaiil/aiil_workspace/humble_workspace/src/on_UR5e/install/par_utils
[1.192s] Level 1:colcon.colcon_core.environment:create_environment_scripts_only(par_utils)
[1.202s] Level 1:colcon.colcon_core.environment:checking '/home/rmitaiil/aiil_workspace/humble_workspace/src/on_UR5e/install/par_utils' for CMake module files
[1.202s] Level 1:colcon.colcon_core.environment:checking '/home/rmitaiil/aiil_workspace/humble_workspace/src/on_UR5e/install/par_utils' for CMake config files
[1.202s] Level 1:colcon.colcon_core.environment:checking '/home/rmitaiil/aiil_workspace/humble_workspace/src/on_UR5e/install/par_utils/bin'
[1.203s] Level 1:colcon.colcon_core.environment:checking '/home/rmitaiil/aiil_workspace/humble_workspace/src/on_UR5e/install/par_utils/lib/pkgconfig/par_utils.pc'
[1.203s] Level 1:colcon.colcon_core.environment:checking '/home/rmitaiil/aiil_workspace/humble_workspace/src/on_UR5e/install/par_utils/lib/python3.10/site-packages'
[1.203s] Level 1:colcon.colcon_core.environment:checking '/home/rmitaiil/aiil_workspace/humble_workspace/src/on_UR5e/install/par_utils/bin'
[1.211s] INFO:colcon.colcon_core.shell:Creating package script '/home/rmitaiil/aiil_workspace/humble_workspace/src/on_UR5e/install/par_utils/share/par_utils/package.ps1'
[1.212s] INFO:colcon.colcon_core.shell:Creating package descriptor '/home/rmitaiil/aiil_workspace/humble_workspace/src/on_UR5e/install/par_utils/share/par_utils/package.dsv'
[1.212s] INFO:colcon.colcon_core.shell:Creating package script '/home/rmitaiil/aiil_workspace/humble_workspace/src/on_UR5e/install/par_utils/share/par_utils/package.sh'
[1.212s] INFO:colcon.colcon_core.shell:Creating package script '/home/rmitaiil/aiil_workspace/humble_workspace/src/on_UR5e/install/par_utils/share/par_utils/package.bash'
[1.213s] INFO:colcon.colcon_core.shell:Creating package script '/home/rmitaiil/aiil_workspace/humble_workspace/src/on_UR5e/install/par_utils/share/par_utils/package.zsh'
[1.213s] Level 1:colcon.colcon_core.environment:create_file_with_runtime_dependencies(/home/rmitaiil/aiil_workspace/humble_workspace/src/on_UR5e/install/par_utils/share/colcon-core/packages/par_utils)
[1.224s] DEBUG:colcon.colcon_parallel_executor.executor.parallel:closing loop
[1.225s] DEBUG:colcon.colcon_parallel_executor.executor.parallel:loop closed
[1.225s] DEBUG:colcon.colcon_parallel_executor.executor.parallel:run_until_complete finished with '1'
[1.225s] DEBUG:colcon.colcon_core.event_reactor:joining thread
[1.238s] INFO:colcon.colcon_core.plugin_system:Skipping extension 'colcon_notification.desktop_notification.terminal_notifier': Not used on non-Darwin systems
[1.238s] INFO:colcon.colcon_core.plugin_system:Skipping extension 'colcon_notification.desktop_notification.win32': Not used on non-Windows systems
[1.238s] INFO:colcon.colcon_notification.desktop_notification:Sending desktop notification using 'notify2'
[1.251s] DEBUG:colcon.colcon_core.event_reactor:joined thread
[1.260s] INFO:colcon.colcon_core.shell:Creating prefix script '/home/rmitaiil/aiil_workspace/humble_workspace/src/on_UR5e/install/local_setup.ps1'
[1.261s] INFO:colcon.colcon_core.shell:Creating prefix util module '/home/rmitaiil/aiil_workspace/humble_workspace/src/on_UR5e/install/_local_setup_util_ps1.py'
[1.262s] INFO:colcon.colcon_core.shell:Creating prefix chain script '/home/rmitaiil/aiil_workspace/humble_workspace/src/on_UR5e/install/setup.ps1'
[1.273s] INFO:colcon.colcon_core.shell:Creating prefix script '/home/rmitaiil/aiil_workspace/humble_workspace/src/on_UR5e/install/local_setup.sh'
[1.273s] INFO:colcon.colcon_core.shell:Creating prefix util module '/home/rmitaiil/aiil_workspace/humble_workspace/src/on_UR5e/install/_local_setup_util_sh.py'
[1.274s] INFO:colcon.colcon_core.shell:Creating prefix chain script '/home/rmitaiil/aiil_workspace/humble_workspace/src/on_UR5e/install/setup.sh'
[1.287s] INFO:colcon.colcon_core.shell:Creating prefix script '/home/rmitaiil/aiil_workspace/humble_workspace/src/on_UR5e/install/local_setup.bash'
[1.288s] INFO:colcon.colcon_core.shell:Creating prefix chain script '/home/rmitaiil/aiil_workspace/humble_workspace/src/on_UR5e/install/setup.bash'
[1.299s] INFO:colcon.colcon_core.shell:Creating prefix script '/home/rmitaiil/aiil_workspace/humble_workspace/src/on_UR5e/install/local_setup.zsh'
[1.300s] INFO:colcon.colcon_core.shell:Creating prefix chain script '/home/rmitaiil/aiil_workspace/humble_workspace/src/on_UR5e/install/setup.zsh'
