[0.042s] Invoking command in '/root/overlay_ws/src/build/hello_moveit_ur': CMAKE_PREFIX_PATH=${CMAKE_PREFIX_PATH}:/root/underlay_ws/install/moveit_configs_utils:/root/underlay_ws/install/launch_param_builder:/opt/ros/humble /usr/bin/cmake --build /root/overlay_ws/src/build/hello_moveit_ur -- -j8 -l8
[0.184s] [35m[1mConsolidate compiler generated dependencies of target hello_moveit_ur[0m
[0.292s] [ 50%] [32mBuilding CXX object CMakeFiles/hello_moveit_ur.dir/src/hello_moveit_ur.cpp.o[0m
[21.752s] [100%] [32m[1mLinking CXX executable hello_moveit_ur[0m
[22.451s] [100%] Built target hello_moveit_ur
[22.477s] Invoked command in '/root/overlay_ws/src/build/hello_moveit_ur' returned '0': CMAKE_PREFIX_PATH=${CMAKE_PREFIX_PATH}:/root/underlay_ws/install/moveit_configs_utils:/root/underlay_ws/install/launch_param_builder:/opt/ros/humble /usr/bin/cmake --build /root/overlay_ws/src/build/hello_moveit_ur -- -j8 -l8
[22.552s] Invoking command in '/root/overlay_ws/src/build/hello_moveit_ur': CMAKE_PREFIX_PATH=${CMAKE_PREFIX_PATH}:/root/underlay_ws/install/moveit_configs_utils:/root/underlay_ws/install/launch_param_builder:/opt/ros/humble /usr/bin/cmake --install /root/overlay_ws/src/build/hello_moveit_ur
[22.570s] -- Install configuration: "Release"
[22.570s] -- Installing: /root/overlay_ws/src/install/hello_moveit_ur/lib/hello_moveit_ur/hello_moveit_ur
[22.571s] -- Set runtime path of "/root/overlay_ws/src/install/hello_moveit_ur/lib/hello_moveit_ur/hello_moveit_ur" to ""
[22.572s] -- Up-to-date: /root/overlay_ws/src/install/hello_moveit_ur/share/hello_moveit_ur//launch
[22.572s] -- Up-to-date: /root/overlay_ws/src/install/hello_moveit_ur/share/hello_moveit_ur//launch/hello_moveit_ur_launch.py
[22.572s] -- Up-to-date: /root/overlay_ws/src/install/hello_moveit_ur/share/ament_index/resource_index/package_run_dependencies/hello_moveit_ur
[22.572s] -- Up-to-date: /root/overlay_ws/src/install/hello_moveit_ur/share/ament_index/resource_index/parent_prefix_path/hello_moveit_ur
[22.572s] -- Up-to-date: /root/overlay_ws/src/install/hello_moveit_ur/share/hello_moveit_ur/environment/ament_prefix_path.sh
[22.572s] -- Up-to-date: /root/overlay_ws/src/install/hello_moveit_ur/share/hello_moveit_ur/environment/ament_prefix_path.dsv
[22.573s] -- Up-to-date: /root/overlay_ws/src/install/hello_moveit_ur/share/hello_moveit_ur/environment/path.sh
[22.573s] -- Up-to-date: /root/overlay_ws/src/install/hello_moveit_ur/share/hello_moveit_ur/environment/path.dsv
[22.573s] -- Up-to-date: /root/overlay_ws/src/install/hello_moveit_ur/share/hello_moveit_ur/local_setup.bash
[22.573s] -- Up-to-date: /root/overlay_ws/src/install/hello_moveit_ur/share/hello_moveit_ur/local_setup.sh
[22.573s] -- Up-to-date: /root/overlay_ws/src/install/hello_moveit_ur/share/hello_moveit_ur/local_setup.zsh
[22.574s] -- Up-to-date: /root/overlay_ws/src/install/hello_moveit_ur/share/hello_moveit_ur/local_setup.dsv
[22.574s] -- Installing: /root/overlay_ws/src/install/hello_moveit_ur/share/hello_moveit_ur/package.dsv
[22.574s] -- Up-to-date: /root/overlay_ws/src/install/hello_moveit_ur/share/ament_index/resource_index/packages/hello_moveit_ur
[22.574s] -- Up-to-date: /root/overlay_ws/src/install/hello_moveit_ur/share/hello_moveit_ur/cmake/hello_moveit_urConfig.cmake
[22.574s] -- Up-to-date: /root/overlay_ws/src/install/hello_moveit_ur/share/hello_moveit_ur/cmake/hello_moveit_urConfig-version.cmake
[22.574s] -- Up-to-date: /root/overlay_ws/src/install/hello_moveit_ur/share/hello_moveit_ur/package.xml
[22.576s] Invoked command in '/root/overlay_ws/src/build/hello_moveit_ur' returned '0': CMAKE_PREFIX_PATH=${CMAKE_PREFIX_PATH}:/root/underlay_ws/install/moveit_configs_utils:/root/underlay_ws/install/launch_param_builder:/opt/ros/humble /usr/bin/cmake --install /root/overlay_ws/src/build/hello_moveit_ur
