[35m[1mConsolidate compiler generated dependencies of target par_utils__rosidl_generator_c[0m
[  3%] Built target par_utils__cpp
[  3%] Built target ament_cmake_python_copy_par_utils
[35m[1mConsolidate compiler generated dependencies of target par_utils__rosidl_typesupport_fastrtps_cpp[0m
[35m[1mConsolidate compiler generated dependencies of target par_utils__rosidl_typesupport_cpp[0m
[35m[1mConsolidate compiler generated dependencies of target par_utils__rosidl_typesupport_introspection_cpp[0m
[ 12%] Built target par_utils__rosidl_generator_c
[ 22%] Built target par_utils__rosidl_typesupport_fastrtps_cpp
[ 32%] Built target par_utils__rosidl_typesupport_cpp
[ 41%] Built target par_utils__rosidl_typesupport_introspection_cpp
[35m[1mConsolidate compiler generated dependencies of target par_utils__rosidl_typesupport_c[0m
[35m[1mConsolidate compiler generated dependencies of target par_utils__rosidl_typesupport_introspection_c[0m
[35m[1mConsolidate compiler generated dependencies of target par_utils__rosidl_typesupport_fastrtps_c[0m
[ 51%] Built target par_utils__rosidl_typesupport_c
[ 61%] Built target par_utils__rosidl_typesupport_introspection_c
[ 70%] Built target par_utils__rosidl_typesupport_fastrtps_c
[ 70%] Built target par_utils
[ 74%] Built target par_utils__py
[35m[1mConsolidate compiler generated dependencies of target par_utils__rosidl_generator_py[0m
[ 80%] Built target par_utils__rosidl_generator_py
[35m[1mConsolidate compiler generated dependencies of target par_utils__rosidl_typesupport_c__pyext[0m
[35m[1mConsolidate compiler generated dependencies of target par_utils__rosidl_typesupport_introspection_c__pyext[0m
[35m[1mConsolidate compiler generated dependencies of target par_utils__rosidl_typesupport_fastrtps_c__pyext[0m
[ 93%] Built target par_utils__rosidl_typesupport_fastrtps_c__pyext
[ 93%] Built target par_utils__rosidl_typesupport_introspection_c__pyext
[100%] Built target par_utils__rosidl_typesupport_c__pyext
running egg_info
writing par_utils.egg-info/PKG-INFO
writing dependency_links to par_utils.egg-info/dependency_links.txt
writing top-level names to par_utils.egg-info/top_level.txt
reading manifest file 'par_utils.egg-info/SOURCES.txt'
writing manifest file 'par_utils.egg-info/SOURCES.txt'
[100%] Built target ament_cmake_python_build_par_utils_egg
