[0.132s] Invoking command in '/home/rmitaiil/aiil_workspace/humble_workspace/src/on_UR5e/build/par_utils': CMAKE_PREFIX_PATH=${CMAKE_PREFIX_PATH}:/home/rmitaiil/aiil_workspace/humble_workspace/install/snc_pkg:/home/rmitaiil/aiil_workspace/humble_workspace/install/onrobot_testing:/home/rmitaiil/aiil_workspace/humble_workspace/install/aiil_rosbot_demo:/home/rmitaiil/aiil_workspace/humble_workspace/install/aiil_gazebo:/opt/ros/humble /usr/bin/cmake --build /home/rmitaiil/aiil_workspace/humble_workspace/src/on_UR5e/build/par_utils -- -j4 -l4
[0.501s] [35m[1mConsolidate compiler generated dependencies of target par_utils__rosidl_generator_c[0m
[0.536s] [  3%] Built target par_utils__cpp
[0.606s] [  3%] Built target ament_cmake_python_copy_par_utils
[0.606s] [35m[1mConsolidate compiler generated dependencies of target par_utils__rosidl_typesupport_fastrtps_cpp[0m
[0.607s] [35m[1mConsolidate compiler generated dependencies of target par_utils__rosidl_typesupport_cpp[0m
[0.625s] [35m[1mConsolidate compiler generated dependencies of target par_utils__rosidl_typesupport_introspection_cpp[0m
[0.633s] [ 12%] Built target par_utils__rosidl_generator_c
[0.640s] [ 22%] Built target par_utils__rosidl_typesupport_fastrtps_cpp
[0.644s] [ 32%] Built target par_utils__rosidl_typesupport_cpp
[0.649s] [ 41%] Built target par_utils__rosidl_typesupport_introspection_cpp
[0.668s] [35m[1mConsolidate compiler generated dependencies of target par_utils__rosidl_typesupport_c[0m
[0.668s] [35m[1mConsolidate compiler generated dependencies of target par_utils__rosidl_typesupport_introspection_c[0m
[0.671s] [35m[1mConsolidate compiler generated dependencies of target par_utils__rosidl_typesupport_fastrtps_c[0m
[0.684s] [ 51%] Built target par_utils__rosidl_typesupport_c
[0.693s] [ 61%] Built target par_utils__rosidl_typesupport_introspection_c
[0.697s] [ 70%] Built target par_utils__rosidl_typesupport_fastrtps_c
[0.718s] [ 70%] Built target par_utils
[0.748s] [ 74%] Built target par_utils__py
[0.762s] [35m[1mConsolidate compiler generated dependencies of target par_utils__rosidl_generator_py[0m
[0.785s] [ 80%] Built target par_utils__rosidl_generator_py
[0.796s] [35m[1mConsolidate compiler generated dependencies of target par_utils__rosidl_typesupport_c__pyext[0m
[0.796s] [35m[1mConsolidate compiler generated dependencies of target par_utils__rosidl_typesupport_introspection_c__pyext[0m
[0.797s] [35m[1mConsolidate compiler generated dependencies of target par_utils__rosidl_typesupport_fastrtps_c__pyext[0m
[0.827s] [ 93%] Built target par_utils__rosidl_typesupport_fastrtps_c__pyext
[0.828s] [ 93%] Built target par_utils__rosidl_typesupport_introspection_c__pyext
[0.834s] [100%] Built target par_utils__rosidl_typesupport_c__pyext
[0.843s] running egg_info
[0.844s] writing par_utils.egg-info/PKG-INFO
[0.844s] writing dependency_links to par_utils.egg-info/dependency_links.txt
[0.845s] writing top-level names to par_utils.egg-info/top_level.txt
[0.847s] reading manifest file 'par_utils.egg-info/SOURCES.txt'
[0.850s] writing manifest file 'par_utils.egg-info/SOURCES.txt'
[0.884s] [100%] Built target ament_cmake_python_build_par_utils_egg
