In file included from [01m[K/usr/include/x86_64-linux-gnu/c++/11/bits/c++allocator.h:33[m[K,
                 from [01m[K/usr/include/c++/11/bits/allocator.h:46[m[K,
                 from [01m[K/usr/include/c++/11/memory:64[m[K,
                 from [01m[K/root/overlay_ws/src/hello_moveit_ur/src/hello_moveit_ur.cpp:1[m[K:
/usr/include/c++/11/ext/new_allocator.h: In instantiation of ‘[01m[Kvoid __gnu_cxx::new_allocator<_Tp>::construct(_Up*, _Args&& ...) [with _Up = moveit_visual_tools::MoveItVisualTools; _Args = {const char (&)[10]}; _Tp = moveit_visual_tools::MoveItVisualTools][m[K’:
[01m[K/usr/include/c++/11/bits/alloc_traits.h:516:17:[m[K   required from ‘[01m[Kstatic void std::allocator_traits<std::allocator<_Tp1> >::construct(std::allocator_traits<std::allocator<_Tp1> >::allocator_type&, _Up*, _Args&& ...) [with _Up = moveit_visual_tools::MoveItVisualTools; _Args = {const char (&)[10]}; _Tp = moveit_visual_tools::MoveItVisualTools; std::allocator_traits<std::allocator<_Tp1> >::allocator_type = std::allocator<moveit_visual_tools::MoveItVisualTools>][m[K’
[01m[K/usr/include/c++/11/bits/shared_ptr_base.h:519:39:[m[K   required from ‘[01m[Kstd::_Sp_counted_ptr_inplace<_Tp, _Alloc, _Lp>::_Sp_counted_ptr_inplace(_Alloc, _Args&& ...) [with _Args = {const char (&)[10]}; _Tp = moveit_visual_tools::MoveItVisualTools; _Alloc = std::allocator<moveit_visual_tools::MoveItVisualTools>; __gnu_cxx::_Lock_policy _Lp = __gnu_cxx::_S_atomic][m[K’
[01m[K/usr/include/c++/11/bits/shared_ptr_base.h:650:16:[m[K   required from ‘[01m[Kstd::__shared_count<_Lp>::__shared_count(_Tp*&, std::_Sp_alloc_shared_tag<_Alloc>, _Args&& ...) [with _Tp = moveit_visual_tools::MoveItVisualTools; _Alloc = std::allocator<moveit_visual_tools::MoveItVisualTools>; _Args = {const char (&)[10]}; __gnu_cxx::_Lock_policy _Lp = __gnu_cxx::_S_atomic][m[K’
[01m[K/usr/include/c++/11/bits/shared_ptr_base.h:1342:14:[m[K   required from ‘[01m[Kstd::__shared_ptr<_Tp, _Lp>::__shared_ptr(std::_Sp_alloc_shared_tag<_Tp>, _Args&& ...) [with _Alloc = std::allocator<moveit_visual_tools::MoveItVisualTools>; _Args = {const char (&)[10]}; _Tp = moveit_visual_tools::MoveItVisualTools; __gnu_cxx::_Lock_policy _Lp = __gnu_cxx::_S_atomic][m[K’
[01m[K/usr/include/c++/11/bits/shared_ptr.h:409:59:[m[K   required from ‘[01m[Kstd::shared_ptr<_Tp>::shared_ptr(std::_Sp_alloc_shared_tag<_Tp>, _Args&& ...) [with _Alloc = std::allocator<moveit_visual_tools::MoveItVisualTools>; _Args = {const char (&)[10]}; _Tp = moveit_visual_tools::MoveItVisualTools][m[K’
[01m[K/usr/include/c++/11/bits/shared_ptr.h:862:14:[m[K   required from ‘[01m[Kstd::shared_ptr<_Tp> std::allocate_shared(const _Alloc&, _Args&& ...) [with _Tp = moveit_visual_tools::MoveItVisualTools; _Alloc = std::allocator<moveit_visual_tools::MoveItVisualTools>; _Args = {const char (&)[10]}][m[K’
[01m[K/usr/include/c++/11/bits/shared_ptr.h:878:39:[m[K   required from ‘[01m[Kstd::shared_ptr<_Tp> std::make_shared(_Args&& ...) [with _Tp = moveit_visual_tools::MoveItVisualTools; _Args = {const char (&)[10]}][m[K’
[01m[K/root/overlay_ws/src/hello_moveit_ur/src/hello_moveit_ur.cpp:24:79:[m[K   required from here
[01m[K/usr/include/c++/11/ext/new_allocator.h:162:11:[m[K [01;31m[Kerror: [m[Kno matching function for call to ‘[01m[Kmoveit_visual_tools::MoveItVisualTools::MoveItVisualTools(const char [10])[m[K’
  162 |         { [01;31m[K::new((void *)__p) _Up(std::forward<_Args>(__args)...)[m[K; }
      |           [01;31m[K^~~~~~~~~~~~~~~~~~~~~~~~~~~~~~~~~~~~~~~~~~~~~~~~~~~~~~[m[K
In file included from [01m[K/root/overlay_ws/src/hello_moveit_ur/src/hello_moveit_ur.cpp:5[m[K:
[01m[K/root/underlay_ws/install/moveit_visual_tools/include/moveit_visual_tools/moveit_visual_tools.h:97:3:[m[K [01;36m[Knote: [m[Kcandidate: ‘[01m[Kmoveit_visual_tools::MoveItVisualTools::MoveItVisualTools(const SharedPtr&, const string&, const string&, moveit::core::RobotModelConstPtr)[m[K’
   97 |   [01;36m[KMoveItVisualTools[m[K(const rclcpp::Node::SharedPtr& node, const std::string& base_frame,
      |   [01;36m[K^~~~~~~~~~~~~~~~~[m[K
[01m[K/root/underlay_ws/install/moveit_visual_tools/include/moveit_visual_tools/moveit_visual_tools.h:97:3:[m[K [01;36m[Knote: [m[K  candidate expects 4 arguments, 1 provided
[01m[K/root/underlay_ws/install/moveit_visual_tools/include/moveit_visual_tools/moveit_visual_tools.h:88:3:[m[K [01;36m[Knote: [m[Kcandidate: ‘[01m[Kmoveit_visual_tools::MoveItVisualTools::MoveItVisualTools(const SharedPtr&, const string&, const string&, planning_scene_monitor::PlanningSceneMonitorPtr)[m[K’
   88 |   [01;36m[KMoveItVisualTools[m[K(const rclcpp::Node::SharedPtr& node, const std::string& base_frame, const std::string& marker_topic,
      |   [01;36m[K^~~~~~~~~~~~~~~~~[m[K
[01m[K/root/underlay_ws/install/moveit_visual_tools/include/moveit_visual_tools/moveit_visual_tools.h:88:3:[m[K [01;36m[Knote: [m[K  candidate expects 4 arguments, 1 provided
[01m[K/root/underlay_ws/install/moveit_visual_tools/include/moveit_visual_tools/moveit_visual_tools.h:79:3:[m[K [01;36m[Knote: [m[Kcandidate: ‘[01m[Kmoveit_visual_tools::MoveItVisualTools::MoveItVisualTools(const SharedPtr&)[m[K’
   79 |   [01;36m[KMoveItVisualTools[m[K(const rclcpp::Node::SharedPtr& node);
      |   [01;36m[K^~~~~~~~~~~~~~~~~[m[K
[01m[K/root/underlay_ws/install/moveit_visual_tools/include/moveit_visual_tools/moveit_visual_tools.h:79:52:[m[K [01;36m[Knote: [m[K  no known conversion for argument 1 from ‘[01m[Kconst char [10][m[K’ to ‘[01m[Kconst SharedPtr&[m[K’ {aka ‘[01m[Kconst std::shared_ptr<rclcpp::Node>&[m[K’}
   79 |   MoveItVisualTools([01;36m[Kconst rclcpp::Node::SharedPtr& node[m[K);
      |                     [01;36m[K~~~~~~~~~~~~~~~~~~~~~~~~~~~~~~~^~~~[m[K
[01m[K/root/underlay_ws/install/moveit_visual_tools/include/moveit_visual_tools/moveit_visual_tools.h:70:7:[m[K [01;36m[Knote: [m[Kcandidate: ‘[01m[Kmoveit_visual_tools::MoveItVisualTools::MoveItVisualTools(const moveit_visual_tools::MoveItVisualTools&)[m[K’
   70 | class [01;36m[KMoveItVisualTools[m[K : public rviz_visual_tools::RvizVisualTools
      |       [01;36m[K^~~~~~~~~~~~~~~~~[m[K
[01m[K/root/underlay_ws/install/moveit_visual_tools/include/moveit_visual_tools/moveit_visual_tools.h:70:7:[m[K [01;36m[Knote: [m[K  no known conversion for argument 1 from ‘[01m[Kconst char [10][m[K’ to ‘[01m[Kconst moveit_visual_tools::MoveItVisualTools&[m[K’
[01m[K/root/underlay_ws/install/moveit_visual_tools/include/moveit_visual_tools/moveit_visual_tools.h:70:7:[m[K [01;36m[Knote: [m[Kcandidate: ‘[01m[Kmoveit_visual_tools::MoveItVisualTools::MoveItVisualTools(moveit_visual_tools::MoveItVisualTools&&)[m[K’
[01m[K/root/underlay_ws/install/moveit_visual_tools/include/moveit_visual_tools/moveit_visual_tools.h:70:7:[m[K [01;36m[Knote: [m[K  no known conversion for argument 1 from ‘[01m[Kconst char [10][m[K’ to ‘[01m[Kmoveit_visual_tools::MoveItVisualTools&&[m[K’
gmake[2]: *** [CMakeFiles/hello_moveit_ur.dir/build.make:76: CMakeFiles/hello_moveit_ur.dir/src/hello_moveit_ur.cpp.o] Error 1
gmake[1]: *** [CMakeFiles/Makefile2:137: CMakeFiles/hello_moveit_ur.dir/all] Error 2
gmake: *** [Makefile:146: all] Error 2
