[0.057s] Invoking command in '/home/rmitaiil/aiil_workspace/humble_workspace/src/on_UR5e/build/par_utils': CMAKE_PREFIX_PATH=${CMAKE_PREFIX_PATH}:/home/rmitaiil/aiil_workspace/humble_workspace/install/snc_pkg:/home/rmitaiil/aiil_workspace/humble_workspace/install/onrobot_testing:/home/rmitaiil/aiil_workspace/humble_workspace/install/aiil_rosbot_demo:/home/rmitaiil/aiil_workspace/humble_workspace/install/aiil_gazebo:/opt/ros/humble /usr/bin/cmake --build /home/rmitaiil/aiil_workspace/humble_workspace/src/on_UR5e/build/par_utils -- -j4 -l4
[0.190s] -- Found ament_cmake: 1.3.7 (/opt/ros/humble/share/ament_cmake/cmake)
[0.359s] -- Found rosidl_default_generators: 1.2.0 (/opt/ros/humble/share/rosidl_default_generators/cmake)
[0.362s] -- Using all available rosidl_typesupport_c: rosidl_typesupport_fastrtps_c;rosidl_typesupport_introspection_c
[0.367s] -- Found rosidl_adapter: 3.1.5 (/opt/ros/humble/share/rosidl_adapter/cmake)
[0.408s] -- Using all available rosidl_typesupport_cpp: rosidl_typesupport_fastrtps_cpp;rosidl_typesupport_introspection_cpp
[0.752s] -- Found ament_cmake_ros: 0.10.0 (/opt/ros/humble/share/ament_cmake_ros/cmake)
[0.932s] -- Using all available rosidl_typesupport_c: rosidl_typesupport_fastrtps_c;rosidl_typesupport_introspection_c
[1.176s] -- Using all available rosidl_typesupport_cpp: rosidl_typesupport_fastrtps_cpp;rosidl_typesupport_introspection_cpp
[1.199s] -- Found python_cmake_module: 0.10.0 (/opt/ros/humble/share/python_cmake_module/cmake)
[1.223s] -- Using PYTHON_EXECUTABLE: /usr/bin/python3
[1.223s] -- Using PYTHON_INCLUDE_DIRS: /usr/include/python3.10
[1.223s] -- Using PYTHON_LIBRARIES: /usr/lib/x86_64-linux-gnu/libpython3.10.so
[1.240s] -- Found ament_lint_auto: 0.12.10 (/opt/ros/humble/share/ament_lint_auto/cmake)
[1.265s] -- Added test 'lint_cmake' to check CMake code style
[1.266s] -- Added test 'xmllint' to check XML markup files
[1.269s] -- Configuring done
[1.318s] -- Generating done
[1.321s] -- Build files have been written to: /home/rmitaiil/aiil_workspace/humble_workspace/src/on_UR5e/build/par_utils
[1.350s] [  2%] [34m[1mGenerating C code for ROS interfaces[0m
[1.370s] [  5%] [34m[1mGenerating C++ code for ROS interfaces[0m
[1.384s] [  5%] Built target ament_cmake_python_copy_par_utils
[1.582s] running egg_info
[1.583s] writing par_utils.egg-info/PKG-INFO
[1.584s] writing dependency_links to par_utils.egg-info/dependency_links.txt
[1.585s] writing top-level names to par_utils.egg-info/top_level.txt
[1.588s] reading manifest file 'par_utils.egg-info/SOURCES.txt'
[1.589s] writing manifest file 'par_utils.egg-info/SOURCES.txt'
[1.618s] [  5%] Built target ament_cmake_python_build_par_utils_egg
[1.859s] [  5%] Built target par_utils__cpp
[1.876s] [  7%] [34m[1mGenerating C++ type support dispatch for ROS interfaces[0m
[1.885s] [ 10%] [34m[1mGenerating C++ type support for eProsima Fast-RTPS[0m
[1.904s] [ 12%] [34m[1mGenerating C++ introspection for ROS interfaces[0m
[1.928s] [ 15%] [32mBuilding C object CMakeFiles/par_utils__rosidl_generator_c.dir/rosidl_generator_c/par_utils/action/detail/gripper_set_width__functions.c.o[0m
[2.238s] [ 17%] [32mBuilding CXX object CMakeFiles/par_utils__rosidl_typesupport_cpp.dir/rosidl_typesupport_cpp/par_utils/action/gripper_set_width__type_support.cpp.o[0m
[2.273s] [ 20%] [32mBuilding C object CMakeFiles/par_utils__rosidl_generator_c.dir/rosidl_generator_c/par_utils/msg/detail/gripper_info__functions.c.o[0m
[2.332s] [ 23%] [32mBuilding CXX object CMakeFiles/par_utils__rosidl_typesupport_introspection_cpp.dir/rosidl_typesupport_introspection_cpp/par_utils/action/detail/gripper_set_width__type_support.cpp.o[0m
[2.337s] [ 25%] [32m[1mLinking C shared library libpar_utils__rosidl_generator_c.so[0m
[2.380s] [ 28%] [32mBuilding CXX object CMakeFiles/par_utils__rosidl_typesupport_fastrtps_cpp.dir/rosidl_typesupport_fastrtps_cpp/par_utils/action/detail/dds_fastrtps/gripper_set_width__type_support.cpp.o[0m
[2.405s] [ 28%] Built target par_utils__rosidl_generator_c
[2.415s] [ 30%] [32mBuilding CXX object CMakeFiles/par_utils__rosidl_typesupport_cpp.dir/rosidl_typesupport_cpp/par_utils/msg/gripper_info__type_support.cpp.o[0m
[2.796s] [ 33%] [34m[1mGenerating C type support for eProsima Fast-RTPS[0m
[2.987s] [ 35%] [32m[1mLinking CXX shared library libpar_utils__rosidl_typesupport_cpp.so[0m
[3.040s] [ 38%] [32mBuilding CXX object CMakeFiles/par_utils__rosidl_typesupport_fastrtps_cpp.dir/rosidl_typesupport_fastrtps_cpp/par_utils/msg/detail/dds_fastrtps/gripper_info__type_support.cpp.o[0m
[3.100s] [ 38%] Built target par_utils__rosidl_typesupport_cpp
[3.120s] [ 41%] [34m[1mGenerating C introspection for ROS interfaces[0m
[3.400s] [ 43%] [32mBuilding CXX object CMakeFiles/par_utils__rosidl_typesupport_fastrtps_c.dir/rosidl_typesupport_fastrtps_c/par_utils/action/detail/gripper_set_width__type_support_c.cpp.o[0m
[3.486s] [ 46%] [32m[1mLinking CXX shared library libpar_utils__rosidl_typesupport_fastrtps_cpp.so[0m
[3.588s] [ 48%] [32mBuilding CXX object CMakeFiles/par_utils__rosidl_typesupport_introspection_cpp.dir/rosidl_typesupport_introspection_cpp/par_utils/msg/detail/gripper_info__type_support.cpp.o[0m
[3.594s] [ 48%] Built target par_utils__rosidl_typesupport_fastrtps_cpp
[3.612s] [ 51%] [34m[1mGenerating C type support dispatch for ROS interfaces[0m
[3.637s] [ 53%] [32mBuilding C object CMakeFiles/par_utils__rosidl_typesupport_introspection_c.dir/rosidl_typesupport_introspection_c/par_utils/action/detail/gripper_set_width__type_support.c.o[0m
[3.707s] [ 56%] [32mBuilding C object CMakeFiles/par_utils__rosidl_typesupport_introspection_c.dir/rosidl_typesupport_introspection_c/par_utils/msg/detail/gripper_info__type_support.c.o[0m
[3.750s] [ 58%] [32m[1mLinking C shared library libpar_utils__rosidl_typesupport_introspection_c.so[0m
[3.810s] [ 58%] Built target par_utils__rosidl_typesupport_introspection_c
[3.822s] [ 61%] [32mBuilding CXX object CMakeFiles/par_utils__rosidl_typesupport_fastrtps_c.dir/rosidl_typesupport_fastrtps_c/par_utils/msg/detail/gripper_info__type_support_c.cpp.o[0m
[4.016s] [ 64%] [32mBuilding CXX object CMakeFiles/par_utils__rosidl_typesupport_c.dir/rosidl_typesupport_c/par_utils/action/gripper_set_width__type_support.cpp.o[0m
[4.026s] [ 66%] [32mBuilding CXX object CMakeFiles/par_utils__rosidl_typesupport_c.dir/rosidl_typesupport_c/par_utils/msg/gripper_info__type_support.cpp.o[0m
[4.100s] [ 69%] [32m[1mLinking CXX shared library libpar_utils__rosidl_typesupport_c.so[0m
[4.162s] [ 69%] Built target par_utils__rosidl_typesupport_c
[4.214s] [ 71%] [32m[1mLinking CXX shared library libpar_utils__rosidl_typesupport_fastrtps_c.so[0m
[4.232s] [ 74%] [32m[1mLinking CXX shared library libpar_utils__rosidl_typesupport_introspection_cpp.so[0m
[4.324s] [ 74%] Built target par_utils__rosidl_typesupport_fastrtps_c
[4.332s] [ 74%] Built target par_utils__rosidl_typesupport_introspection_cpp
[4.356s] [ 74%] Built target par_utils
[4.385s] [ 76%] [34m[1mGenerating Python code for ROS interfaces[0m
[5.216s] [ 76%] Built target par_utils__py
[5.248s] [ 82%] [32mBuilding C object CMakeFiles/par_utils__rosidl_generator_py.dir/rosidl_generator_py/par_utils/msg/_gripper_info_s.c.o[0m
[5.248s] [ 82%] [32mBuilding C object CMakeFiles/par_utils__rosidl_generator_py.dir/rosidl_generator_py/par_utils/action/_gripper_set_width_s.c.o[0m
[5.454s] [ 84%] [32m[1mLinking C shared library rosidl_generator_py/par_utils/libpar_utils__rosidl_generator_py.so[0m
[5.518s] [ 84%] Built target par_utils__rosidl_generator_py
[5.548s] [35m[1mConsolidate compiler generated dependencies of target par_utils__rosidl_typesupport_fastrtps_c__pyext[0m
[5.588s] [35m[1mConsolidate compiler generated dependencies of target par_utils__rosidl_typesupport_c__pyext[0m
[5.588s] [35m[1mConsolidate compiler generated dependencies of target par_utils__rosidl_typesupport_introspection_c__pyext[0m
[5.602s] [ 87%] [32mBuilding C object CMakeFiles/par_utils__rosidl_typesupport_fastrtps_c__pyext.dir/rosidl_generator_py/par_utils/_par_utils_s.ep.rosidl_typesupport_fastrtps_c.c.o[0m
[5.639s] [ 89%] [32mBuilding C object CMakeFiles/par_utils__rosidl_typesupport_c__pyext.dir/rosidl_generator_py/par_utils/_par_utils_s.ep.rosidl_typesupport_c.c.o[0m
[5.659s] [ 92%] [32mBuilding C object CMakeFiles/par_utils__rosidl_typesupport_introspection_c__pyext.dir/rosidl_generator_py/par_utils/_par_utils_s.ep.rosidl_typesupport_introspection_c.c.o[0m
[5.861s] [ 94%] [32m[1mLinking C shared library rosidl_generator_py/par_utils/par_utils_s__rosidl_typesupport_fastrtps_c.cpython-310-x86_64-linux-gnu.so[0m
[5.870s] [ 97%] [32m[1mLinking C shared library rosidl_generator_py/par_utils/par_utils_s__rosidl_typesupport_c.cpython-310-x86_64-linux-gnu.so[0m
[5.947s] [100%] [32m[1mLinking C shared library rosidl_generator_py/par_utils/par_utils_s__rosidl_typesupport_introspection_c.cpython-310-x86_64-linux-gnu.so[0m
[5.972s] [100%] Built target par_utils__rosidl_typesupport_c__pyext
[5.991s] [100%] Built target par_utils__rosidl_typesupport_fastrtps_c__pyext
[6.043s] [100%] Built target par_utils__rosidl_typesupport_introspection_c__pyext
[6.069s] Invoked command in '/home/rmitaiil/aiil_workspace/humble_workspace/src/on_UR5e/build/par_utils' returned '0': CMAKE_PREFIX_PATH=${CMAKE_PREFIX_PATH}:/home/rmitaiil/aiil_workspace/humble_workspace/install/snc_pkg:/home/rmitaiil/aiil_workspace/humble_workspace/install/onrobot_testing:/home/rmitaiil/aiil_workspace/humble_workspace/install/aiil_rosbot_demo:/home/rmitaiil/aiil_workspace/humble_workspace/install/aiil_gazebo:/opt/ros/humble /usr/bin/cmake --build /home/rmitaiil/aiil_workspace/humble_workspace/src/on_UR5e/build/par_utils -- -j4 -l4
[6.312s] Invoking command in '/home/rmitaiil/aiil_workspace/humble_workspace/src/on_UR5e/build/par_utils': CMAKE_PREFIX_PATH=${CMAKE_PREFIX_PATH}:/home/rmitaiil/aiil_workspace/humble_workspace/install/snc_pkg:/home/rmitaiil/aiil_workspace/humble_workspace/install/onrobot_testing:/home/rmitaiil/aiil_workspace/humble_workspace/install/aiil_rosbot_demo:/home/rmitaiil/aiil_workspace/humble_workspace/install/aiil_gazebo:/opt/ros/humble /usr/bin/cmake --install /home/rmitaiil/aiil_workspace/humble_workspace/src/on_UR5e/build/par_utils
[6.327s] -- Install configuration: ""
[6.327s] -- Installing: /home/rmitaiil/aiil_workspace/humble_workspace/src/on_UR5e/install/par_utils/share/ament_index/resource_index/rosidl_interfaces/par_utils
[6.333s] -- Up-to-date: /home/rmitaiil/aiil_workspace/humble_workspace/src/on_UR5e/install/par_utils/include/par_utils/par_utils
[6.333s] -- Up-to-date: /home/rmitaiil/aiil_workspace/humble_workspace/src/on_UR5e/install/par_utils/include/par_utils/par_utils/msg
[6.333s] -- Installing: /home/rmitaiil/aiil_workspace/humble_workspace/src/on_UR5e/install/par_utils/include/par_utils/par_utils/msg/detail
[6.333s] -- Installing: /home/rmitaiil/aiil_workspace/humble_workspace/src/on_UR5e/install/par_utils/include/par_utils/par_utils/msg/detail/gripper_info__struct.h
[6.333s] -- Installing: /home/rmitaiil/aiil_workspace/humble_workspace/src/on_UR5e/install/par_utils/include/par_utils/par_utils/msg/detail/gripper_info__type_support.h
[6.333s] -- Installing: /home/rmitaiil/aiil_workspace/humble_workspace/src/on_UR5e/install/par_utils/include/par_utils/par_utils/msg/detail/gripper_info__functions.h
[6.333s] -- Installing: /home/rmitaiil/aiil_workspace/humble_workspace/src/on_UR5e/install/par_utils/include/par_utils/par_utils/msg/detail/gripper_info__functions.c
[6.333s] -- Installing: /home/rmitaiil/aiil_workspace/humble_workspace/src/on_UR5e/install/par_utils/include/par_utils/par_utils/msg/gripper_info.h
[6.333s] -- Up-to-date: /home/rmitaiil/aiil_workspace/humble_workspace/src/on_UR5e/install/par_utils/include/par_utils/par_utils/msg/rosidl_generator_c__visibility_control.h
[6.333s] -- Up-to-date: /home/rmitaiil/aiil_workspace/humble_workspace/src/on_UR5e/install/par_utils/include/par_utils/par_utils/action
[6.333s] -- Up-to-date: /home/rmitaiil/aiil_workspace/humble_workspace/src/on_UR5e/install/par_utils/include/par_utils/par_utils/action/detail
[6.333s] -- Installing: /home/rmitaiil/aiil_workspace/humble_workspace/src/on_UR5e/install/par_utils/include/par_utils/par_utils/action/detail/gripper_set_width__struct.h
[6.333s] -- Installing: /home/rmitaiil/aiil_workspace/humble_workspace/src/on_UR5e/install/par_utils/include/par_utils/par_utils/action/detail/gripper_set_width__functions.c
[6.333s] -- Up-to-date: /home/rmitaiil/aiil_workspace/humble_workspace/src/on_UR5e/install/par_utils/include/par_utils/par_utils/action/detail/gripper_grip__functions.c
[6.333s] -- Up-to-date: /home/rmitaiil/aiil_workspace/humble_workspace/src/on_UR5e/install/par_utils/include/par_utils/par_utils/action/detail/gripper_grip__functions.h
[6.333s] -- Installing: /home/rmitaiil/aiil_workspace/humble_workspace/src/on_UR5e/install/par_utils/include/par_utils/par_utils/action/detail/gripper_set_width__type_support.h
[6.334s] -- Up-to-date: /home/rmitaiil/aiil_workspace/humble_workspace/src/on_UR5e/install/par_utils/include/par_utils/par_utils/action/detail/gripper_grip__struct.h
[6.334s] -- Up-to-date: /home/rmitaiil/aiil_workspace/humble_workspace/src/on_UR5e/install/par_utils/include/par_utils/par_utils/action/detail/gripper_grip__type_support.h
[6.334s] -- Installing: /home/rmitaiil/aiil_workspace/humble_workspace/src/on_UR5e/install/par_utils/include/par_utils/par_utils/action/detail/gripper_set_width__functions.h
[6.334s] -- Installing: /home/rmitaiil/aiil_workspace/humble_workspace/src/on_UR5e/install/par_utils/include/par_utils/par_utils/action/gripper_set_width.h
[6.334s] -- Up-to-date: /home/rmitaiil/aiil_workspace/humble_workspace/src/on_UR5e/install/par_utils/include/par_utils/par_utils/action/gripper_grip.h
[6.334s] -- Up-to-date: /home/rmitaiil/aiil_workspace/humble_workspace/src/on_UR5e/install/par_utils/share/par_utils/environment/library_path.sh
[6.334s] -- Installing: /home/rmitaiil/aiil_workspace/humble_workspace/src/on_UR5e/install/par_utils/share/par_utils/environment/library_path.dsv
[6.335s] -- Installing: /home/rmitaiil/aiil_workspace/humble_workspace/src/on_UR5e/install/par_utils/lib/libpar_utils__rosidl_generator_c.so
[6.335s] -- Set runtime path of "/home/rmitaiil/aiil_workspace/humble_workspace/src/on_UR5e/install/par_utils/lib/libpar_utils__rosidl_generator_c.so" to ""
[6.335s] -- Up-to-date: /home/rmitaiil/aiil_workspace/humble_workspace/src/on_UR5e/install/par_utils/include/par_utils/par_utils
[6.336s] -- Up-to-date: /home/rmitaiil/aiil_workspace/humble_workspace/src/on_UR5e/install/par_utils/include/par_utils/par_utils/msg
[6.336s] -- Up-to-date: /home/rmitaiil/aiil_workspace/humble_workspace/src/on_UR5e/install/par_utils/include/par_utils/par_utils/msg/detail
[6.336s] -- Installing: /home/rmitaiil/aiil_workspace/humble_workspace/src/on_UR5e/install/par_utils/include/par_utils/par_utils/msg/detail/gripper_info__rosidl_typesupport_fastrtps_c.h
[6.336s] -- Up-to-date: /home/rmitaiil/aiil_workspace/humble_workspace/src/on_UR5e/install/par_utils/include/par_utils/par_utils/msg/rosidl_typesupport_fastrtps_c__visibility_control.h
[6.336s] -- Up-to-date: /home/rmitaiil/aiil_workspace/humble_workspace/src/on_UR5e/install/par_utils/include/par_utils/par_utils/action
[6.336s] -- Up-to-date: /home/rmitaiil/aiil_workspace/humble_workspace/src/on_UR5e/install/par_utils/include/par_utils/par_utils/action/detail
[6.336s] -- Installing: /home/rmitaiil/aiil_workspace/humble_workspace/src/on_UR5e/install/par_utils/include/par_utils/par_utils/action/detail/gripper_set_width__rosidl_typesupport_fastrtps_c.h
[6.336s] -- Up-to-date: /home/rmitaiil/aiil_workspace/humble_workspace/src/on_UR5e/install/par_utils/include/par_utils/par_utils/action/detail/gripper_grip__rosidl_typesupport_fastrtps_c.h
[6.338s] -- Installing: /home/rmitaiil/aiil_workspace/humble_workspace/src/on_UR5e/install/par_utils/lib/libpar_utils__rosidl_typesupport_fastrtps_c.so
[6.338s] -- Set runtime path of "/home/rmitaiil/aiil_workspace/humble_workspace/src/on_UR5e/install/par_utils/lib/libpar_utils__rosidl_typesupport_fastrtps_c.so" to ""
[6.338s] -- Up-to-date: /home/rmitaiil/aiil_workspace/humble_workspace/src/on_UR5e/install/par_utils/include/par_utils/par_utils
[6.338s] -- Up-to-date: /home/rmitaiil/aiil_workspace/humble_workspace/src/on_UR5e/install/par_utils/include/par_utils/par_utils/msg
[6.339s] -- Up-to-date: /home/rmitaiil/aiil_workspace/humble_workspace/src/on_UR5e/install/par_utils/include/par_utils/par_utils/msg/rosidl_typesupport_introspection_c__visibility_control.h
[6.339s] -- Up-to-date: /home/rmitaiil/aiil_workspace/humble_workspace/src/on_UR5e/install/par_utils/include/par_utils/par_utils/msg/detail
[6.339s] -- Installing: /home/rmitaiil/aiil_workspace/humble_workspace/src/on_UR5e/install/par_utils/include/par_utils/par_utils/msg/detail/gripper_info__rosidl_typesupport_introspection_c.h
[6.339s] -- Installing: /home/rmitaiil/aiil_workspace/humble_workspace/src/on_UR5e/install/par_utils/include/par_utils/par_utils/msg/detail/gripper_info__type_support.c
[6.339s] -- Up-to-date: /home/rmitaiil/aiil_workspace/humble_workspace/src/on_UR5e/install/par_utils/include/par_utils/par_utils/action
[6.339s] -- Up-to-date: /home/rmitaiil/aiil_workspace/humble_workspace/src/on_UR5e/install/par_utils/include/par_utils/par_utils/action/detail
[6.339s] -- Up-to-date: /home/rmitaiil/aiil_workspace/humble_workspace/src/on_UR5e/install/par_utils/include/par_utils/par_utils/action/detail/gripper_grip__type_support.c
[6.339s] -- Up-to-date: /home/rmitaiil/aiil_workspace/humble_workspace/src/on_UR5e/install/par_utils/include/par_utils/par_utils/action/detail/gripper_grip__rosidl_typesupport_introspection_c.h
[6.339s] -- Installing: /home/rmitaiil/aiil_workspace/humble_workspace/src/on_UR5e/install/par_utils/include/par_utils/par_utils/action/detail/gripper_set_width__rosidl_typesupport_introspection_c.h
[6.339s] -- Installing: /home/rmitaiil/aiil_workspace/humble_workspace/src/on_UR5e/install/par_utils/include/par_utils/par_utils/action/detail/gripper_set_width__type_support.c
[6.340s] -- Installing: /home/rmitaiil/aiil_workspace/humble_workspace/src/on_UR5e/install/par_utils/lib/libpar_utils__rosidl_typesupport_introspection_c.so
[6.340s] -- Set runtime path of "/home/rmitaiil/aiil_workspace/humble_workspace/src/on_UR5e/install/par_utils/lib/libpar_utils__rosidl_typesupport_introspection_c.so" to ""
[6.340s] -- Installing: /home/rmitaiil/aiil_workspace/humble_workspace/src/on_UR5e/install/par_utils/lib/libpar_utils__rosidl_typesupport_c.so
[6.341s] -- Set runtime path of "/home/rmitaiil/aiil_workspace/humble_workspace/src/on_UR5e/install/par_utils/lib/libpar_utils__rosidl_typesupport_c.so" to ""
[6.342s] -- Up-to-date: /home/rmitaiil/aiil_workspace/humble_workspace/src/on_UR5e/install/par_utils/include/par_utils/par_utils
[6.342s] -- Up-to-date: /home/rmitaiil/aiil_workspace/humble_workspace/src/on_UR5e/install/par_utils/include/par_utils/par_utils/msg
[6.342s] -- Up-to-date: /home/rmitaiil/aiil_workspace/humble_workspace/src/on_UR5e/install/par_utils/include/par_utils/par_utils/msg/detail
[6.342s] -- Installing: /home/rmitaiil/aiil_workspace/humble_workspace/src/on_UR5e/install/par_utils/include/par_utils/par_utils/msg/detail/gripper_info__traits.hpp
[6.342s] -- Installing: /home/rmitaiil/aiil_workspace/humble_workspace/src/on_UR5e/install/par_utils/include/par_utils/par_utils/msg/detail/gripper_info__struct.hpp
[6.342s] -- Installing: /home/rmitaiil/aiil_workspace/humble_workspace/src/on_UR5e/install/par_utils/include/par_utils/par_utils/msg/detail/gripper_info__builder.hpp
[6.344s] -- Installing: /home/rmitaiil/aiil_workspace/humble_workspace/src/on_UR5e/install/par_utils/include/par_utils/par_utils/msg/gripper_info.hpp
[6.344s] -- Up-to-date: /home/rmitaiil/aiil_workspace/humble_workspace/src/on_UR5e/install/par_utils/include/par_utils/par_utils/action
[6.344s] -- Up-to-date: /home/rmitaiil/aiil_workspace/humble_workspace/src/on_UR5e/install/par_utils/include/par_utils/par_utils/action/detail
[6.344s] -- Installing: /home/rmitaiil/aiil_workspace/humble_workspace/src/on_UR5e/install/par_utils/include/par_utils/par_utils/action/detail/gripper_set_width__builder.hpp
[6.345s] -- Installing: /home/rmitaiil/aiil_workspace/humble_workspace/src/on_UR5e/install/par_utils/include/par_utils/par_utils/action/detail/gripper_set_width__struct.hpp
[6.345s] -- Installing: /home/rmitaiil/aiil_workspace/humble_workspace/src/on_UR5e/install/par_utils/include/par_utils/par_utils/action/detail/gripper_set_width__traits.hpp
[6.345s] -- Up-to-date: /home/rmitaiil/aiil_workspace/humble_workspace/src/on_UR5e/install/par_utils/include/par_utils/par_utils/action/detail/gripper_grip__traits.hpp
[6.345s] -- Up-to-date: /home/rmitaiil/aiil_workspace/humble_workspace/src/on_UR5e/install/par_utils/include/par_utils/par_utils/action/detail/gripper_grip__struct.hpp
[6.345s] -- Up-to-date: /home/rmitaiil/aiil_workspace/humble_workspace/src/on_UR5e/install/par_utils/include/par_utils/par_utils/action/detail/gripper_grip__builder.hpp
[6.345s] -- Installing: /home/rmitaiil/aiil_workspace/humble_workspace/src/on_UR5e/install/par_utils/include/par_utils/par_utils/action/gripper_set_width.hpp
[6.346s] -- Up-to-date: /home/rmitaiil/aiil_workspace/humble_workspace/src/on_UR5e/install/par_utils/include/par_utils/par_utils/action/gripper_grip.hpp
[6.346s] -- Up-to-date: /home/rmitaiil/aiil_workspace/humble_workspace/src/on_UR5e/install/par_utils/include/par_utils/par_utils
[6.346s] -- Up-to-date: /home/rmitaiil/aiil_workspace/humble_workspace/src/on_UR5e/install/par_utils/include/par_utils/par_utils/msg
[6.346s] -- Up-to-date: /home/rmitaiil/aiil_workspace/humble_workspace/src/on_UR5e/install/par_utils/include/par_utils/par_utils/msg/rosidl_typesupport_fastrtps_cpp__visibility_control.h
[6.346s] -- Up-to-date: /home/rmitaiil/aiil_workspace/humble_workspace/src/on_UR5e/install/par_utils/include/par_utils/par_utils/msg/detail
[6.346s] -- Installing: /home/rmitaiil/aiil_workspace/humble_workspace/src/on_UR5e/install/par_utils/include/par_utils/par_utils/msg/detail/gripper_info__rosidl_typesupport_fastrtps_cpp.hpp
[6.346s] -- Installing: /home/rmitaiil/aiil_workspace/humble_workspace/src/on_UR5e/install/par_utils/include/par_utils/par_utils/msg/detail/dds_fastrtps
[6.346s] -- Up-to-date: /home/rmitaiil/aiil_workspace/humble_workspace/src/on_UR5e/install/par_utils/include/par_utils/par_utils/action
[6.346s] -- Up-to-date: /home/rmitaiil/aiil_workspace/humble_workspace/src/on_UR5e/install/par_utils/include/par_utils/par_utils/action/detail
[6.346s] -- Up-to-date: /home/rmitaiil/aiil_workspace/humble_workspace/src/on_UR5e/install/par_utils/include/par_utils/par_utils/action/detail/dds_fastrtps
[6.347s] -- Up-to-date: /home/rmitaiil/aiil_workspace/humble_workspace/src/on_UR5e/install/par_utils/include/par_utils/par_utils/action/detail/gripper_grip__rosidl_typesupport_fastrtps_cpp.hpp
[6.347s] -- Installing: /home/rmitaiil/aiil_workspace/humble_workspace/src/on_UR5e/install/par_utils/include/par_utils/par_utils/action/detail/gripper_set_width__rosidl_typesupport_fastrtps_cpp.hpp
[6.352s] -- Installing: /home/rmitaiil/aiil_workspace/humble_workspace/src/on_UR5e/install/par_utils/lib/libpar_utils__rosidl_typesupport_fastrtps_cpp.so
[6.353s] -- Set runtime path of "/home/rmitaiil/aiil_workspace/humble_workspace/src/on_UR5e/install/par_utils/lib/libpar_utils__rosidl_typesupport_fastrtps_cpp.so" to ""
[6.353s] -- Up-to-date: /home/rmitaiil/aiil_workspace/humble_workspace/src/on_UR5e/install/par_utils/include/par_utils/par_utils
[6.353s] -- Up-to-date: /home/rmitaiil/aiil_workspace/humble_workspace/src/on_UR5e/install/par_utils/include/par_utils/par_utils/msg
[6.354s] -- Up-to-date: /home/rmitaiil/aiil_workspace/humble_workspace/src/on_UR5e/install/par_utils/include/par_utils/par_utils/msg/detail
[6.354s] -- Installing: /home/rmitaiil/aiil_workspace/humble_workspace/src/on_UR5e/install/par_utils/include/par_utils/par_utils/msg/detail/gripper_info__type_support.cpp
[6.354s] -- Installing: /home/rmitaiil/aiil_workspace/humble_workspace/src/on_UR5e/install/par_utils/include/par_utils/par_utils/msg/detail/gripper_info__rosidl_typesupport_introspection_cpp.hpp
[6.354s] -- Up-to-date: /home/rmitaiil/aiil_workspace/humble_workspace/src/on_UR5e/install/par_utils/include/par_utils/par_utils/action
[6.354s] -- Up-to-date: /home/rmitaiil/aiil_workspace/humble_workspace/src/on_UR5e/install/par_utils/include/par_utils/par_utils/action/detail
[6.354s] -- Installing: /home/rmitaiil/aiil_workspace/humble_workspace/src/on_UR5e/install/par_utils/include/par_utils/par_utils/action/detail/gripper_set_width__rosidl_typesupport_introspection_cpp.hpp
[6.354s] -- Installing: /home/rmitaiil/aiil_workspace/humble_workspace/src/on_UR5e/install/par_utils/include/par_utils/par_utils/action/detail/gripper_set_width__type_support.cpp
[6.354s] -- Up-to-date: /home/rmitaiil/aiil_workspace/humble_workspace/src/on_UR5e/install/par_utils/include/par_utils/par_utils/action/detail/gripper_grip__type_support.cpp
[6.355s] -- Up-to-date: /home/rmitaiil/aiil_workspace/humble_workspace/src/on_UR5e/install/par_utils/include/par_utils/par_utils/action/detail/gripper_grip__rosidl_typesupport_introspection_cpp.hpp
[6.356s] -- Installing: /home/rmitaiil/aiil_workspace/humble_workspace/src/on_UR5e/install/par_utils/lib/libpar_utils__rosidl_typesupport_introspection_cpp.so
[6.357s] -- Set runtime path of "/home/rmitaiil/aiil_workspace/humble_workspace/src/on_UR5e/install/par_utils/lib/libpar_utils__rosidl_typesupport_introspection_cpp.so" to ""
[6.359s] -- Installing: /home/rmitaiil/aiil_workspace/humble_workspace/src/on_UR5e/install/par_utils/lib/libpar_utils__rosidl_typesupport_cpp.so
[6.360s] -- Set runtime path of "/home/rmitaiil/aiil_workspace/humble_workspace/src/on_UR5e/install/par_utils/lib/libpar_utils__rosidl_typesupport_cpp.so" to ""
[6.360s] -- Up-to-date: /home/rmitaiil/aiil_workspace/humble_workspace/src/on_UR5e/install/par_utils/share/par_utils/environment/pythonpath.sh
[6.360s] -- Installing: /home/rmitaiil/aiil_workspace/humble_workspace/src/on_UR5e/install/par_utils/share/par_utils/environment/pythonpath.dsv
[6.361s] -- Up-to-date: /home/rmitaiil/aiil_workspace/humble_workspace/src/on_UR5e/install/par_utils/local/lib/python3.10/dist-packages/par_utils-0.0.0-py3.10.egg-info
[6.361s] -- Installing: /home/rmitaiil/aiil_workspace/humble_workspace/src/on_UR5e/install/par_utils/local/lib/python3.10/dist-packages/par_utils-0.0.0-py3.10.egg-info/top_level.txt
[6.361s] -- Installing: /home/rmitaiil/aiil_workspace/humble_workspace/src/on_UR5e/install/par_utils/local/lib/python3.10/dist-packages/par_utils-0.0.0-py3.10.egg-info/PKG-INFO
[6.362s] -- Installing: /home/rmitaiil/aiil_workspace/humble_workspace/src/on_UR5e/install/par_utils/local/lib/python3.10/dist-packages/par_utils-0.0.0-py3.10.egg-info/SOURCES.txt
[6.363s] -- Installing: /home/rmitaiil/aiil_workspace/humble_workspace/src/on_UR5e/install/par_utils/local/lib/python3.10/dist-packages/par_utils-0.0.0-py3.10.egg-info/dependency_links.txt
[6.364s] -- Up-to-date: /home/rmitaiil/aiil_workspace/humble_workspace/src/on_UR5e/install/par_utils/local/lib/python3.10/dist-packages/par_utils
[6.364s] -- Installing: /home/rmitaiil/aiil_workspace/humble_workspace/src/on_UR5e/install/par_utils/local/lib/python3.10/dist-packages/par_utils/__init__.py
[6.364s] -- Installing: /home/rmitaiil/aiil_workspace/humble_workspace/src/on_UR5e/install/par_utils/local/lib/python3.10/dist-packages/par_utils/msg
[6.364s] -- Installing: /home/rmitaiil/aiil_workspace/humble_workspace/src/on_UR5e/install/par_utils/local/lib/python3.10/dist-packages/par_utils/msg/__init__.py
[6.364s] -- Installing: /home/rmitaiil/aiil_workspace/humble_workspace/src/on_UR5e/install/par_utils/local/lib/python3.10/dist-packages/par_utils/msg/_gripper_info_s.c
[6.364s] -- Installing: /home/rmitaiil/aiil_workspace/humble_workspace/src/on_UR5e/install/par_utils/local/lib/python3.10/dist-packages/par_utils/msg/_gripper_info.py
[6.365s] -- Installing: /home/rmitaiil/aiil_workspace/humble_workspace/src/on_UR5e/install/par_utils/local/lib/python3.10/dist-packages/par_utils/par_utils_s__rosidl_typesupport_introspection_c.cpython-310-x86_64-linux-gnu.so
[6.365s] -- Installing: /home/rmitaiil/aiil_workspace/humble_workspace/src/on_UR5e/install/par_utils/local/lib/python3.10/dist-packages/par_utils/_par_utils_s.ep.rosidl_typesupport_introspection_c.c
[6.365s] -- Installing: /home/rmitaiil/aiil_workspace/humble_workspace/src/on_UR5e/install/par_utils/local/lib/python3.10/dist-packages/par_utils/par_utils_s__rosidl_typesupport_c.cpython-310-x86_64-linux-gnu.so
[6.366s] -- Installing: /home/rmitaiil/aiil_workspace/humble_workspace/src/on_UR5e/install/par_utils/local/lib/python3.10/dist-packages/par_utils/_par_utils_s.ep.rosidl_typesupport_fastrtps_c.c
[6.366s] -- Up-to-date: /home/rmitaiil/aiil_workspace/humble_workspace/src/on_UR5e/install/par_utils/local/lib/python3.10/dist-packages/par_utils/action
[6.366s] -- Installing: /home/rmitaiil/aiil_workspace/humble_workspace/src/on_UR5e/install/par_utils/local/lib/python3.10/dist-packages/par_utils/action/__init__.py
[6.366s] -- Installing: /home/rmitaiil/aiil_workspace/humble_workspace/src/on_UR5e/install/par_utils/local/lib/python3.10/dist-packages/par_utils/action/_gripper_set_width_s.c
[6.367s] -- Up-to-date: /home/rmitaiil/aiil_workspace/humble_workspace/src/on_UR5e/install/par_utils/local/lib/python3.10/dist-packages/par_utils/action/_gripper_grip_s.c
[6.367s] -- Installing: /home/rmitaiil/aiil_workspace/humble_workspace/src/on_UR5e/install/par_utils/local/lib/python3.10/dist-packages/par_utils/action/_gripper_set_width.py
[6.367s] -- Up-to-date: /home/rmitaiil/aiil_workspace/humble_workspace/src/on_UR5e/install/par_utils/local/lib/python3.10/dist-packages/par_utils/action/_gripper_grip.py
[6.367s] -- Installing: /home/rmitaiil/aiil_workspace/humble_workspace/src/on_UR5e/install/par_utils/local/lib/python3.10/dist-packages/par_utils/par_utils_s__rosidl_typesupport_fastrtps_c.cpython-310-x86_64-linux-gnu.so
[6.367s] -- Installing: /home/rmitaiil/aiil_workspace/humble_workspace/src/on_UR5e/install/par_utils/local/lib/python3.10/dist-packages/par_utils/_par_utils_s.ep.rosidl_typesupport_c.c
[6.368s] -- Installing: /home/rmitaiil/aiil_workspace/humble_workspace/src/on_UR5e/install/par_utils/local/lib/python3.10/dist-packages/par_utils/libpar_utils__rosidl_generator_py.so
[6.475s] Listing '/home/rmitaiil/aiil_workspace/humble_workspace/src/on_UR5e/install/par_utils/local/lib/python3.10/dist-packages/par_utils'...
[6.475s] Compiling '/home/rmitaiil/aiil_workspace/humble_workspace/src/on_UR5e/install/par_utils/local/lib/python3.10/dist-packages/par_utils/__init__.py'...
[6.475s] Listing '/home/rmitaiil/aiil_workspace/humble_workspace/src/on_UR5e/install/par_utils/local/lib/python3.10/dist-packages/par_utils/action'...
[6.475s] Compiling '/home/rmitaiil/aiil_workspace/humble_workspace/src/on_UR5e/install/par_utils/local/lib/python3.10/dist-packages/par_utils/action/__init__.py'...
[6.475s] Compiling '/home/rmitaiil/aiil_workspace/humble_workspace/src/on_UR5e/install/par_utils/local/lib/python3.10/dist-packages/par_utils/action/_gripper_set_width.py'...
[6.475s] Listing '/home/rmitaiil/aiil_workspace/humble_workspace/src/on_UR5e/install/par_utils/local/lib/python3.10/dist-packages/par_utils/msg'...
[6.475s] Compiling '/home/rmitaiil/aiil_workspace/humble_workspace/src/on_UR5e/install/par_utils/local/lib/python3.10/dist-packages/par_utils/msg/__init__.py'...
[6.475s] Compiling '/home/rmitaiil/aiil_workspace/humble_workspace/src/on_UR5e/install/par_utils/local/lib/python3.10/dist-packages/par_utils/msg/_gripper_info.py'...
[6.493s] -- Installing: /home/rmitaiil/aiil_workspace/humble_workspace/src/on_UR5e/install/par_utils/local/lib/python3.10/dist-packages/par_utils/par_utils_s__rosidl_typesupport_fastrtps_c.cpython-310-x86_64-linux-gnu.so
[6.493s] -- Set runtime path of "/home/rmitaiil/aiil_workspace/humble_workspace/src/on_UR5e/install/par_utils/local/lib/python3.10/dist-packages/par_utils/par_utils_s__rosidl_typesupport_fastrtps_c.cpython-310-x86_64-linux-gnu.so" to ""
[6.493s] -- Installing: /home/rmitaiil/aiil_workspace/humble_workspace/src/on_UR5e/install/par_utils/local/lib/python3.10/dist-packages/par_utils/par_utils_s__rosidl_typesupport_introspection_c.cpython-310-x86_64-linux-gnu.so
[6.494s] -- Set runtime path of "/home/rmitaiil/aiil_workspace/humble_workspace/src/on_UR5e/install/par_utils/local/lib/python3.10/dist-packages/par_utils/par_utils_s__rosidl_typesupport_introspection_c.cpython-310-x86_64-linux-gnu.so" to ""
[6.494s] -- Installing: /home/rmitaiil/aiil_workspace/humble_workspace/src/on_UR5e/install/par_utils/local/lib/python3.10/dist-packages/par_utils/par_utils_s__rosidl_typesupport_c.cpython-310-x86_64-linux-gnu.so
[6.494s] -- Set runtime path of "/home/rmitaiil/aiil_workspace/humble_workspace/src/on_UR5e/install/par_utils/local/lib/python3.10/dist-packages/par_utils/par_utils_s__rosidl_typesupport_c.cpython-310-x86_64-linux-gnu.so" to ""
[6.495s] -- Installing: /home/rmitaiil/aiil_workspace/humble_workspace/src/on_UR5e/install/par_utils/lib/libpar_utils__rosidl_generator_py.so
[6.495s] -- Set runtime path of "/home/rmitaiil/aiil_workspace/humble_workspace/src/on_UR5e/install/par_utils/lib/libpar_utils__rosidl_generator_py.so" to ""
[6.496s] -- Installing: /home/rmitaiil/aiil_workspace/humble_workspace/src/on_UR5e/install/par_utils/share/par_utils/action/GripperSetWidth.idl
[6.496s] -- Installing: /home/rmitaiil/aiil_workspace/humble_workspace/src/on_UR5e/install/par_utils/share/par_utils/msg/GripperInfo.idl
[6.497s] -- Installing: /home/rmitaiil/aiil_workspace/humble_workspace/src/on_UR5e/install/par_utils/share/par_utils/action/GripperSetWidth.action
[6.497s] -- Installing: /home/rmitaiil/aiil_workspace/humble_workspace/src/on_UR5e/install/par_utils/share/par_utils/msg/GripperInfo.msg
[6.497s] -- Up-to-date: /home/rmitaiil/aiil_workspace/humble_workspace/src/on_UR5e/install/par_utils/share/ament_index/resource_index/package_run_dependencies/par_utils
[6.498s] -- Up-to-date: /home/rmitaiil/aiil_workspace/humble_workspace/src/on_UR5e/install/par_utils/share/ament_index/resource_index/parent_prefix_path/par_utils
[6.498s] -- Up-to-date: /home/rmitaiil/aiil_workspace/humble_workspace/src/on_UR5e/install/par_utils/share/par_utils/environment/ament_prefix_path.sh
[6.498s] -- Installing: /home/rmitaiil/aiil_workspace/humble_workspace/src/on_UR5e/install/par_utils/share/par_utils/environment/ament_prefix_path.dsv
[6.502s] -- Up-to-date: /home/rmitaiil/aiil_workspace/humble_workspace/src/on_UR5e/install/par_utils/share/par_utils/environment/path.sh
[6.502s] -- Installing: /home/rmitaiil/aiil_workspace/humble_workspace/src/on_UR5e/install/par_utils/share/par_utils/environment/path.dsv
[6.503s] -- Up-to-date: /home/rmitaiil/aiil_workspace/humble_workspace/src/on_UR5e/install/par_utils/share/par_utils/local_setup.bash
[6.503s] -- Up-to-date: /home/rmitaiil/aiil_workspace/humble_workspace/src/on_UR5e/install/par_utils/share/par_utils/local_setup.sh
[6.503s] -- Up-to-date: /home/rmitaiil/aiil_workspace/humble_workspace/src/on_UR5e/install/par_utils/share/par_utils/local_setup.zsh
[6.503s] -- Installing: /home/rmitaiil/aiil_workspace/humble_workspace/src/on_UR5e/install/par_utils/share/par_utils/local_setup.dsv
[6.504s] -- Installing: /home/rmitaiil/aiil_workspace/humble_workspace/src/on_UR5e/install/par_utils/share/par_utils/package.dsv
[6.504s] -- Up-to-date: /home/rmitaiil/aiil_workspace/humble_workspace/src/on_UR5e/install/par_utils/share/ament_index/resource_index/packages/par_utils
[6.505s] -- Up-to-date: /home/rmitaiil/aiil_workspace/humble_workspace/src/on_UR5e/install/par_utils/share/par_utils/cmake/export_par_utils__rosidl_generator_cExport.cmake
[6.505s] -- Up-to-date: /home/rmitaiil/aiil_workspace/humble_workspace/src/on_UR5e/install/par_utils/share/par_utils/cmake/export_par_utils__rosidl_generator_cExport-noconfig.cmake
[6.507s] -- Up-to-date: /home/rmitaiil/aiil_workspace/humble_workspace/src/on_UR5e/install/par_utils/share/par_utils/cmake/export_par_utils__rosidl_typesupport_fastrtps_cExport.cmake
[6.507s] -- Up-to-date: /home/rmitaiil/aiil_workspace/humble_workspace/src/on_UR5e/install/par_utils/share/par_utils/cmake/export_par_utils__rosidl_typesupport_fastrtps_cExport-noconfig.cmake
[6.507s] -- Up-to-date: /home/rmitaiil/aiil_workspace/humble_workspace/src/on_UR5e/install/par_utils/share/par_utils/cmake/par_utils__rosidl_typesupport_introspection_cExport.cmake
[6.507s] -- Up-to-date: /home/rmitaiil/aiil_workspace/humble_workspace/src/on_UR5e/install/par_utils/share/par_utils/cmake/par_utils__rosidl_typesupport_introspection_cExport-noconfig.cmake
[6.508s] -- Up-to-date: /home/rmitaiil/aiil_workspace/humble_workspace/src/on_UR5e/install/par_utils/share/par_utils/cmake/par_utils__rosidl_typesupport_cExport.cmake
[6.508s] -- Up-to-date: /home/rmitaiil/aiil_workspace/humble_workspace/src/on_UR5e/install/par_utils/share/par_utils/cmake/par_utils__rosidl_typesupport_cExport-noconfig.cmake
[6.509s] -- Up-to-date: /home/rmitaiil/aiil_workspace/humble_workspace/src/on_UR5e/install/par_utils/share/par_utils/cmake/export_par_utils__rosidl_generator_cppExport.cmake
[6.510s] -- Up-to-date: /home/rmitaiil/aiil_workspace/humble_workspace/src/on_UR5e/install/par_utils/share/par_utils/cmake/export_par_utils__rosidl_typesupport_fastrtps_cppExport.cmake
[6.510s] -- Up-to-date: /home/rmitaiil/aiil_workspace/humble_workspace/src/on_UR5e/install/par_utils/share/par_utils/cmake/export_par_utils__rosidl_typesupport_fastrtps_cppExport-noconfig.cmake
[6.510s] -- Up-to-date: /home/rmitaiil/aiil_workspace/humble_workspace/src/on_UR5e/install/par_utils/share/par_utils/cmake/par_utils__rosidl_typesupport_introspection_cppExport.cmake
[6.510s] -- Up-to-date: /home/rmitaiil/aiil_workspace/humble_workspace/src/on_UR5e/install/par_utils/share/par_utils/cmake/par_utils__rosidl_typesupport_introspection_cppExport-noconfig.cmake
[6.511s] -- Up-to-date: /home/rmitaiil/aiil_workspace/humble_workspace/src/on_UR5e/install/par_utils/share/par_utils/cmake/par_utils__rosidl_typesupport_cppExport.cmake
[6.511s] -- Up-to-date: /home/rmitaiil/aiil_workspace/humble_workspace/src/on_UR5e/install/par_utils/share/par_utils/cmake/par_utils__rosidl_typesupport_cppExport-noconfig.cmake
[6.512s] -- Up-to-date: /home/rmitaiil/aiil_workspace/humble_workspace/src/on_UR5e/install/par_utils/share/par_utils/cmake/export_par_utils__rosidl_generator_pyExport.cmake
[6.512s] -- Up-to-date: /home/rmitaiil/aiil_workspace/humble_workspace/src/on_UR5e/install/par_utils/share/par_utils/cmake/export_par_utils__rosidl_generator_pyExport-noconfig.cmake
[6.512s] -- Installing: /home/rmitaiil/aiil_workspace/humble_workspace/src/on_UR5e/install/par_utils/share/par_utils/cmake/rosidl_cmake-extras.cmake
[6.513s] -- Up-to-date: /home/rmitaiil/aiil_workspace/humble_workspace/src/on_UR5e/install/par_utils/share/par_utils/cmake/ament_cmake_export_dependencies-extras.cmake
[6.513s] -- Up-to-date: /home/rmitaiil/aiil_workspace/humble_workspace/src/on_UR5e/install/par_utils/share/par_utils/cmake/ament_cmake_export_include_directories-extras.cmake
[6.513s] -- Up-to-date: /home/rmitaiil/aiil_workspace/humble_workspace/src/on_UR5e/install/par_utils/share/par_utils/cmake/ament_cmake_export_libraries-extras.cmake
[6.514s] -- Up-to-date: /home/rmitaiil/aiil_workspace/humble_workspace/src/on_UR5e/install/par_utils/share/par_utils/cmake/ament_cmake_export_targets-extras.cmake
[6.514s] -- Up-to-date: /home/rmitaiil/aiil_workspace/humble_workspace/src/on_UR5e/install/par_utils/share/par_utils/cmake/rosidl_cmake_export_typesupport_targets-extras.cmake
[6.514s] -- Up-to-date: /home/rmitaiil/aiil_workspace/humble_workspace/src/on_UR5e/install/par_utils/share/par_utils/cmake/rosidl_cmake_export_typesupport_libraries-extras.cmake
[6.514s] -- Up-to-date: /home/rmitaiil/aiil_workspace/humble_workspace/src/on_UR5e/install/par_utils/share/par_utils/cmake/par_utilsConfig.cmake
[6.515s] -- Up-to-date: /home/rmitaiil/aiil_workspace/humble_workspace/src/on_UR5e/install/par_utils/share/par_utils/cmake/par_utilsConfig-version.cmake
[6.515s] -- Up-to-date: /home/rmitaiil/aiil_workspace/humble_workspace/src/on_UR5e/install/par_utils/share/par_utils/package.xml
[6.532s] Invoked command in '/home/rmitaiil/aiil_workspace/humble_workspace/src/on_UR5e/build/par_utils' returned '0': CMAKE_PREFIX_PATH=${CMAKE_PREFIX_PATH}:/home/rmitaiil/aiil_workspace/humble_workspace/install/snc_pkg:/home/rmitaiil/aiil_workspace/humble_workspace/install/onrobot_testing:/home/rmitaiil/aiil_workspace/humble_workspace/install/aiil_rosbot_demo:/home/rmitaiil/aiil_workspace/humble_workspace/install/aiil_gazebo:/opt/ros/humble /usr/bin/cmake --install /home/rmitaiil/aiil_workspace/humble_workspace/src/on_UR5e/build/par_utils
