[0.641s] DEBUG:colcon:Command line arguments: ['/usr/bin/colcon', 'build', '--packages-select', 'par_pkg']
[0.641s] DEBUG:colcon:Parsed command line arguments: Namespace(log_base=None, log_level=None, verb_name='build', build_base='build', install_base='install', merge_install=False, symlink_install=False, test_result_base=None, continue_on_error=False, executor='parallel', parallel_workers=4, event_handlers=None, ignore_user_meta=False, metas=['./colcon.meta'], base_paths=['.'], packages_ignore=None, packages_ignore_regex=None, paths=None, packages_up_to=None, packages_up_to_regex=None, packages_above=None, packages_above_and_dependencies=None, packages_above_depth=None, packages_select_by_dep=None, packages_skip_by_dep=None, packages_skip_up_to=None, packages_select_build_failed=False, packages_skip_build_finished=False, packages_select_test_failures=False, packages_skip_test_passed=False, packages_select=['par_pkg'], packages_skip=None, packages_select_regex=None, packages_skip_regex=None, packages_start=None, packages_end=None, allow_overriding=[], cmake_args=None, cmake_target=None, cmake_target_skip_unavailable=False, cmake_clean_cache=False, cmake_clean_first=False, cmake_force_configure=False, ament_cmake_args=None, catkin_cmake_args=None, catkin_skip_building_tests=False, verb_parser=<colcon_defaults.argument_parser.defaults.DefaultArgumentsDecorator object at 0x70fd54096a10>, verb_extension=<colcon_core.verb.build.BuildVerb object at 0x70fd551d6e30>, main=<bound method BuildVerb.main of <colcon_core.verb.build.BuildVerb object at 0x70fd551d6e30>>)
[0.675s] Level 1:colcon.colcon_core.package_discovery:discover_packages(colcon_meta) check parameters
[0.675s] Level 1:colcon.colcon_core.package_discovery:discover_packages(recursive) check parameters
[0.675s] Level 1:colcon.colcon_core.package_discovery:discover_packages(ignore) check parameters
[0.675s] Level 1:colcon.colcon_core.package_discovery:discover_packages(path) check parameters
[0.675s] Level 1:colcon.colcon_core.package_discovery:discover_packages(colcon_meta) discover
[0.675s] Level 1:colcon.colcon_core.package_discovery:discover_packages(recursive) discover
[0.675s] INFO:colcon.colcon_core.package_discovery:Crawling recursively for packages in '/home/rmitaiil/aiil_workspace/humble_workspace/src/on_UR5e'
[0.675s] Level 1:colcon.colcon_core.package_identification:_identify(.) by extensions ['ignore', 'ignore_ament_install']
[0.675s] Level 1:colcon.colcon_core.package_identification:_identify(.) by extension 'ignore'
[0.675s] Level 1:colcon.colcon_core.package_identification:_identify(.) by extension 'ignore_ament_install'
[0.675s] Level 1:colcon.colcon_core.package_identification:_identify(.) by extensions ['colcon_pkg']
[0.675s] Level 1:colcon.colcon_core.package_identification:_identify(.) by extension 'colcon_pkg'
[0.675s] Level 1:colcon.colcon_core.package_identification:_identify(.) by extensions ['colcon_meta']
[0.675s] Level 1:colcon.colcon_core.package_identification:_identify(.) by extension 'colcon_meta'
[0.675s] Level 1:colcon.colcon_core.package_identification:_identify(.) by extensions ['ros']
[0.675s] Level 1:colcon.colcon_core.package_identification:_identify(.) by extension 'ros'
[0.687s] Level 1:colcon.colcon_core.package_identification:_identify(.) by extensions ['cmake', 'python']
[0.687s] Level 1:colcon.colcon_core.package_identification:_identify(.) by extension 'cmake'
[0.687s] Level 1:colcon.colcon_core.package_identification:_identify(.) by extension 'python'
[0.687s] Level 1:colcon.colcon_core.package_identification:_identify(.) by extensions ['python_setup_py']
[0.687s] Level 1:colcon.colcon_core.package_identification:_identify(.) by extension 'python_setup_py'
[0.687s] Level 1:colcon.colcon_core.package_identification:_identify(build) by extensions ['ignore', 'ignore_ament_install']
[0.687s] Level 1:colcon.colcon_core.package_identification:_identify(build) by extension 'ignore'
[0.687s] Level 1:colcon.colcon_core.package_identification:_identify(build) ignored
[0.687s] Level 1:colcon.colcon_core.package_identification:_identify(graph_msgs) by extensions ['ignore', 'ignore_ament_install']
[0.688s] Level 1:colcon.colcon_core.package_identification:_identify(graph_msgs) by extension 'ignore'
[0.688s] Level 1:colcon.colcon_core.package_identification:_identify(graph_msgs) by extension 'ignore_ament_install'
[0.688s] Level 1:colcon.colcon_core.package_identification:_identify(graph_msgs) by extensions ['colcon_pkg']
[0.688s] Level 1:colcon.colcon_core.package_identification:_identify(graph_msgs) by extension 'colcon_pkg'
[0.688s] Level 1:colcon.colcon_core.package_identification:_identify(graph_msgs) by extensions ['colcon_meta']
[0.688s] Level 1:colcon.colcon_core.package_identification:_identify(graph_msgs) by extension 'colcon_meta'
[0.688s] Level 1:colcon.colcon_core.package_identification:_identify(graph_msgs) by extensions ['ros']
[0.688s] Level 1:colcon.colcon_core.package_identification:_identify(graph_msgs) by extension 'ros'
[0.688s] Level 1:colcon.colcon_core.package_identification:_identify(graph_msgs) by extensions ['cmake', 'python']
[0.688s] Level 1:colcon.colcon_core.package_identification:_identify(graph_msgs) by extension 'cmake'
[0.688s] Level 1:colcon.colcon_core.package_identification:_identify(graph_msgs) by extension 'python'
[0.688s] Level 1:colcon.colcon_core.package_identification:_identify(graph_msgs) by extensions ['python_setup_py']
[0.688s] Level 1:colcon.colcon_core.package_identification:_identify(graph_msgs) by extension 'python_setup_py'
[0.688s] Level 1:colcon.colcon_core.package_identification:_identify(hello_moveit_ur) by extensions ['ignore', 'ignore_ament_install']
[0.688s] Level 1:colcon.colcon_core.package_identification:_identify(hello_moveit_ur) by extension 'ignore'
[0.688s] Level 1:colcon.colcon_core.package_identification:_identify(hello_moveit_ur) by extension 'ignore_ament_install'
[0.688s] Level 1:colcon.colcon_core.package_identification:_identify(hello_moveit_ur) by extensions ['colcon_pkg']
[0.688s] Level 1:colcon.colcon_core.package_identification:_identify(hello_moveit_ur) by extension 'colcon_pkg'
[0.688s] Level 1:colcon.colcon_core.package_identification:_identify(hello_moveit_ur) by extensions ['colcon_meta']
[0.688s] Level 1:colcon.colcon_core.package_identification:_identify(hello_moveit_ur) by extension 'colcon_meta'
[0.688s] Level 1:colcon.colcon_core.package_identification:_identify(hello_moveit_ur) by extensions ['ros']
[0.688s] Level 1:colcon.colcon_core.package_identification:_identify(hello_moveit_ur) by extension 'ros'
[0.690s] DEBUG:colcon.colcon_core.package_identification:Package 'hello_moveit_ur' with type 'ros.ament_cmake' and name 'hello_moveit_ur'
[0.690s] Level 1:colcon.colcon_core.package_identification:_identify(install) by extensions ['ignore', 'ignore_ament_install']
[0.690s] Level 1:colcon.colcon_core.package_identification:_identify(install) by extension 'ignore'
[0.690s] Level 1:colcon.colcon_core.package_identification:_identify(install) ignored
[0.690s] Level 1:colcon.colcon_core.package_identification:_identify(log) by extensions ['ignore', 'ignore_ament_install']
[0.690s] Level 1:colcon.colcon_core.package_identification:_identify(log) by extension 'ignore'
[0.690s] Level 1:colcon.colcon_core.package_identification:_identify(log) ignored
[0.691s] Level 1:colcon.colcon_core.package_identification:_identify(moveit_visual_tools) by extensions ['ignore', 'ignore_ament_install']
[0.691s] Level 1:colcon.colcon_core.package_identification:_identify(moveit_visual_tools) by extension 'ignore'
[0.691s] Level 1:colcon.colcon_core.package_identification:_identify(moveit_visual_tools) by extension 'ignore_ament_install'
[0.691s] Level 1:colcon.colcon_core.package_identification:_identify(moveit_visual_tools) by extensions ['colcon_pkg']
[0.691s] Level 1:colcon.colcon_core.package_identification:_identify(moveit_visual_tools) by extension 'colcon_pkg'
[0.691s] Level 1:colcon.colcon_core.package_identification:_identify(moveit_visual_tools) by extensions ['colcon_meta']
[0.691s] Level 1:colcon.colcon_core.package_identification:_identify(moveit_visual_tools) by extension 'colcon_meta'
[0.691s] Level 1:colcon.colcon_core.package_identification:_identify(moveit_visual_tools) by extensions ['ros']
[0.691s] Level 1:colcon.colcon_core.package_identification:_identify(moveit_visual_tools) by extension 'ros'
[0.691s] Level 1:colcon.colcon_core.package_identification:_identify(moveit_visual_tools) by extensions ['cmake', 'python']
[0.691s] Level 1:colcon.colcon_core.package_identification:_identify(moveit_visual_tools) by extension 'cmake'
[0.691s] Level 1:colcon.colcon_core.package_identification:_identify(moveit_visual_tools) by extension 'python'
[0.691s] Level 1:colcon.colcon_core.package_identification:_identify(moveit_visual_tools) by extensions ['python_setup_py']
[0.691s] Level 1:colcon.colcon_core.package_identification:_identify(moveit_visual_tools) by extension 'python_setup_py'
[0.691s] Level 1:colcon.colcon_core.package_identification:_identify(par_pkg) by extensions ['ignore', 'ignore_ament_install']
[0.691s] Level 1:colcon.colcon_core.package_identification:_identify(par_pkg) by extension 'ignore'
[0.691s] Level 1:colcon.colcon_core.package_identification:_identify(par_pkg) by extension 'ignore_ament_install'
[0.691s] Level 1:colcon.colcon_core.package_identification:_identify(par_pkg) by extensions ['colcon_pkg']
[0.691s] Level 1:colcon.colcon_core.package_identification:_identify(par_pkg) by extension 'colcon_pkg'
[0.691s] Level 1:colcon.colcon_core.package_identification:_identify(par_pkg) by extensions ['colcon_meta']
[0.691s] Level 1:colcon.colcon_core.package_identification:_identify(par_pkg) by extension 'colcon_meta'
[0.691s] Level 1:colcon.colcon_core.package_identification:_identify(par_pkg) by extensions ['ros']
[0.691s] Level 1:colcon.colcon_core.package_identification:_identify(par_pkg) by extension 'ros'
[0.692s] DEBUG:colcon.colcon_core.package_identification:Package 'par_pkg' with type 'ros.ament_python' and name 'par_pkg'
[0.692s] Level 1:colcon.colcon_core.package_identification:_identify(par_utils) by extensions ['ignore', 'ignore_ament_install']
[0.692s] Level 1:colcon.colcon_core.package_identification:_identify(par_utils) by extension 'ignore'
[0.692s] Level 1:colcon.colcon_core.package_identification:_identify(par_utils) by extension 'ignore_ament_install'
[0.692s] Level 1:colcon.colcon_core.package_identification:_identify(par_utils) by extensions ['colcon_pkg']
[0.692s] Level 1:colcon.colcon_core.package_identification:_identify(par_utils) by extension 'colcon_pkg'
[0.692s] Level 1:colcon.colcon_core.package_identification:_identify(par_utils) by extensions ['colcon_meta']
[0.692s] Level 1:colcon.colcon_core.package_identification:_identify(par_utils) by extension 'colcon_meta'
[0.692s] Level 1:colcon.colcon_core.package_identification:_identify(par_utils) by extensions ['ros']
[0.692s] Level 1:colcon.colcon_core.package_identification:_identify(par_utils) by extension 'ros'
[0.692s] DEBUG:colcon.colcon_core.package_identification:Package 'par_utils' with type 'ros.ament_cmake' and name 'par_utils'
[0.693s] Level 1:colcon.colcon_core.package_identification:_identify(rviz_visual_tools) by extensions ['ignore', 'ignore_ament_install']
[0.693s] Level 1:colcon.colcon_core.package_identification:_identify(rviz_visual_tools) by extension 'ignore'
[0.693s] Level 1:colcon.colcon_core.package_identification:_identify(rviz_visual_tools) by extension 'ignore_ament_install'
[0.693s] Level 1:colcon.colcon_core.package_identification:_identify(rviz_visual_tools) by extensions ['colcon_pkg']
[0.693s] Level 1:colcon.colcon_core.package_identification:_identify(rviz_visual_tools) by extension 'colcon_pkg'
[0.693s] Level 1:colcon.colcon_core.package_identification:_identify(rviz_visual_tools) by extensions ['colcon_meta']
[0.693s] Level 1:colcon.colcon_core.package_identification:_identify(rviz_visual_tools) by extension 'colcon_meta'
[0.693s] Level 1:colcon.colcon_core.package_identification:_identify(rviz_visual_tools) by extensions ['ros']
[0.693s] Level 1:colcon.colcon_core.package_identification:_identify(rviz_visual_tools) by extension 'ros'
[0.693s] Level 1:colcon.colcon_core.package_identification:_identify(rviz_visual_tools) by extensions ['cmake', 'python']
[0.693s] Level 1:colcon.colcon_core.package_identification:_identify(rviz_visual_tools) by extension 'cmake'
[0.693s] Level 1:colcon.colcon_core.package_identification:_identify(rviz_visual_tools) by extension 'python'
[0.693s] Level 1:colcon.colcon_core.package_identification:_identify(rviz_visual_tools) by extensions ['python_setup_py']
[0.693s] Level 1:colcon.colcon_core.package_identification:_identify(rviz_visual_tools) by extension 'python_setup_py'
[0.693s] Level 1:colcon.colcon_core.package_discovery:discover_packages(recursive) using defaults
[0.693s] Level 1:colcon.colcon_core.package_discovery:discover_packages(ignore) discover
[0.693s] Level 1:colcon.colcon_core.package_discovery:discover_packages(ignore) using defaults
[0.693s] Level 1:colcon.colcon_core.package_discovery:discover_packages(path) discover
[0.693s] Level 1:colcon.colcon_core.package_discovery:discover_packages(path) using defaults
[0.734s] INFO:colcon.colcon_core.package_selection:Skipping not selected package 'hello_moveit_ur' in 'hello_moveit_ur'
[0.734s] INFO:colcon.colcon_core.package_selection:Skipping not selected package 'par_utils' in 'par_utils'
[0.750s] Level 1:colcon.colcon_core.package_discovery:discover_packages(prefix_path) check parameters
[0.750s] Level 1:colcon.colcon_core.package_discovery:discover_packages(prefix_path) discover
[0.768s] DEBUG:colcon.colcon_installed_package_information.package_discovery:Found 5 installed packages in /home/rmitaiil/aiil_workspace/humble_workspace/src/on_UR5e/install
[0.776s] DEBUG:colcon.colcon_installed_package_information.package_discovery:Found 9 installed packages in /home/rmitaiil/aiil_workspace/humble_workspace/install
[0.784s] DEBUG:colcon.colcon_installed_package_information.package_discovery:Found 352 installed packages in /opt/ros/humble
[0.785s] Level 1:colcon.colcon_core.package_discovery:discover_packages(prefix_path) using defaults
[0.858s] Level 5:colcon.colcon_core.verb:set package 'par_pkg' build argument 'cmake_args' from command line to 'None'
[0.858s] Level 5:colcon.colcon_core.verb:set package 'par_pkg' build argument 'cmake_target' from command line to 'None'
[0.858s] Level 5:colcon.colcon_core.verb:set package 'par_pkg' build argument 'cmake_target_skip_unavailable' from command line to 'False'
[0.858s] Level 5:colcon.colcon_core.verb:set package 'par_pkg' build argument 'cmake_clean_cache' from command line to 'False'
[0.859s] Level 5:colcon.colcon_core.verb:set package 'par_pkg' build argument 'cmake_clean_first' from command line to 'False'
[0.859s] Level 5:colcon.colcon_core.verb:set package 'par_pkg' build argument 'cmake_force_configure' from command line to 'False'
[0.859s] Level 5:colcon.colcon_core.verb:set package 'par_pkg' build argument 'ament_cmake_args' from command line to 'None'
[0.859s] Level 5:colcon.colcon_core.verb:set package 'par_pkg' build argument 'catkin_cmake_args' from command line to 'None'
[0.859s] Level 5:colcon.colcon_core.verb:set package 'par_pkg' build argument 'catkin_skip_building_tests' from command line to 'False'
[0.859s] DEBUG:colcon.colcon_core.verb:Building package 'par_pkg' with the following arguments: {'ament_cmake_args': None, 'build_base': '/home/rmitaiil/aiil_workspace/humble_workspace/src/on_UR5e/build/par_pkg', 'catkin_cmake_args': None, 'catkin_skip_building_tests': False, 'cmake_args': None, 'cmake_clean_cache': False, 'cmake_clean_first': False, 'cmake_force_configure': False, 'cmake_target': None, 'cmake_target_skip_unavailable': False, 'install_base': '/home/rmitaiil/aiil_workspace/humble_workspace/src/on_UR5e/install/par_pkg', 'merge_install': False, 'path': '/home/rmitaiil/aiil_workspace/humble_workspace/src/on_UR5e/par_pkg', 'symlink_install': False, 'test_result_base': None}
[0.867s] INFO:colcon.colcon_core.executor:Executing jobs using 'parallel' executor
[0.876s] DEBUG:colcon.colcon_parallel_executor.executor.parallel:run_until_complete
[0.876s] INFO:colcon.colcon_ros.task.ament_python.build:Building ROS package in '/home/rmitaiil/aiil_workspace/humble_workspace/src/on_UR5e/par_pkg' with build type 'ament_python'
[0.876s] Level 1:colcon.colcon_core.shell:create_environment_hook('par_pkg', 'ament_prefix_path')
[0.896s] INFO:colcon.colcon_core.plugin_system:Skipping extension 'colcon_core.shell.bat': Not used on non-Windows systems
[0.896s] INFO:colcon.colcon_core.shell:Creating environment hook '/home/rmitaiil/aiil_workspace/humble_workspace/src/on_UR5e/install/par_pkg/share/par_pkg/hook/ament_prefix_path.ps1'
[0.897s] INFO:colcon.colcon_core.shell:Creating environment descriptor '/home/rmitaiil/aiil_workspace/humble_workspace/src/on_UR5e/install/par_pkg/share/par_pkg/hook/ament_prefix_path.dsv'
[0.897s] INFO:colcon.colcon_core.shell:Creating environment hook '/home/rmitaiil/aiil_workspace/humble_workspace/src/on_UR5e/install/par_pkg/share/par_pkg/hook/ament_prefix_path.sh'
[0.908s] INFO:colcon.colcon_core.shell:Skip shell extension 'powershell' for command environment: Not usable outside of PowerShell
[0.908s] DEBUG:colcon.colcon_core.shell:Skip shell extension 'dsv' for command environment
[1.163s] INFO:colcon.colcon_core.task.python.build:Building Python package in '/home/rmitaiil/aiil_workspace/humble_workspace/src/on_UR5e/par_pkg'
[1.172s] INFO:colcon.colcon_core.shell:Skip shell extension 'powershell' for command environment: Not usable outside of PowerShell
[1.173s] DEBUG:colcon.colcon_core.shell:Skip shell extension 'dsv' for command environment
[1.523s] DEBUG:colcon.colcon_core.event_handler.log_command:Invoking command in '/home/rmitaiil/aiil_workspace/humble_workspace/src/on_UR5e/par_pkg': CMAKE_PREFIX_PATH=/home/rmitaiil/aiil_workspace/humble_workspace/src/on_UR5e/install/par_utils:/home/rmitaiil/aiil_workspace/humble_workspace/src/on_UR5e/install/moveit_visual_tools:/home/rmitaiil/aiil_workspace/humble_workspace/src/on_UR5e/install/rviz_visual_tools:/home/rmitaiil/aiil_workspace/humble_workspace/src/on_UR5e/install/hello_moveit_ur:/home/rmitaiil/aiil_workspace/humble_workspace/src/on_UR5e/install/graph_msgs:/home/rmitaiil/aiil_workspace/humble_workspace/install/ur_description:/home/rmitaiil/aiil_workspace/humble_workspace/install/snc_interfaces:/home/rmitaiil/aiil_workspace/humble_workspace/install/rosbot_description:/home/rmitaiil/aiil_workspace/humble_workspace/install/ros_components_description LD_LIBRARY_PATH=/home/rmitaiil/aiil_workspace/humble_workspace/src/on_UR5e/install/par_utils/lib:/home/rmitaiil/aiil_workspace/humble_workspace/src/on_UR5e/install/moveit_visual_tools/lib:/home/rmitaiil/aiil_workspace/humble_workspace/src/on_UR5e/install/rviz_visual_tools/lib:/home/rmitaiil/aiil_workspace/humble_workspace/src/on_UR5e/install/graph_msgs/lib:/home/rmitaiil/aiil_workspace/humble_workspace/install/snc_interfaces/lib:/opt/ros/humble/opt/rviz_ogre_vendor/lib:/opt/ros/humble/lib/x86_64-linux-gnu:/opt/ros/humble/lib PYTHONPATH=/home/rmitaiil/aiil_workspace/humble_workspace/src/on_UR5e/build/par_pkg/prefix_override:/home/rmitaiil/aiil_workspace/humble_workspace/src/on_UR5e/install/par_pkg/lib/python3.10/site-packages:${PYTHONPATH} /usr/bin/python3 setup.py egg_info --egg-base ../build/par_pkg build --build-base /home/rmitaiil/aiil_workspace/humble_workspace/src/on_UR5e/build/par_pkg/build install --record /home/rmitaiil/aiil_workspace/humble_workspace/src/on_UR5e/build/par_pkg/install.log --single-version-externally-managed
[1.752s] DEBUG:colcon.colcon_core.event_handler.log_command:Invoked command in '/home/rmitaiil/aiil_workspace/humble_workspace/src/on_UR5e/par_pkg' returned '0': CMAKE_PREFIX_PATH=/home/rmitaiil/aiil_workspace/humble_workspace/src/on_UR5e/install/par_utils:/home/rmitaiil/aiil_workspace/humble_workspace/src/on_UR5e/install/moveit_visual_tools:/home/rmitaiil/aiil_workspace/humble_workspace/src/on_UR5e/install/rviz_visual_tools:/home/rmitaiil/aiil_workspace/humble_workspace/src/on_UR5e/install/hello_moveit_ur:/home/rmitaiil/aiil_workspace/humble_workspace/src/on_UR5e/install/graph_msgs:/home/rmitaiil/aiil_workspace/humble_workspace/install/ur_description:/home/rmitaiil/aiil_workspace/humble_workspace/install/snc_interfaces:/home/rmitaiil/aiil_workspace/humble_workspace/install/rosbot_description:/home/rmitaiil/aiil_workspace/humble_workspace/install/ros_components_description LD_LIBRARY_PATH=/home/rmitaiil/aiil_workspace/humble_workspace/src/on_UR5e/install/par_utils/lib:/home/rmitaiil/aiil_workspace/humble_workspace/src/on_UR5e/install/moveit_visual_tools/lib:/home/rmitaiil/aiil_workspace/humble_workspace/src/on_UR5e/install/rviz_visual_tools/lib:/home/rmitaiil/aiil_workspace/humble_workspace/src/on_UR5e/install/graph_msgs/lib:/home/rmitaiil/aiil_workspace/humble_workspace/install/snc_interfaces/lib:/opt/ros/humble/opt/rviz_ogre_vendor/lib:/opt/ros/humble/lib/x86_64-linux-gnu:/opt/ros/humble/lib PYTHONPATH=/home/rmitaiil/aiil_workspace/humble_workspace/src/on_UR5e/build/par_pkg/prefix_override:/home/rmitaiil/aiil_workspace/humble_workspace/src/on_UR5e/install/par_pkg/lib/python3.10/site-packages:${PYTHONPATH} /usr/bin/python3 setup.py egg_info --egg-base ../build/par_pkg build --build-base /home/rmitaiil/aiil_workspace/humble_workspace/src/on_UR5e/build/par_pkg/build install --record /home/rmitaiil/aiil_workspace/humble_workspace/src/on_UR5e/build/par_pkg/install.log --single-version-externally-managed
[1.762s] Level 1:colcon.colcon_core.environment:checking '/home/rmitaiil/aiil_workspace/humble_workspace/src/on_UR5e/install/par_pkg' for CMake module files
[1.762s] Level 1:colcon.colcon_core.environment:checking '/home/rmitaiil/aiil_workspace/humble_workspace/src/on_UR5e/install/par_pkg' for CMake config files
[1.763s] Level 1:colcon.colcon_core.environment:checking '/home/rmitaiil/aiil_workspace/humble_workspace/src/on_UR5e/install/par_pkg/lib'
[1.763s] Level 1:colcon.colcon_core.environment:checking '/home/rmitaiil/aiil_workspace/humble_workspace/src/on_UR5e/install/par_pkg/bin'
[1.763s] Level 1:colcon.colcon_core.environment:checking '/home/rmitaiil/aiil_workspace/humble_workspace/src/on_UR5e/install/par_pkg/lib/pkgconfig/par_pkg.pc'
[1.763s] Level 1:colcon.colcon_core.environment:checking '/home/rmitaiil/aiil_workspace/humble_workspace/src/on_UR5e/install/par_pkg/lib/python3.10/site-packages'
[1.763s] Level 1:colcon.colcon_core.shell:create_environment_hook('par_pkg', 'pythonpath')
[1.772s] INFO:colcon.colcon_core.shell:Creating environment hook '/home/rmitaiil/aiil_workspace/humble_workspace/src/on_UR5e/install/par_pkg/share/par_pkg/hook/pythonpath.ps1'
[1.772s] INFO:colcon.colcon_core.shell:Creating environment descriptor '/home/rmitaiil/aiil_workspace/humble_workspace/src/on_UR5e/install/par_pkg/share/par_pkg/hook/pythonpath.dsv'
[1.773s] INFO:colcon.colcon_core.shell:Creating environment hook '/home/rmitaiil/aiil_workspace/humble_workspace/src/on_UR5e/install/par_pkg/share/par_pkg/hook/pythonpath.sh'
[1.774s] Level 1:colcon.colcon_core.environment:checking '/home/rmitaiil/aiil_workspace/humble_workspace/src/on_UR5e/install/par_pkg/bin'
[1.774s] Level 1:colcon.colcon_core.environment:create_environment_scripts_only(par_pkg)
[1.785s] INFO:colcon.colcon_core.shell:Creating package script '/home/rmitaiil/aiil_workspace/humble_workspace/src/on_UR5e/install/par_pkg/share/par_pkg/package.ps1'
[1.786s] INFO:colcon.colcon_core.shell:Creating package descriptor '/home/rmitaiil/aiil_workspace/humble_workspace/src/on_UR5e/install/par_pkg/share/par_pkg/package.dsv'
[1.787s] INFO:colcon.colcon_core.shell:Creating package script '/home/rmitaiil/aiil_workspace/humble_workspace/src/on_UR5e/install/par_pkg/share/par_pkg/package.sh'
[1.787s] INFO:colcon.colcon_core.shell:Creating package script '/home/rmitaiil/aiil_workspace/humble_workspace/src/on_UR5e/install/par_pkg/share/par_pkg/package.bash'
[1.788s] INFO:colcon.colcon_core.shell:Creating package script '/home/rmitaiil/aiil_workspace/humble_workspace/src/on_UR5e/install/par_pkg/share/par_pkg/package.zsh'
[1.788s] Level 1:colcon.colcon_core.environment:create_file_with_runtime_dependencies(/home/rmitaiil/aiil_workspace/humble_workspace/src/on_UR5e/install/par_pkg/share/colcon-core/packages/par_pkg)
[1.789s] DEBUG:colcon.colcon_parallel_executor.executor.parallel:closing loop
[1.789s] DEBUG:colcon.colcon_parallel_executor.executor.parallel:loop closed
[1.789s] DEBUG:colcon.colcon_parallel_executor.executor.parallel:run_until_complete finished with '0'
[1.790s] DEBUG:colcon.colcon_core.event_reactor:joining thread
[1.802s] INFO:colcon.colcon_core.plugin_system:Skipping extension 'colcon_notification.desktop_notification.terminal_notifier': Not used on non-Darwin systems
[1.802s] INFO:colcon.colcon_core.plugin_system:Skipping extension 'colcon_notification.desktop_notification.win32': Not used on non-Windows systems
[1.802s] INFO:colcon.colcon_notification.desktop_notification:Sending desktop notification using 'notify2'
[1.821s] DEBUG:colcon.colcon_core.event_reactor:joined thread
[1.833s] INFO:colcon.colcon_core.shell:Creating prefix script '/home/rmitaiil/aiil_workspace/humble_workspace/src/on_UR5e/install/local_setup.ps1'
[1.835s] INFO:colcon.colcon_core.shell:Creating prefix util module '/home/rmitaiil/aiil_workspace/humble_workspace/src/on_UR5e/install/_local_setup_util_ps1.py'
[1.837s] INFO:colcon.colcon_core.shell:Creating prefix chain script '/home/rmitaiil/aiil_workspace/humble_workspace/src/on_UR5e/install/setup.ps1'
[1.849s] INFO:colcon.colcon_core.shell:Creating prefix script '/home/rmitaiil/aiil_workspace/humble_workspace/src/on_UR5e/install/local_setup.sh'
[1.850s] INFO:colcon.colcon_core.shell:Creating prefix util module '/home/rmitaiil/aiil_workspace/humble_workspace/src/on_UR5e/install/_local_setup_util_sh.py'
[1.851s] INFO:colcon.colcon_core.shell:Creating prefix chain script '/home/rmitaiil/aiil_workspace/humble_workspace/src/on_UR5e/install/setup.sh'
[1.864s] INFO:colcon.colcon_core.shell:Creating prefix script '/home/rmitaiil/aiil_workspace/humble_workspace/src/on_UR5e/install/local_setup.bash'
[1.865s] INFO:colcon.colcon_core.shell:Creating prefix chain script '/home/rmitaiil/aiil_workspace/humble_workspace/src/on_UR5e/install/setup.bash'
[1.879s] INFO:colcon.colcon_core.shell:Creating prefix script '/home/rmitaiil/aiil_workspace/humble_workspace/src/on_UR5e/install/local_setup.zsh'
[1.879s] INFO:colcon.colcon_core.shell:Creating prefix chain script '/home/rmitaiil/aiil_workspace/humble_workspace/src/on_UR5e/install/setup.zsh'
