[0.180s] DEBUG:colcon:Command line arguments: ['/usr/bin/colcon', 'build']
[0.180s] DEBUG:colcon:Parsed command line arguments: Namespace(log_base=None, log_level=None, verb_name='build', build_base='build', install_base='install', merge_install=False, symlink_install=False, test_result_base=None, continue_on_error=False, executor='parallel', parallel_workers=8, event_handlers=None, ignore_user_meta=False, metas=['./colcon.meta'], base_paths=['.'], packages_ignore=None, packages_ignore_regex=None, paths=None, packages_up_to=None, packages_up_to_regex=None, packages_above=None, packages_above_and_dependencies=None, packages_above_depth=None, packages_select_by_dep=None, packages_skip_by_dep=None, packages_skip_up_to=None, packages_select_build_failed=False, packages_skip_build_finished=False, packages_select_test_failures=False, packages_skip_test_passed=False, packages_select=None, packages_skip=None, packages_select_regex=None, packages_skip_regex=None, packages_start=None, packages_end=None, allow_overriding=[], cmake_args=None, cmake_target=None, cmake_target_skip_unavailable=False, cmake_clean_cache=False, cmake_clean_first=False, cmake_force_configure=False, ament_cmake_args=None, catkin_cmake_args=None, catkin_skip_building_tests=False, mixin_files=None, mixin=None, verb_parser=<colcon_mixin.mixin.mixin_argument.MixinArgumentDecorator object at 0x7f6d6bf85300>, verb_extension=<colcon_core.verb.build.BuildVerb object at 0x7f6d6c0c5a50>, main=<bound method BuildVerb.main of <colcon_core.verb.build.BuildVerb object at 0x7f6d6c0c5a50>>, mixin_verb=('build',))
[0.432s] Level 1:colcon.colcon_core.package_discovery:discover_packages(colcon_meta) check parameters
[0.432s] Level 1:colcon.colcon_core.package_discovery:discover_packages(recursive) check parameters
[0.432s] Level 1:colcon.colcon_core.package_discovery:discover_packages(ignore) check parameters
[0.432s] Level 1:colcon.colcon_core.package_discovery:discover_packages(path) check parameters
[0.432s] Level 1:colcon.colcon_core.package_discovery:discover_packages(colcon_meta) discover
[0.433s] Level 1:colcon.colcon_core.package_discovery:discover_packages(recursive) discover
[0.433s] INFO:colcon.colcon_core.package_discovery:Crawling recursively for packages in '/root/overlay_ws/src'
[0.433s] Level 1:colcon.colcon_core.package_identification:_identify(.) by extensions ['ignore', 'ignore_ament_install']
[0.433s] Level 1:colcon.colcon_core.package_identification:_identify(.) by extension 'ignore'
[0.433s] Level 1:colcon.colcon_core.package_identification:_identify(.) by extension 'ignore_ament_install'
[0.433s] Level 1:colcon.colcon_core.package_identification:_identify(.) by extensions ['colcon_pkg']
[0.433s] Level 1:colcon.colcon_core.package_identification:_identify(.) by extension 'colcon_pkg'
[0.433s] Level 1:colcon.colcon_core.package_identification:_identify(.) by extensions ['colcon_meta']
[0.433s] Level 1:colcon.colcon_core.package_identification:_identify(.) by extension 'colcon_meta'
[0.433s] Level 1:colcon.colcon_core.package_identification:_identify(.) by extensions ['ros']
[0.433s] Level 1:colcon.colcon_core.package_identification:_identify(.) by extension 'ros'
[0.449s] Level 1:colcon.colcon_core.package_identification:_identify(.) by extensions ['cmake', 'python']
[0.449s] Level 1:colcon.colcon_core.package_identification:_identify(.) by extension 'cmake'
[0.449s] Level 1:colcon.colcon_core.package_identification:_identify(.) by extension 'python'
[0.449s] Level 1:colcon.colcon_core.package_identification:_identify(.) by extensions ['python_setup_py']
[0.449s] Level 1:colcon.colcon_core.package_identification:_identify(.) by extension 'python_setup_py'
[0.449s] Level 1:colcon.colcon_core.package_identification:_identify(build) by extensions ['ignore', 'ignore_ament_install']
[0.449s] Level 1:colcon.colcon_core.package_identification:_identify(build) by extension 'ignore'
[0.450s] Level 1:colcon.colcon_core.package_identification:_identify(build) ignored
[0.450s] Level 1:colcon.colcon_core.package_identification:_identify(hello_moveit_ur) by extensions ['ignore', 'ignore_ament_install']
[0.450s] Level 1:colcon.colcon_core.package_identification:_identify(hello_moveit_ur) by extension 'ignore'
[0.450s] Level 1:colcon.colcon_core.package_identification:_identify(hello_moveit_ur) by extension 'ignore_ament_install'
[0.450s] Level 1:colcon.colcon_core.package_identification:_identify(hello_moveit_ur) by extensions ['colcon_pkg']
[0.450s] Level 1:colcon.colcon_core.package_identification:_identify(hello_moveit_ur) by extension 'colcon_pkg'
[0.450s] Level 1:colcon.colcon_core.package_identification:_identify(hello_moveit_ur) by extensions ['colcon_meta']
[0.450s] Level 1:colcon.colcon_core.package_identification:_identify(hello_moveit_ur) by extension 'colcon_meta'
[0.450s] Level 1:colcon.colcon_core.package_identification:_identify(hello_moveit_ur) by extensions ['ros']
[0.450s] Level 1:colcon.colcon_core.package_identification:_identify(hello_moveit_ur) by extension 'ros'
[0.454s] DEBUG:colcon.colcon_core.package_identification:Package 'hello_moveit_ur' with type 'ros.ament_cmake' and name 'hello_moveit_ur'
[0.454s] Level 1:colcon.colcon_core.package_identification:_identify(install) by extensions ['ignore', 'ignore_ament_install']
[0.454s] Level 1:colcon.colcon_core.package_identification:_identify(install) by extension 'ignore'
[0.454s] Level 1:colcon.colcon_core.package_identification:_identify(install) ignored
[0.454s] Level 1:colcon.colcon_core.package_identification:_identify(log) by extensions ['ignore', 'ignore_ament_install']
[0.454s] Level 1:colcon.colcon_core.package_identification:_identify(log) by extension 'ignore'
[0.454s] Level 1:colcon.colcon_core.package_identification:_identify(log) ignored
[0.454s] Level 1:colcon.colcon_core.package_discovery:discover_packages(recursive) using defaults
[0.454s] Level 1:colcon.colcon_core.package_discovery:discover_packages(ignore) discover
[0.454s] Level 1:colcon.colcon_core.package_discovery:discover_packages(ignore) using defaults
[0.454s] Level 1:colcon.colcon_core.package_discovery:discover_packages(path) discover
[0.455s] Level 1:colcon.colcon_core.package_discovery:discover_packages(path) using defaults
[0.481s] Level 1:colcon.colcon_core.package_discovery:discover_packages(prefix_path) check parameters
[0.481s] Level 1:colcon.colcon_core.package_discovery:discover_packages(prefix_path) discover
[0.488s] DEBUG:colcon.colcon_installed_package_information.package_discovery:Found 1 installed packages in /root/overlay_ws/install
[0.491s] DEBUG:colcon.colcon_installed_package_information.package_discovery:Found 55 installed packages in /root/underlay_ws/install
[0.494s] DEBUG:colcon.colcon_installed_package_information.package_discovery:Found 341 installed packages in /opt/ros/humble
[0.509s] Level 1:colcon.colcon_core.package_discovery:discover_packages(prefix_path) using defaults
[0.595s] Level 5:colcon.colcon_core.verb:set package 'hello_moveit_ur' build argument 'cmake_args' from command line to 'None'
[0.595s] Level 5:colcon.colcon_core.verb:set package 'hello_moveit_ur' build argument 'cmake_target' from command line to 'None'
[0.595s] Level 5:colcon.colcon_core.verb:set package 'hello_moveit_ur' build argument 'cmake_target_skip_unavailable' from command line to 'False'
[0.595s] Level 5:colcon.colcon_core.verb:set package 'hello_moveit_ur' build argument 'cmake_clean_cache' from command line to 'False'
[0.595s] Level 5:colcon.colcon_core.verb:set package 'hello_moveit_ur' build argument 'cmake_clean_first' from command line to 'False'
[0.596s] Level 5:colcon.colcon_core.verb:set package 'hello_moveit_ur' build argument 'cmake_force_configure' from command line to 'False'
[0.596s] Level 5:colcon.colcon_core.verb:set package 'hello_moveit_ur' build argument 'ament_cmake_args' from command line to 'None'
[0.596s] Level 5:colcon.colcon_core.verb:set package 'hello_moveit_ur' build argument 'catkin_cmake_args' from command line to 'None'
[0.596s] Level 5:colcon.colcon_core.verb:set package 'hello_moveit_ur' build argument 'catkin_skip_building_tests' from command line to 'False'
[0.596s] DEBUG:colcon.colcon_core.verb:Building package 'hello_moveit_ur' with the following arguments: {'ament_cmake_args': None, 'build_base': '/root/overlay_ws/src/build/hello_moveit_ur', 'catkin_cmake_args': None, 'catkin_skip_building_tests': False, 'cmake_args': None, 'cmake_clean_cache': False, 'cmake_clean_first': False, 'cmake_force_configure': False, 'cmake_target': None, 'cmake_target_skip_unavailable': False, 'install_base': '/root/overlay_ws/src/install/hello_moveit_ur', 'merge_install': False, 'path': '/root/overlay_ws/src/hello_moveit_ur', 'symlink_install': False, 'test_result_base': None}
[0.596s] INFO:colcon.colcon_core.executor:Executing jobs using 'parallel' executor
[0.597s] DEBUG:colcon.colcon_parallel_executor.executor.parallel:run_until_complete
[0.598s] INFO:colcon.colcon_ros.task.ament_cmake.build:Building ROS package in '/root/overlay_ws/src/hello_moveit_ur' with build type 'ament_cmake'
[0.598s] INFO:colcon.colcon_cmake.task.cmake.build:Building CMake package in '/root/overlay_ws/src/hello_moveit_ur'
[0.601s] INFO:colcon.colcon_core.plugin_system:Skipping extension 'colcon_core.shell.bat': Not used on non-Windows systems
[0.601s] INFO:colcon.colcon_core.shell:Skip shell extension 'powershell' for command environment: Not usable outside of PowerShell
[0.601s] DEBUG:colcon.colcon_core.shell:Skip shell extension 'dsv' for command environment
[0.625s] DEBUG:colcon.colcon_core.event_handler.log_command:Invoking command in '/root/overlay_ws/src/build/hello_moveit_ur': CMAKE_PREFIX_PATH=${CMAKE_PREFIX_PATH}:/root/underlay_ws/install/moveit_configs_utils:/root/underlay_ws/install/launch_param_builder:/opt/ros/humble /usr/bin/cmake --build /root/overlay_ws/src/build/hello_moveit_ur -- -j8 -l8
[12.235s] DEBUG:colcon.colcon_core.event_handler.log_command:Invoked command in '/root/overlay_ws/src/build/hello_moveit_ur' returned '0': CMAKE_PREFIX_PATH=${CMAKE_PREFIX_PATH}:/root/underlay_ws/install/moveit_configs_utils:/root/underlay_ws/install/launch_param_builder:/opt/ros/humble /usr/bin/cmake --build /root/overlay_ws/src/build/hello_moveit_ur -- -j8 -l8
[12.320s] DEBUG:colcon.colcon_core.event_handler.log_command:Invoking command in '/root/overlay_ws/src/build/hello_moveit_ur': CMAKE_PREFIX_PATH=${CMAKE_PREFIX_PATH}:/root/underlay_ws/install/moveit_configs_utils:/root/underlay_ws/install/launch_param_builder:/opt/ros/humble /usr/bin/cmake --install /root/overlay_ws/src/build/hello_moveit_ur
[12.346s] Level 1:colcon.colcon_core.environment:create_environment_scripts_only(hello_moveit_ur)
[12.347s] DEBUG:colcon.colcon_core.event_handler.log_command:Invoked command in '/root/overlay_ws/src/build/hello_moveit_ur' returned '0': CMAKE_PREFIX_PATH=${CMAKE_PREFIX_PATH}:/root/underlay_ws/install/moveit_configs_utils:/root/underlay_ws/install/launch_param_builder:/opt/ros/humble /usr/bin/cmake --install /root/overlay_ws/src/build/hello_moveit_ur
[12.350s] Level 1:colcon.colcon_core.environment:checking '/root/overlay_ws/src/install/hello_moveit_ur' for CMake module files
[12.351s] Level 1:colcon.colcon_core.environment:checking '/root/overlay_ws/src/install/hello_moveit_ur' for CMake config files
[12.351s] Level 1:colcon.colcon_core.shell:create_environment_hook('hello_moveit_ur', 'cmake_prefix_path')
[12.352s] INFO:colcon.colcon_core.shell:Creating environment hook '/root/overlay_ws/src/install/hello_moveit_ur/share/hello_moveit_ur/hook/cmake_prefix_path.ps1'
[12.352s] INFO:colcon.colcon_core.shell:Creating environment descriptor '/root/overlay_ws/src/install/hello_moveit_ur/share/hello_moveit_ur/hook/cmake_prefix_path.dsv'
[12.353s] INFO:colcon.colcon_core.shell:Creating environment hook '/root/overlay_ws/src/install/hello_moveit_ur/share/hello_moveit_ur/hook/cmake_prefix_path.sh'
[12.354s] Level 1:colcon.colcon_core.environment:checking '/root/overlay_ws/src/install/hello_moveit_ur/lib'
[12.354s] Level 1:colcon.colcon_core.environment:checking '/root/overlay_ws/src/install/hello_moveit_ur/bin'
[12.354s] Level 1:colcon.colcon_core.environment:checking '/root/overlay_ws/src/install/hello_moveit_ur/lib/pkgconfig/hello_moveit_ur.pc'
[12.355s] Level 1:colcon.colcon_core.environment:checking '/root/overlay_ws/src/install/hello_moveit_ur/lib/python3.10/site-packages'
[12.355s] Level 1:colcon.colcon_core.environment:checking '/root/overlay_ws/src/install/hello_moveit_ur/bin'
[12.356s] INFO:colcon.colcon_core.shell:Creating package script '/root/overlay_ws/src/install/hello_moveit_ur/share/hello_moveit_ur/package.ps1'
[12.357s] INFO:colcon.colcon_core.shell:Creating package descriptor '/root/overlay_ws/src/install/hello_moveit_ur/share/hello_moveit_ur/package.dsv'
[12.357s] INFO:colcon.colcon_core.shell:Creating package script '/root/overlay_ws/src/install/hello_moveit_ur/share/hello_moveit_ur/package.sh'
[12.358s] INFO:colcon.colcon_core.shell:Creating package script '/root/overlay_ws/src/install/hello_moveit_ur/share/hello_moveit_ur/package.bash'
[12.359s] INFO:colcon.colcon_core.shell:Creating package script '/root/overlay_ws/src/install/hello_moveit_ur/share/hello_moveit_ur/package.zsh'
[12.360s] Level 1:colcon.colcon_core.environment:create_file_with_runtime_dependencies(/root/overlay_ws/src/install/hello_moveit_ur/share/colcon-core/packages/hello_moveit_ur)
[12.428s] Level 1:colcon.colcon_core.environment:create_environment_scripts_only(hello_moveit_ur)
[12.428s] Level 1:colcon.colcon_core.environment:checking '/root/overlay_ws/src/install/hello_moveit_ur' for CMake module files
[12.430s] Level 1:colcon.colcon_core.environment:checking '/root/overlay_ws/src/install/hello_moveit_ur' for CMake config files
[12.431s] Level 1:colcon.colcon_core.shell:create_environment_hook('hello_moveit_ur', 'cmake_prefix_path')
[12.432s] INFO:colcon.colcon_core.shell:Creating environment hook '/root/overlay_ws/src/install/hello_moveit_ur/share/hello_moveit_ur/hook/cmake_prefix_path.ps1'
[12.434s] INFO:colcon.colcon_core.shell:Creating environment descriptor '/root/overlay_ws/src/install/hello_moveit_ur/share/hello_moveit_ur/hook/cmake_prefix_path.dsv'
[12.435s] INFO:colcon.colcon_core.shell:Creating environment hook '/root/overlay_ws/src/install/hello_moveit_ur/share/hello_moveit_ur/hook/cmake_prefix_path.sh'
[12.436s] Level 1:colcon.colcon_core.environment:checking '/root/overlay_ws/src/install/hello_moveit_ur/lib'
[12.436s] Level 1:colcon.colcon_core.environment:checking '/root/overlay_ws/src/install/hello_moveit_ur/bin'
[12.437s] Level 1:colcon.colcon_core.environment:checking '/root/overlay_ws/src/install/hello_moveit_ur/lib/pkgconfig/hello_moveit_ur.pc'
[12.437s] Level 1:colcon.colcon_core.environment:checking '/root/overlay_ws/src/install/hello_moveit_ur/lib/python3.10/site-packages'
[12.438s] Level 1:colcon.colcon_core.environment:checking '/root/overlay_ws/src/install/hello_moveit_ur/bin'
[12.439s] INFO:colcon.colcon_core.shell:Creating package script '/root/overlay_ws/src/install/hello_moveit_ur/share/hello_moveit_ur/package.ps1'
[12.441s] INFO:colcon.colcon_core.shell:Creating package descriptor '/root/overlay_ws/src/install/hello_moveit_ur/share/hello_moveit_ur/package.dsv'
[12.443s] INFO:colcon.colcon_core.shell:Creating package script '/root/overlay_ws/src/install/hello_moveit_ur/share/hello_moveit_ur/package.sh'
[12.445s] INFO:colcon.colcon_core.shell:Creating package script '/root/overlay_ws/src/install/hello_moveit_ur/share/hello_moveit_ur/package.bash'
[12.446s] INFO:colcon.colcon_core.shell:Creating package script '/root/overlay_ws/src/install/hello_moveit_ur/share/hello_moveit_ur/package.zsh'
[12.447s] Level 1:colcon.colcon_core.environment:create_file_with_runtime_dependencies(/root/overlay_ws/src/install/hello_moveit_ur/share/colcon-core/packages/hello_moveit_ur)
[12.448s] DEBUG:colcon.colcon_parallel_executor.executor.parallel:closing loop
[12.449s] DEBUG:colcon.colcon_parallel_executor.executor.parallel:loop closed
[12.449s] DEBUG:colcon.colcon_parallel_executor.executor.parallel:run_until_complete finished with '0'
[12.449s] DEBUG:colcon.colcon_core.event_reactor:joining thread
[12.460s] INFO:colcon.colcon_core.plugin_system:Skipping extension 'colcon_notification.desktop_notification.notify_send': Could not find 'notify-send'
[12.461s] INFO:colcon.colcon_core.plugin_system:Skipping extension 'colcon_notification.desktop_notification.terminal_notifier': Not used on non-Darwin systems
[12.461s] INFO:colcon.colcon_core.plugin_system:Skipping extension 'colcon_notification.desktop_notification.win32': Not used on non-Windows systems
[12.461s] INFO:colcon.colcon_notification.desktop_notification:Sending desktop notification using 'notify2'
[12.464s] DEBUG:colcon.colcon_notification.desktop_notification.notify2:Failed to initialize notify2: org.freedesktop.DBus.Error.Spawn.ExecFailed: /usr/bin/dbus-launch terminated abnormally without any error message
[12.464s] DEBUG:colcon.colcon_core.event_reactor:joined thread
[12.465s] INFO:colcon.colcon_core.shell:Creating prefix script '/root/overlay_ws/src/install/local_setup.ps1'
[12.467s] INFO:colcon.colcon_core.shell:Creating prefix util module '/root/overlay_ws/src/install/_local_setup_util_ps1.py'
[12.469s] INFO:colcon.colcon_core.shell:Creating prefix chain script '/root/overlay_ws/src/install/setup.ps1'
[12.475s] INFO:colcon.colcon_core.shell:Creating prefix script '/root/overlay_ws/src/install/local_setup.sh'
[12.475s] INFO:colcon.colcon_core.shell:Creating prefix util module '/root/overlay_ws/src/install/_local_setup_util_sh.py'
[12.476s] INFO:colcon.colcon_core.shell:Creating prefix chain script '/root/overlay_ws/src/install/setup.sh'
[12.482s] INFO:colcon.colcon_core.shell:Creating prefix script '/root/overlay_ws/src/install/local_setup.bash'
[12.483s] INFO:colcon.colcon_core.shell:Creating prefix chain script '/root/overlay_ws/src/install/setup.bash'
[12.489s] INFO:colcon.colcon_core.shell:Creating prefix script '/root/overlay_ws/src/install/local_setup.zsh'
[12.489s] INFO:colcon.colcon_core.shell:Creating prefix chain script '/root/overlay_ws/src/install/setup.zsh'
