[0.057s] Invoking command in '/home/rmitaiil/aiil_workspace/humble_workspace/src/on_UR5e/build/par_utils': CMAKE_PREFIX_PATH=${CMAKE_PREFIX_PATH}:/home/rmitaiil/aiil_workspace/humble_workspace/install/snc_pkg:/home/rmitaiil/aiil_workspace/humble_workspace/install/onrobot_testing:/home/rmitaiil/aiil_workspace/humble_workspace/install/aiil_rosbot_demo:/home/rmitaiil/aiil_workspace/humble_workspace/install/aiil_gazebo:/opt/ros/humble /usr/bin/cmake /home/rmitaiil/aiil_workspace/humble_workspace/src/on_UR5e/par_utils -DCMAKE_INSTALL_PREFIX=/home/rmitaiil/aiil_workspace/humble_workspace/src/on_UR5e/install/par_utils
[0.082s] -- Found ament_cmake: 1.3.7 (/opt/ros/humble/share/ament_cmake/cmake)
[0.206s] -- Found rosidl_default_generators: 1.2.0 (/opt/ros/humble/share/rosidl_default_generators/cmake)
[0.207s] -- Using all available rosidl_typesupport_c: rosidl_typesupport_fastrtps_c;rosidl_typesupport_introspection_c
[0.209s] -- Found rosidl_adapter: 3.1.5 (/opt/ros/humble/share/rosidl_adapter/cmake)
[0.246s] -- Using all available rosidl_typesupport_cpp: rosidl_typesupport_fastrtps_cpp;rosidl_typesupport_introspection_cpp
[0.419s] [31mCMake Error at /opt/ros/humble/share/rosidl_adapter/cmake/rosidl_adapt_interfaces.cmake:59 (message):
[0.419s]   execute_process(/usr/bin/python3.10 -m rosidl_adapter --package-name
[0.419s]   par_utils --arguments-file
[0.419s]   /home/rmitaiil/aiil_workspace/humble_workspace/src/on_UR5e/build/par_utils/rosidl_adapter__arguments__par_utils.json
[0.419s]   --output-dir
[0.419s]   /home/rmitaiil/aiil_workspace/humble_workspace/src/on_UR5e/build/par_utils/rosidl_adapter/par_utils
[0.419s]   --output-file
[0.419s]   /home/rmitaiil/aiil_workspace/humble_workspace/src/on_UR5e/build/par_utils/rosidl_adapter/par_utils.idls)
[0.419s]   returned error code 1:
[0.419s] 
[0.419s]   Traceback (most recent call last):
[0.419s] 
[0.419s]     File "/usr/lib/python3.10/runpy.py", line 196, in _run_module_as_main
[0.419s]       return _run_code(code, main_globals, None,
[0.419s]     File "/usr/lib/python3.10/runpy.py", line 86, in _run_code
[0.420s]       exec(code, run_globals)
[0.420s]     File "/opt/ros/humble/local/lib/python3.10/dist-packages/rosidl_adapter/__main__.py", line 19, in <module>
[0.420s]       sys.exit(main())
[0.420s]     File "/opt/ros/humble/local/lib/python3.10/dist-packages/rosidl_adapter/main.py", line 53, in main
[0.420s]       abs_idl_file = convert_to_idl(
[0.420s]     File "/opt/ros/humble/local/lib/python3.10/dist-packages/rosidl_adapter/__init__.py", line 29, in convert_to_idl
[0.420s]       return convert_action_to_idl(
[0.420s]     File "/opt/ros/humble/local/lib/python3.10/dist-packages/rosidl_adapter/action/__init__.py", line 28, in convert_action_to_idl
[0.420s]       action = parse_action_string(package_name, input_file.stem, content)
[0.420s]     File "/opt/ros/humble/local/lib/python3.10/dist-packages/rosidl_adapter/parser.py", line 894, in parse_action_string
[0.420s]       raise InvalidActionSpecification(
[0.420s] 
[0.420s]   rosidl_adapter.parser.InvalidActionSpecification: Number of '---'
[0.420s]   separators nonconformant with action definition
[0.420s] 
[0.420s] Call Stack (most recent call first):
[0.420s]   /opt/ros/humble/share/rosidl_cmake/cmake/rosidl_generate_interfaces.cmake:130 (rosidl_adapt_interfaces)
[0.420s]   CMakeLists.txt:16 (rosidl_generate_interfaces)
[0.420s] 
[0.420s] [0m
[0.420s] -- Configuring incomplete, errors occurred!
[0.420s] See also "/home/rmitaiil/aiil_workspace/humble_workspace/src/on_UR5e/build/par_utils/CMakeFiles/CMakeOutput.log".
[0.425s] Invoked command in '/home/rmitaiil/aiil_workspace/humble_workspace/src/on_UR5e/build/par_utils' returned '1': CMAKE_PREFIX_PATH=${CMAKE_PREFIX_PATH}:/home/rmitaiil/aiil_workspace/humble_workspace/install/snc_pkg:/home/rmitaiil/aiil_workspace/humble_workspace/install/onrobot_testing:/home/rmitaiil/aiil_workspace/humble_workspace/install/aiil_rosbot_demo:/home/rmitaiil/aiil_workspace/humble_workspace/install/aiil_gazebo:/opt/ros/humble /usr/bin/cmake /home/rmitaiil/aiil_workspace/humble_workspace/src/on_UR5e/par_utils -DCMAKE_INSTALL_PREFIX=/home/rmitaiil/aiil_workspace/humble_workspace/src/on_UR5e/install/par_utils
