[0.044s] Invoking command in '/root/overlay_ws/src/build/hello_moveit_ur': CMAKE_PREFIX_PATH=${CMAKE_PREFIX_PATH}:/root/underlay_ws/install/moveit_configs_utils:/root/underlay_ws/install/launch_param_builder:/opt/ros/humble /usr/bin/cmake /root/overlay_ws/src/hello_moveit_ur -DCMAKE_BUILD_TYPE=Release -DCMAKE_INSTALL_PREFIX=/root/overlay_ws/src/install/hello_moveit_ur
[0.082s] -- Found ament_cmake: 1.3.8 (/opt/ros/humble/share/ament_cmake/cmake)
[0.322s] -- Found moveit_ros_planning_interface: 2.5.5 (/root/underlay_ws/install/moveit_ros_planning_interface/share/moveit_ros_planning_interface/cmake)
[0.346s] -- Found Boost: /usr/lib/x86_64-linux-gnu/cmake/Boost-1.74.0/BoostConfig.cmake (found version "1.74.0") found components: date_time filesystem program_options system thread 
[0.412s] -- Found rosidl_generator_c: 3.1.5 (/opt/ros/humble/share/rosidl_generator_c/cmake)
[0.419s] -- Found rosidl_adapter: 3.1.5 (/opt/ros/humble/share/rosidl_adapter/cmake)
[0.434s] -- Found rosidl_generator_cpp: 3.1.5 (/opt/ros/humble/share/rosidl_generator_cpp/cmake)
[0.469s] -- Using all available rosidl_typesupport_c: rosidl_typesupport_fastrtps_c;rosidl_typesupport_introspection_c
[0.517s] -- Using all available rosidl_typesupport_cpp: rosidl_typesupport_fastrtps_cpp;rosidl_typesupport_introspection_cpp
[2.516s] -- Found Boost: /usr/lib/x86_64-linux-gnu/cmake/Boost-1.74.0/BoostConfig.cmake (found version "1.74.0") found components: chrono date_time filesystem iostreams program_options regex serialization system thread 
[2.579s] -- Found parameter_traits: 0.3.8 (/opt/ros/humble/share/parameter_traits/cmake)
[2.684s] -- Found rmw_implementation_cmake: 6.1.1 (/opt/ros/humble/share/rmw_implementation_cmake/cmake)
[2.692s] -- Found rmw_fastrtps_cpp: 6.2.6 (/opt/ros/humble/share/rmw_fastrtps_cpp/cmake)
[2.972s] -- Using RMW implementation 'rmw_fastrtps_cpp' as default
[3.514s] -- Found rclcpp_lifecycle: 16.0.8 (/opt/ros/humble/share/rclcpp_lifecycle/cmake)
[3.815s] -- Found Boost: /usr/lib/x86_64-linux-gnu/cmake/Boost-1.74.0/BoostConfig.cmake (found version "1.74.0") found components: filesystem 
[4.008s] -- library: /usr/lib/x86_64-linux-gnu/libcurl.so
[4.503s] -- Ensuring Eigen3 include directory is part of orocos-kdl CMake target
[6.068s] -- Found Boost: /usr/lib/x86_64-linux-gnu/cmake/Boost-1.74.0/BoostConfig.cmake (found version "1.74.0") found components: system filesystem date_time program_options thread chrono 
[7.845s] -- Found Boost: /usr/lib/x86_64-linux-gnu/cmake/Boost-1.74.0/BoostConfig.cmake (found version "1.74.0") found components: thread system filesystem regex date_time program_options 
[8.686s] -- Found Boost: /usr/lib/x86_64-linux-gnu/cmake/Boost-1.74.0/BoostConfig.cmake (found version "1.74.0") found components: system filesystem date_time program_options thread 
[10.066s] -- Found moveit_visual_tools: 4.1.0 (/root/underlay_ws/install/moveit_visual_tools/share/moveit_visual_tools/cmake)
[11.332s] -- Setting OGRE_DIR to: '/opt/ros/humble/share/rviz_ogre_vendor/cmake/../../../opt/rviz_ogre_vendor/lib/OGRE/cmake'
[11.335s] -- Found OGRE
[11.335s] --   static     : OFF
[11.335s] --   components : HLMS;MeshLodGenerator;Overlay;Paging;Property;RTShaderSystem;Terrain;Volume
[11.336s] --   plugins    : Plugin_BSPSceneManager;Plugin_OctreeSceneManager;Plugin_PCZSceneManager;Plugin_ParticleFX;RenderSystem_GL;RenderSystem_GL3Plus;Codec_STBI
[11.336s] --   media      : /opt/ros/humble/opt/rviz_ogre_vendor/share/OGRE/Media
[11.336s] -- OGRE_LIBRARIES: OgreHLMS;OgreMeshLodGenerator;OgreOverlay;OgrePaging;OgreProperty;OgreRTShaderSystem;OgreTerrain;OgreVolume;OgreMain
[11.336s] -- OGRE_LIBRARY_DIRS: /opt/ros/humble/opt/rviz_ogre_vendor/lib
[11.336s] -- OGRE_PLUGINS: Plugin_BSPSceneManager;Plugin_OctreeSceneManager;Plugin_PCZSceneManager;Plugin_ParticleFX;RenderSystem_GL;RenderSystem_GL3Plus;Codec_STBI
[11.337s] -- OGRE_PLUGIN_DIR: /opt/ros/humble/opt/rviz_ogre_vendor/lib/OGRE
[11.337s] -- rviz_ogre_vendor::OgreOverlay for IMPORTED_LOCATION_RELEASE: /opt/ros/humble/opt/rviz_ogre_vendor/lib/libOgreOverlay.so
[11.337s] -- rviz_ogre_vendor::OgreOverlay for IMPORTED_LOCATION_DEBUG: /opt/ros/humble/opt/rviz_ogre_vendor/lib/libOgreOverlay.so
[11.337s] -- rviz_ogre_vendor::OgreMain for IMPORTED_LOCATION_RELEASE: /opt/ros/humble/opt/rviz_ogre_vendor/lib/libOgreMain.so
[11.338s] -- rviz_ogre_vendor::OgreMain for IMPORTED_LOCATION_DEBUG: /opt/ros/humble/opt/rviz_ogre_vendor/lib/libOgreMain.so
[11.340s] -- Could not find freeimage library
[11.539s] -- rviz_ogre_vendor::RenderSystem_GL for IMPORTED_LOCATION_RELEASE: _render_system_gl_static_library_abs-NOTFOUND
[11.540s] -- rviz_ogre_vendor::RenderSystem_GL for IMPORTED_LOCATION_DEBUG: _render_system_gl_static_library_abs-NOTFOUND
[14.041s] -- Found ament_lint_auto: 0.12.10 (/opt/ros/humble/share/ament_lint_auto/cmake)
[14.276s] -- Added test 'cppcheck' to perform static code analysis on C / C++ code
[14.277s] -- Configured cppcheck include dirs: $<BUILD_INTERFACE:/root/overlay_ws/src/hello_moveit_ur/include>
[14.277s] -- Configured cppcheck exclude dirs and/or files: 
[14.282s] -- Added test 'flake8' to check Python code syntax and style conventions
[14.293s] -- Added test 'lint_cmake' to check CMake code style
[14.294s] -- Added test 'pep257' to check Python code against some of the docstring style conventions in PEP 257
[14.323s] -- Added test 'uncrustify' to check C / C++ code style
[14.324s] -- Configured uncrustify additional arguments: 
[14.328s] -- Added test 'xmllint' to check XML markup files
[14.330s] -- Configuring done
[14.466s] -- Generating done
[14.475s] -- Build files have been written to: /root/overlay_ws/src/build/hello_moveit_ur
[14.521s] Invoked command in '/root/overlay_ws/src/build/hello_moveit_ur' returned '0': CMAKE_PREFIX_PATH=${CMAKE_PREFIX_PATH}:/root/underlay_ws/install/moveit_configs_utils:/root/underlay_ws/install/launch_param_builder:/opt/ros/humble /usr/bin/cmake /root/overlay_ws/src/hello_moveit_ur -DCMAKE_BUILD_TYPE=Release -DCMAKE_INSTALL_PREFIX=/root/overlay_ws/src/install/hello_moveit_ur
[14.522s] Invoking command in '/root/overlay_ws/src/build/hello_moveit_ur': CMAKE_PREFIX_PATH=${CMAKE_PREFIX_PATH}:/root/underlay_ws/install/moveit_configs_utils:/root/underlay_ws/install/launch_param_builder:/opt/ros/humble /usr/bin/cmake --build /root/overlay_ws/src/build/hello_moveit_ur -- -j8 -l8
[14.884s] [35m[1mConsolidate compiler generated dependencies of target hello_moveit_ur[0m
[15.060s] [ 50%] [32mBuilding CXX object CMakeFiles/hello_moveit_ur.dir/src/hello_moveit_ur.cpp.o[0m
[36.261s] [01m[K/root/overlay_ws/src/hello_moveit_ur/src/hello_moveit_ur.cpp:[m[K In function ‘[01m[Kint main(int, char**)[m[K’:
[36.261s] [01m[K/root/overlay_ws/src/hello_moveit_ur/src/hello_moveit_ur.cpp:33:10:[m[K [01;35m[Kwarning: [m[Kunused variable ‘[01m[Koffset_x[m[K’ [[01;35m[K-Wunused-variable[m[K]
[36.261s]    33 |   double [01;35m[Koffset_x[m[K = 0.0;  // 10 mm
[36.261s]       |          [01;35m[K^~~~~~~~[m[K
[36.262s] [01m[K/root/overlay_ws/src/hello_moveit_ur/src/hello_moveit_ur.cpp:34:10:[m[K [01;35m[Kwarning: [m[Kunused variable ‘[01m[Koffset_y[m[K’ [[01;35m[K-Wunused-variable[m[K]
[36.262s]    34 |   double [01;35m[Koffset_y[m[K = 0.0;  // 20 mm
[36.262s]       |          [01;35m[K^~~~~~~~[m[K
[36.262s] [01m[K/root/overlay_ws/src/hello_moveit_ur/src/hello_moveit_ur.cpp:35:10:[m[K [01;35m[Kwarning: [m[Kunused variable ‘[01m[Koffset_z[m[K’ [[01;35m[K-Wunused-variable[m[K]
[36.262s]    35 |   double [01;35m[Koffset_z[m[K = 0.0;  // 30 mm
[36.262s]       |          [01;35m[K^~~~~~~~[m[K
[45.293s] [100%] [32m[1mLinking CXX executable hello_moveit_ur[0m
[46.155s] [100%] Built target hello_moveit_ur
[46.185s] Invoked command in '/root/overlay_ws/src/build/hello_moveit_ur' returned '0': CMAKE_PREFIX_PATH=${CMAKE_PREFIX_PATH}:/root/underlay_ws/install/moveit_configs_utils:/root/underlay_ws/install/launch_param_builder:/opt/ros/humble /usr/bin/cmake --build /root/overlay_ws/src/build/hello_moveit_ur -- -j8 -l8
[46.286s] Invoking command in '/root/overlay_ws/src/build/hello_moveit_ur': CMAKE_PREFIX_PATH=${CMAKE_PREFIX_PATH}:/root/underlay_ws/install/moveit_configs_utils:/root/underlay_ws/install/launch_param_builder:/opt/ros/humble /usr/bin/cmake --install /root/overlay_ws/src/build/hello_moveit_ur
[46.309s] -- Install configuration: "Release"
[46.309s] -- Installing: /root/overlay_ws/src/install/hello_moveit_ur/lib/hello_moveit_ur/hello_moveit_ur
[46.312s] -- Set runtime path of "/root/overlay_ws/src/install/hello_moveit_ur/lib/hello_moveit_ur/hello_moveit_ur" to ""
[46.313s] -- Up-to-date: /root/overlay_ws/src/install/hello_moveit_ur/share/hello_moveit_ur//launch
[46.313s] -- Up-to-date: /root/overlay_ws/src/install/hello_moveit_ur/share/hello_moveit_ur//launch/hello_moveit_ur_launch.py
[46.313s] -- Up-to-date: /root/overlay_ws/src/install/hello_moveit_ur/share/ament_index/resource_index/package_run_dependencies/hello_moveit_ur
[46.314s] -- Up-to-date: /root/overlay_ws/src/install/hello_moveit_ur/share/ament_index/resource_index/parent_prefix_path/hello_moveit_ur
[46.314s] -- Up-to-date: /root/overlay_ws/src/install/hello_moveit_ur/share/hello_moveit_ur/environment/ament_prefix_path.sh
[46.314s] -- Installing: /root/overlay_ws/src/install/hello_moveit_ur/share/hello_moveit_ur/environment/ament_prefix_path.dsv
[46.314s] -- Up-to-date: /root/overlay_ws/src/install/hello_moveit_ur/share/hello_moveit_ur/environment/path.sh
[46.314s] -- Installing: /root/overlay_ws/src/install/hello_moveit_ur/share/hello_moveit_ur/environment/path.dsv
[46.315s] -- Up-to-date: /root/overlay_ws/src/install/hello_moveit_ur/share/hello_moveit_ur/local_setup.bash
[46.315s] -- Up-to-date: /root/overlay_ws/src/install/hello_moveit_ur/share/hello_moveit_ur/local_setup.sh
[46.315s] -- Up-to-date: /root/overlay_ws/src/install/hello_moveit_ur/share/hello_moveit_ur/local_setup.zsh
[46.315s] -- Installing: /root/overlay_ws/src/install/hello_moveit_ur/share/hello_moveit_ur/local_setup.dsv
[46.316s] -- Installing: /root/overlay_ws/src/install/hello_moveit_ur/share/hello_moveit_ur/package.dsv
[46.316s] -- Up-to-date: /root/overlay_ws/src/install/hello_moveit_ur/share/ament_index/resource_index/packages/hello_moveit_ur
[46.316s] -- Up-to-date: /root/overlay_ws/src/install/hello_moveit_ur/share/hello_moveit_ur/cmake/hello_moveit_urConfig.cmake
[46.317s] -- Up-to-date: /root/overlay_ws/src/install/hello_moveit_ur/share/hello_moveit_ur/cmake/hello_moveit_urConfig-version.cmake
[46.318s] -- Up-to-date: /root/overlay_ws/src/install/hello_moveit_ur/share/hello_moveit_ur/package.xml
[46.319s] Invoked command in '/root/overlay_ws/src/build/hello_moveit_ur' returned '0': CMAKE_PREFIX_PATH=${CMAKE_PREFIX_PATH}:/root/underlay_ws/install/moveit_configs_utils:/root/underlay_ws/install/launch_param_builder:/opt/ros/humble /usr/bin/cmake --install /root/overlay_ws/src/build/hello_moveit_ur
