[0.231s] DEBUG:colcon:Command line arguments: ['/usr/bin/colcon', 'build', '--mixin', 'debug']
[0.231s] DEBUG:colcon:Parsed command line arguments: Namespace(log_base=None, log_level=None, verb_name='build', build_base='build', install_base='install', merge_install=False, symlink_install=False, test_result_base=None, continue_on_error=False, executor='parallel', parallel_workers=8, event_handlers=None, ignore_user_meta=False, metas=['./colcon.meta'], base_paths=['.'], packages_ignore=None, packages_ignore_regex=None, paths=None, packages_up_to=None, packages_up_to_regex=None, packages_above=None, packages_above_and_dependencies=None, packages_above_depth=None, packages_select_by_dep=None, packages_skip_by_dep=None, packages_skip_up_to=None, packages_select_build_failed=False, packages_skip_build_finished=False, packages_select_test_failures=False, packages_skip_test_passed=False, packages_select=None, packages_skip=None, packages_select_regex=None, packages_skip_regex=None, packages_start=None, packages_end=None, allow_overriding=[], cmake_args=['-DCMAKE_BUILD_TYPE=Debug'], cmake_target=None, cmake_target_skip_unavailable=False, cmake_clean_cache=False, cmake_clean_first=False, cmake_force_configure=False, ament_cmake_args=None, catkin_cmake_args=None, catkin_skip_building_tests=False, mixin_files=None, mixin=['debug'], verb_parser=<colcon_mixin.mixin.mixin_argument.MixinArgumentDecorator object at 0x7f416dcc5330>, verb_extension=<colcon_core.verb.build.BuildVerb object at 0x7f416de05a80>, main=<bound method BuildVerb.main of <colcon_core.verb.build.BuildVerb object at 0x7f416de05a80>>, mixin_verb=('build',))
[0.613s] Level 1:colcon.colcon_core.package_discovery:discover_packages(colcon_meta) check parameters
[0.613s] Level 1:colcon.colcon_core.package_discovery:discover_packages(recursive) check parameters
[0.614s] Level 1:colcon.colcon_core.package_discovery:discover_packages(ignore) check parameters
[0.614s] Level 1:colcon.colcon_core.package_discovery:discover_packages(path) check parameters
[0.614s] Level 1:colcon.colcon_core.package_discovery:discover_packages(colcon_meta) discover
[0.614s] Level 1:colcon.colcon_core.package_discovery:discover_packages(recursive) discover
[0.614s] INFO:colcon.colcon_core.package_discovery:Crawling recursively for packages in '/root/overlay_ws/src/hello_moveit_ur'
[0.614s] Level 1:colcon.colcon_core.package_identification:_identify(.) by extensions ['ignore', 'ignore_ament_install']
[0.614s] Level 1:colcon.colcon_core.package_identification:_identify(.) by extension 'ignore'
[0.614s] Level 1:colcon.colcon_core.package_identification:_identify(.) by extension 'ignore_ament_install'
[0.614s] Level 1:colcon.colcon_core.package_identification:_identify(.) by extensions ['colcon_pkg']
[0.614s] Level 1:colcon.colcon_core.package_identification:_identify(.) by extension 'colcon_pkg'
[0.614s] Level 1:colcon.colcon_core.package_identification:_identify(.) by extensions ['colcon_meta']
[0.614s] Level 1:colcon.colcon_core.package_identification:_identify(.) by extension 'colcon_meta'
[0.614s] Level 1:colcon.colcon_core.package_identification:_identify(.) by extensions ['ros']
[0.615s] Level 1:colcon.colcon_core.package_identification:_identify(.) by extension 'ros'
[0.633s] DEBUG:colcon.colcon_core.package_identification:Package '.' with type 'ros.ament_cmake' and name 'hello_moveit_ur'
[0.633s] Level 1:colcon.colcon_core.package_discovery:discover_packages(recursive) using defaults
[0.633s] Level 1:colcon.colcon_core.package_discovery:discover_packages(ignore) discover
[0.633s] Level 1:colcon.colcon_core.package_discovery:discover_packages(ignore) using defaults
[0.633s] Level 1:colcon.colcon_core.package_discovery:discover_packages(path) discover
[0.633s] Level 1:colcon.colcon_core.package_discovery:discover_packages(path) using defaults
[0.667s] Level 1:colcon.colcon_core.package_discovery:discover_packages(prefix_path) check parameters
[0.667s] Level 1:colcon.colcon_core.package_discovery:discover_packages(prefix_path) discover
[0.678s] DEBUG:colcon.colcon_installed_package_information.package_discovery:Found 0 installed packages in /root/overlay_ws/install
[0.681s] DEBUG:colcon.colcon_installed_package_information.package_discovery:Found 55 installed packages in /root/underlay_ws/install
[0.684s] DEBUG:colcon.colcon_installed_package_information.package_discovery:Found 341 installed packages in /opt/ros/humble
[0.700s] Level 1:colcon.colcon_core.package_discovery:discover_packages(prefix_path) using defaults
[0.792s] Level 5:colcon.colcon_core.verb:set package 'hello_moveit_ur' build argument 'cmake_args' from command line to '['-DCMAKE_BUILD_TYPE=Debug']'
[0.792s] Level 5:colcon.colcon_core.verb:set package 'hello_moveit_ur' build argument 'cmake_target' from command line to 'None'
[0.792s] Level 5:colcon.colcon_core.verb:set package 'hello_moveit_ur' build argument 'cmake_target_skip_unavailable' from command line to 'False'
[0.792s] Level 5:colcon.colcon_core.verb:set package 'hello_moveit_ur' build argument 'cmake_clean_cache' from command line to 'False'
[0.792s] Level 5:colcon.colcon_core.verb:set package 'hello_moveit_ur' build argument 'cmake_clean_first' from command line to 'False'
[0.792s] Level 5:colcon.colcon_core.verb:set package 'hello_moveit_ur' build argument 'cmake_force_configure' from command line to 'False'
[0.792s] Level 5:colcon.colcon_core.verb:set package 'hello_moveit_ur' build argument 'ament_cmake_args' from command line to 'None'
[0.792s] Level 5:colcon.colcon_core.verb:set package 'hello_moveit_ur' build argument 'catkin_cmake_args' from command line to 'None'
[0.792s] Level 5:colcon.colcon_core.verb:set package 'hello_moveit_ur' build argument 'catkin_skip_building_tests' from command line to 'False'
[0.792s] DEBUG:colcon.colcon_core.verb:Building package 'hello_moveit_ur' with the following arguments: {'ament_cmake_args': None, 'build_base': '/root/overlay_ws/src/hello_moveit_ur/build/hello_moveit_ur', 'catkin_cmake_args': None, 'catkin_skip_building_tests': False, 'cmake_args': ['-DCMAKE_BUILD_TYPE=Debug'], 'cmake_clean_cache': False, 'cmake_clean_first': False, 'cmake_force_configure': False, 'cmake_target': None, 'cmake_target_skip_unavailable': False, 'install_base': '/root/overlay_ws/src/hello_moveit_ur/install/hello_moveit_ur', 'merge_install': False, 'path': '/root/overlay_ws/src/hello_moveit_ur', 'symlink_install': False, 'test_result_base': None}
[0.792s] INFO:colcon.colcon_core.executor:Executing jobs using 'parallel' executor
[0.794s] DEBUG:colcon.colcon_parallel_executor.executor.parallel:run_until_complete
[0.794s] INFO:colcon.colcon_ros.task.ament_cmake.build:Building ROS package in '/root/overlay_ws/src/hello_moveit_ur' with build type 'ament_cmake'
[0.794s] INFO:colcon.colcon_cmake.task.cmake.build:Building CMake package in '/root/overlay_ws/src/hello_moveit_ur'
[0.800s] INFO:colcon.colcon_core.plugin_system:Skipping extension 'colcon_core.shell.bat': Not used on non-Windows systems
[0.800s] INFO:colcon.colcon_core.shell:Skip shell extension 'powershell' for command environment: Not usable outside of PowerShell
[0.801s] DEBUG:colcon.colcon_core.shell:Skip shell extension 'dsv' for command environment
[0.825s] DEBUG:colcon.colcon_core.event_handler.log_command:Invoking command in '/root/overlay_ws/src/hello_moveit_ur/build/hello_moveit_ur': CMAKE_PREFIX_PATH=${CMAKE_PREFIX_PATH}:/root/underlay_ws/install/moveit_configs_utils:/root/underlay_ws/install/launch_param_builder:/opt/ros/humble /usr/bin/cmake /root/overlay_ws/src/hello_moveit_ur -DCMAKE_BUILD_TYPE=Debug -DCMAKE_INSTALL_PREFIX=/root/overlay_ws/src/hello_moveit_ur/install/hello_moveit_ur
[9.253s] DEBUG:colcon.colcon_core.event_handler.log_command:Invoked command in '/root/overlay_ws/src/hello_moveit_ur/build/hello_moveit_ur' returned '0': CMAKE_PREFIX_PATH=${CMAKE_PREFIX_PATH}:/root/underlay_ws/install/moveit_configs_utils:/root/underlay_ws/install/launch_param_builder:/opt/ros/humble /usr/bin/cmake /root/overlay_ws/src/hello_moveit_ur -DCMAKE_BUILD_TYPE=Debug -DCMAKE_INSTALL_PREFIX=/root/overlay_ws/src/hello_moveit_ur/install/hello_moveit_ur
[9.256s] DEBUG:colcon.colcon_core.event_handler.log_command:Invoking command in '/root/overlay_ws/src/hello_moveit_ur/build/hello_moveit_ur': CMAKE_PREFIX_PATH=${CMAKE_PREFIX_PATH}:/root/underlay_ws/install/moveit_configs_utils:/root/underlay_ws/install/launch_param_builder:/opt/ros/humble /usr/bin/cmake --build /root/overlay_ws/src/hello_moveit_ur/build/hello_moveit_ur -- -j8 -l8
[22.780s] DEBUG:colcon.colcon_core.event_handler.log_command:Invoked command in '/root/overlay_ws/src/hello_moveit_ur/build/hello_moveit_ur' returned '0': CMAKE_PREFIX_PATH=${CMAKE_PREFIX_PATH}:/root/underlay_ws/install/moveit_configs_utils:/root/underlay_ws/install/launch_param_builder:/opt/ros/humble /usr/bin/cmake --build /root/overlay_ws/src/hello_moveit_ur/build/hello_moveit_ur -- -j8 -l8
[22.867s] DEBUG:colcon.colcon_core.event_handler.log_command:Invoking command in '/root/overlay_ws/src/hello_moveit_ur/build/hello_moveit_ur': CMAKE_PREFIX_PATH=${CMAKE_PREFIX_PATH}:/root/underlay_ws/install/moveit_configs_utils:/root/underlay_ws/install/launch_param_builder:/opt/ros/humble /usr/bin/cmake --install /root/overlay_ws/src/hello_moveit_ur/build/hello_moveit_ur
[22.906s] Level 1:colcon.colcon_core.environment:create_environment_scripts_only(hello_moveit_ur)
[22.907s] DEBUG:colcon.colcon_core.event_handler.log_command:Invoked command in '/root/overlay_ws/src/hello_moveit_ur/build/hello_moveit_ur' returned '0': CMAKE_PREFIX_PATH=${CMAKE_PREFIX_PATH}:/root/underlay_ws/install/moveit_configs_utils:/root/underlay_ws/install/launch_param_builder:/opt/ros/humble /usr/bin/cmake --install /root/overlay_ws/src/hello_moveit_ur/build/hello_moveit_ur
[22.912s] Level 1:colcon.colcon_core.environment:checking '/root/overlay_ws/src/hello_moveit_ur/install/hello_moveit_ur' for CMake module files
[22.913s] Level 1:colcon.colcon_core.environment:checking '/root/overlay_ws/src/hello_moveit_ur/install/hello_moveit_ur' for CMake config files
[22.913s] Level 1:colcon.colcon_core.shell:create_environment_hook('hello_moveit_ur', 'cmake_prefix_path')
[22.913s] INFO:colcon.colcon_core.shell:Creating environment hook '/root/overlay_ws/src/hello_moveit_ur/install/hello_moveit_ur/share/hello_moveit_ur/hook/cmake_prefix_path.ps1'
[22.914s] INFO:colcon.colcon_core.shell:Creating environment descriptor '/root/overlay_ws/src/hello_moveit_ur/install/hello_moveit_ur/share/hello_moveit_ur/hook/cmake_prefix_path.dsv'
[22.915s] INFO:colcon.colcon_core.shell:Creating environment hook '/root/overlay_ws/src/hello_moveit_ur/install/hello_moveit_ur/share/hello_moveit_ur/hook/cmake_prefix_path.sh'
[22.916s] Level 1:colcon.colcon_core.environment:checking '/root/overlay_ws/src/hello_moveit_ur/install/hello_moveit_ur/lib'
[22.916s] Level 1:colcon.colcon_core.environment:checking '/root/overlay_ws/src/hello_moveit_ur/install/hello_moveit_ur/bin'
[22.916s] Level 1:colcon.colcon_core.environment:checking '/root/overlay_ws/src/hello_moveit_ur/install/hello_moveit_ur/lib/pkgconfig/hello_moveit_ur.pc'
[22.916s] Level 1:colcon.colcon_core.environment:checking '/root/overlay_ws/src/hello_moveit_ur/install/hello_moveit_ur/lib/python3.10/site-packages'
[22.917s] Level 1:colcon.colcon_core.environment:checking '/root/overlay_ws/src/hello_moveit_ur/install/hello_moveit_ur/bin'
[22.917s] INFO:colcon.colcon_core.shell:Creating package script '/root/overlay_ws/src/hello_moveit_ur/install/hello_moveit_ur/share/hello_moveit_ur/package.ps1'
[22.918s] INFO:colcon.colcon_core.shell:Creating package descriptor '/root/overlay_ws/src/hello_moveit_ur/install/hello_moveit_ur/share/hello_moveit_ur/package.dsv'
[22.919s] INFO:colcon.colcon_core.shell:Creating package script '/root/overlay_ws/src/hello_moveit_ur/install/hello_moveit_ur/share/hello_moveit_ur/package.sh'
[22.920s] INFO:colcon.colcon_core.shell:Creating package script '/root/overlay_ws/src/hello_moveit_ur/install/hello_moveit_ur/share/hello_moveit_ur/package.bash'
[22.920s] INFO:colcon.colcon_core.shell:Creating package script '/root/overlay_ws/src/hello_moveit_ur/install/hello_moveit_ur/share/hello_moveit_ur/package.zsh'
[22.921s] Level 1:colcon.colcon_core.environment:create_file_with_runtime_dependencies(/root/overlay_ws/src/hello_moveit_ur/install/hello_moveit_ur/share/colcon-core/packages/hello_moveit_ur)
[22.993s] Level 1:colcon.colcon_core.environment:create_environment_scripts_only(hello_moveit_ur)
[22.993s] Level 1:colcon.colcon_core.environment:checking '/root/overlay_ws/src/hello_moveit_ur/install/hello_moveit_ur' for CMake module files
[22.994s] Level 1:colcon.colcon_core.environment:checking '/root/overlay_ws/src/hello_moveit_ur/install/hello_moveit_ur' for CMake config files
[22.994s] Level 1:colcon.colcon_core.shell:create_environment_hook('hello_moveit_ur', 'cmake_prefix_path')
[22.995s] INFO:colcon.colcon_core.shell:Creating environment hook '/root/overlay_ws/src/hello_moveit_ur/install/hello_moveit_ur/share/hello_moveit_ur/hook/cmake_prefix_path.ps1'
[22.995s] INFO:colcon.colcon_core.shell:Creating environment descriptor '/root/overlay_ws/src/hello_moveit_ur/install/hello_moveit_ur/share/hello_moveit_ur/hook/cmake_prefix_path.dsv'
[22.996s] INFO:colcon.colcon_core.shell:Creating environment hook '/root/overlay_ws/src/hello_moveit_ur/install/hello_moveit_ur/share/hello_moveit_ur/hook/cmake_prefix_path.sh'
[22.997s] Level 1:colcon.colcon_core.environment:checking '/root/overlay_ws/src/hello_moveit_ur/install/hello_moveit_ur/lib'
[22.997s] Level 1:colcon.colcon_core.environment:checking '/root/overlay_ws/src/hello_moveit_ur/install/hello_moveit_ur/bin'
[22.997s] Level 1:colcon.colcon_core.environment:checking '/root/overlay_ws/src/hello_moveit_ur/install/hello_moveit_ur/lib/pkgconfig/hello_moveit_ur.pc'
[22.997s] Level 1:colcon.colcon_core.environment:checking '/root/overlay_ws/src/hello_moveit_ur/install/hello_moveit_ur/lib/python3.10/site-packages'
[22.997s] Level 1:colcon.colcon_core.environment:checking '/root/overlay_ws/src/hello_moveit_ur/install/hello_moveit_ur/bin'
[22.998s] INFO:colcon.colcon_core.shell:Creating package script '/root/overlay_ws/src/hello_moveit_ur/install/hello_moveit_ur/share/hello_moveit_ur/package.ps1'
[22.998s] INFO:colcon.colcon_core.shell:Creating package descriptor '/root/overlay_ws/src/hello_moveit_ur/install/hello_moveit_ur/share/hello_moveit_ur/package.dsv'
[22.999s] INFO:colcon.colcon_core.shell:Creating package script '/root/overlay_ws/src/hello_moveit_ur/install/hello_moveit_ur/share/hello_moveit_ur/package.sh'
[23.000s] INFO:colcon.colcon_core.shell:Creating package script '/root/overlay_ws/src/hello_moveit_ur/install/hello_moveit_ur/share/hello_moveit_ur/package.bash'
[23.000s] INFO:colcon.colcon_core.shell:Creating package script '/root/overlay_ws/src/hello_moveit_ur/install/hello_moveit_ur/share/hello_moveit_ur/package.zsh'
[23.001s] Level 1:colcon.colcon_core.environment:create_file_with_runtime_dependencies(/root/overlay_ws/src/hello_moveit_ur/install/hello_moveit_ur/share/colcon-core/packages/hello_moveit_ur)
[23.001s] DEBUG:colcon.colcon_parallel_executor.executor.parallel:closing loop
[23.002s] DEBUG:colcon.colcon_parallel_executor.executor.parallel:loop closed
[23.002s] DEBUG:colcon.colcon_parallel_executor.executor.parallel:run_until_complete finished with '0'
[23.002s] DEBUG:colcon.colcon_core.event_reactor:joining thread
[23.014s] INFO:colcon.colcon_core.plugin_system:Skipping extension 'colcon_notification.desktop_notification.notify_send': Could not find 'notify-send'
[23.015s] INFO:colcon.colcon_core.plugin_system:Skipping extension 'colcon_notification.desktop_notification.terminal_notifier': Not used on non-Darwin systems
[23.015s] INFO:colcon.colcon_core.plugin_system:Skipping extension 'colcon_notification.desktop_notification.win32': Not used on non-Windows systems
[23.015s] INFO:colcon.colcon_notification.desktop_notification:Sending desktop notification using 'notify2'
[23.019s] DEBUG:colcon.colcon_notification.desktop_notification.notify2:Failed to initialize notify2: org.freedesktop.DBus.Error.Spawn.ExecFailed: /usr/bin/dbus-launch terminated abnormally without any error message
[23.019s] DEBUG:colcon.colcon_core.event_reactor:joined thread
[23.020s] INFO:colcon.colcon_core.shell:Creating prefix script '/root/overlay_ws/src/hello_moveit_ur/install/local_setup.ps1'
[23.022s] INFO:colcon.colcon_core.shell:Creating prefix util module '/root/overlay_ws/src/hello_moveit_ur/install/_local_setup_util_ps1.py'
[23.024s] INFO:colcon.colcon_core.shell:Creating prefix chain script '/root/overlay_ws/src/hello_moveit_ur/install/setup.ps1'
[23.030s] INFO:colcon.colcon_core.shell:Creating prefix script '/root/overlay_ws/src/hello_moveit_ur/install/local_setup.sh'
[23.031s] INFO:colcon.colcon_core.shell:Creating prefix util module '/root/overlay_ws/src/hello_moveit_ur/install/_local_setup_util_sh.py'
[23.032s] INFO:colcon.colcon_core.shell:Creating prefix chain script '/root/overlay_ws/src/hello_moveit_ur/install/setup.sh'
[23.039s] INFO:colcon.colcon_core.shell:Creating prefix script '/root/overlay_ws/src/hello_moveit_ur/install/local_setup.bash'
[23.040s] INFO:colcon.colcon_core.shell:Creating prefix chain script '/root/overlay_ws/src/hello_moveit_ur/install/setup.bash'
[23.047s] INFO:colcon.colcon_core.shell:Creating prefix script '/root/overlay_ws/src/hello_moveit_ur/install/local_setup.zsh'
[23.048s] INFO:colcon.colcon_core.shell:Creating prefix chain script '/root/overlay_ws/src/hello_moveit_ur/install/setup.zsh'
