[3.821s] DEBUG:colcon:Command line arguments: ['/usr/bin/colcon', 'build', '--packages-select', 'par_utils', 'par_pkg']
[3.822s] DEBUG:colcon:Parsed command line arguments: Namespace(log_base=None, log_level=None, verb_name='build', build_base='build', install_base='install', merge_install=False, symlink_install=False, test_result_base=None, continue_on_error=False, executor='parallel', parallel_workers=8, event_handlers=None, ignore_user_meta=False, metas=['./colcon.meta'], base_paths=['.'], packages_ignore=None, packages_ignore_regex=None, paths=None, packages_up_to=None, packages_up_to_regex=None, packages_above=None, packages_above_and_dependencies=None, packages_above_depth=None, packages_select_by_dep=None, packages_skip_by_dep=None, packages_skip_up_to=None, packages_select_build_failed=False, packages_skip_build_finished=False, packages_select_test_failures=False, packages_skip_test_passed=False, packages_select=['par_utils', 'par_pkg'], packages_skip=None, packages_select_regex=None, packages_skip_regex=None, packages_start=None, packages_end=None, allow_overriding=[], cmake_args=None, cmake_target=None, cmake_target_skip_unavailable=False, cmake_clean_cache=False, cmake_clean_first=False, cmake_force_configure=False, ament_cmake_args=None, catkin_cmake_args=None, catkin_skip_building_tests=False, mixin_files=None, mixin=None, verb_parser=<colcon_mixin.mixin.mixin_argument.MixinArgumentDecorator object at 0x7974d0dc3880>, verb_extension=<colcon_core.verb.build.BuildVerb object at 0x7974d0dc15a0>, main=<bound method BuildVerb.main of <colcon_core.verb.build.BuildVerb object at 0x7974d0dc15a0>>, mixin_verb=('build',))
[3.963s] Level 1:colcon.colcon_core.package_discovery:discover_packages(colcon_meta) check parameters
[3.964s] Level 1:colcon.colcon_core.package_discovery:discover_packages(recursive) check parameters
[3.964s] Level 1:colcon.colcon_core.package_discovery:discover_packages(ignore) check parameters
[3.964s] Level 1:colcon.colcon_core.package_discovery:discover_packages(path) check parameters
[3.964s] Level 1:colcon.colcon_core.package_discovery:discover_packages(colcon_meta) discover
[3.964s] Level 1:colcon.colcon_core.package_discovery:discover_packages(recursive) discover
[3.964s] INFO:colcon.colcon_core.package_discovery:Crawling recursively for packages in '/home/vxlab/on_UR5e'
[3.964s] Level 1:colcon.colcon_core.package_identification:_identify(.) by extensions ['ignore', 'ignore_ament_install']
[3.965s] Level 1:colcon.colcon_core.package_identification:_identify(.) by extension 'ignore'
[3.965s] Level 1:colcon.colcon_core.package_identification:_identify(.) by extension 'ignore_ament_install'
[3.965s] Level 1:colcon.colcon_core.package_identification:_identify(.) by extensions ['colcon_pkg']
[3.965s] Level 1:colcon.colcon_core.package_identification:_identify(.) by extension 'colcon_pkg'
[3.965s] Level 1:colcon.colcon_core.package_identification:_identify(.) by extensions ['colcon_meta']
[3.965s] Level 1:colcon.colcon_core.package_identification:_identify(.) by extension 'colcon_meta'
[3.965s] Level 1:colcon.colcon_core.package_identification:_identify(.) by extensions ['ros']
[3.965s] Level 1:colcon.colcon_core.package_identification:_identify(.) by extension 'ros'
[3.990s] Level 1:colcon.colcon_core.package_identification:_identify(.) by extensions ['cmake', 'python']
[3.990s] Level 1:colcon.colcon_core.package_identification:_identify(.) by extension 'cmake'
[3.990s] Level 1:colcon.colcon_core.package_identification:_identify(.) by extension 'python'
[3.990s] Level 1:colcon.colcon_core.package_identification:_identify(.) by extensions ['python_setup_py']
[3.990s] Level 1:colcon.colcon_core.package_identification:_identify(.) by extension 'python_setup_py'
[3.990s] Level 1:colcon.colcon_core.package_identification:_identify(build) by extensions ['ignore', 'ignore_ament_install']
[3.991s] Level 1:colcon.colcon_core.package_identification:_identify(build) by extension 'ignore'
[3.991s] Level 1:colcon.colcon_core.package_identification:_identify(build) ignored
[3.991s] Level 1:colcon.colcon_core.package_identification:_identify(graph_msgs) by extensions ['ignore', 'ignore_ament_install']
[3.991s] Level 1:colcon.colcon_core.package_identification:_identify(graph_msgs) by extension 'ignore'
[3.991s] Level 1:colcon.colcon_core.package_identification:_identify(graph_msgs) by extension 'ignore_ament_install'
[3.991s] Level 1:colcon.colcon_core.package_identification:_identify(graph_msgs) by extensions ['colcon_pkg']
[3.991s] Level 1:colcon.colcon_core.package_identification:_identify(graph_msgs) by extension 'colcon_pkg'
[3.992s] Level 1:colcon.colcon_core.package_identification:_identify(graph_msgs) by extensions ['colcon_meta']
[3.992s] Level 1:colcon.colcon_core.package_identification:_identify(graph_msgs) by extension 'colcon_meta'
[3.992s] Level 1:colcon.colcon_core.package_identification:_identify(graph_msgs) by extensions ['ros']
[3.992s] Level 1:colcon.colcon_core.package_identification:_identify(graph_msgs) by extension 'ros'
[3.992s] Level 1:colcon.colcon_core.package_identification:_identify(graph_msgs) by extensions ['cmake', 'python']
[3.992s] Level 1:colcon.colcon_core.package_identification:_identify(graph_msgs) by extension 'cmake'
[3.992s] Level 1:colcon.colcon_core.package_identification:_identify(graph_msgs) by extension 'python'
[3.992s] Level 1:colcon.colcon_core.package_identification:_identify(graph_msgs) by extensions ['python_setup_py']
[3.993s] Level 1:colcon.colcon_core.package_identification:_identify(graph_msgs) by extension 'python_setup_py'
[3.993s] Level 1:colcon.colcon_core.package_identification:_identify(hello_moveit_ur) by extensions ['ignore', 'ignore_ament_install']
[3.993s] Level 1:colcon.colcon_core.package_identification:_identify(hello_moveit_ur) by extension 'ignore'
[3.993s] Level 1:colcon.colcon_core.package_identification:_identify(hello_moveit_ur) by extension 'ignore_ament_install'
[3.993s] Level 1:colcon.colcon_core.package_identification:_identify(hello_moveit_ur) by extensions ['colcon_pkg']
[3.993s] Level 1:colcon.colcon_core.package_identification:_identify(hello_moveit_ur) by extension 'colcon_pkg'
[3.993s] Level 1:colcon.colcon_core.package_identification:_identify(hello_moveit_ur) by extensions ['colcon_meta']
[3.993s] Level 1:colcon.colcon_core.package_identification:_identify(hello_moveit_ur) by extension 'colcon_meta'
[3.994s] Level 1:colcon.colcon_core.package_identification:_identify(hello_moveit_ur) by extensions ['ros']
[3.994s] Level 1:colcon.colcon_core.package_identification:_identify(hello_moveit_ur) by extension 'ros'
[3.999s] DEBUG:colcon.colcon_core.package_identification:Package 'hello_moveit_ur' with type 'ros.ament_cmake' and name 'hello_moveit_ur'
[3.999s] Level 1:colcon.colcon_core.package_identification:_identify(install) by extensions ['ignore', 'ignore_ament_install']
[3.999s] Level 1:colcon.colcon_core.package_identification:_identify(install) by extension 'ignore'
[3.999s] Level 1:colcon.colcon_core.package_identification:_identify(install) ignored
[4.000s] Level 1:colcon.colcon_core.package_identification:_identify(log) by extensions ['ignore', 'ignore_ament_install']
[4.000s] Level 1:colcon.colcon_core.package_identification:_identify(log) by extension 'ignore'
[4.000s] Level 1:colcon.colcon_core.package_identification:_identify(log) ignored
[4.000s] Level 1:colcon.colcon_core.package_identification:_identify(moveit_visual_tools) by extensions ['ignore', 'ignore_ament_install']
[4.000s] Level 1:colcon.colcon_core.package_identification:_identify(moveit_visual_tools) by extension 'ignore'
[4.000s] Level 1:colcon.colcon_core.package_identification:_identify(moveit_visual_tools) by extension 'ignore_ament_install'
[4.000s] Level 1:colcon.colcon_core.package_identification:_identify(moveit_visual_tools) by extensions ['colcon_pkg']
[4.001s] Level 1:colcon.colcon_core.package_identification:_identify(moveit_visual_tools) by extension 'colcon_pkg'
[4.001s] Level 1:colcon.colcon_core.package_identification:_identify(moveit_visual_tools) by extensions ['colcon_meta']
[4.001s] Level 1:colcon.colcon_core.package_identification:_identify(moveit_visual_tools) by extension 'colcon_meta'
[4.001s] Level 1:colcon.colcon_core.package_identification:_identify(moveit_visual_tools) by extensions ['ros']
[4.001s] Level 1:colcon.colcon_core.package_identification:_identify(moveit_visual_tools) by extension 'ros'
[4.001s] Level 1:colcon.colcon_core.package_identification:_identify(moveit_visual_tools) by extensions ['cmake', 'python']
[4.001s] Level 1:colcon.colcon_core.package_identification:_identify(moveit_visual_tools) by extension 'cmake'
[4.001s] Level 1:colcon.colcon_core.package_identification:_identify(moveit_visual_tools) by extension 'python'
[4.001s] Level 1:colcon.colcon_core.package_identification:_identify(moveit_visual_tools) by extensions ['python_setup_py']
[4.002s] Level 1:colcon.colcon_core.package_identification:_identify(moveit_visual_tools) by extension 'python_setup_py'
[4.002s] Level 1:colcon.colcon_core.package_identification:_identify(par_pkg) by extensions ['ignore', 'ignore_ament_install']
[4.002s] Level 1:colcon.colcon_core.package_identification:_identify(par_pkg) by extension 'ignore'
[4.002s] Level 1:colcon.colcon_core.package_identification:_identify(par_pkg) by extension 'ignore_ament_install'
[4.002s] Level 1:colcon.colcon_core.package_identification:_identify(par_pkg) by extensions ['colcon_pkg']
[4.002s] Level 1:colcon.colcon_core.package_identification:_identify(par_pkg) by extension 'colcon_pkg'
[4.002s] Level 1:colcon.colcon_core.package_identification:_identify(par_pkg) by extensions ['colcon_meta']
[4.002s] Level 1:colcon.colcon_core.package_identification:_identify(par_pkg) by extension 'colcon_meta'
[4.003s] Level 1:colcon.colcon_core.package_identification:_identify(par_pkg) by extensions ['ros']
[4.003s] Level 1:colcon.colcon_core.package_identification:_identify(par_pkg) by extension 'ros'
[4.004s] DEBUG:colcon.colcon_core.package_identification:Package 'par_pkg' with type 'ros.ament_python' and name 'par_pkg'
[4.004s] Level 1:colcon.colcon_core.package_identification:_identify(par_utils) by extensions ['ignore', 'ignore_ament_install']
[4.004s] Level 1:colcon.colcon_core.package_identification:_identify(par_utils) by extension 'ignore'
[4.004s] Level 1:colcon.colcon_core.package_identification:_identify(par_utils) by extension 'ignore_ament_install'
[4.004s] Level 1:colcon.colcon_core.package_identification:_identify(par_utils) by extensions ['colcon_pkg']
[4.004s] Level 1:colcon.colcon_core.package_identification:_identify(par_utils) by extension 'colcon_pkg'
[4.004s] Level 1:colcon.colcon_core.package_identification:_identify(par_utils) by extensions ['colcon_meta']
[4.004s] Level 1:colcon.colcon_core.package_identification:_identify(par_utils) by extension 'colcon_meta'
[4.004s] Level 1:colcon.colcon_core.package_identification:_identify(par_utils) by extensions ['ros']
[4.005s] Level 1:colcon.colcon_core.package_identification:_identify(par_utils) by extension 'ros'
[4.006s] DEBUG:colcon.colcon_core.package_identification:Package 'par_utils' with type 'ros.ament_cmake' and name 'par_utils'
[4.006s] Level 1:colcon.colcon_core.package_identification:_identify(rviz_visual_tools) by extensions ['ignore', 'ignore_ament_install']
[4.006s] Level 1:colcon.colcon_core.package_identification:_identify(rviz_visual_tools) by extension 'ignore'
[4.006s] Level 1:colcon.colcon_core.package_identification:_identify(rviz_visual_tools) by extension 'ignore_ament_install'
[4.006s] Level 1:colcon.colcon_core.package_identification:_identify(rviz_visual_tools) by extensions ['colcon_pkg']
[4.006s] Level 1:colcon.colcon_core.package_identification:_identify(rviz_visual_tools) by extension 'colcon_pkg'
[4.006s] Level 1:colcon.colcon_core.package_identification:_identify(rviz_visual_tools) by extensions ['colcon_meta']
[4.006s] Level 1:colcon.colcon_core.package_identification:_identify(rviz_visual_tools) by extension 'colcon_meta'
[4.006s] Level 1:colcon.colcon_core.package_identification:_identify(rviz_visual_tools) by extensions ['ros']
[4.006s] Level 1:colcon.colcon_core.package_identification:_identify(rviz_visual_tools) by extension 'ros'
[4.006s] Level 1:colcon.colcon_core.package_identification:_identify(rviz_visual_tools) by extensions ['cmake', 'python']
[4.007s] Level 1:colcon.colcon_core.package_identification:_identify(rviz_visual_tools) by extension 'cmake'
[4.007s] Level 1:colcon.colcon_core.package_identification:_identify(rviz_visual_tools) by extension 'python'
[4.007s] Level 1:colcon.colcon_core.package_identification:_identify(rviz_visual_tools) by extensions ['python_setup_py']
[4.007s] Level 1:colcon.colcon_core.package_identification:_identify(rviz_visual_tools) by extension 'python_setup_py'
[4.007s] Level 1:colcon.colcon_core.package_discovery:discover_packages(recursive) using defaults
[4.007s] Level 1:colcon.colcon_core.package_discovery:discover_packages(ignore) discover
[4.007s] Level 1:colcon.colcon_core.package_discovery:discover_packages(ignore) using defaults
[4.007s] Level 1:colcon.colcon_core.package_discovery:discover_packages(path) discover
[4.007s] Level 1:colcon.colcon_core.package_discovery:discover_packages(path) using defaults
[4.168s] INFO:colcon.colcon_core.package_selection:Skipping not selected package 'hello_moveit_ur' in 'hello_moveit_ur'
[4.252s] Level 1:colcon.colcon_core.package_discovery:discover_packages(prefix_path) check parameters
[4.252s] Level 1:colcon.colcon_core.package_discovery:discover_packages(prefix_path) discover
[4.341s] DEBUG:colcon.colcon_installed_package_information.package_discovery:Found 384 installed packages in /opt/ros/humble
[4.344s] Level 1:colcon.colcon_core.package_discovery:discover_packages(prefix_path) using defaults
[4.583s] Level 5:colcon.colcon_core.verb:set package 'par_utils' build argument 'cmake_args' from command line to 'None'
[4.583s] Level 5:colcon.colcon_core.verb:set package 'par_utils' build argument 'cmake_target' from command line to 'None'
[4.583s] Level 5:colcon.colcon_core.verb:set package 'par_utils' build argument 'cmake_target_skip_unavailable' from command line to 'False'
[4.583s] Level 5:colcon.colcon_core.verb:set package 'par_utils' build argument 'cmake_clean_cache' from command line to 'False'
[4.583s] Level 5:colcon.colcon_core.verb:set package 'par_utils' build argument 'cmake_clean_first' from command line to 'False'
[4.583s] Level 5:colcon.colcon_core.verb:set package 'par_utils' build argument 'cmake_force_configure' from command line to 'False'
[4.584s] Level 5:colcon.colcon_core.verb:set package 'par_utils' build argument 'ament_cmake_args' from command line to 'None'
[4.584s] Level 5:colcon.colcon_core.verb:set package 'par_utils' build argument 'catkin_cmake_args' from command line to 'None'
[4.584s] Level 5:colcon.colcon_core.verb:set package 'par_utils' build argument 'catkin_skip_building_tests' from command line to 'False'
[4.584s] DEBUG:colcon.colcon_core.verb:Building package 'par_utils' with the following arguments: {'ament_cmake_args': None, 'build_base': '/home/vxlab/on_UR5e/build/par_utils', 'catkin_cmake_args': None, 'catkin_skip_building_tests': False, 'cmake_args': None, 'cmake_clean_cache': False, 'cmake_clean_first': False, 'cmake_force_configure': False, 'cmake_target': None, 'cmake_target_skip_unavailable': False, 'install_base': '/home/vxlab/on_UR5e/install/par_utils', 'merge_install': False, 'path': '/home/vxlab/on_UR5e/par_utils', 'symlink_install': False, 'test_result_base': None}
[4.626s] Level 5:colcon.colcon_core.verb:set package 'par_pkg' build argument 'cmake_args' from command line to 'None'
[4.626s] Level 5:colcon.colcon_core.verb:set package 'par_pkg' build argument 'cmake_target' from command line to 'None'
[4.626s] Level 5:colcon.colcon_core.verb:set package 'par_pkg' build argument 'cmake_target_skip_unavailable' from command line to 'False'
[4.626s] Level 5:colcon.colcon_core.verb:set package 'par_pkg' build argument 'cmake_clean_cache' from command line to 'False'
[4.626s] Level 5:colcon.colcon_core.verb:set package 'par_pkg' build argument 'cmake_clean_first' from command line to 'False'
[4.626s] Level 5:colcon.colcon_core.verb:set package 'par_pkg' build argument 'cmake_force_configure' from command line to 'False'
[4.626s] Level 5:colcon.colcon_core.verb:set package 'par_pkg' build argument 'ament_cmake_args' from command line to 'None'
[4.626s] Level 5:colcon.colcon_core.verb:set package 'par_pkg' build argument 'catkin_cmake_args' from command line to 'None'
[4.626s] Level 5:colcon.colcon_core.verb:set package 'par_pkg' build argument 'catkin_skip_building_tests' from command line to 'False'
[4.627s] DEBUG:colcon.colcon_core.verb:Building package 'par_pkg' with the following arguments: {'ament_cmake_args': None, 'build_base': '/home/vxlab/on_UR5e/build/par_pkg', 'catkin_cmake_args': None, 'catkin_skip_building_tests': False, 'cmake_args': None, 'cmake_clean_cache': False, 'cmake_clean_first': False, 'cmake_force_configure': False, 'cmake_target': None, 'cmake_target_skip_unavailable': False, 'install_base': '/home/vxlab/on_UR5e/install/par_pkg', 'merge_install': False, 'path': '/home/vxlab/on_UR5e/par_pkg', 'symlink_install': False, 'test_result_base': None}
[4.672s] INFO:colcon.colcon_core.executor:Executing jobs using 'parallel' executor
[4.723s] DEBUG:colcon.colcon_parallel_executor.executor.parallel:run_until_complete
[4.724s] INFO:colcon.colcon_ros.task.ament_cmake.build:Building ROS package in '/home/vxlab/on_UR5e/par_utils' with build type 'ament_cmake'
[4.724s] INFO:colcon.colcon_cmake.task.cmake.build:Building CMake package in '/home/vxlab/on_UR5e/par_utils'
[4.770s] INFO:colcon.colcon_core.plugin_system:Skipping extension 'colcon_core.shell.bat': Not used on non-Windows systems
[4.770s] INFO:colcon.colcon_core.shell:Skip shell extension 'powershell' for command environment: Not usable outside of PowerShell
[4.772s] DEBUG:colcon.colcon_core.shell:Skip shell extension 'dsv' for command environment
[4.871s] DEBUG:colcon.colcon_core.event_handler.log_command:Invoking command in '/home/vxlab/on_UR5e/build/par_utils': CMAKE_PREFIX_PATH=/opt/ros/humble /usr/bin/cmake --build /home/vxlab/on_UR5e/build/par_utils -- -j8 -l8
[4.899s] DEBUG:colcon.colcon_core.event_handler.log_command:Invoked command in '/home/vxlab/on_UR5e/build/par_utils' returned '2': CMAKE_PREFIX_PATH=/opt/ros/humble /usr/bin/cmake --build /home/vxlab/on_UR5e/build/par_utils -- -j8 -l8
[5.032s] Level 1:colcon.colcon_core.environment:create_environment_scripts_only(par_utils)
[5.088s] Level 1:colcon.colcon_core.environment:checking '/home/vxlab/on_UR5e/install/par_utils' for CMake module files
[5.089s] Level 1:colcon.colcon_core.environment:checking '/home/vxlab/on_UR5e/install/par_utils' for CMake config files
[5.090s] Level 1:colcon.colcon_core.shell:create_environment_hook('par_utils', 'cmake_prefix_path')
[5.132s] INFO:colcon.colcon_core.shell:Creating environment hook '/home/vxlab/on_UR5e/install/par_utils/share/par_utils/hook/cmake_prefix_path.ps1'
[5.133s] INFO:colcon.colcon_core.shell:Creating environment descriptor '/home/vxlab/on_UR5e/install/par_utils/share/par_utils/hook/cmake_prefix_path.dsv'
[5.133s] INFO:colcon.colcon_core.shell:Creating environment hook '/home/vxlab/on_UR5e/install/par_utils/share/par_utils/hook/cmake_prefix_path.sh'
[5.134s] Level 1:colcon.colcon_core.environment:checking '/home/vxlab/on_UR5e/install/par_utils/lib'
[5.135s] Level 1:colcon.colcon_core.shell:create_environment_hook('par_utils', 'ld_library_path_lib')
[5.177s] INFO:colcon.colcon_core.shell:Creating environment hook '/home/vxlab/on_UR5e/install/par_utils/share/par_utils/hook/ld_library_path_lib.ps1'
[5.178s] INFO:colcon.colcon_core.shell:Creating environment descriptor '/home/vxlab/on_UR5e/install/par_utils/share/par_utils/hook/ld_library_path_lib.dsv'
[5.179s] INFO:colcon.colcon_core.shell:Creating environment hook '/home/vxlab/on_UR5e/install/par_utils/share/par_utils/hook/ld_library_path_lib.sh'
[5.179s] Level 1:colcon.colcon_core.environment:checking '/home/vxlab/on_UR5e/install/par_utils/bin'
[5.179s] Level 1:colcon.colcon_core.environment:checking '/home/vxlab/on_UR5e/install/par_utils/lib/pkgconfig/par_utils.pc'
[5.180s] Level 1:colcon.colcon_core.environment:checking '/home/vxlab/on_UR5e/install/par_utils/lib/python3.10/site-packages'
[5.180s] Level 1:colcon.colcon_core.environment:checking '/home/vxlab/on_UR5e/install/par_utils/bin'
[5.222s] INFO:colcon.colcon_core.shell:Creating package script '/home/vxlab/on_UR5e/install/par_utils/share/par_utils/package.ps1'
[5.224s] INFO:colcon.colcon_core.shell:Creating package descriptor '/home/vxlab/on_UR5e/install/par_utils/share/par_utils/package.dsv'
[5.225s] INFO:colcon.colcon_core.shell:Creating package script '/home/vxlab/on_UR5e/install/par_utils/share/par_utils/package.sh'
[5.226s] INFO:colcon.colcon_core.shell:Creating package script '/home/vxlab/on_UR5e/install/par_utils/share/par_utils/package.bash'
[5.227s] INFO:colcon.colcon_core.shell:Creating package script '/home/vxlab/on_UR5e/install/par_utils/share/par_utils/package.zsh'
[5.228s] Level 1:colcon.colcon_core.environment:create_file_with_runtime_dependencies(/home/vxlab/on_UR5e/install/par_utils/share/colcon-core/packages/par_utils)
[5.239s] DEBUG:colcon.colcon_parallel_executor.executor.parallel:closing loop
[5.239s] DEBUG:colcon.colcon_parallel_executor.executor.parallel:loop closed
[5.239s] DEBUG:colcon.colcon_parallel_executor.executor.parallel:run_until_complete finished with '2'
[5.239s] DEBUG:colcon.colcon_core.event_reactor:joining thread
[5.300s] INFO:colcon.colcon_core.plugin_system:Skipping extension 'colcon_notification.desktop_notification.terminal_notifier': Not used on non-Darwin systems
[5.300s] INFO:colcon.colcon_core.plugin_system:Skipping extension 'colcon_notification.desktop_notification.win32': Not used on non-Windows systems
[5.300s] INFO:colcon.colcon_notification.desktop_notification:Sending desktop notification using 'notify2'
[5.318s] DEBUG:colcon.colcon_core.event_reactor:joined thread
[5.363s] INFO:colcon.colcon_core.shell:Creating prefix script '/home/vxlab/on_UR5e/install/local_setup.ps1'
[5.364s] INFO:colcon.colcon_core.shell:Creating prefix util module '/home/vxlab/on_UR5e/install/_local_setup_util_ps1.py'
[5.366s] INFO:colcon.colcon_core.shell:Creating prefix chain script '/home/vxlab/on_UR5e/install/setup.ps1'
[5.412s] INFO:colcon.colcon_core.shell:Creating prefix script '/home/vxlab/on_UR5e/install/local_setup.sh'
[5.414s] INFO:colcon.colcon_core.shell:Creating prefix util module '/home/vxlab/on_UR5e/install/_local_setup_util_sh.py'
[5.414s] INFO:colcon.colcon_core.shell:Creating prefix chain script '/home/vxlab/on_UR5e/install/setup.sh'
[5.459s] INFO:colcon.colcon_core.shell:Creating prefix script '/home/vxlab/on_UR5e/install/local_setup.bash'
[5.460s] INFO:colcon.colcon_core.shell:Creating prefix chain script '/home/vxlab/on_UR5e/install/setup.bash'
[5.507s] INFO:colcon.colcon_core.shell:Creating prefix script '/home/vxlab/on_UR5e/install/local_setup.zsh'
[5.508s] INFO:colcon.colcon_core.shell:Creating prefix chain script '/home/vxlab/on_UR5e/install/setup.zsh'
