[3.992s] DEBUG:colcon:Command line arguments: ['/usr/bin/colcon', 'build', '--packages-select', 'par_utils', 'par_pkg']
[3.992s] DEBUG:colcon:Parsed command line arguments: Namespace(log_base=None, log_level=None, verb_name='build', build_base='build', install_base='install', merge_install=False, symlink_install=False, test_result_base=None, continue_on_error=False, executor='parallel', parallel_workers=8, event_handlers=None, ignore_user_meta=False, metas=['./colcon.meta'], base_paths=['.'], packages_ignore=None, packages_ignore_regex=None, paths=None, packages_up_to=None, packages_up_to_regex=None, packages_above=None, packages_above_and_dependencies=None, packages_above_depth=None, packages_select_by_dep=None, packages_skip_by_dep=None, packages_skip_up_to=None, packages_select_build_failed=False, packages_skip_build_finished=False, packages_select_test_failures=False, packages_skip_test_passed=False, packages_select=['par_utils', 'par_pkg'], packages_skip=None, packages_select_regex=None, packages_skip_regex=None, packages_start=None, packages_end=None, allow_overriding=[], cmake_args=None, cmake_target=None, cmake_target_skip_unavailable=False, cmake_clean_cache=False, cmake_clean_first=False, cmake_force_configure=False, ament_cmake_args=None, catkin_cmake_args=None, catkin_skip_building_tests=False, mixin_files=None, mixin=None, verb_parser=<colcon_mixin.mixin.mixin_argument.MixinArgumentDecorator object at 0x728dc550f7f0>, verb_extension=<colcon_core.verb.build.BuildVerb object at 0x728dc550d6c0>, main=<bound method BuildVerb.main of <colcon_core.verb.build.BuildVerb object at 0x728dc550d6c0>>, mixin_verb=('build',))
[4.108s] Level 1:colcon.colcon_core.package_discovery:discover_packages(colcon_meta) check parameters
[4.108s] Level 1:colcon.colcon_core.package_discovery:discover_packages(recursive) check parameters
[4.108s] Level 1:colcon.colcon_core.package_discovery:discover_packages(ignore) check parameters
[4.108s] Level 1:colcon.colcon_core.package_discovery:discover_packages(path) check parameters
[4.108s] Level 1:colcon.colcon_core.package_discovery:discover_packages(colcon_meta) discover
[4.108s] Level 1:colcon.colcon_core.package_discovery:discover_packages(recursive) discover
[4.109s] INFO:colcon.colcon_core.package_discovery:Crawling recursively for packages in '/home/vxlab/on_UR5e'
[4.109s] Level 1:colcon.colcon_core.package_identification:_identify(.) by extensions ['ignore', 'ignore_ament_install']
[4.109s] Level 1:colcon.colcon_core.package_identification:_identify(.) by extension 'ignore'
[4.109s] Level 1:colcon.colcon_core.package_identification:_identify(.) by extension 'ignore_ament_install'
[4.109s] Level 1:colcon.colcon_core.package_identification:_identify(.) by extensions ['colcon_pkg']
[4.109s] Level 1:colcon.colcon_core.package_identification:_identify(.) by extension 'colcon_pkg'
[4.109s] Level 1:colcon.colcon_core.package_identification:_identify(.) by extensions ['colcon_meta']
[4.109s] Level 1:colcon.colcon_core.package_identification:_identify(.) by extension 'colcon_meta'
[4.109s] Level 1:colcon.colcon_core.package_identification:_identify(.) by extensions ['ros']
[4.110s] Level 1:colcon.colcon_core.package_identification:_identify(.) by extension 'ros'
[4.128s] Level 1:colcon.colcon_core.package_identification:_identify(.) by extensions ['cmake', 'python']
[4.128s] Level 1:colcon.colcon_core.package_identification:_identify(.) by extension 'cmake'
[4.128s] Level 1:colcon.colcon_core.package_identification:_identify(.) by extension 'python'
[4.128s] Level 1:colcon.colcon_core.package_identification:_identify(.) by extensions ['python_setup_py']
[4.128s] Level 1:colcon.colcon_core.package_identification:_identify(.) by extension 'python_setup_py'
[4.128s] Level 1:colcon.colcon_core.package_identification:_identify(build) by extensions ['ignore', 'ignore_ament_install']
[4.129s] Level 1:colcon.colcon_core.package_identification:_identify(build) by extension 'ignore'
[4.129s] Level 1:colcon.colcon_core.package_identification:_identify(build) ignored
[4.129s] Level 1:colcon.colcon_core.package_identification:_identify(graph_msgs) by extensions ['ignore', 'ignore_ament_install']
[4.129s] Level 1:colcon.colcon_core.package_identification:_identify(graph_msgs) by extension 'ignore'
[4.129s] Level 1:colcon.colcon_core.package_identification:_identify(graph_msgs) by extension 'ignore_ament_install'
[4.129s] Level 1:colcon.colcon_core.package_identification:_identify(graph_msgs) by extensions ['colcon_pkg']
[4.129s] Level 1:colcon.colcon_core.package_identification:_identify(graph_msgs) by extension 'colcon_pkg'
[4.130s] Level 1:colcon.colcon_core.package_identification:_identify(graph_msgs) by extensions ['colcon_meta']
[4.130s] Level 1:colcon.colcon_core.package_identification:_identify(graph_msgs) by extension 'colcon_meta'
[4.130s] Level 1:colcon.colcon_core.package_identification:_identify(graph_msgs) by extensions ['ros']
[4.130s] Level 1:colcon.colcon_core.package_identification:_identify(graph_msgs) by extension 'ros'
[4.130s] Level 1:colcon.colcon_core.package_identification:_identify(graph_msgs) by extensions ['cmake', 'python']
[4.130s] Level 1:colcon.colcon_core.package_identification:_identify(graph_msgs) by extension 'cmake'
[4.130s] Level 1:colcon.colcon_core.package_identification:_identify(graph_msgs) by extension 'python'
[4.130s] Level 1:colcon.colcon_core.package_identification:_identify(graph_msgs) by extensions ['python_setup_py']
[4.130s] Level 1:colcon.colcon_core.package_identification:_identify(graph_msgs) by extension 'python_setup_py'
[4.131s] Level 1:colcon.colcon_core.package_identification:_identify(hello_moveit_ur) by extensions ['ignore', 'ignore_ament_install']
[4.131s] Level 1:colcon.colcon_core.package_identification:_identify(hello_moveit_ur) by extension 'ignore'
[4.131s] Level 1:colcon.colcon_core.package_identification:_identify(hello_moveit_ur) by extension 'ignore_ament_install'
[4.131s] Level 1:colcon.colcon_core.package_identification:_identify(hello_moveit_ur) by extensions ['colcon_pkg']
[4.131s] Level 1:colcon.colcon_core.package_identification:_identify(hello_moveit_ur) by extension 'colcon_pkg'
[4.131s] Level 1:colcon.colcon_core.package_identification:_identify(hello_moveit_ur) by extensions ['colcon_meta']
[4.131s] Level 1:colcon.colcon_core.package_identification:_identify(hello_moveit_ur) by extension 'colcon_meta'
[4.131s] Level 1:colcon.colcon_core.package_identification:_identify(hello_moveit_ur) by extensions ['ros']
[4.131s] Level 1:colcon.colcon_core.package_identification:_identify(hello_moveit_ur) by extension 'ros'
[4.136s] DEBUG:colcon.colcon_core.package_identification:Package 'hello_moveit_ur' with type 'ros.ament_cmake' and name 'hello_moveit_ur'
[4.137s] Level 1:colcon.colcon_core.package_identification:_identify(install) by extensions ['ignore', 'ignore_ament_install']
[4.137s] Level 1:colcon.colcon_core.package_identification:_identify(install) by extension 'ignore'
[4.137s] Level 1:colcon.colcon_core.package_identification:_identify(install) ignored
[4.137s] Level 1:colcon.colcon_core.package_identification:_identify(log) by extensions ['ignore', 'ignore_ament_install']
[4.137s] Level 1:colcon.colcon_core.package_identification:_identify(log) by extension 'ignore'
[4.137s] Level 1:colcon.colcon_core.package_identification:_identify(log) ignored
[4.137s] Level 1:colcon.colcon_core.package_identification:_identify(moveit_visual_tools) by extensions ['ignore', 'ignore_ament_install']
[4.137s] Level 1:colcon.colcon_core.package_identification:_identify(moveit_visual_tools) by extension 'ignore'
[4.138s] Level 1:colcon.colcon_core.package_identification:_identify(moveit_visual_tools) by extension 'ignore_ament_install'
[4.138s] Level 1:colcon.colcon_core.package_identification:_identify(moveit_visual_tools) by extensions ['colcon_pkg']
[4.138s] Level 1:colcon.colcon_core.package_identification:_identify(moveit_visual_tools) by extension 'colcon_pkg'
[4.138s] Level 1:colcon.colcon_core.package_identification:_identify(moveit_visual_tools) by extensions ['colcon_meta']
[4.138s] Level 1:colcon.colcon_core.package_identification:_identify(moveit_visual_tools) by extension 'colcon_meta'
[4.138s] Level 1:colcon.colcon_core.package_identification:_identify(moveit_visual_tools) by extensions ['ros']
[4.138s] Level 1:colcon.colcon_core.package_identification:_identify(moveit_visual_tools) by extension 'ros'
[4.138s] Level 1:colcon.colcon_core.package_identification:_identify(moveit_visual_tools) by extensions ['cmake', 'python']
[4.138s] Level 1:colcon.colcon_core.package_identification:_identify(moveit_visual_tools) by extension 'cmake'
[4.138s] Level 1:colcon.colcon_core.package_identification:_identify(moveit_visual_tools) by extension 'python'
[4.138s] Level 1:colcon.colcon_core.package_identification:_identify(moveit_visual_tools) by extensions ['python_setup_py']
[4.138s] Level 1:colcon.colcon_core.package_identification:_identify(moveit_visual_tools) by extension 'python_setup_py'
[4.139s] Level 1:colcon.colcon_core.package_identification:_identify(par_pkg) by extensions ['ignore', 'ignore_ament_install']
[4.139s] Level 1:colcon.colcon_core.package_identification:_identify(par_pkg) by extension 'ignore'
[4.139s] Level 1:colcon.colcon_core.package_identification:_identify(par_pkg) by extension 'ignore_ament_install'
[4.139s] Level 1:colcon.colcon_core.package_identification:_identify(par_pkg) by extensions ['colcon_pkg']
[4.139s] Level 1:colcon.colcon_core.package_identification:_identify(par_pkg) by extension 'colcon_pkg'
[4.139s] Level 1:colcon.colcon_core.package_identification:_identify(par_pkg) by extensions ['colcon_meta']
[4.139s] Level 1:colcon.colcon_core.package_identification:_identify(par_pkg) by extension 'colcon_meta'
[4.139s] Level 1:colcon.colcon_core.package_identification:_identify(par_pkg) by extensions ['ros']
[4.139s] Level 1:colcon.colcon_core.package_identification:_identify(par_pkg) by extension 'ros'
[4.141s] DEBUG:colcon.colcon_core.package_identification:Package 'par_pkg' with type 'ros.ament_python' and name 'par_pkg'
[4.141s] Level 1:colcon.colcon_core.package_identification:_identify(par_utils) by extensions ['ignore', 'ignore_ament_install']
[4.141s] Level 1:colcon.colcon_core.package_identification:_identify(par_utils) by extension 'ignore'
[4.141s] Level 1:colcon.colcon_core.package_identification:_identify(par_utils) by extension 'ignore_ament_install'
[4.141s] Level 1:colcon.colcon_core.package_identification:_identify(par_utils) by extensions ['colcon_pkg']
[4.141s] Level 1:colcon.colcon_core.package_identification:_identify(par_utils) by extension 'colcon_pkg'
[4.142s] Level 1:colcon.colcon_core.package_identification:_identify(par_utils) by extensions ['colcon_meta']
[4.142s] Level 1:colcon.colcon_core.package_identification:_identify(par_utils) by extension 'colcon_meta'
[4.142s] Level 1:colcon.colcon_core.package_identification:_identify(par_utils) by extensions ['ros']
[4.142s] Level 1:colcon.colcon_core.package_identification:_identify(par_utils) by extension 'ros'
[4.143s] DEBUG:colcon.colcon_core.package_identification:Package 'par_utils' with type 'ros.ament_cmake' and name 'par_utils'
[4.143s] Level 1:colcon.colcon_core.package_identification:_identify(rviz_visual_tools) by extensions ['ignore', 'ignore_ament_install']
[4.143s] Level 1:colcon.colcon_core.package_identification:_identify(rviz_visual_tools) by extension 'ignore'
[4.144s] Level 1:colcon.colcon_core.package_identification:_identify(rviz_visual_tools) by extension 'ignore_ament_install'
[4.144s] Level 1:colcon.colcon_core.package_identification:_identify(rviz_visual_tools) by extensions ['colcon_pkg']
[4.144s] Level 1:colcon.colcon_core.package_identification:_identify(rviz_visual_tools) by extension 'colcon_pkg'
[4.144s] Level 1:colcon.colcon_core.package_identification:_identify(rviz_visual_tools) by extensions ['colcon_meta']
[4.144s] Level 1:colcon.colcon_core.package_identification:_identify(rviz_visual_tools) by extension 'colcon_meta'
[4.144s] Level 1:colcon.colcon_core.package_identification:_identify(rviz_visual_tools) by extensions ['ros']
[4.144s] Level 1:colcon.colcon_core.package_identification:_identify(rviz_visual_tools) by extension 'ros'
[4.144s] Level 1:colcon.colcon_core.package_identification:_identify(rviz_visual_tools) by extensions ['cmake', 'python']
[4.145s] Level 1:colcon.colcon_core.package_identification:_identify(rviz_visual_tools) by extension 'cmake'
[4.145s] Level 1:colcon.colcon_core.package_identification:_identify(rviz_visual_tools) by extension 'python'
[4.145s] Level 1:colcon.colcon_core.package_identification:_identify(rviz_visual_tools) by extensions ['python_setup_py']
[4.145s] Level 1:colcon.colcon_core.package_identification:_identify(rviz_visual_tools) by extension 'python_setup_py'
[4.145s] Level 1:colcon.colcon_core.package_discovery:discover_packages(recursive) using defaults
[4.145s] Level 1:colcon.colcon_core.package_discovery:discover_packages(ignore) discover
[4.145s] Level 1:colcon.colcon_core.package_discovery:discover_packages(ignore) using defaults
[4.145s] Level 1:colcon.colcon_core.package_discovery:discover_packages(path) discover
[4.145s] Level 1:colcon.colcon_core.package_discovery:discover_packages(path) using defaults
[4.324s] INFO:colcon.colcon_core.package_selection:Skipping not selected package 'hello_moveit_ur' in 'hello_moveit_ur'
[4.425s] Level 1:colcon.colcon_core.package_discovery:discover_packages(prefix_path) check parameters
[4.425s] Level 1:colcon.colcon_core.package_discovery:discover_packages(prefix_path) discover
[4.526s] DEBUG:colcon.colcon_installed_package_information.package_discovery:Found 384 installed packages in /opt/ros/humble
[4.530s] Level 1:colcon.colcon_core.package_discovery:discover_packages(prefix_path) using defaults
[4.790s] Level 5:colcon.colcon_core.verb:set package 'par_utils' build argument 'cmake_args' from command line to 'None'
[4.790s] Level 5:colcon.colcon_core.verb:set package 'par_utils' build argument 'cmake_target' from command line to 'None'
[4.791s] Level 5:colcon.colcon_core.verb:set package 'par_utils' build argument 'cmake_target_skip_unavailable' from command line to 'False'
[4.791s] Level 5:colcon.colcon_core.verb:set package 'par_utils' build argument 'cmake_clean_cache' from command line to 'False'
[4.791s] Level 5:colcon.colcon_core.verb:set package 'par_utils' build argument 'cmake_clean_first' from command line to 'False'
[4.791s] Level 5:colcon.colcon_core.verb:set package 'par_utils' build argument 'cmake_force_configure' from command line to 'False'
[4.791s] Level 5:colcon.colcon_core.verb:set package 'par_utils' build argument 'ament_cmake_args' from command line to 'None'
[4.791s] Level 5:colcon.colcon_core.verb:set package 'par_utils' build argument 'catkin_cmake_args' from command line to 'None'
[4.791s] Level 5:colcon.colcon_core.verb:set package 'par_utils' build argument 'catkin_skip_building_tests' from command line to 'False'
[4.791s] DEBUG:colcon.colcon_core.verb:Building package 'par_utils' with the following arguments: {'ament_cmake_args': None, 'build_base': '/home/vxlab/on_UR5e/build/par_utils', 'catkin_cmake_args': None, 'catkin_skip_building_tests': False, 'cmake_args': None, 'cmake_clean_cache': False, 'cmake_clean_first': False, 'cmake_force_configure': False, 'cmake_target': None, 'cmake_target_skip_unavailable': False, 'install_base': '/home/vxlab/on_UR5e/install/par_utils', 'merge_install': False, 'path': '/home/vxlab/on_UR5e/par_utils', 'symlink_install': False, 'test_result_base': None}
[4.836s] Level 5:colcon.colcon_core.verb:set package 'par_pkg' build argument 'cmake_args' from command line to 'None'
[4.836s] Level 5:colcon.colcon_core.verb:set package 'par_pkg' build argument 'cmake_target' from command line to 'None'
[4.836s] Level 5:colcon.colcon_core.verb:set package 'par_pkg' build argument 'cmake_target_skip_unavailable' from command line to 'False'
[4.836s] Level 5:colcon.colcon_core.verb:set package 'par_pkg' build argument 'cmake_clean_cache' from command line to 'False'
[4.836s] Level 5:colcon.colcon_core.verb:set package 'par_pkg' build argument 'cmake_clean_first' from command line to 'False'
[4.836s] Level 5:colcon.colcon_core.verb:set package 'par_pkg' build argument 'cmake_force_configure' from command line to 'False'
[4.836s] Level 5:colcon.colcon_core.verb:set package 'par_pkg' build argument 'ament_cmake_args' from command line to 'None'
[4.836s] Level 5:colcon.colcon_core.verb:set package 'par_pkg' build argument 'catkin_cmake_args' from command line to 'None'
[4.836s] Level 5:colcon.colcon_core.verb:set package 'par_pkg' build argument 'catkin_skip_building_tests' from command line to 'False'
[4.836s] DEBUG:colcon.colcon_core.verb:Building package 'par_pkg' with the following arguments: {'ament_cmake_args': None, 'build_base': '/home/vxlab/on_UR5e/build/par_pkg', 'catkin_cmake_args': None, 'catkin_skip_building_tests': False, 'cmake_args': None, 'cmake_clean_cache': False, 'cmake_clean_first': False, 'cmake_force_configure': False, 'cmake_target': None, 'cmake_target_skip_unavailable': False, 'install_base': '/home/vxlab/on_UR5e/install/par_pkg', 'merge_install': False, 'path': '/home/vxlab/on_UR5e/par_pkg', 'symlink_install': False, 'test_result_base': None}
[4.880s] INFO:colcon.colcon_core.executor:Executing jobs using 'parallel' executor
[4.925s] DEBUG:colcon.colcon_parallel_executor.executor.parallel:run_until_complete
[4.926s] INFO:colcon.colcon_ros.task.ament_cmake.build:Building ROS package in '/home/vxlab/on_UR5e/par_utils' with build type 'ament_cmake'
[4.926s] INFO:colcon.colcon_cmake.task.cmake.build:Building CMake package in '/home/vxlab/on_UR5e/par_utils'
[4.975s] INFO:colcon.colcon_core.plugin_system:Skipping extension 'colcon_core.shell.bat': Not used on non-Windows systems
[4.976s] INFO:colcon.colcon_core.shell:Skip shell extension 'powershell' for command environment: Not usable outside of PowerShell
[4.976s] DEBUG:colcon.colcon_core.shell:Skip shell extension 'dsv' for command environment
[5.099s] DEBUG:colcon.colcon_core.event_handler.log_command:Invoking command in '/home/vxlab/on_UR5e/build/par_utils': CMAKE_PREFIX_PATH=/opt/ros/humble /usr/bin/cmake /home/vxlab/on_UR5e/par_utils -DCMAKE_INSTALL_PREFIX=/home/vxlab/on_UR5e/install/par_utils
[7.695s] DEBUG:colcon.colcon_core.event_handler.log_command:Invoked command in '/home/vxlab/on_UR5e/build/par_utils' returned '0': CMAKE_PREFIX_PATH=/opt/ros/humble /usr/bin/cmake /home/vxlab/on_UR5e/par_utils -DCMAKE_INSTALL_PREFIX=/home/vxlab/on_UR5e/install/par_utils
[7.698s] DEBUG:colcon.colcon_core.event_handler.log_command:Invoking command in '/home/vxlab/on_UR5e/build/par_utils': CMAKE_PREFIX_PATH=/opt/ros/humble /usr/bin/cmake --build /home/vxlab/on_UR5e/build/par_utils -- -j8 -l8
[16.184s] DEBUG:colcon.colcon_core.event_handler.log_command:Invoked command in '/home/vxlab/on_UR5e/build/par_utils' returned '0': CMAKE_PREFIX_PATH=/opt/ros/humble /usr/bin/cmake --build /home/vxlab/on_UR5e/build/par_utils -- -j8 -l8
[16.330s] DEBUG:colcon.colcon_core.event_handler.log_command:Invoking command in '/home/vxlab/on_UR5e/build/par_utils': CMAKE_PREFIX_PATH=/opt/ros/humble /usr/bin/cmake --install /home/vxlab/on_UR5e/build/par_utils
[16.469s] Level 1:colcon.colcon_core.environment:create_environment_scripts_only(par_utils)
[16.474s] DEBUG:colcon.colcon_core.event_handler.log_command:Invoked command in '/home/vxlab/on_UR5e/build/par_utils' returned '0': CMAKE_PREFIX_PATH=/opt/ros/humble /usr/bin/cmake --install /home/vxlab/on_UR5e/build/par_utils
[16.521s] Level 1:colcon.colcon_core.environment:checking '/home/vxlab/on_UR5e/install/par_utils' for CMake module files
[16.522s] Level 1:colcon.colcon_core.environment:checking '/home/vxlab/on_UR5e/install/par_utils' for CMake config files
[16.523s] Level 1:colcon.colcon_core.shell:create_environment_hook('par_utils', 'cmake_prefix_path')
[16.569s] INFO:colcon.colcon_core.shell:Creating environment hook '/home/vxlab/on_UR5e/install/par_utils/share/par_utils/hook/cmake_prefix_path.ps1'
[16.569s] INFO:colcon.colcon_core.shell:Creating environment descriptor '/home/vxlab/on_UR5e/install/par_utils/share/par_utils/hook/cmake_prefix_path.dsv'
[16.570s] INFO:colcon.colcon_core.shell:Creating environment hook '/home/vxlab/on_UR5e/install/par_utils/share/par_utils/hook/cmake_prefix_path.sh'
[16.571s] Level 1:colcon.colcon_core.environment:checking '/home/vxlab/on_UR5e/install/par_utils/lib'
[16.571s] Level 1:colcon.colcon_core.shell:create_environment_hook('par_utils', 'ld_library_path_lib')
[16.615s] INFO:colcon.colcon_core.shell:Creating environment hook '/home/vxlab/on_UR5e/install/par_utils/share/par_utils/hook/ld_library_path_lib.ps1'
[16.616s] INFO:colcon.colcon_core.shell:Creating environment descriptor '/home/vxlab/on_UR5e/install/par_utils/share/par_utils/hook/ld_library_path_lib.dsv'
[16.617s] INFO:colcon.colcon_core.shell:Creating environment hook '/home/vxlab/on_UR5e/install/par_utils/share/par_utils/hook/ld_library_path_lib.sh'
[16.617s] Level 1:colcon.colcon_core.environment:checking '/home/vxlab/on_UR5e/install/par_utils/bin'
[16.617s] Level 1:colcon.colcon_core.environment:checking '/home/vxlab/on_UR5e/install/par_utils/lib/pkgconfig/par_utils.pc'
[16.618s] Level 1:colcon.colcon_core.environment:checking '/home/vxlab/on_UR5e/install/par_utils/lib/python3.10/site-packages'
[16.618s] Level 1:colcon.colcon_core.environment:checking '/home/vxlab/on_UR5e/install/par_utils/bin'
[16.661s] INFO:colcon.colcon_core.shell:Creating package script '/home/vxlab/on_UR5e/install/par_utils/share/par_utils/package.ps1'
[16.662s] INFO:colcon.colcon_core.shell:Creating package descriptor '/home/vxlab/on_UR5e/install/par_utils/share/par_utils/package.dsv'
[16.663s] INFO:colcon.colcon_core.shell:Creating package script '/home/vxlab/on_UR5e/install/par_utils/share/par_utils/package.sh'
[16.664s] INFO:colcon.colcon_core.shell:Creating package script '/home/vxlab/on_UR5e/install/par_utils/share/par_utils/package.bash'
[16.666s] INFO:colcon.colcon_core.shell:Creating package script '/home/vxlab/on_UR5e/install/par_utils/share/par_utils/package.zsh'
[16.667s] Level 1:colcon.colcon_core.environment:create_file_with_runtime_dependencies(/home/vxlab/on_UR5e/install/par_utils/share/colcon-core/packages/par_utils)
[16.832s] Level 1:colcon.colcon_core.environment:create_environment_scripts_only(par_utils)
[16.884s] Level 1:colcon.colcon_core.environment:checking '/home/vxlab/on_UR5e/install/par_utils' for CMake module files
[16.885s] Level 1:colcon.colcon_core.environment:checking '/home/vxlab/on_UR5e/install/par_utils' for CMake config files
[16.887s] Level 1:colcon.colcon_core.shell:create_environment_hook('par_utils', 'cmake_prefix_path')
[16.931s] INFO:colcon.colcon_core.shell:Creating environment hook '/home/vxlab/on_UR5e/install/par_utils/share/par_utils/hook/cmake_prefix_path.ps1'
[16.932s] INFO:colcon.colcon_core.shell:Creating environment descriptor '/home/vxlab/on_UR5e/install/par_utils/share/par_utils/hook/cmake_prefix_path.dsv'
[16.933s] INFO:colcon.colcon_core.shell:Creating environment hook '/home/vxlab/on_UR5e/install/par_utils/share/par_utils/hook/cmake_prefix_path.sh'
[16.934s] Level 1:colcon.colcon_core.environment:checking '/home/vxlab/on_UR5e/install/par_utils/lib'
[16.934s] Level 1:colcon.colcon_core.shell:create_environment_hook('par_utils', 'ld_library_path_lib')
[16.988s] INFO:colcon.colcon_core.shell:Creating environment hook '/home/vxlab/on_UR5e/install/par_utils/share/par_utils/hook/ld_library_path_lib.ps1'
[16.989s] INFO:colcon.colcon_core.shell:Creating environment descriptor '/home/vxlab/on_UR5e/install/par_utils/share/par_utils/hook/ld_library_path_lib.dsv'
[16.990s] INFO:colcon.colcon_core.shell:Creating environment hook '/home/vxlab/on_UR5e/install/par_utils/share/par_utils/hook/ld_library_path_lib.sh'
[16.990s] Level 1:colcon.colcon_core.environment:checking '/home/vxlab/on_UR5e/install/par_utils/bin'
[16.991s] Level 1:colcon.colcon_core.environment:checking '/home/vxlab/on_UR5e/install/par_utils/lib/pkgconfig/par_utils.pc'
[16.991s] Level 1:colcon.colcon_core.environment:checking '/home/vxlab/on_UR5e/install/par_utils/lib/python3.10/site-packages'
[16.991s] Level 1:colcon.colcon_core.environment:checking '/home/vxlab/on_UR5e/install/par_utils/bin'
[17.042s] INFO:colcon.colcon_core.shell:Creating package script '/home/vxlab/on_UR5e/install/par_utils/share/par_utils/package.ps1'
[17.043s] INFO:colcon.colcon_core.shell:Creating package descriptor '/home/vxlab/on_UR5e/install/par_utils/share/par_utils/package.dsv'
[17.044s] INFO:colcon.colcon_core.shell:Creating package script '/home/vxlab/on_UR5e/install/par_utils/share/par_utils/package.sh'
[17.045s] INFO:colcon.colcon_core.shell:Creating package script '/home/vxlab/on_UR5e/install/par_utils/share/par_utils/package.bash'
[17.045s] INFO:colcon.colcon_core.shell:Creating package script '/home/vxlab/on_UR5e/install/par_utils/share/par_utils/package.zsh'
[17.046s] Level 1:colcon.colcon_core.environment:create_file_with_runtime_dependencies(/home/vxlab/on_UR5e/install/par_utils/share/colcon-core/packages/par_utils)
[17.047s] INFO:colcon.colcon_ros.task.ament_python.build:Building ROS package in '/home/vxlab/on_UR5e/par_pkg' with build type 'ament_python'
[17.047s] Level 1:colcon.colcon_core.shell:create_environment_hook('par_pkg', 'ament_prefix_path')
[17.105s] INFO:colcon.colcon_core.shell:Creating environment hook '/home/vxlab/on_UR5e/install/par_pkg/share/par_pkg/hook/ament_prefix_path.ps1'
[17.106s] INFO:colcon.colcon_core.shell:Creating environment descriptor '/home/vxlab/on_UR5e/install/par_pkg/share/par_pkg/hook/ament_prefix_path.dsv'
[17.106s] INFO:colcon.colcon_core.shell:Creating environment hook '/home/vxlab/on_UR5e/install/par_pkg/share/par_pkg/hook/ament_prefix_path.sh'
[17.155s] INFO:colcon.colcon_core.shell:Skip shell extension 'powershell' for command environment: Not usable outside of PowerShell
[17.155s] DEBUG:colcon.colcon_core.shell:Skip shell extension 'dsv' for command environment
[17.981s] INFO:colcon.colcon_core.task.python.build:Building Python package in '/home/vxlab/on_UR5e/par_pkg'
[18.074s] INFO:colcon.colcon_core.shell:Skip shell extension 'powershell' for command environment: Not usable outside of PowerShell
[18.074s] DEBUG:colcon.colcon_core.shell:Skip shell extension 'dsv' for command environment
[19.339s] DEBUG:colcon.colcon_core.event_handler.log_command:Invoking command in '/home/vxlab/on_UR5e/par_pkg': AMENT_PREFIX_PATH=/home/vxlab/on_UR5e/install/par_utils:${AMENT_PREFIX_PATH} CMAKE_PREFIX_PATH=/home/vxlab/on_UR5e/install/par_utils LD_LIBRARY_PATH=/home/vxlab/on_UR5e/install/par_utils/lib:${LD_LIBRARY_PATH} PYTHONPATH=/home/vxlab/on_UR5e/build/par_pkg/prefix_override:/home/vxlab/on_UR5e/install/par_pkg/lib/python3.10/site-packages:/home/vxlab/on_UR5e/install/par_utils/local/lib/python3.10/dist-packages:${PYTHONPATH} /usr/bin/python3 setup.py egg_info --egg-base ../build/par_pkg build --build-base /home/vxlab/on_UR5e/build/par_pkg/build install --record /home/vxlab/on_UR5e/build/par_pkg/install.log --single-version-externally-managed
[20.053s] DEBUG:colcon.colcon_core.event_handler.log_command:Invoked command in '/home/vxlab/on_UR5e/par_pkg' returned '0': AMENT_PREFIX_PATH=/home/vxlab/on_UR5e/install/par_utils:${AMENT_PREFIX_PATH} CMAKE_PREFIX_PATH=/home/vxlab/on_UR5e/install/par_utils LD_LIBRARY_PATH=/home/vxlab/on_UR5e/install/par_utils/lib:${LD_LIBRARY_PATH} PYTHONPATH=/home/vxlab/on_UR5e/build/par_pkg/prefix_override:/home/vxlab/on_UR5e/install/par_pkg/lib/python3.10/site-packages:/home/vxlab/on_UR5e/install/par_utils/local/lib/python3.10/dist-packages:${PYTHONPATH} /usr/bin/python3 setup.py egg_info --egg-base ../build/par_pkg build --build-base /home/vxlab/on_UR5e/build/par_pkg/build install --record /home/vxlab/on_UR5e/build/par_pkg/install.log --single-version-externally-managed
[20.101s] Level 1:colcon.colcon_core.environment:checking '/home/vxlab/on_UR5e/install/par_pkg' for CMake module files
[20.102s] Level 1:colcon.colcon_core.environment:checking '/home/vxlab/on_UR5e/install/par_pkg' for CMake config files
[20.103s] Level 1:colcon.colcon_core.environment:checking '/home/vxlab/on_UR5e/install/par_pkg/lib'
[20.104s] Level 1:colcon.colcon_core.environment:checking '/home/vxlab/on_UR5e/install/par_pkg/bin'
[20.104s] Level 1:colcon.colcon_core.environment:checking '/home/vxlab/on_UR5e/install/par_pkg/lib/pkgconfig/par_pkg.pc'
[20.104s] Level 1:colcon.colcon_core.environment:checking '/home/vxlab/on_UR5e/install/par_pkg/lib/python3.10/site-packages'
[20.104s] Level 1:colcon.colcon_core.shell:create_environment_hook('par_pkg', 'pythonpath')
[20.154s] INFO:colcon.colcon_core.shell:Creating environment hook '/home/vxlab/on_UR5e/install/par_pkg/share/par_pkg/hook/pythonpath.ps1'
[20.154s] INFO:colcon.colcon_core.shell:Creating environment descriptor '/home/vxlab/on_UR5e/install/par_pkg/share/par_pkg/hook/pythonpath.dsv'
[20.155s] INFO:colcon.colcon_core.shell:Creating environment hook '/home/vxlab/on_UR5e/install/par_pkg/share/par_pkg/hook/pythonpath.sh'
[20.156s] Level 1:colcon.colcon_core.environment:checking '/home/vxlab/on_UR5e/install/par_pkg/bin'
[20.156s] Level 1:colcon.colcon_core.environment:create_environment_scripts_only(par_pkg)
[20.210s] INFO:colcon.colcon_core.shell:Creating package script '/home/vxlab/on_UR5e/install/par_pkg/share/par_pkg/package.ps1'
[20.211s] INFO:colcon.colcon_core.shell:Creating package descriptor '/home/vxlab/on_UR5e/install/par_pkg/share/par_pkg/package.dsv'
[20.212s] INFO:colcon.colcon_core.shell:Creating package script '/home/vxlab/on_UR5e/install/par_pkg/share/par_pkg/package.sh'
[20.213s] INFO:colcon.colcon_core.shell:Creating package script '/home/vxlab/on_UR5e/install/par_pkg/share/par_pkg/package.bash'
[20.214s] INFO:colcon.colcon_core.shell:Creating package script '/home/vxlab/on_UR5e/install/par_pkg/share/par_pkg/package.zsh'
[20.214s] Level 1:colcon.colcon_core.environment:create_file_with_runtime_dependencies(/home/vxlab/on_UR5e/install/par_pkg/share/colcon-core/packages/par_pkg)
[20.215s] DEBUG:colcon.colcon_parallel_executor.executor.parallel:closing loop
[20.215s] DEBUG:colcon.colcon_parallel_executor.executor.parallel:loop closed
[20.215s] DEBUG:colcon.colcon_parallel_executor.executor.parallel:run_until_complete finished with '0'
[20.216s] DEBUG:colcon.colcon_core.event_reactor:joining thread
[20.273s] INFO:colcon.colcon_core.plugin_system:Skipping extension 'colcon_notification.desktop_notification.terminal_notifier': Not used on non-Darwin systems
[20.273s] INFO:colcon.colcon_core.plugin_system:Skipping extension 'colcon_notification.desktop_notification.win32': Not used on non-Windows systems
[20.273s] INFO:colcon.colcon_notification.desktop_notification:Sending desktop notification using 'notify2'
[20.298s] DEBUG:colcon.colcon_core.event_reactor:joined thread
[20.346s] INFO:colcon.colcon_core.shell:Creating prefix script '/home/vxlab/on_UR5e/install/local_setup.ps1'
[20.348s] INFO:colcon.colcon_core.shell:Creating prefix util module '/home/vxlab/on_UR5e/install/_local_setup_util_ps1.py'
[20.351s] INFO:colcon.colcon_core.shell:Creating prefix chain script '/home/vxlab/on_UR5e/install/setup.ps1'
[20.401s] INFO:colcon.colcon_core.shell:Creating prefix script '/home/vxlab/on_UR5e/install/local_setup.sh'
[20.402s] INFO:colcon.colcon_core.shell:Creating prefix util module '/home/vxlab/on_UR5e/install/_local_setup_util_sh.py'
[20.403s] INFO:colcon.colcon_core.shell:Creating prefix chain script '/home/vxlab/on_UR5e/install/setup.sh'
[20.448s] INFO:colcon.colcon_core.shell:Creating prefix script '/home/vxlab/on_UR5e/install/local_setup.bash'
[20.448s] INFO:colcon.colcon_core.shell:Creating prefix chain script '/home/vxlab/on_UR5e/install/setup.bash'
[20.499s] INFO:colcon.colcon_core.shell:Creating prefix script '/home/vxlab/on_UR5e/install/local_setup.zsh'
[20.500s] INFO:colcon.colcon_core.shell:Creating prefix chain script '/home/vxlab/on_UR5e/install/setup.zsh'
