[1.139s] Invoking command in '/home/rmitaiil/aiil_workspace/humble_workspace/src/on_UR5e/par_pkg': AMENT_PREFIX_PATH=/home/rmitaiil/aiil_workspace/humble_workspace/src/on_UR5e/install/par_utils:${AMENT_PREFIX_PATH} CMAKE_PREFIX_PATH=/home/rmitaiil/aiil_workspace/humble_workspace/src/on_UR5e/install/par_utils:${CMAKE_PREFIX_PATH} LD_LIBRARY_PATH=/home/rmitaiil/aiil_workspace/humble_workspace/src/on_UR5e/install/par_utils/lib:${LD_LIBRARY_PATH} PYTHONPATH=/home/rmitaiil/aiil_workspace/humble_workspace/src/on_UR5e/build/par_pkg/prefix_override:/home/rmitaiil/aiil_workspace/humble_workspace/src/on_UR5e/install/par_pkg/lib/python3.10/site-packages:/home/rmitaiil/aiil_workspace/humble_workspace/src/on_UR5e/install/par_utils/local/lib/python3.10/dist-packages:${PYTHONPATH} /usr/bin/python3 setup.py egg_info --egg-base ../build/par_pkg build --build-base /home/rmitaiil/aiil_workspace/humble_workspace/src/on_UR5e/build/par_pkg/build install --record /home/rmitaiil/aiil_workspace/humble_workspace/src/on_UR5e/build/par_pkg/install.log --single-version-externally-managed
[1.483s] running egg_info
[1.483s] writing ../build/par_pkg/par_pkg.egg-info/PKG-INFO
[1.484s] writing dependency_links to ../build/par_pkg/par_pkg.egg-info/dependency_links.txt
[1.484s] writing entry points to ../build/par_pkg/par_pkg.egg-info/entry_points.txt
[1.484s] writing requirements to ../build/par_pkg/par_pkg.egg-info/requires.txt
[1.485s] writing top-level names to ../build/par_pkg/par_pkg.egg-info/top_level.txt
[1.487s] reading manifest file '../build/par_pkg/par_pkg.egg-info/SOURCES.txt'
[1.497s] writing manifest file '../build/par_pkg/par_pkg.egg-info/SOURCES.txt'
[1.497s] running build
[1.497s] running build_py
[1.497s] copying par_pkg/gripper_action_server.py -> /home/rmitaiil/aiil_workspace/humble_workspace/src/on_UR5e/build/par_pkg/build/lib/par_pkg
[1.497s] creating /home/rmitaiil/aiil_workspace/humble_workspace/src/on_UR5e/build/par_pkg/build/lib/par_pkg/onrobot
[1.498s] copying par_pkg/onrobot/__init__.py -> /home/rmitaiil/aiil_workspace/humble_workspace/src/on_UR5e/build/par_pkg/build/lib/par_pkg/onrobot
[1.498s] copying par_pkg/onrobot/onrobot.py -> /home/rmitaiil/aiil_workspace/humble_workspace/src/on_UR5e/build/par_pkg/build/lib/par_pkg/onrobot
[1.499s] running install
[1.499s] running install_lib
[1.500s] creating /home/rmitaiil/aiil_workspace/humble_workspace/src/on_UR5e/install/par_pkg/lib/python3.10/site-packages/par_pkg/onrobot
[1.500s] copying /home/rmitaiil/aiil_workspace/humble_workspace/src/on_UR5e/build/par_pkg/build/lib/par_pkg/onrobot/__init__.py -> /home/rmitaiil/aiil_workspace/humble_workspace/src/on_UR5e/install/par_pkg/lib/python3.10/site-packages/par_pkg/onrobot
[1.500s] copying /home/rmitaiil/aiil_workspace/humble_workspace/src/on_UR5e/build/par_pkg/build/lib/par_pkg/onrobot/onrobot.py -> /home/rmitaiil/aiil_workspace/humble_workspace/src/on_UR5e/install/par_pkg/lib/python3.10/site-packages/par_pkg/onrobot
[1.500s] copying /home/rmitaiil/aiil_workspace/humble_workspace/src/on_UR5e/build/par_pkg/build/lib/par_pkg/gripper_action_server.py -> /home/rmitaiil/aiil_workspace/humble_workspace/src/on_UR5e/install/par_pkg/lib/python3.10/site-packages/par_pkg
[1.501s] byte-compiling /home/rmitaiil/aiil_workspace/humble_workspace/src/on_UR5e/install/par_pkg/lib/python3.10/site-packages/par_pkg/onrobot/__init__.py to __init__.cpython-310.pyc
[1.501s] byte-compiling /home/rmitaiil/aiil_workspace/humble_workspace/src/on_UR5e/install/par_pkg/lib/python3.10/site-packages/par_pkg/onrobot/onrobot.py to onrobot.cpython-310.pyc
[1.504s] /home/rmitaiil/aiil_workspace/humble_workspace/src/on_UR5e/install/par_pkg/lib/python3.10/site-packages/par_pkg/gripper_action_server.py:31: SyntaxWarning: 'set' object is not callable; perhaps you missed a comma?
[1.504s]   {'gripperType', "rg2"}
[1.504s] byte-compiling /home/rmitaiil/aiil_workspace/humble_workspace/src/on_UR5e/install/par_pkg/lib/python3.10/site-packages/par_pkg/gripper_action_server.py to gripper_action_server.cpython-310.pyc
[1.504s] running install_data
[1.505s] running install_egg_info
[1.507s] removing '/home/rmitaiil/aiil_workspace/humble_workspace/src/on_UR5e/install/par_pkg/lib/python3.10/site-packages/par_pkg-0.0.0-py3.10.egg-info' (and everything under it)
[1.507s] Copying ../build/par_pkg/par_pkg.egg-info to /home/rmitaiil/aiil_workspace/humble_workspace/src/on_UR5e/install/par_pkg/lib/python3.10/site-packages/par_pkg-0.0.0-py3.10.egg-info
[1.509s] running install_scripts
[1.538s] writing list of installed files to '/home/rmitaiil/aiil_workspace/humble_workspace/src/on_UR5e/build/par_pkg/install.log'
[1.572s] Invoked command in '/home/rmitaiil/aiil_workspace/humble_workspace/src/on_UR5e/par_pkg' returned '0': AMENT_PREFIX_PATH=/home/rmitaiil/aiil_workspace/humble_workspace/src/on_UR5e/install/par_utils:${AMENT_PREFIX_PATH} CMAKE_PREFIX_PATH=/home/rmitaiil/aiil_workspace/humble_workspace/src/on_UR5e/install/par_utils:${CMAKE_PREFIX_PATH} LD_LIBRARY_PATH=/home/rmitaiil/aiil_workspace/humble_workspace/src/on_UR5e/install/par_utils/lib:${LD_LIBRARY_PATH} PYTHONPATH=/home/rmitaiil/aiil_workspace/humble_workspace/src/on_UR5e/build/par_pkg/prefix_override:/home/rmitaiil/aiil_workspace/humble_workspace/src/on_UR5e/install/par_pkg/lib/python3.10/site-packages:/home/rmitaiil/aiil_workspace/humble_workspace/src/on_UR5e/install/par_utils/local/lib/python3.10/dist-packages:${PYTHONPATH} /usr/bin/python3 setup.py egg_info --egg-base ../build/par_pkg build --build-base /home/rmitaiil/aiil_workspace/humble_workspace/src/on_UR5e/build/par_pkg/build install --record /home/rmitaiil/aiil_workspace/humble_workspace/src/on_UR5e/build/par_pkg/install.log --single-version-externally-managed
