[0.183s] Invoking command in '/home/vxlab/on_UR5e/build/par_utils': CMAKE_PREFIX_PATH=${CMAKE_PREFIX_PATH}:/home/vxlab/on_UR5e/install/par_pkg:/opt/ros/humble /usr/bin/cmake --build /home/vxlab/on_UR5e/build/par_utils -- -j8 -l8
[0.256s] [  2%] Built target par_utils__cpp
[0.258s] [ 12%] Built target par_utils__rosidl_generator_c
[0.280s] [ 12%] Built target ament_cmake_python_copy_par_utils
[0.310s] [ 23%] Built target par_utils__rosidl_typesupport_fastrtps_c
[0.311s] [ 33%] Built target par_utils__rosidl_typesupport_introspection_c
[0.313s] [ 43%] Built target par_utils__rosidl_typesupport_cpp
[0.318s] [ 53%] Built target par_utils__rosidl_typesupport_introspection_cpp
[0.321s] [ 64%] Built target par_utils__rosidl_typesupport_fastrtps_cpp
[0.331s] [ 74%] Built target par_utils__rosidl_typesupport_c
[0.363s] [ 74%] Built target par_utils
[0.399s] [ 76%] Built target par_utils__py
[0.434s] [ 84%] Built target par_utils__rosidl_generator_py
[0.483s] [ 92%] Built target par_utils__rosidl_typesupport_fastrtps_c__pyext
[0.484s] [ 94%] Built target par_utils__rosidl_typesupport_introspection_c__pyext
[0.486s] [100%] Built target par_utils__rosidl_typesupport_c__pyext
[0.967s] running egg_info
[0.968s] writing par_utils.egg-info/PKG-INFO
[0.969s] writing dependency_links to par_utils.egg-info/dependency_links.txt
[0.969s] writing top-level names to par_utils.egg-info/top_level.txt
[0.973s] reading manifest file 'par_utils.egg-info/SOURCES.txt'
[0.974s] writing manifest file 'par_utils.egg-info/SOURCES.txt'
[1.013s] [100%] Built target ament_cmake_python_build_par_utils_egg
[1.033s] Invoked command in '/home/vxlab/on_UR5e/build/par_utils' returned '0': CMAKE_PREFIX_PATH=${CMAKE_PREFIX_PATH}:/home/vxlab/on_UR5e/install/par_pkg:/opt/ros/humble /usr/bin/cmake --build /home/vxlab/on_UR5e/build/par_utils -- -j8 -l8
[1.164s] Invoking command in '/home/vxlab/on_UR5e/build/par_utils': CMAKE_PREFIX_PATH=${CMAKE_PREFIX_PATH}:/home/vxlab/on_UR5e/install/par_pkg:/opt/ros/humble /usr/bin/cmake --install /home/vxlab/on_UR5e/build/par_utils
[1.177s] -- Install configuration: ""
[1.178s] -- Up-to-date: /home/vxlab/on_UR5e/install/par_utils/share/ament_index/resource_index/rosidl_interfaces/par_utils
[1.178s] -- Up-to-date: /home/vxlab/on_UR5e/install/par_utils/include/par_utils/par_utils
[1.178s] -- Up-to-date: /home/vxlab/on_UR5e/install/par_utils/include/par_utils/par_utils/msg
[1.178s] -- Up-to-date: /home/vxlab/on_UR5e/install/par_utils/include/par_utils/par_utils/msg/gripper_info.h
[1.178s] -- Up-to-date: /home/vxlab/on_UR5e/install/par_utils/include/par_utils/par_utils/msg/detail
[1.179s] -- Up-to-date: /home/vxlab/on_UR5e/install/par_utils/include/par_utils/par_utils/msg/detail/gripper_info__struct.h
[1.179s] -- Up-to-date: /home/vxlab/on_UR5e/install/par_utils/include/par_utils/par_utils/msg/detail/gripper_info__type_support.h
[1.179s] -- Up-to-date: /home/vxlab/on_UR5e/install/par_utils/include/par_utils/par_utils/msg/detail/gripper_info__functions.c
[1.180s] -- Up-to-date: /home/vxlab/on_UR5e/install/par_utils/include/par_utils/par_utils/msg/detail/gripper_info__functions.h
[1.180s] -- Up-to-date: /home/vxlab/on_UR5e/install/par_utils/include/par_utils/par_utils/msg/rosidl_generator_c__visibility_control.h
[1.181s] -- Up-to-date: /home/vxlab/on_UR5e/install/par_utils/include/par_utils/par_utils/action
[1.181s] -- Up-to-date: /home/vxlab/on_UR5e/install/par_utils/include/par_utils/par_utils/action/gripper_grip.h
[1.181s] -- Up-to-date: /home/vxlab/on_UR5e/install/par_utils/include/par_utils/par_utils/action/gripper_set_width.h
[1.181s] -- Up-to-date: /home/vxlab/on_UR5e/install/par_utils/include/par_utils/par_utils/action/detail
[1.182s] -- Up-to-date: /home/vxlab/on_UR5e/install/par_utils/include/par_utils/par_utils/action/detail/gripper_grip__type_support.h
[1.182s] -- Up-to-date: /home/vxlab/on_UR5e/install/par_utils/include/par_utils/par_utils/action/detail/gripper_set_width__type_support.h
[1.183s] -- Up-to-date: /home/vxlab/on_UR5e/install/par_utils/include/par_utils/par_utils/action/detail/gripper_set_width__struct.h
[1.183s] -- Up-to-date: /home/vxlab/on_UR5e/install/par_utils/include/par_utils/par_utils/action/detail/gripper_grip__struct.h
[1.184s] -- Up-to-date: /home/vxlab/on_UR5e/install/par_utils/include/par_utils/par_utils/action/detail/gripper_set_width__functions.c
[1.184s] -- Up-to-date: /home/vxlab/on_UR5e/install/par_utils/include/par_utils/par_utils/action/detail/gripper_grip__functions.h
[1.184s] -- Up-to-date: /home/vxlab/on_UR5e/install/par_utils/include/par_utils/par_utils/action/detail/gripper_grip__functions.c
[1.185s] -- Up-to-date: /home/vxlab/on_UR5e/install/par_utils/include/par_utils/par_utils/action/detail/gripper_set_width__functions.h
[1.185s] -- Up-to-date: /home/vxlab/on_UR5e/install/par_utils/share/par_utils/environment/library_path.sh
[1.185s] -- Up-to-date: /home/vxlab/on_UR5e/install/par_utils/share/par_utils/environment/library_path.dsv
[1.186s] -- Up-to-date: /home/vxlab/on_UR5e/install/par_utils/lib/libpar_utils__rosidl_generator_c.so
[1.186s] -- Up-to-date: /home/vxlab/on_UR5e/install/par_utils/include/par_utils/par_utils
[1.186s] -- Up-to-date: /home/vxlab/on_UR5e/install/par_utils/include/par_utils/par_utils/msg
[1.186s] -- Up-to-date: /home/vxlab/on_UR5e/install/par_utils/include/par_utils/par_utils/msg/rosidl_typesupport_fastrtps_c__visibility_control.h
[1.187s] -- Up-to-date: /home/vxlab/on_UR5e/install/par_utils/include/par_utils/par_utils/msg/detail
[1.187s] -- Up-to-date: /home/vxlab/on_UR5e/install/par_utils/include/par_utils/par_utils/msg/detail/gripper_info__rosidl_typesupport_fastrtps_c.h
[1.187s] -- Up-to-date: /home/vxlab/on_UR5e/install/par_utils/include/par_utils/par_utils/action
[1.188s] -- Up-to-date: /home/vxlab/on_UR5e/install/par_utils/include/par_utils/par_utils/action/detail
[1.188s] -- Up-to-date: /home/vxlab/on_UR5e/install/par_utils/include/par_utils/par_utils/action/detail/gripper_grip__rosidl_typesupport_fastrtps_c.h
[1.188s] -- Up-to-date: /home/vxlab/on_UR5e/install/par_utils/include/par_utils/par_utils/action/detail/gripper_set_width__rosidl_typesupport_fastrtps_c.h
[1.189s] -- Up-to-date: /home/vxlab/on_UR5e/install/par_utils/lib/libpar_utils__rosidl_typesupport_fastrtps_c.so
[1.189s] -- Up-to-date: /home/vxlab/on_UR5e/install/par_utils/include/par_utils/par_utils
[1.189s] -- Up-to-date: /home/vxlab/on_UR5e/install/par_utils/include/par_utils/par_utils/msg
[1.189s] -- Up-to-date: /home/vxlab/on_UR5e/install/par_utils/include/par_utils/par_utils/msg/rosidl_typesupport_introspection_c__visibility_control.h
[1.189s] -- Up-to-date: /home/vxlab/on_UR5e/install/par_utils/include/par_utils/par_utils/msg/detail
[1.189s] -- Up-to-date: /home/vxlab/on_UR5e/install/par_utils/include/par_utils/par_utils/msg/detail/gripper_info__rosidl_typesupport_introspection_c.h
[1.189s] -- Up-to-date: /home/vxlab/on_UR5e/install/par_utils/include/par_utils/par_utils/msg/detail/gripper_info__type_support.c
[1.190s] -- Up-to-date: /home/vxlab/on_UR5e/install/par_utils/include/par_utils/par_utils/action
[1.190s] -- Up-to-date: /home/vxlab/on_UR5e/install/par_utils/include/par_utils/par_utils/action/detail
[1.190s] -- Up-to-date: /home/vxlab/on_UR5e/install/par_utils/include/par_utils/par_utils/action/detail/gripper_grip__type_support.c
[1.190s] -- Up-to-date: /home/vxlab/on_UR5e/install/par_utils/include/par_utils/par_utils/action/detail/gripper_set_width__rosidl_typesupport_introspection_c.h
[1.190s] -- Up-to-date: /home/vxlab/on_UR5e/install/par_utils/include/par_utils/par_utils/action/detail/gripper_grip__rosidl_typesupport_introspection_c.h
[1.190s] -- Up-to-date: /home/vxlab/on_UR5e/install/par_utils/include/par_utils/par_utils/action/detail/gripper_set_width__type_support.c
[1.190s] -- Up-to-date: /home/vxlab/on_UR5e/install/par_utils/lib/libpar_utils__rosidl_typesupport_introspection_c.so
[1.191s] -- Up-to-date: /home/vxlab/on_UR5e/install/par_utils/lib/libpar_utils__rosidl_typesupport_c.so
[1.191s] -- Up-to-date: /home/vxlab/on_UR5e/install/par_utils/include/par_utils/par_utils
[1.191s] -- Up-to-date: /home/vxlab/on_UR5e/install/par_utils/include/par_utils/par_utils/msg
[1.191s] -- Up-to-date: /home/vxlab/on_UR5e/install/par_utils/include/par_utils/par_utils/msg/gripper_info.hpp
[1.191s] -- Up-to-date: /home/vxlab/on_UR5e/install/par_utils/include/par_utils/par_utils/msg/detail
[1.191s] -- Up-to-date: /home/vxlab/on_UR5e/install/par_utils/include/par_utils/par_utils/msg/detail/gripper_info__traits.hpp
[1.191s] -- Up-to-date: /home/vxlab/on_UR5e/install/par_utils/include/par_utils/par_utils/msg/detail/gripper_info__struct.hpp
[1.192s] -- Up-to-date: /home/vxlab/on_UR5e/install/par_utils/include/par_utils/par_utils/msg/detail/gripper_info__builder.hpp
[1.192s] -- Up-to-date: /home/vxlab/on_UR5e/install/par_utils/include/par_utils/par_utils/action
[1.192s] -- Up-to-date: /home/vxlab/on_UR5e/install/par_utils/include/par_utils/par_utils/action/detail
[1.192s] -- Up-to-date: /home/vxlab/on_UR5e/install/par_utils/include/par_utils/par_utils/action/detail/gripper_set_width__struct.hpp
[1.193s] -- Up-to-date: /home/vxlab/on_UR5e/install/par_utils/include/par_utils/par_utils/action/detail/gripper_set_width__traits.hpp
[1.193s] -- Up-to-date: /home/vxlab/on_UR5e/install/par_utils/include/par_utils/par_utils/action/detail/gripper_set_width__builder.hpp
[1.193s] -- Up-to-date: /home/vxlab/on_UR5e/install/par_utils/include/par_utils/par_utils/action/detail/gripper_grip__traits.hpp
[1.193s] -- Up-to-date: /home/vxlab/on_UR5e/install/par_utils/include/par_utils/par_utils/action/detail/gripper_grip__builder.hpp
[1.193s] -- Up-to-date: /home/vxlab/on_UR5e/install/par_utils/include/par_utils/par_utils/action/detail/gripper_grip__struct.hpp
[1.193s] -- Up-to-date: /home/vxlab/on_UR5e/install/par_utils/include/par_utils/par_utils/action/gripper_grip.hpp
[1.193s] -- Up-to-date: /home/vxlab/on_UR5e/install/par_utils/include/par_utils/par_utils/action/gripper_set_width.hpp
[1.194s] -- Up-to-date: /home/vxlab/on_UR5e/install/par_utils/include/par_utils/par_utils
[1.194s] -- Up-to-date: /home/vxlab/on_UR5e/install/par_utils/include/par_utils/par_utils/msg
[1.194s] -- Up-to-date: /home/vxlab/on_UR5e/install/par_utils/include/par_utils/par_utils/msg/rosidl_typesupport_fastrtps_cpp__visibility_control.h
[1.194s] -- Up-to-date: /home/vxlab/on_UR5e/install/par_utils/include/par_utils/par_utils/msg/detail
[1.194s] -- Up-to-date: /home/vxlab/on_UR5e/install/par_utils/include/par_utils/par_utils/msg/detail/dds_fastrtps
[1.194s] -- Up-to-date: /home/vxlab/on_UR5e/install/par_utils/include/par_utils/par_utils/msg/detail/gripper_info__rosidl_typesupport_fastrtps_cpp.hpp
[1.194s] -- Up-to-date: /home/vxlab/on_UR5e/install/par_utils/include/par_utils/par_utils/action
[1.194s] -- Up-to-date: /home/vxlab/on_UR5e/install/par_utils/include/par_utils/par_utils/action/detail
[1.195s] -- Up-to-date: /home/vxlab/on_UR5e/install/par_utils/include/par_utils/par_utils/action/detail/dds_fastrtps
[1.195s] -- Up-to-date: /home/vxlab/on_UR5e/install/par_utils/include/par_utils/par_utils/action/detail/gripper_grip__rosidl_typesupport_fastrtps_cpp.hpp
[1.195s] -- Up-to-date: /home/vxlab/on_UR5e/install/par_utils/include/par_utils/par_utils/action/detail/gripper_set_width__rosidl_typesupport_fastrtps_cpp.hpp
[1.195s] -- Up-to-date: /home/vxlab/on_UR5e/install/par_utils/lib/libpar_utils__rosidl_typesupport_fastrtps_cpp.so
[1.195s] -- Up-to-date: /home/vxlab/on_UR5e/install/par_utils/include/par_utils/par_utils
[1.195s] -- Up-to-date: /home/vxlab/on_UR5e/install/par_utils/include/par_utils/par_utils/msg
[1.195s] -- Up-to-date: /home/vxlab/on_UR5e/install/par_utils/include/par_utils/par_utils/msg/detail
[1.195s] -- Up-to-date: /home/vxlab/on_UR5e/install/par_utils/include/par_utils/par_utils/msg/detail/gripper_info__type_support.cpp
[1.196s] -- Up-to-date: /home/vxlab/on_UR5e/install/par_utils/include/par_utils/par_utils/msg/detail/gripper_info__rosidl_typesupport_introspection_cpp.hpp
[1.196s] -- Up-to-date: /home/vxlab/on_UR5e/install/par_utils/include/par_utils/par_utils/action
[1.196s] -- Up-to-date: /home/vxlab/on_UR5e/install/par_utils/include/par_utils/par_utils/action/detail
[1.196s] -- Up-to-date: /home/vxlab/on_UR5e/install/par_utils/include/par_utils/par_utils/action/detail/gripper_set_width__type_support.cpp
[1.196s] -- Up-to-date: /home/vxlab/on_UR5e/install/par_utils/include/par_utils/par_utils/action/detail/gripper_grip__rosidl_typesupport_introspection_cpp.hpp
[1.196s] -- Up-to-date: /home/vxlab/on_UR5e/install/par_utils/include/par_utils/par_utils/action/detail/gripper_set_width__rosidl_typesupport_introspection_cpp.hpp
[1.196s] -- Up-to-date: /home/vxlab/on_UR5e/install/par_utils/include/par_utils/par_utils/action/detail/gripper_grip__type_support.cpp
[1.197s] -- Up-to-date: /home/vxlab/on_UR5e/install/par_utils/lib/libpar_utils__rosidl_typesupport_introspection_cpp.so
[1.197s] -- Up-to-date: /home/vxlab/on_UR5e/install/par_utils/lib/libpar_utils__rosidl_typesupport_cpp.so
[1.197s] -- Up-to-date: /home/vxlab/on_UR5e/install/par_utils/share/par_utils/environment/pythonpath.sh
[1.197s] -- Up-to-date: /home/vxlab/on_UR5e/install/par_utils/share/par_utils/environment/pythonpath.dsv
[1.197s] -- Up-to-date: /home/vxlab/on_UR5e/install/par_utils/local/lib/python3.10/dist-packages/par_utils-0.0.0-py3.10.egg-info
[1.197s] -- Installing: /home/vxlab/on_UR5e/install/par_utils/local/lib/python3.10/dist-packages/par_utils-0.0.0-py3.10.egg-info/SOURCES.txt
[1.198s] -- Installing: /home/vxlab/on_UR5e/install/par_utils/local/lib/python3.10/dist-packages/par_utils-0.0.0-py3.10.egg-info/dependency_links.txt
[1.198s] -- Installing: /home/vxlab/on_UR5e/install/par_utils/local/lib/python3.10/dist-packages/par_utils-0.0.0-py3.10.egg-info/top_level.txt
[1.198s] -- Installing: /home/vxlab/on_UR5e/install/par_utils/local/lib/python3.10/dist-packages/par_utils-0.0.0-py3.10.egg-info/PKG-INFO
[1.198s] -- Up-to-date: /home/vxlab/on_UR5e/install/par_utils/local/lib/python3.10/dist-packages/par_utils
[1.198s] -- Up-to-date: /home/vxlab/on_UR5e/install/par_utils/local/lib/python3.10/dist-packages/par_utils/msg
[1.198s] -- Up-to-date: /home/vxlab/on_UR5e/install/par_utils/local/lib/python3.10/dist-packages/par_utils/msg/_gripper_info.py
[1.198s] -- Up-to-date: /home/vxlab/on_UR5e/install/par_utils/local/lib/python3.10/dist-packages/par_utils/msg/_gripper_info_s.c
[1.199s] -- Up-to-date: /home/vxlab/on_UR5e/install/par_utils/local/lib/python3.10/dist-packages/par_utils/msg/__init__.py
[1.199s] -- Up-to-date: /home/vxlab/on_UR5e/install/par_utils/local/lib/python3.10/dist-packages/par_utils/par_utils_s__rosidl_typesupport_introspection_c.cpython-310-x86_64-linux-gnu.so
[1.199s] -- Up-to-date: /home/vxlab/on_UR5e/install/par_utils/local/lib/python3.10/dist-packages/par_utils/_par_utils_s.ep.rosidl_typesupport_fastrtps_c.c
[1.199s] -- Up-to-date: /home/vxlab/on_UR5e/install/par_utils/local/lib/python3.10/dist-packages/par_utils/action
[1.199s] -- Up-to-date: /home/vxlab/on_UR5e/install/par_utils/local/lib/python3.10/dist-packages/par_utils/action/_gripper_set_width_s.c
[1.199s] -- Up-to-date: /home/vxlab/on_UR5e/install/par_utils/local/lib/python3.10/dist-packages/par_utils/action/_gripper_grip_s.c
[1.199s] -- Up-to-date: /home/vxlab/on_UR5e/install/par_utils/local/lib/python3.10/dist-packages/par_utils/action/_gripper_set_width.py
[1.199s] -- Up-to-date: /home/vxlab/on_UR5e/install/par_utils/local/lib/python3.10/dist-packages/par_utils/action/__init__.py
[1.200s] -- Up-to-date: /home/vxlab/on_UR5e/install/par_utils/local/lib/python3.10/dist-packages/par_utils/action/_gripper_grip.py
[1.200s] -- Up-to-date: /home/vxlab/on_UR5e/install/par_utils/local/lib/python3.10/dist-packages/par_utils/_par_utils_s.ep.rosidl_typesupport_introspection_c.c
[1.200s] -- Up-to-date: /home/vxlab/on_UR5e/install/par_utils/local/lib/python3.10/dist-packages/par_utils/par_utils_s__rosidl_typesupport_c.cpython-310-x86_64-linux-gnu.so
[1.200s] -- Up-to-date: /home/vxlab/on_UR5e/install/par_utils/local/lib/python3.10/dist-packages/par_utils/libpar_utils__rosidl_generator_py.so
[1.200s] -- Up-to-date: /home/vxlab/on_UR5e/install/par_utils/local/lib/python3.10/dist-packages/par_utils/__init__.py
[1.200s] -- Up-to-date: /home/vxlab/on_UR5e/install/par_utils/local/lib/python3.10/dist-packages/par_utils/par_utils_s__rosidl_typesupport_fastrtps_c.cpython-310-x86_64-linux-gnu.so
[1.200s] -- Up-to-date: /home/vxlab/on_UR5e/install/par_utils/local/lib/python3.10/dist-packages/par_utils/_par_utils_s.ep.rosidl_typesupport_c.c
[1.252s] Listing '/home/vxlab/on_UR5e/install/par_utils/local/lib/python3.10/dist-packages/par_utils'...
[1.252s] Listing '/home/vxlab/on_UR5e/install/par_utils/local/lib/python3.10/dist-packages/par_utils/action'...
[1.252s] Listing '/home/vxlab/on_UR5e/install/par_utils/local/lib/python3.10/dist-packages/par_utils/msg'...
[1.259s] -- Up-to-date: /home/vxlab/on_UR5e/install/par_utils/local/lib/python3.10/dist-packages/par_utils/par_utils_s__rosidl_typesupport_fastrtps_c.cpython-310-x86_64-linux-gnu.so
[1.259s] -- Up-to-date: /home/vxlab/on_UR5e/install/par_utils/local/lib/python3.10/dist-packages/par_utils/par_utils_s__rosidl_typesupport_introspection_c.cpython-310-x86_64-linux-gnu.so
[1.260s] -- Up-to-date: /home/vxlab/on_UR5e/install/par_utils/local/lib/python3.10/dist-packages/par_utils/par_utils_s__rosidl_typesupport_c.cpython-310-x86_64-linux-gnu.so
[1.261s] -- Up-to-date: /home/vxlab/on_UR5e/install/par_utils/lib/libpar_utils__rosidl_generator_py.so
[1.261s] -- Up-to-date: /home/vxlab/on_UR5e/install/par_utils/share/par_utils/action/GripperSetWidth.idl
[1.262s] -- Up-to-date: /home/vxlab/on_UR5e/install/par_utils/share/par_utils/msg/GripperInfo.idl
[1.262s] -- Up-to-date: /home/vxlab/on_UR5e/install/par_utils/share/par_utils/action/GripperSetWidth.action
[1.262s] -- Up-to-date: /home/vxlab/on_UR5e/install/par_utils/share/par_utils/msg/GripperInfo.msg
[1.263s] -- Up-to-date: /home/vxlab/on_UR5e/install/par_utils/share/ament_index/resource_index/package_run_dependencies/par_utils
[1.263s] -- Up-to-date: /home/vxlab/on_UR5e/install/par_utils/share/ament_index/resource_index/parent_prefix_path/par_utils
[1.263s] -- Up-to-date: /home/vxlab/on_UR5e/install/par_utils/share/par_utils/environment/ament_prefix_path.sh
[1.263s] -- Up-to-date: /home/vxlab/on_UR5e/install/par_utils/share/par_utils/environment/ament_prefix_path.dsv
[1.264s] -- Up-to-date: /home/vxlab/on_UR5e/install/par_utils/share/par_utils/environment/path.sh
[1.264s] -- Up-to-date: /home/vxlab/on_UR5e/install/par_utils/share/par_utils/environment/path.dsv
[1.264s] -- Up-to-date: /home/vxlab/on_UR5e/install/par_utils/share/par_utils/local_setup.bash
[1.264s] -- Up-to-date: /home/vxlab/on_UR5e/install/par_utils/share/par_utils/local_setup.sh
[1.265s] -- Up-to-date: /home/vxlab/on_UR5e/install/par_utils/share/par_utils/local_setup.zsh
[1.265s] -- Up-to-date: /home/vxlab/on_UR5e/install/par_utils/share/par_utils/local_setup.dsv
[1.265s] -- Installing: /home/vxlab/on_UR5e/install/par_utils/share/par_utils/package.dsv
[1.265s] -- Up-to-date: /home/vxlab/on_UR5e/install/par_utils/share/ament_index/resource_index/packages/par_utils
[1.265s] -- Up-to-date: /home/vxlab/on_UR5e/install/par_utils/share/par_utils/cmake/export_par_utils__rosidl_generator_cExport.cmake
[1.266s] -- Up-to-date: /home/vxlab/on_UR5e/install/par_utils/share/par_utils/cmake/export_par_utils__rosidl_generator_cExport-noconfig.cmake
[1.266s] -- Up-to-date: /home/vxlab/on_UR5e/install/par_utils/share/par_utils/cmake/export_par_utils__rosidl_typesupport_fastrtps_cExport.cmake
[1.266s] -- Up-to-date: /home/vxlab/on_UR5e/install/par_utils/share/par_utils/cmake/export_par_utils__rosidl_typesupport_fastrtps_cExport-noconfig.cmake
[1.266s] -- Up-to-date: /home/vxlab/on_UR5e/install/par_utils/share/par_utils/cmake/par_utils__rosidl_typesupport_introspection_cExport.cmake
[1.267s] -- Up-to-date: /home/vxlab/on_UR5e/install/par_utils/share/par_utils/cmake/par_utils__rosidl_typesupport_introspection_cExport-noconfig.cmake
[1.267s] -- Up-to-date: /home/vxlab/on_UR5e/install/par_utils/share/par_utils/cmake/par_utils__rosidl_typesupport_cExport.cmake
[1.267s] -- Up-to-date: /home/vxlab/on_UR5e/install/par_utils/share/par_utils/cmake/par_utils__rosidl_typesupport_cExport-noconfig.cmake
[1.267s] -- Up-to-date: /home/vxlab/on_UR5e/install/par_utils/share/par_utils/cmake/export_par_utils__rosidl_generator_cppExport.cmake
[1.268s] -- Up-to-date: /home/vxlab/on_UR5e/install/par_utils/share/par_utils/cmake/export_par_utils__rosidl_typesupport_fastrtps_cppExport.cmake
[1.268s] -- Up-to-date: /home/vxlab/on_UR5e/install/par_utils/share/par_utils/cmake/export_par_utils__rosidl_typesupport_fastrtps_cppExport-noconfig.cmake
[1.268s] -- Up-to-date: /home/vxlab/on_UR5e/install/par_utils/share/par_utils/cmake/par_utils__rosidl_typesupport_introspection_cppExport.cmake
[1.268s] -- Up-to-date: /home/vxlab/on_UR5e/install/par_utils/share/par_utils/cmake/par_utils__rosidl_typesupport_introspection_cppExport-noconfig.cmake
[1.268s] -- Up-to-date: /home/vxlab/on_UR5e/install/par_utils/share/par_utils/cmake/par_utils__rosidl_typesupport_cppExport.cmake
[1.269s] -- Up-to-date: /home/vxlab/on_UR5e/install/par_utils/share/par_utils/cmake/par_utils__rosidl_typesupport_cppExport-noconfig.cmake
[1.269s] -- Up-to-date: /home/vxlab/on_UR5e/install/par_utils/share/par_utils/cmake/export_par_utils__rosidl_generator_pyExport.cmake
[1.269s] -- Up-to-date: /home/vxlab/on_UR5e/install/par_utils/share/par_utils/cmake/export_par_utils__rosidl_generator_pyExport-noconfig.cmake
[1.269s] -- Up-to-date: /home/vxlab/on_UR5e/install/par_utils/share/par_utils/cmake/rosidl_cmake-extras.cmake
[1.269s] -- Up-to-date: /home/vxlab/on_UR5e/install/par_utils/share/par_utils/cmake/ament_cmake_export_dependencies-extras.cmake
[1.270s] -- Up-to-date: /home/vxlab/on_UR5e/install/par_utils/share/par_utils/cmake/ament_cmake_export_include_directories-extras.cmake
[1.271s] -- Up-to-date: /home/vxlab/on_UR5e/install/par_utils/share/par_utils/cmake/ament_cmake_export_libraries-extras.cmake
[1.271s] -- Up-to-date: /home/vxlab/on_UR5e/install/par_utils/share/par_utils/cmake/ament_cmake_export_targets-extras.cmake
[1.272s] -- Up-to-date: /home/vxlab/on_UR5e/install/par_utils/share/par_utils/cmake/rosidl_cmake_export_typesupport_targets-extras.cmake
[1.272s] -- Up-to-date: /home/vxlab/on_UR5e/install/par_utils/share/par_utils/cmake/rosidl_cmake_export_typesupport_libraries-extras.cmake
[1.272s] -- Up-to-date: /home/vxlab/on_UR5e/install/par_utils/share/par_utils/cmake/par_utilsConfig.cmake
[1.273s] -- Up-to-date: /home/vxlab/on_UR5e/install/par_utils/share/par_utils/cmake/par_utilsConfig-version.cmake
[1.273s] -- Up-to-date: /home/vxlab/on_UR5e/install/par_utils/share/par_utils/package.xml
[1.274s] Invoked command in '/home/vxlab/on_UR5e/build/par_utils' returned '0': CMAKE_PREFIX_PATH=${CMAKE_PREFIX_PATH}:/home/vxlab/on_UR5e/install/par_pkg:/opt/ros/humble /usr/bin/cmake --install /home/vxlab/on_UR5e/build/par_utils
