[0.052s] Invoking command in '/root/overlay_ws/src/build/rviz_visual_tools': CMAKE_PREFIX_PATH=${CMAKE_PREFIX_PATH}:/root/underlay_ws/install/moveit_configs_utils:/root/underlay_ws/install/launch_param_builder:/opt/ros/humble /usr/bin/cmake --build /root/overlay_ws/src/build/rviz_visual_tools -- -j8 -l8
[0.244s] [  2%] [34m[1mAutomatic MOC for target gtest_main[0m
[0.254s] [  5%] [34m[1mAutomatic MOC for target rviz_visual_tools_gui[0m
[0.287s] [  7%] [34m[1mAutomatic MOC for target gtest[0m
[0.287s] [ 10%] [34m[1mAutomatic MOC for target rviz_visual_tools_remote_control[0m
[0.336s] [ 10%] Built target gtest_main_autogen
[0.386s] [ 10%] Built target rviz_visual_tools_gui_autogen
[0.389s] [ 10%] Built target rviz_visual_tools_remote_control_autogen
[0.392s] [35m[1mConsolidate compiler generated dependencies of target gtest_main[0m
[0.394s] [ 10%] Built target gtest_autogen
[0.437s] [35m[1mConsolidate compiler generated dependencies of target rviz_visual_tools_remote_control[0m
[0.441s] [35m[1mConsolidate compiler generated dependencies of target rviz_visual_tools_gui[0m
[0.447s] [35m[1mConsolidate compiler generated dependencies of target gtest[0m
[0.479s] [ 17%] Built target gtest_main
[0.498s] [ 25%] Built target gtest
[0.501s] [ 33%] Built target rviz_visual_tools_remote_control
[0.535s] [ 46%] Built target rviz_visual_tools_gui
[0.591s] [ 48%] [34m[1mAutomatic MOC for target rviz_visual_tools[0m
[0.655s] [ 48%] Built target rviz_visual_tools_autogen
[0.699s] [35m[1mConsolidate compiler generated dependencies of target rviz_visual_tools[0m
[0.783s] [ 58%] Built target rviz_visual_tools
[0.853s] [ 61%] [34m[1mAutomatic MOC for target rviz_visual_tools_rvt_test[0m
[0.854s] [ 64%] [34m[1mAutomatic MOC for target rviz_visual_tools_imarker_simple[0m
[0.861s] [ 66%] [34m[1mAutomatic MOC for target rviz_visual_tools_demo[0m
[0.917s] [ 66%] Built target rviz_visual_tools_rvt_test_autogen
[0.930s] [ 66%] Built target rviz_visual_tools_imarker_simple_autogen
[0.949s] [ 66%] Built target rviz_visual_tools_demo_autogen
[0.965s] [35m[1mConsolidate compiler generated dependencies of target rviz_visual_tools_rvt_test[0m
[0.976s] [35m[1mConsolidate compiler generated dependencies of target rviz_visual_tools_imarker_simple[0m
[1.013s] [35m[1mConsolidate compiler generated dependencies of target rviz_visual_tools_demo[0m
[1.035s] [ 74%] Built target rviz_visual_tools_imarker_simple
[1.035s] [ 82%] Built target rviz_visual_tools_rvt_test
[1.071s] [ 89%] Built target rviz_visual_tools_demo
[1.096s] [ 92%] [34m[1mAutomatic MOC for target rviz_visual_tools_imarker_simple_demo[0m
[1.167s] [ 92%] Built target rviz_visual_tools_imarker_simple_demo_autogen
[1.196s] [35m[1mConsolidate compiler generated dependencies of target rviz_visual_tools_imarker_simple_demo[0m
[1.246s] [100%] Built target rviz_visual_tools_imarker_simple_demo
[1.277s] Invoked command in '/root/overlay_ws/src/build/rviz_visual_tools' returned '0': CMAKE_PREFIX_PATH=${CMAKE_PREFIX_PATH}:/root/underlay_ws/install/moveit_configs_utils:/root/underlay_ws/install/launch_param_builder:/opt/ros/humble /usr/bin/cmake --build /root/overlay_ws/src/build/rviz_visual_tools -- -j8 -l8
[1.585s] Invoking command in '/root/overlay_ws/src/build/rviz_visual_tools': CMAKE_PREFIX_PATH=${CMAKE_PREFIX_PATH}:/root/underlay_ws/install/moveit_configs_utils:/root/underlay_ws/install/launch_param_builder:/opt/ros/humble /usr/bin/cmake --install /root/overlay_ws/src/build/rviz_visual_tools
[1.606s] -- Install configuration: ""
[1.606s] -- Installing: /root/overlay_ws/src/install/rviz_visual_tools/share/rviz_visual_tools/plugin_description.xml
[1.606s] -- Installing: /root/overlay_ws/src/install/rviz_visual_tools/lib/librviz_visual_tools.so
[1.625s] -- Set runtime path of "/root/overlay_ws/src/install/rviz_visual_tools/lib/librviz_visual_tools.so" to ""
[1.625s] -- Installing: /root/overlay_ws/src/install/rviz_visual_tools/lib/librviz_visual_tools_remote_control.so
[1.638s] -- Set runtime path of "/root/overlay_ws/src/install/rviz_visual_tools/lib/librviz_visual_tools_remote_control.so" to ""
[1.639s] -- Installing: /root/overlay_ws/src/install/rviz_visual_tools/lib/librviz_visual_tools_gui.so
[1.652s] -- Set runtime path of "/root/overlay_ws/src/install/rviz_visual_tools/lib/librviz_visual_tools_gui.so" to ""
[1.652s] -- Installing: /root/overlay_ws/src/install/rviz_visual_tools/lib/librviz_visual_tools_imarker_simple.so
[1.653s] -- Set runtime path of "/root/overlay_ws/src/install/rviz_visual_tools/lib/librviz_visual_tools_imarker_simple.so" to ""
[1.653s] -- Installing: /root/overlay_ws/src/install/rviz_visual_tools/lib/rviz_visual_tools/rviz_visual_tools_demo
[1.657s] -- Set runtime path of "/root/overlay_ws/src/install/rviz_visual_tools/lib/rviz_visual_tools/rviz_visual_tools_demo" to ""
[1.658s] -- Installing: /root/overlay_ws/src/install/rviz_visual_tools/lib/rviz_visual_tools/rviz_visual_tools_imarker_simple_demo
[1.660s] -- Set runtime path of "/root/overlay_ws/src/install/rviz_visual_tools/lib/rviz_visual_tools/rviz_visual_tools_imarker_simple_demo" to ""
[1.661s] -- Installing: /root/overlay_ws/src/install/rviz_visual_tools/include
[1.661s] -- Installing: /root/overlay_ws/src/install/rviz_visual_tools/include/rviz_visual_tools
[1.662s] -- Installing: /root/overlay_ws/src/install/rviz_visual_tools/include/rviz_visual_tools/imarker_simple.hpp
[1.663s] -- Installing: /root/overlay_ws/src/install/rviz_visual_tools/include/rviz_visual_tools/rviz_visual_tools.hpp
[1.664s] -- Installing: /root/overlay_ws/src/install/rviz_visual_tools/include/rviz_visual_tools/remote_control.hpp
[1.664s] -- Installing: /root/overlay_ws/src/install/rviz_visual_tools/include/rviz_visual_tools/tf_visual_tools.hpp
[1.664s] -- Installing: /root/overlay_ws/src/install/rviz_visual_tools/include/rviz_visual_tools/key_tool.hpp
[1.665s] -- Installing: /root/overlay_ws/src/install/rviz_visual_tools/include/rviz_visual_tools/remote_reciever.hpp
[1.665s] -- Installing: /root/overlay_ws/src/install/rviz_visual_tools/include/rviz_visual_tools/rviz_visual_tools_gui.hpp
[1.665s] -- Installing: /root/overlay_ws/src/install/rviz_visual_tools/share/rviz_visual_tools/launch
[1.666s] -- Installing: /root/overlay_ws/src/install/rviz_visual_tools/share/rviz_visual_tools/launch/rvt_test.launch
[1.666s] -- Installing: /root/overlay_ws/src/install/rviz_visual_tools/share/rviz_visual_tools/launch/demo_rviz.launch.py
[1.666s] -- Installing: /root/overlay_ws/src/install/rviz_visual_tools/share/rviz_visual_tools/launch/demo.rviz
[1.666s] -- Installing: /root/overlay_ws/src/install/rviz_visual_tools/share/rviz_visual_tools/launch/demo_combined.launch.py
[1.667s] -- Installing: /root/overlay_ws/src/install/rviz_visual_tools/share/rviz_visual_tools/environment/library_path.sh
[1.667s] -- Installing: /root/overlay_ws/src/install/rviz_visual_tools/share/rviz_visual_tools/environment/library_path.dsv
[1.667s] -- Installing: /root/overlay_ws/src/install/rviz_visual_tools/share/ament_index/resource_index/package_run_dependencies/rviz_visual_tools
[1.668s] -- Installing: /root/overlay_ws/src/install/rviz_visual_tools/share/ament_index/resource_index/parent_prefix_path/rviz_visual_tools
[1.668s] -- Installing: /root/overlay_ws/src/install/rviz_visual_tools/share/rviz_visual_tools/environment/ament_prefix_path.sh
[1.668s] -- Installing: /root/overlay_ws/src/install/rviz_visual_tools/share/rviz_visual_tools/environment/ament_prefix_path.dsv
[1.668s] -- Installing: /root/overlay_ws/src/install/rviz_visual_tools/share/rviz_visual_tools/environment/path.sh
[1.669s] -- Installing: /root/overlay_ws/src/install/rviz_visual_tools/share/rviz_visual_tools/environment/path.dsv
[1.669s] -- Installing: /root/overlay_ws/src/install/rviz_visual_tools/share/rviz_visual_tools/local_setup.bash
[1.669s] -- Installing: /root/overlay_ws/src/install/rviz_visual_tools/share/rviz_visual_tools/local_setup.sh
[1.670s] -- Installing: /root/overlay_ws/src/install/rviz_visual_tools/share/rviz_visual_tools/local_setup.zsh
[1.670s] -- Installing: /root/overlay_ws/src/install/rviz_visual_tools/share/rviz_visual_tools/local_setup.dsv
[1.670s] -- Installing: /root/overlay_ws/src/install/rviz_visual_tools/share/rviz_visual_tools/package.dsv
[1.671s] -- Installing: /root/overlay_ws/src/install/rviz_visual_tools/share/ament_index/resource_index/packages/rviz_visual_tools
[1.671s] -- Installing: /root/overlay_ws/src/install/rviz_visual_tools/share/ament_index/resource_index/rviz_common__pluginlib__plugin/rviz_visual_tools
[1.671s] -- Installing: /root/overlay_ws/src/install/rviz_visual_tools/share/rviz_visual_tools/cmake/export_rviz_visual_toolsExport.cmake
[1.672s] -- Installing: /root/overlay_ws/src/install/rviz_visual_tools/share/rviz_visual_tools/cmake/export_rviz_visual_toolsExport-noconfig.cmake
[1.672s] -- Installing: /root/overlay_ws/src/install/rviz_visual_tools/share/rviz_visual_tools/cmake/ament_cmake_export_targets-extras.cmake
[1.672s] -- Installing: /root/overlay_ws/src/install/rviz_visual_tools/share/rviz_visual_tools/cmake/ament_cmake_export_dependencies-extras.cmake
[1.673s] -- Installing: /root/overlay_ws/src/install/rviz_visual_tools/share/rviz_visual_tools/cmake/ament_cmake_export_include_directories-extras.cmake
[1.673s] -- Installing: /root/overlay_ws/src/install/rviz_visual_tools/share/rviz_visual_tools/cmake/ament_cmake_export_libraries-extras.cmake
[1.673s] -- Installing: /root/overlay_ws/src/install/rviz_visual_tools/share/rviz_visual_tools/cmake/rviz_visual_toolsConfig.cmake
[1.674s] -- Installing: /root/overlay_ws/src/install/rviz_visual_tools/share/rviz_visual_tools/cmake/rviz_visual_toolsConfig-version.cmake
[1.674s] -- Installing: /root/overlay_ws/src/install/rviz_visual_tools/share/rviz_visual_tools/package.xml
[1.679s] Invoked command in '/root/overlay_ws/src/build/rviz_visual_tools' returned '0': CMAKE_PREFIX_PATH=${CMAKE_PREFIX_PATH}:/root/underlay_ws/install/moveit_configs_utils:/root/underlay_ws/install/launch_param_builder:/opt/ros/humble /usr/bin/cmake --install /root/overlay_ws/src/build/rviz_visual_tools
