[3.712s] DEBUG:colcon:Command line arguments: ['/usr/bin/colcon', 'build', '--packages-select', 'par_utils', 'par_pkg']
[3.712s] DEBUG:colcon:Parsed command line arguments: Namespace(log_base=None, log_level=None, verb_name='build', build_base='build', install_base='install', merge_install=False, symlink_install=False, test_result_base=None, continue_on_error=False, executor='parallel', parallel_workers=8, event_handlers=None, ignore_user_meta=False, metas=['./colcon.meta'], base_paths=['.'], packages_ignore=None, packages_ignore_regex=None, paths=None, packages_up_to=None, packages_up_to_regex=None, packages_above=None, packages_above_and_dependencies=None, packages_above_depth=None, packages_select_by_dep=None, packages_skip_by_dep=None, packages_skip_up_to=None, packages_select_build_failed=False, packages_skip_build_finished=False, packages_select_test_failures=False, packages_skip_test_passed=False, packages_select=['par_utils', 'par_pkg'], packages_skip=None, packages_select_regex=None, packages_skip_regex=None, packages_start=None, packages_end=None, allow_overriding=[], cmake_args=None, cmake_target=None, cmake_target_skip_unavailable=False, cmake_clean_cache=False, cmake_clean_first=False, cmake_force_configure=False, ament_cmake_args=None, catkin_cmake_args=None, catkin_skip_building_tests=False, mixin_files=None, mixin=None, verb_parser=<colcon_mixin.mixin.mixin_argument.MixinArgumentDecorator object at 0x7cccabd11e10>, verb_extension=<colcon_core.verb.build.BuildVerb object at 0x7cccabeaee30>, main=<bound method BuildVerb.main of <colcon_core.verb.build.BuildVerb object at 0x7cccabeaee30>>, mixin_verb=('build',))
[3.825s] Level 1:colcon.colcon_core.package_discovery:discover_packages(colcon_meta) check parameters
[3.825s] Level 1:colcon.colcon_core.package_discovery:discover_packages(recursive) check parameters
[3.825s] Level 1:colcon.colcon_core.package_discovery:discover_packages(ignore) check parameters
[3.825s] Level 1:colcon.colcon_core.package_discovery:discover_packages(path) check parameters
[3.825s] Level 1:colcon.colcon_core.package_discovery:discover_packages(colcon_meta) discover
[3.825s] Level 1:colcon.colcon_core.package_discovery:discover_packages(recursive) discover
[3.825s] INFO:colcon.colcon_core.package_discovery:Crawling recursively for packages in '/home/vxlab/on_UR5e'
[3.825s] Level 1:colcon.colcon_core.package_identification:_identify(.) by extensions ['ignore', 'ignore_ament_install']
[3.826s] Level 1:colcon.colcon_core.package_identification:_identify(.) by extension 'ignore'
[3.826s] Level 1:colcon.colcon_core.package_identification:_identify(.) by extension 'ignore_ament_install'
[3.826s] Level 1:colcon.colcon_core.package_identification:_identify(.) by extensions ['colcon_pkg']
[3.826s] Level 1:colcon.colcon_core.package_identification:_identify(.) by extension 'colcon_pkg'
[3.826s] Level 1:colcon.colcon_core.package_identification:_identify(.) by extensions ['colcon_meta']
[3.826s] Level 1:colcon.colcon_core.package_identification:_identify(.) by extension 'colcon_meta'
[3.826s] Level 1:colcon.colcon_core.package_identification:_identify(.) by extensions ['ros']
[3.826s] Level 1:colcon.colcon_core.package_identification:_identify(.) by extension 'ros'
[3.843s] Level 1:colcon.colcon_core.package_identification:_identify(.) by extensions ['cmake', 'python']
[3.843s] Level 1:colcon.colcon_core.package_identification:_identify(.) by extension 'cmake'
[3.843s] Level 1:colcon.colcon_core.package_identification:_identify(.) by extension 'python'
[3.844s] Level 1:colcon.colcon_core.package_identification:_identify(.) by extensions ['python_setup_py']
[3.844s] Level 1:colcon.colcon_core.package_identification:_identify(.) by extension 'python_setup_py'
[3.844s] Level 1:colcon.colcon_core.package_identification:_identify(build) by extensions ['ignore', 'ignore_ament_install']
[3.844s] Level 1:colcon.colcon_core.package_identification:_identify(build) by extension 'ignore'
[3.844s] Level 1:colcon.colcon_core.package_identification:_identify(build) ignored
[3.844s] Level 1:colcon.colcon_core.package_identification:_identify(graph_msgs) by extensions ['ignore', 'ignore_ament_install']
[3.844s] Level 1:colcon.colcon_core.package_identification:_identify(graph_msgs) by extension 'ignore'
[3.844s] Level 1:colcon.colcon_core.package_identification:_identify(graph_msgs) by extension 'ignore_ament_install'
[3.845s] Level 1:colcon.colcon_core.package_identification:_identify(graph_msgs) by extensions ['colcon_pkg']
[3.845s] Level 1:colcon.colcon_core.package_identification:_identify(graph_msgs) by extension 'colcon_pkg'
[3.845s] Level 1:colcon.colcon_core.package_identification:_identify(graph_msgs) by extensions ['colcon_meta']
[3.845s] Level 1:colcon.colcon_core.package_identification:_identify(graph_msgs) by extension 'colcon_meta'
[3.845s] Level 1:colcon.colcon_core.package_identification:_identify(graph_msgs) by extensions ['ros']
[3.845s] Level 1:colcon.colcon_core.package_identification:_identify(graph_msgs) by extension 'ros'
[3.845s] Level 1:colcon.colcon_core.package_identification:_identify(graph_msgs) by extensions ['cmake', 'python']
[3.845s] Level 1:colcon.colcon_core.package_identification:_identify(graph_msgs) by extension 'cmake'
[3.845s] Level 1:colcon.colcon_core.package_identification:_identify(graph_msgs) by extension 'python'
[3.845s] Level 1:colcon.colcon_core.package_identification:_identify(graph_msgs) by extensions ['python_setup_py']
[3.845s] Level 1:colcon.colcon_core.package_identification:_identify(graph_msgs) by extension 'python_setup_py'
[3.846s] Level 1:colcon.colcon_core.package_identification:_identify(hello_moveit_ur) by extensions ['ignore', 'ignore_ament_install']
[3.846s] Level 1:colcon.colcon_core.package_identification:_identify(hello_moveit_ur) by extension 'ignore'
[3.846s] Level 1:colcon.colcon_core.package_identification:_identify(hello_moveit_ur) by extension 'ignore_ament_install'
[3.846s] Level 1:colcon.colcon_core.package_identification:_identify(hello_moveit_ur) by extensions ['colcon_pkg']
[3.846s] Level 1:colcon.colcon_core.package_identification:_identify(hello_moveit_ur) by extension 'colcon_pkg'
[3.846s] Level 1:colcon.colcon_core.package_identification:_identify(hello_moveit_ur) by extensions ['colcon_meta']
[3.846s] Level 1:colcon.colcon_core.package_identification:_identify(hello_moveit_ur) by extension 'colcon_meta'
[3.846s] Level 1:colcon.colcon_core.package_identification:_identify(hello_moveit_ur) by extensions ['ros']
[3.846s] Level 1:colcon.colcon_core.package_identification:_identify(hello_moveit_ur) by extension 'ros'
[3.851s] DEBUG:colcon.colcon_core.package_identification:Package 'hello_moveit_ur' with type 'ros.ament_cmake' and name 'hello_moveit_ur'
[3.852s] Level 1:colcon.colcon_core.package_identification:_identify(install) by extensions ['ignore', 'ignore_ament_install']
[3.852s] Level 1:colcon.colcon_core.package_identification:_identify(install) by extension 'ignore'
[3.852s] Level 1:colcon.colcon_core.package_identification:_identify(install) ignored
[3.852s] Level 1:colcon.colcon_core.package_identification:_identify(log) by extensions ['ignore', 'ignore_ament_install']
[3.852s] Level 1:colcon.colcon_core.package_identification:_identify(log) by extension 'ignore'
[3.853s] Level 1:colcon.colcon_core.package_identification:_identify(log) ignored
[3.853s] Level 1:colcon.colcon_core.package_identification:_identify(moveit_visual_tools) by extensions ['ignore', 'ignore_ament_install']
[3.853s] Level 1:colcon.colcon_core.package_identification:_identify(moveit_visual_tools) by extension 'ignore'
[3.853s] Level 1:colcon.colcon_core.package_identification:_identify(moveit_visual_tools) by extension 'ignore_ament_install'
[3.853s] Level 1:colcon.colcon_core.package_identification:_identify(moveit_visual_tools) by extensions ['colcon_pkg']
[3.853s] Level 1:colcon.colcon_core.package_identification:_identify(moveit_visual_tools) by extension 'colcon_pkg'
[3.853s] Level 1:colcon.colcon_core.package_identification:_identify(moveit_visual_tools) by extensions ['colcon_meta']
[3.853s] Level 1:colcon.colcon_core.package_identification:_identify(moveit_visual_tools) by extension 'colcon_meta'
[3.854s] Level 1:colcon.colcon_core.package_identification:_identify(moveit_visual_tools) by extensions ['ros']
[3.854s] Level 1:colcon.colcon_core.package_identification:_identify(moveit_visual_tools) by extension 'ros'
[3.854s] Level 1:colcon.colcon_core.package_identification:_identify(moveit_visual_tools) by extensions ['cmake', 'python']
[3.854s] Level 1:colcon.colcon_core.package_identification:_identify(moveit_visual_tools) by extension 'cmake'
[3.854s] Level 1:colcon.colcon_core.package_identification:_identify(moveit_visual_tools) by extension 'python'
[3.854s] Level 1:colcon.colcon_core.package_identification:_identify(moveit_visual_tools) by extensions ['python_setup_py']
[3.854s] Level 1:colcon.colcon_core.package_identification:_identify(moveit_visual_tools) by extension 'python_setup_py'
[3.855s] Level 1:colcon.colcon_core.package_identification:_identify(par_pkg) by extensions ['ignore', 'ignore_ament_install']
[3.855s] Level 1:colcon.colcon_core.package_identification:_identify(par_pkg) by extension 'ignore'
[3.855s] Level 1:colcon.colcon_core.package_identification:_identify(par_pkg) by extension 'ignore_ament_install'
[3.855s] Level 1:colcon.colcon_core.package_identification:_identify(par_pkg) by extensions ['colcon_pkg']
[3.855s] Level 1:colcon.colcon_core.package_identification:_identify(par_pkg) by extension 'colcon_pkg'
[3.855s] Level 1:colcon.colcon_core.package_identification:_identify(par_pkg) by extensions ['colcon_meta']
[3.855s] Level 1:colcon.colcon_core.package_identification:_identify(par_pkg) by extension 'colcon_meta'
[3.855s] Level 1:colcon.colcon_core.package_identification:_identify(par_pkg) by extensions ['ros']
[3.855s] Level 1:colcon.colcon_core.package_identification:_identify(par_pkg) by extension 'ros'
[3.857s] DEBUG:colcon.colcon_core.package_identification:Package 'par_pkg' with type 'ros.ament_python' and name 'par_pkg'
[3.857s] Level 1:colcon.colcon_core.package_identification:_identify(par_utils) by extensions ['ignore', 'ignore_ament_install']
[3.857s] Level 1:colcon.colcon_core.package_identification:_identify(par_utils) by extension 'ignore'
[3.857s] Level 1:colcon.colcon_core.package_identification:_identify(par_utils) by extension 'ignore_ament_install'
[3.857s] Level 1:colcon.colcon_core.package_identification:_identify(par_utils) by extensions ['colcon_pkg']
[3.857s] Level 1:colcon.colcon_core.package_identification:_identify(par_utils) by extension 'colcon_pkg'
[3.858s] Level 1:colcon.colcon_core.package_identification:_identify(par_utils) by extensions ['colcon_meta']
[3.858s] Level 1:colcon.colcon_core.package_identification:_identify(par_utils) by extension 'colcon_meta'
[3.858s] Level 1:colcon.colcon_core.package_identification:_identify(par_utils) by extensions ['ros']
[3.858s] Level 1:colcon.colcon_core.package_identification:_identify(par_utils) by extension 'ros'
[3.859s] DEBUG:colcon.colcon_core.package_identification:Package 'par_utils' with type 'ros.ament_cmake' and name 'par_utils'
[3.859s] Level 1:colcon.colcon_core.package_identification:_identify(rviz_visual_tools) by extensions ['ignore', 'ignore_ament_install']
[3.860s] Level 1:colcon.colcon_core.package_identification:_identify(rviz_visual_tools) by extension 'ignore'
[3.860s] Level 1:colcon.colcon_core.package_identification:_identify(rviz_visual_tools) by extension 'ignore_ament_install'
[3.860s] Level 1:colcon.colcon_core.package_identification:_identify(rviz_visual_tools) by extensions ['colcon_pkg']
[3.860s] Level 1:colcon.colcon_core.package_identification:_identify(rviz_visual_tools) by extension 'colcon_pkg'
[3.860s] Level 1:colcon.colcon_core.package_identification:_identify(rviz_visual_tools) by extensions ['colcon_meta']
[3.860s] Level 1:colcon.colcon_core.package_identification:_identify(rviz_visual_tools) by extension 'colcon_meta'
[3.860s] Level 1:colcon.colcon_core.package_identification:_identify(rviz_visual_tools) by extensions ['ros']
[3.860s] Level 1:colcon.colcon_core.package_identification:_identify(rviz_visual_tools) by extension 'ros'
[3.861s] Level 1:colcon.colcon_core.package_identification:_identify(rviz_visual_tools) by extensions ['cmake', 'python']
[3.861s] Level 1:colcon.colcon_core.package_identification:_identify(rviz_visual_tools) by extension 'cmake'
[3.861s] Level 1:colcon.colcon_core.package_identification:_identify(rviz_visual_tools) by extension 'python'
[3.861s] Level 1:colcon.colcon_core.package_identification:_identify(rviz_visual_tools) by extensions ['python_setup_py']
[3.861s] Level 1:colcon.colcon_core.package_identification:_identify(rviz_visual_tools) by extension 'python_setup_py'
[3.861s] Level 1:colcon.colcon_core.package_discovery:discover_packages(recursive) using defaults
[3.861s] Level 1:colcon.colcon_core.package_discovery:discover_packages(ignore) discover
[3.861s] Level 1:colcon.colcon_core.package_discovery:discover_packages(ignore) using defaults
[3.861s] Level 1:colcon.colcon_core.package_discovery:discover_packages(path) discover
[3.861s] Level 1:colcon.colcon_core.package_discovery:discover_packages(path) using defaults
[4.057s] INFO:colcon.colcon_core.package_selection:Skipping not selected package 'hello_moveit_ur' in 'hello_moveit_ur'
[4.174s] Level 1:colcon.colcon_core.package_discovery:discover_packages(prefix_path) check parameters
[4.174s] Level 1:colcon.colcon_core.package_discovery:discover_packages(prefix_path) discover
[4.272s] DEBUG:colcon.colcon_installed_package_information.package_discovery:Found 6 installed packages in /home/vxlab/on_UR5e/install
[4.321s] DEBUG:colcon.colcon_installed_package_information.package_discovery:Found 384 installed packages in /opt/ros/humble
[4.325s] Level 1:colcon.colcon_core.package_discovery:discover_packages(prefix_path) using defaults
[4.562s] Level 5:colcon.colcon_core.verb:set package 'par_utils' build argument 'cmake_args' from command line to 'None'
[4.562s] Level 5:colcon.colcon_core.verb:set package 'par_utils' build argument 'cmake_target' from command line to 'None'
[4.562s] Level 5:colcon.colcon_core.verb:set package 'par_utils' build argument 'cmake_target_skip_unavailable' from command line to 'False'
[4.562s] Level 5:colcon.colcon_core.verb:set package 'par_utils' build argument 'cmake_clean_cache' from command line to 'False'
[4.562s] Level 5:colcon.colcon_core.verb:set package 'par_utils' build argument 'cmake_clean_first' from command line to 'False'
[4.562s] Level 5:colcon.colcon_core.verb:set package 'par_utils' build argument 'cmake_force_configure' from command line to 'False'
[4.562s] Level 5:colcon.colcon_core.verb:set package 'par_utils' build argument 'ament_cmake_args' from command line to 'None'
[4.562s] Level 5:colcon.colcon_core.verb:set package 'par_utils' build argument 'catkin_cmake_args' from command line to 'None'
[4.563s] Level 5:colcon.colcon_core.verb:set package 'par_utils' build argument 'catkin_skip_building_tests' from command line to 'False'
[4.563s] DEBUG:colcon.colcon_core.verb:Building package 'par_utils' with the following arguments: {'ament_cmake_args': None, 'build_base': '/home/vxlab/on_UR5e/build/par_utils', 'catkin_cmake_args': None, 'catkin_skip_building_tests': False, 'cmake_args': None, 'cmake_clean_cache': False, 'cmake_clean_first': False, 'cmake_force_configure': False, 'cmake_target': None, 'cmake_target_skip_unavailable': False, 'install_base': '/home/vxlab/on_UR5e/install/par_utils', 'merge_install': False, 'path': '/home/vxlab/on_UR5e/par_utils', 'symlink_install': False, 'test_result_base': None}
[4.621s] Level 5:colcon.colcon_core.verb:set package 'par_pkg' build argument 'cmake_args' from command line to 'None'
[4.621s] Level 5:colcon.colcon_core.verb:set package 'par_pkg' build argument 'cmake_target' from command line to 'None'
[4.621s] Level 5:colcon.colcon_core.verb:set package 'par_pkg' build argument 'cmake_target_skip_unavailable' from command line to 'False'
[4.621s] Level 5:colcon.colcon_core.verb:set package 'par_pkg' build argument 'cmake_clean_cache' from command line to 'False'
[4.621s] Level 5:colcon.colcon_core.verb:set package 'par_pkg' build argument 'cmake_clean_first' from command line to 'False'
[4.621s] Level 5:colcon.colcon_core.verb:set package 'par_pkg' build argument 'cmake_force_configure' from command line to 'False'
[4.621s] Level 5:colcon.colcon_core.verb:set package 'par_pkg' build argument 'ament_cmake_args' from command line to 'None'
[4.621s] Level 5:colcon.colcon_core.verb:set package 'par_pkg' build argument 'catkin_cmake_args' from command line to 'None'
[4.621s] Level 5:colcon.colcon_core.verb:set package 'par_pkg' build argument 'catkin_skip_building_tests' from command line to 'False'
[4.621s] DEBUG:colcon.colcon_core.verb:Building package 'par_pkg' with the following arguments: {'ament_cmake_args': None, 'build_base': '/home/vxlab/on_UR5e/build/par_pkg', 'catkin_cmake_args': None, 'catkin_skip_building_tests': False, 'cmake_args': None, 'cmake_clean_cache': False, 'cmake_clean_first': False, 'cmake_force_configure': False, 'cmake_target': None, 'cmake_target_skip_unavailable': False, 'install_base': '/home/vxlab/on_UR5e/install/par_pkg', 'merge_install': False, 'path': '/home/vxlab/on_UR5e/par_pkg', 'symlink_install': False, 'test_result_base': None}
[4.680s] INFO:colcon.colcon_core.executor:Executing jobs using 'parallel' executor
[4.725s] DEBUG:colcon.colcon_parallel_executor.executor.parallel:run_until_complete
[4.725s] INFO:colcon.colcon_ros.task.ament_cmake.build:Building ROS package in '/home/vxlab/on_UR5e/par_utils' with build type 'ament_cmake'
[4.725s] INFO:colcon.colcon_cmake.task.cmake.build:Building CMake package in '/home/vxlab/on_UR5e/par_utils'
[4.769s] INFO:colcon.colcon_core.plugin_system:Skipping extension 'colcon_core.shell.bat': Not used on non-Windows systems
[4.769s] INFO:colcon.colcon_core.shell:Skip shell extension 'powershell' for command environment: Not usable outside of PowerShell
[4.770s] DEBUG:colcon.colcon_core.shell:Skip shell extension 'dsv' for command environment
[4.910s] DEBUG:colcon.colcon_core.event_handler.log_command:Invoking command in '/home/vxlab/on_UR5e/build/par_utils': CMAKE_PREFIX_PATH=${CMAKE_PREFIX_PATH}:/home/vxlab/on_UR5e/install/par_pkg:/opt/ros/humble /usr/bin/cmake --build /home/vxlab/on_UR5e/build/par_utils -- -j8 -l8
[5.759s] DEBUG:colcon.colcon_core.event_handler.log_command:Invoked command in '/home/vxlab/on_UR5e/build/par_utils' returned '0': CMAKE_PREFIX_PATH=${CMAKE_PREFIX_PATH}:/home/vxlab/on_UR5e/install/par_pkg:/opt/ros/humble /usr/bin/cmake --build /home/vxlab/on_UR5e/build/par_utils -- -j8 -l8
[5.891s] DEBUG:colcon.colcon_core.event_handler.log_command:Invoking command in '/home/vxlab/on_UR5e/build/par_utils': CMAKE_PREFIX_PATH=${CMAKE_PREFIX_PATH}:/home/vxlab/on_UR5e/install/par_pkg:/opt/ros/humble /usr/bin/cmake --install /home/vxlab/on_UR5e/build/par_utils
[5.996s] Level 1:colcon.colcon_core.environment:create_environment_scripts_only(par_utils)
[6.000s] DEBUG:colcon.colcon_core.event_handler.log_command:Invoked command in '/home/vxlab/on_UR5e/build/par_utils' returned '0': CMAKE_PREFIX_PATH=${CMAKE_PREFIX_PATH}:/home/vxlab/on_UR5e/install/par_pkg:/opt/ros/humble /usr/bin/cmake --install /home/vxlab/on_UR5e/build/par_utils
[6.058s] Level 1:colcon.colcon_core.environment:checking '/home/vxlab/on_UR5e/install/par_utils' for CMake module files
[6.060s] Level 1:colcon.colcon_core.environment:checking '/home/vxlab/on_UR5e/install/par_utils' for CMake config files
[6.062s] Level 1:colcon.colcon_core.shell:create_environment_hook('par_utils', 'cmake_prefix_path')
[6.122s] INFO:colcon.colcon_core.shell:Creating environment hook '/home/vxlab/on_UR5e/install/par_utils/share/par_utils/hook/cmake_prefix_path.ps1'
[6.123s] INFO:colcon.colcon_core.shell:Creating environment descriptor '/home/vxlab/on_UR5e/install/par_utils/share/par_utils/hook/cmake_prefix_path.dsv'
[6.124s] INFO:colcon.colcon_core.shell:Creating environment hook '/home/vxlab/on_UR5e/install/par_utils/share/par_utils/hook/cmake_prefix_path.sh'
[6.126s] Level 1:colcon.colcon_core.environment:checking '/home/vxlab/on_UR5e/install/par_utils/lib'
[6.126s] Level 1:colcon.colcon_core.shell:create_environment_hook('par_utils', 'ld_library_path_lib')
[6.175s] INFO:colcon.colcon_core.shell:Creating environment hook '/home/vxlab/on_UR5e/install/par_utils/share/par_utils/hook/ld_library_path_lib.ps1'
[6.176s] INFO:colcon.colcon_core.shell:Creating environment descriptor '/home/vxlab/on_UR5e/install/par_utils/share/par_utils/hook/ld_library_path_lib.dsv'
[6.176s] INFO:colcon.colcon_core.shell:Creating environment hook '/home/vxlab/on_UR5e/install/par_utils/share/par_utils/hook/ld_library_path_lib.sh'
[6.177s] Level 1:colcon.colcon_core.environment:checking '/home/vxlab/on_UR5e/install/par_utils/bin'
[6.177s] Level 1:colcon.colcon_core.environment:checking '/home/vxlab/on_UR5e/install/par_utils/lib/pkgconfig/par_utils.pc'
[6.177s] Level 1:colcon.colcon_core.environment:checking '/home/vxlab/on_UR5e/install/par_utils/lib/python3.10/site-packages'
[6.178s] Level 1:colcon.colcon_core.environment:checking '/home/vxlab/on_UR5e/install/par_utils/bin'
[6.223s] INFO:colcon.colcon_core.shell:Creating package script '/home/vxlab/on_UR5e/install/par_utils/share/par_utils/package.ps1'
[6.225s] INFO:colcon.colcon_core.shell:Creating package descriptor '/home/vxlab/on_UR5e/install/par_utils/share/par_utils/package.dsv'
[6.226s] INFO:colcon.colcon_core.shell:Creating package script '/home/vxlab/on_UR5e/install/par_utils/share/par_utils/package.sh'
[6.227s] INFO:colcon.colcon_core.shell:Creating package script '/home/vxlab/on_UR5e/install/par_utils/share/par_utils/package.bash'
[6.228s] INFO:colcon.colcon_core.shell:Creating package script '/home/vxlab/on_UR5e/install/par_utils/share/par_utils/package.zsh'
[6.229s] Level 1:colcon.colcon_core.environment:create_file_with_runtime_dependencies(/home/vxlab/on_UR5e/install/par_utils/share/colcon-core/packages/par_utils)
[6.381s] Level 1:colcon.colcon_core.environment:create_environment_scripts_only(par_utils)
[6.423s] Level 1:colcon.colcon_core.environment:checking '/home/vxlab/on_UR5e/install/par_utils' for CMake module files
[6.424s] Level 1:colcon.colcon_core.environment:checking '/home/vxlab/on_UR5e/install/par_utils' for CMake config files
[6.426s] Level 1:colcon.colcon_core.shell:create_environment_hook('par_utils', 'cmake_prefix_path')
[6.471s] INFO:colcon.colcon_core.shell:Creating environment hook '/home/vxlab/on_UR5e/install/par_utils/share/par_utils/hook/cmake_prefix_path.ps1'
[6.472s] INFO:colcon.colcon_core.shell:Creating environment descriptor '/home/vxlab/on_UR5e/install/par_utils/share/par_utils/hook/cmake_prefix_path.dsv'
[6.472s] INFO:colcon.colcon_core.shell:Creating environment hook '/home/vxlab/on_UR5e/install/par_utils/share/par_utils/hook/cmake_prefix_path.sh'
[6.473s] Level 1:colcon.colcon_core.environment:checking '/home/vxlab/on_UR5e/install/par_utils/lib'
[6.473s] Level 1:colcon.colcon_core.shell:create_environment_hook('par_utils', 'ld_library_path_lib')
[6.519s] INFO:colcon.colcon_core.shell:Creating environment hook '/home/vxlab/on_UR5e/install/par_utils/share/par_utils/hook/ld_library_path_lib.ps1'
[6.520s] INFO:colcon.colcon_core.shell:Creating environment descriptor '/home/vxlab/on_UR5e/install/par_utils/share/par_utils/hook/ld_library_path_lib.dsv'
[6.520s] INFO:colcon.colcon_core.shell:Creating environment hook '/home/vxlab/on_UR5e/install/par_utils/share/par_utils/hook/ld_library_path_lib.sh'
[6.521s] Level 1:colcon.colcon_core.environment:checking '/home/vxlab/on_UR5e/install/par_utils/bin'
[6.521s] Level 1:colcon.colcon_core.environment:checking '/home/vxlab/on_UR5e/install/par_utils/lib/pkgconfig/par_utils.pc'
[6.521s] Level 1:colcon.colcon_core.environment:checking '/home/vxlab/on_UR5e/install/par_utils/lib/python3.10/site-packages'
[6.522s] Level 1:colcon.colcon_core.environment:checking '/home/vxlab/on_UR5e/install/par_utils/bin'
[6.564s] INFO:colcon.colcon_core.shell:Creating package script '/home/vxlab/on_UR5e/install/par_utils/share/par_utils/package.ps1'
[6.565s] INFO:colcon.colcon_core.shell:Creating package descriptor '/home/vxlab/on_UR5e/install/par_utils/share/par_utils/package.dsv'
[6.566s] INFO:colcon.colcon_core.shell:Creating package script '/home/vxlab/on_UR5e/install/par_utils/share/par_utils/package.sh'
[6.566s] INFO:colcon.colcon_core.shell:Creating package script '/home/vxlab/on_UR5e/install/par_utils/share/par_utils/package.bash'
[6.567s] INFO:colcon.colcon_core.shell:Creating package script '/home/vxlab/on_UR5e/install/par_utils/share/par_utils/package.zsh'
[6.568s] Level 1:colcon.colcon_core.environment:create_file_with_runtime_dependencies(/home/vxlab/on_UR5e/install/par_utils/share/colcon-core/packages/par_utils)
[6.568s] INFO:colcon.colcon_ros.task.ament_python.build:Building ROS package in '/home/vxlab/on_UR5e/par_pkg' with build type 'ament_python'
[6.569s] Level 1:colcon.colcon_core.shell:create_environment_hook('par_pkg', 'ament_prefix_path')
[6.618s] INFO:colcon.colcon_core.shell:Creating environment hook '/home/vxlab/on_UR5e/install/par_pkg/share/par_pkg/hook/ament_prefix_path.ps1'
[6.619s] INFO:colcon.colcon_core.shell:Creating environment descriptor '/home/vxlab/on_UR5e/install/par_pkg/share/par_pkg/hook/ament_prefix_path.dsv'
[6.619s] INFO:colcon.colcon_core.shell:Creating environment hook '/home/vxlab/on_UR5e/install/par_pkg/share/par_pkg/hook/ament_prefix_path.sh'
[6.665s] INFO:colcon.colcon_core.shell:Skip shell extension 'powershell' for command environment: Not usable outside of PowerShell
[6.665s] DEBUG:colcon.colcon_core.shell:Skip shell extension 'dsv' for command environment
[7.616s] INFO:colcon.colcon_core.task.python.build:Building Python package in '/home/vxlab/on_UR5e/par_pkg'
[7.676s] INFO:colcon.colcon_core.shell:Skip shell extension 'powershell' for command environment: Not usable outside of PowerShell
[7.676s] DEBUG:colcon.colcon_core.shell:Skip shell extension 'dsv' for command environment
[8.875s] DEBUG:colcon.colcon_core.event_handler.log_command:Invoking command in '/home/vxlab/on_UR5e/par_pkg': CMAKE_PREFIX_PATH=/home/vxlab/on_UR5e/install/par_utils:/home/vxlab/on_UR5e/install/moveit_visual_tools:/home/vxlab/on_UR5e/install/rviz_visual_tools:/home/vxlab/on_UR5e/install/hello_moveit_ur:/home/vxlab/on_UR5e/install/graph_msgs LD_LIBRARY_PATH=/home/vxlab/on_UR5e/install/par_utils/lib:/home/vxlab/on_UR5e/install/moveit_visual_tools/lib:/home/vxlab/on_UR5e/install/rviz_visual_tools/lib:/home/vxlab/on_UR5e/install/graph_msgs/lib:/opt/ros/humble/opt/rviz_ogre_vendor/lib:/opt/ros/humble/lib/x86_64-linux-gnu:/opt/ros/humble/lib PYTHONPATH=/home/vxlab/on_UR5e/build/par_pkg/prefix_override:/home/vxlab/on_UR5e/install/par_pkg/lib/python3.10/site-packages:${PYTHONPATH} /usr/bin/python3 setup.py egg_info --egg-base ../build/par_pkg build --build-base /home/vxlab/on_UR5e/build/par_pkg/build install --record /home/vxlab/on_UR5e/build/par_pkg/install.log --single-version-externally-managed
[9.640s] DEBUG:colcon.colcon_core.event_handler.log_command:Invoked command in '/home/vxlab/on_UR5e/par_pkg' returned '0': CMAKE_PREFIX_PATH=/home/vxlab/on_UR5e/install/par_utils:/home/vxlab/on_UR5e/install/moveit_visual_tools:/home/vxlab/on_UR5e/install/rviz_visual_tools:/home/vxlab/on_UR5e/install/hello_moveit_ur:/home/vxlab/on_UR5e/install/graph_msgs LD_LIBRARY_PATH=/home/vxlab/on_UR5e/install/par_utils/lib:/home/vxlab/on_UR5e/install/moveit_visual_tools/lib:/home/vxlab/on_UR5e/install/rviz_visual_tools/lib:/home/vxlab/on_UR5e/install/graph_msgs/lib:/opt/ros/humble/opt/rviz_ogre_vendor/lib:/opt/ros/humble/lib/x86_64-linux-gnu:/opt/ros/humble/lib PYTHONPATH=/home/vxlab/on_UR5e/build/par_pkg/prefix_override:/home/vxlab/on_UR5e/install/par_pkg/lib/python3.10/site-packages:${PYTHONPATH} /usr/bin/python3 setup.py egg_info --egg-base ../build/par_pkg build --build-base /home/vxlab/on_UR5e/build/par_pkg/build install --record /home/vxlab/on_UR5e/build/par_pkg/install.log --single-version-externally-managed
[9.688s] Level 1:colcon.colcon_core.environment:checking '/home/vxlab/on_UR5e/install/par_pkg' for CMake module files
[9.689s] Level 1:colcon.colcon_core.environment:checking '/home/vxlab/on_UR5e/install/par_pkg' for CMake config files
[9.690s] Level 1:colcon.colcon_core.environment:checking '/home/vxlab/on_UR5e/install/par_pkg/lib'
[9.690s] Level 1:colcon.colcon_core.environment:checking '/home/vxlab/on_UR5e/install/par_pkg/bin'
[9.690s] Level 1:colcon.colcon_core.environment:checking '/home/vxlab/on_UR5e/install/par_pkg/lib/pkgconfig/par_pkg.pc'
[9.690s] Level 1:colcon.colcon_core.environment:checking '/home/vxlab/on_UR5e/install/par_pkg/lib/python3.10/site-packages'
[9.690s] Level 1:colcon.colcon_core.shell:create_environment_hook('par_pkg', 'pythonpath')
[9.742s] INFO:colcon.colcon_core.shell:Creating environment hook '/home/vxlab/on_UR5e/install/par_pkg/share/par_pkg/hook/pythonpath.ps1'
[9.743s] INFO:colcon.colcon_core.shell:Creating environment descriptor '/home/vxlab/on_UR5e/install/par_pkg/share/par_pkg/hook/pythonpath.dsv'
[9.744s] INFO:colcon.colcon_core.shell:Creating environment hook '/home/vxlab/on_UR5e/install/par_pkg/share/par_pkg/hook/pythonpath.sh'
[9.745s] Level 1:colcon.colcon_core.environment:checking '/home/vxlab/on_UR5e/install/par_pkg/bin'
[9.745s] Level 1:colcon.colcon_core.environment:create_environment_scripts_only(par_pkg)
[9.797s] INFO:colcon.colcon_core.shell:Creating package script '/home/vxlab/on_UR5e/install/par_pkg/share/par_pkg/package.ps1'
[9.798s] INFO:colcon.colcon_core.shell:Creating package descriptor '/home/vxlab/on_UR5e/install/par_pkg/share/par_pkg/package.dsv'
[9.799s] INFO:colcon.colcon_core.shell:Creating package script '/home/vxlab/on_UR5e/install/par_pkg/share/par_pkg/package.sh'
[9.800s] INFO:colcon.colcon_core.shell:Creating package script '/home/vxlab/on_UR5e/install/par_pkg/share/par_pkg/package.bash'
[9.800s] INFO:colcon.colcon_core.shell:Creating package script '/home/vxlab/on_UR5e/install/par_pkg/share/par_pkg/package.zsh'
[9.801s] Level 1:colcon.colcon_core.environment:create_file_with_runtime_dependencies(/home/vxlab/on_UR5e/install/par_pkg/share/colcon-core/packages/par_pkg)
[9.801s] DEBUG:colcon.colcon_parallel_executor.executor.parallel:closing loop
[9.802s] DEBUG:colcon.colcon_parallel_executor.executor.parallel:loop closed
[9.802s] DEBUG:colcon.colcon_parallel_executor.executor.parallel:run_until_complete finished with '0'
[9.802s] DEBUG:colcon.colcon_core.event_reactor:joining thread
[9.874s] INFO:colcon.colcon_core.plugin_system:Skipping extension 'colcon_notification.desktop_notification.terminal_notifier': Not used on non-Darwin systems
[9.874s] INFO:colcon.colcon_core.plugin_system:Skipping extension 'colcon_notification.desktop_notification.win32': Not used on non-Windows systems
[9.874s] INFO:colcon.colcon_notification.desktop_notification:Sending desktop notification using 'notify2'
[9.892s] DEBUG:colcon.colcon_core.event_reactor:joined thread
[9.952s] INFO:colcon.colcon_core.shell:Creating prefix script '/home/vxlab/on_UR5e/install/local_setup.ps1'
[9.954s] INFO:colcon.colcon_core.shell:Creating prefix util module '/home/vxlab/on_UR5e/install/_local_setup_util_ps1.py'
[9.956s] INFO:colcon.colcon_core.shell:Creating prefix chain script '/home/vxlab/on_UR5e/install/setup.ps1'
[10.007s] INFO:colcon.colcon_core.shell:Creating prefix script '/home/vxlab/on_UR5e/install/local_setup.sh'
[10.008s] INFO:colcon.colcon_core.shell:Creating prefix util module '/home/vxlab/on_UR5e/install/_local_setup_util_sh.py'
[10.009s] INFO:colcon.colcon_core.shell:Creating prefix chain script '/home/vxlab/on_UR5e/install/setup.sh'
[10.055s] INFO:colcon.colcon_core.shell:Creating prefix script '/home/vxlab/on_UR5e/install/local_setup.bash'
[10.055s] INFO:colcon.colcon_core.shell:Creating prefix chain script '/home/vxlab/on_UR5e/install/setup.bash'
[10.105s] INFO:colcon.colcon_core.shell:Creating prefix script '/home/vxlab/on_UR5e/install/local_setup.zsh'
[10.106s] INFO:colcon.colcon_core.shell:Creating prefix chain script '/home/vxlab/on_UR5e/install/setup.zsh'
