[0.053s] Invoking command in '/root/overlay_ws/src/build/rviz_visual_tools': CMAKE_PREFIX_PATH=${CMAKE_PREFIX_PATH}:/root/underlay_ws/install/moveit_configs_utils:/root/underlay_ws/install/launch_param_builder:/opt/ros/humble /usr/bin/cmake --build /root/overlay_ws/src/build/rviz_visual_tools -- -j8 -l8
[0.233s] [  2%] [34m[1mAutomatic MOC for target rviz_visual_tools_remote_control[0m
[0.242s] [  5%] [34m[1mAutomatic MOC for target rviz_visual_tools_gui[0m
[0.247s] [  7%] [34m[1mAutomatic MOC for target gtest[0m
[0.279s] [ 10%] [34m[1mAutomatic MOC for target gtest_main[0m
[0.346s] [ 10%] Built target rviz_visual_tools_gui_autogen
[0.361s] [ 10%] Built target gtest_autogen
[0.385s] [ 10%] Built target rviz_visual_tools_remote_control_autogen
[0.401s] [ 10%] Built target gtest_main_autogen
[0.489s] [ 17%] Built target gtest
[0.500s] [ 30%] Built target rviz_visual_tools_gui
[0.506s] [ 38%] Built target rviz_visual_tools_remote_control
[0.532s] [ 46%] Built target gtest_main
[0.593s] [ 48%] [34m[1mAutomatic MOC for target rviz_visual_tools[0m
[0.657s] [ 48%] Built target rviz_visual_tools_autogen
[0.772s] [ 58%] Built target rviz_visual_tools
[0.833s] [ 61%] [34m[1mAutomatic MOC for target rviz_visual_tools_imarker_simple[0m
[0.848s] [ 64%] [34m[1mAutomatic MOC for target rviz_visual_tools_demo[0m
[0.875s] [ 66%] [34m[1mAutomatic MOC for target rviz_visual_tools_rvt_test[0m
[0.901s] [ 66%] Built target rviz_visual_tools_imarker_simple_autogen
[0.909s] [ 66%] Built target rviz_visual_tools_demo_autogen
[0.937s] [ 66%] Built target rviz_visual_tools_rvt_test_autogen
[0.999s] [ 74%] Built target rviz_visual_tools_imarker_simple
[1.006s] [ 82%] Built target rviz_visual_tools_demo
[1.025s] [ 89%] Built target rviz_visual_tools_rvt_test
[1.057s] [ 92%] [34m[1mAutomatic MOC for target rviz_visual_tools_imarker_simple_demo[0m
[1.102s] [ 92%] Built target rviz_visual_tools_imarker_simple_demo_autogen
[1.188s] [100%] Built target rviz_visual_tools_imarker_simple_demo
[1.223s] Invoked command in '/root/overlay_ws/src/build/rviz_visual_tools' returned '0': CMAKE_PREFIX_PATH=${CMAKE_PREFIX_PATH}:/root/underlay_ws/install/moveit_configs_utils:/root/underlay_ws/install/launch_param_builder:/opt/ros/humble /usr/bin/cmake --build /root/overlay_ws/src/build/rviz_visual_tools -- -j8 -l8
[1.529s] Invoking command in '/root/overlay_ws/src/build/rviz_visual_tools': CMAKE_PREFIX_PATH=${CMAKE_PREFIX_PATH}:/root/underlay_ws/install/moveit_configs_utils:/root/underlay_ws/install/launch_param_builder:/opt/ros/humble /usr/bin/cmake --install /root/overlay_ws/src/build/rviz_visual_tools
[1.546s] -- Install configuration: "Release"
[1.546s] -- Up-to-date: /root/overlay_ws/src/install/rviz_visual_tools/share/rviz_visual_tools/plugin_description.xml
[1.547s] -- Up-to-date: /root/overlay_ws/src/install/rviz_visual_tools/lib/librviz_visual_tools.so
[1.547s] -- Up-to-date: /root/overlay_ws/src/install/rviz_visual_tools/lib/librviz_visual_tools_remote_control.so
[1.547s] -- Up-to-date: /root/overlay_ws/src/install/rviz_visual_tools/lib/librviz_visual_tools_gui.so
[1.548s] -- Up-to-date: /root/overlay_ws/src/install/rviz_visual_tools/lib/librviz_visual_tools_imarker_simple.so
[1.549s] -- Up-to-date: /root/overlay_ws/src/install/rviz_visual_tools/lib/rviz_visual_tools/rviz_visual_tools_demo
[1.549s] -- Up-to-date: /root/overlay_ws/src/install/rviz_visual_tools/lib/rviz_visual_tools/rviz_visual_tools_imarker_simple_demo
[1.550s] -- Up-to-date: /root/overlay_ws/src/install/rviz_visual_tools/include
[1.550s] -- Up-to-date: /root/overlay_ws/src/install/rviz_visual_tools/include/rviz_visual_tools
[1.550s] -- Up-to-date: /root/overlay_ws/src/install/rviz_visual_tools/include/rviz_visual_tools/imarker_simple.hpp
[1.551s] -- Up-to-date: /root/overlay_ws/src/install/rviz_visual_tools/include/rviz_visual_tools/rviz_visual_tools.hpp
[1.551s] -- Up-to-date: /root/overlay_ws/src/install/rviz_visual_tools/include/rviz_visual_tools/remote_control.hpp
[1.551s] -- Up-to-date: /root/overlay_ws/src/install/rviz_visual_tools/include/rviz_visual_tools/tf_visual_tools.hpp
[1.551s] -- Up-to-date: /root/overlay_ws/src/install/rviz_visual_tools/include/rviz_visual_tools/key_tool.hpp
[1.551s] -- Up-to-date: /root/overlay_ws/src/install/rviz_visual_tools/include/rviz_visual_tools/remote_reciever.hpp
[1.552s] -- Up-to-date: /root/overlay_ws/src/install/rviz_visual_tools/include/rviz_visual_tools/rviz_visual_tools_gui.hpp
[1.552s] -- Up-to-date: /root/overlay_ws/src/install/rviz_visual_tools/share/rviz_visual_tools/launch
[1.552s] -- Up-to-date: /root/overlay_ws/src/install/rviz_visual_tools/share/rviz_visual_tools/launch/rvt_test.launch
[1.552s] -- Up-to-date: /root/overlay_ws/src/install/rviz_visual_tools/share/rviz_visual_tools/launch/demo_rviz.launch.py
[1.552s] -- Up-to-date: /root/overlay_ws/src/install/rviz_visual_tools/share/rviz_visual_tools/launch/demo.rviz
[1.553s] -- Up-to-date: /root/overlay_ws/src/install/rviz_visual_tools/share/rviz_visual_tools/launch/demo_combined.launch.py
[1.553s] -- Up-to-date: /root/overlay_ws/src/install/rviz_visual_tools/share/rviz_visual_tools/environment/library_path.sh
[1.553s] -- Up-to-date: /root/overlay_ws/src/install/rviz_visual_tools/share/rviz_visual_tools/environment/library_path.dsv
[1.554s] -- Up-to-date: /root/overlay_ws/src/install/rviz_visual_tools/share/ament_index/resource_index/package_run_dependencies/rviz_visual_tools
[1.554s] -- Up-to-date: /root/overlay_ws/src/install/rviz_visual_tools/share/ament_index/resource_index/parent_prefix_path/rviz_visual_tools
[1.554s] -- Up-to-date: /root/overlay_ws/src/install/rviz_visual_tools/share/rviz_visual_tools/environment/ament_prefix_path.sh
[1.554s] -- Up-to-date: /root/overlay_ws/src/install/rviz_visual_tools/share/rviz_visual_tools/environment/ament_prefix_path.dsv
[1.555s] -- Up-to-date: /root/overlay_ws/src/install/rviz_visual_tools/share/rviz_visual_tools/environment/path.sh
[1.555s] -- Up-to-date: /root/overlay_ws/src/install/rviz_visual_tools/share/rviz_visual_tools/environment/path.dsv
[1.555s] -- Up-to-date: /root/overlay_ws/src/install/rviz_visual_tools/share/rviz_visual_tools/local_setup.bash
[1.555s] -- Up-to-date: /root/overlay_ws/src/install/rviz_visual_tools/share/rviz_visual_tools/local_setup.sh
[1.555s] -- Up-to-date: /root/overlay_ws/src/install/rviz_visual_tools/share/rviz_visual_tools/local_setup.zsh
[1.556s] -- Up-to-date: /root/overlay_ws/src/install/rviz_visual_tools/share/rviz_visual_tools/local_setup.dsv
[1.556s] -- Installing: /root/overlay_ws/src/install/rviz_visual_tools/share/rviz_visual_tools/package.dsv
[1.556s] -- Up-to-date: /root/overlay_ws/src/install/rviz_visual_tools/share/ament_index/resource_index/packages/rviz_visual_tools
[1.556s] -- Up-to-date: /root/overlay_ws/src/install/rviz_visual_tools/share/ament_index/resource_index/rviz_common__pluginlib__plugin/rviz_visual_tools
[1.556s] -- Up-to-date: /root/overlay_ws/src/install/rviz_visual_tools/share/rviz_visual_tools/cmake/export_rviz_visual_toolsExport.cmake
[1.556s] -- Up-to-date: /root/overlay_ws/src/install/rviz_visual_tools/share/rviz_visual_tools/cmake/export_rviz_visual_toolsExport-release.cmake
[1.557s] -- Up-to-date: /root/overlay_ws/src/install/rviz_visual_tools/share/rviz_visual_tools/cmake/ament_cmake_export_targets-extras.cmake
[1.557s] -- Up-to-date: /root/overlay_ws/src/install/rviz_visual_tools/share/rviz_visual_tools/cmake/ament_cmake_export_dependencies-extras.cmake
[1.557s] -- Up-to-date: /root/overlay_ws/src/install/rviz_visual_tools/share/rviz_visual_tools/cmake/ament_cmake_export_include_directories-extras.cmake
[1.557s] -- Up-to-date: /root/overlay_ws/src/install/rviz_visual_tools/share/rviz_visual_tools/cmake/ament_cmake_export_libraries-extras.cmake
[1.557s] -- Up-to-date: /root/overlay_ws/src/install/rviz_visual_tools/share/rviz_visual_tools/cmake/rviz_visual_toolsConfig.cmake
[1.557s] -- Up-to-date: /root/overlay_ws/src/install/rviz_visual_tools/share/rviz_visual_tools/cmake/rviz_visual_toolsConfig-version.cmake
[1.558s] -- Up-to-date: /root/overlay_ws/src/install/rviz_visual_tools/share/rviz_visual_tools/package.xml
[1.561s] Invoked command in '/root/overlay_ws/src/build/rviz_visual_tools' returned '0': CMAKE_PREFIX_PATH=${CMAKE_PREFIX_PATH}:/root/underlay_ws/install/moveit_configs_utils:/root/underlay_ws/install/launch_param_builder:/opt/ros/humble /usr/bin/cmake --install /root/overlay_ws/src/build/rviz_visual_tools
