[0.051s] Invoking command in '/root/overlay_ws/src/build/graph_msgs': CMAKE_PREFIX_PATH=${CMAKE_PREFIX_PATH}:/root/underlay_ws/install/moveit_configs_utils:/root/underlay_ws/install/launch_param_builder:/opt/ros/humble /usr/bin/cmake --build /root/overlay_ws/src/build/graph_msgs -- -j8 -l8
[0.150s] [35m[1mConsolidate compiler generated dependencies of target graph_msgs__rosidl_generator_c[0m
[0.183s] [  2%] Built target graph_msgs__cpp
[0.196s] [ 12%] Built target graph_msgs__rosidl_generator_c
[0.213s] [ 12%] Built target ament_cmake_python_copy_graph_msgs
[0.234s] [35m[1mConsolidate compiler generated dependencies of target graph_msgs__rosidl_typesupport_fastrtps_cpp[0m
[0.234s] [35m[1mConsolidate compiler generated dependencies of target graph_msgs__rosidl_typesupport_cpp[0m
[0.254s] [35m[1mConsolidate compiler generated dependencies of target graph_msgs__rosidl_typesupport_c[0m
[0.262s] [35m[1mConsolidate compiler generated dependencies of target graph_msgs__rosidl_typesupport_introspection_cpp[0m
[0.263s] [35m[1mConsolidate compiler generated dependencies of target graph_msgs__rosidl_typesupport_introspection_c[0m
[0.268s] [35m[1mConsolidate compiler generated dependencies of target graph_msgs__rosidl_typesupport_fastrtps_c[0m
[0.294s] [ 23%] Built target graph_msgs__rosidl_typesupport_cpp
[0.301s] [ 33%] Built target graph_msgs__rosidl_typesupport_c
[0.304s] [ 43%] Built target graph_msgs__rosidl_typesupport_fastrtps_cpp
[0.329s] [ 53%] Built target graph_msgs__rosidl_typesupport_introspection_cpp
[0.333s] [ 64%] Built target graph_msgs__rosidl_typesupport_introspection_c
[0.336s] [ 74%] Built target graph_msgs__rosidl_typesupport_fastrtps_c
[0.401s] [ 74%] Built target graph_msgs
[0.454s] [ 76%] Built target graph_msgs__py
[0.477s] [35m[1mConsolidate compiler generated dependencies of target graph_msgs__rosidl_generator_py[0m
[0.507s] [ 84%] Built target graph_msgs__rosidl_generator_py
[0.532s] [35m[1mConsolidate compiler generated dependencies of target graph_msgs__rosidl_typesupport_introspection_c__pyext[0m
[0.534s] [35m[1mConsolidate compiler generated dependencies of target graph_msgs__rosidl_typesupport_fastrtps_c__pyext[0m
[0.542s] [35m[1mConsolidate compiler generated dependencies of target graph_msgs__rosidl_typesupport_c__pyext[0m
[0.563s] [ 89%] Built target graph_msgs__rosidl_typesupport_introspection_c__pyext
[0.571s] [ 94%] Built target graph_msgs__rosidl_typesupport_fastrtps_c__pyext
[0.584s] [100%] Built target graph_msgs__rosidl_typesupport_c__pyext
[0.729s] running egg_info
[0.730s] writing graph_msgs.egg-info/PKG-INFO
[0.731s] writing dependency_links to graph_msgs.egg-info/dependency_links.txt
[0.731s] writing top-level names to graph_msgs.egg-info/top_level.txt
[0.734s] reading manifest file 'graph_msgs.egg-info/SOURCES.txt'
[0.735s] writing manifest file 'graph_msgs.egg-info/SOURCES.txt'
[0.773s] [100%] Built target ament_cmake_python_build_graph_msgs_egg
[0.793s] Invoked command in '/root/overlay_ws/src/build/graph_msgs' returned '0': CMAKE_PREFIX_PATH=${CMAKE_PREFIX_PATH}:/root/underlay_ws/install/moveit_configs_utils:/root/underlay_ws/install/launch_param_builder:/opt/ros/humble /usr/bin/cmake --build /root/overlay_ws/src/build/graph_msgs -- -j8 -l8
[1.005s] Invoking command in '/root/overlay_ws/src/build/graph_msgs': CMAKE_PREFIX_PATH=${CMAKE_PREFIX_PATH}:/root/underlay_ws/install/moveit_configs_utils:/root/underlay_ws/install/launch_param_builder:/opt/ros/humble /usr/bin/cmake --install /root/overlay_ws/src/build/graph_msgs
[1.020s] -- Install configuration: "Release"
[1.020s] -- Up-to-date: /root/overlay_ws/src/install/graph_msgs/share/ament_index/resource_index/rosidl_interfaces/graph_msgs
[1.020s] -- Up-to-date: /root/overlay_ws/src/install/graph_msgs/include/graph_msgs/graph_msgs
[1.020s] -- Up-to-date: /root/overlay_ws/src/install/graph_msgs/include/graph_msgs/graph_msgs/msg
[1.020s] -- Up-to-date: /root/overlay_ws/src/install/graph_msgs/include/graph_msgs/graph_msgs/msg/geometry_graph.h
[1.021s] -- Up-to-date: /root/overlay_ws/src/install/graph_msgs/include/graph_msgs/graph_msgs/msg/detail
[1.021s] -- Up-to-date: /root/overlay_ws/src/install/graph_msgs/include/graph_msgs/graph_msgs/msg/detail/edges__struct.h
[1.021s] -- Up-to-date: /root/overlay_ws/src/install/graph_msgs/include/graph_msgs/graph_msgs/msg/detail/edges__type_support.h
[1.021s] -- Up-to-date: /root/overlay_ws/src/install/graph_msgs/include/graph_msgs/graph_msgs/msg/detail/geometry_graph__functions.c
[1.021s] -- Up-to-date: /root/overlay_ws/src/install/graph_msgs/include/graph_msgs/graph_msgs/msg/detail/edges__functions.h
[1.021s] -- Up-to-date: /root/overlay_ws/src/install/graph_msgs/include/graph_msgs/graph_msgs/msg/detail/geometry_graph__type_support.h
[1.022s] -- Up-to-date: /root/overlay_ws/src/install/graph_msgs/include/graph_msgs/graph_msgs/msg/detail/geometry_graph__struct.h
[1.022s] -- Up-to-date: /root/overlay_ws/src/install/graph_msgs/include/graph_msgs/graph_msgs/msg/detail/edges__functions.c
[1.022s] -- Up-to-date: /root/overlay_ws/src/install/graph_msgs/include/graph_msgs/graph_msgs/msg/detail/geometry_graph__functions.h
[1.022s] -- Up-to-date: /root/overlay_ws/src/install/graph_msgs/include/graph_msgs/graph_msgs/msg/edges.h
[1.022s] -- Up-to-date: /root/overlay_ws/src/install/graph_msgs/include/graph_msgs/graph_msgs/msg/rosidl_generator_c__visibility_control.h
[1.022s] -- Up-to-date: /root/overlay_ws/src/install/graph_msgs/share/graph_msgs/environment/library_path.sh
[1.022s] -- Up-to-date: /root/overlay_ws/src/install/graph_msgs/share/graph_msgs/environment/library_path.dsv
[1.023s] -- Up-to-date: /root/overlay_ws/src/install/graph_msgs/lib/libgraph_msgs__rosidl_generator_c.so
[1.023s] -- Up-to-date: /root/overlay_ws/src/install/graph_msgs/include/graph_msgs/graph_msgs
[1.023s] -- Up-to-date: /root/overlay_ws/src/install/graph_msgs/include/graph_msgs/graph_msgs/msg
[1.023s] -- Up-to-date: /root/overlay_ws/src/install/graph_msgs/include/graph_msgs/graph_msgs/msg/rosidl_typesupport_fastrtps_c__visibility_control.h
[1.023s] -- Up-to-date: /root/overlay_ws/src/install/graph_msgs/include/graph_msgs/graph_msgs/msg/detail
[1.023s] -- Up-to-date: /root/overlay_ws/src/install/graph_msgs/include/graph_msgs/graph_msgs/msg/detail/geometry_graph__rosidl_typesupport_fastrtps_c.h
[1.024s] -- Up-to-date: /root/overlay_ws/src/install/graph_msgs/include/graph_msgs/graph_msgs/msg/detail/edges__rosidl_typesupport_fastrtps_c.h
[1.024s] -- Up-to-date: /root/overlay_ws/src/install/graph_msgs/lib/libgraph_msgs__rosidl_typesupport_fastrtps_c.so
[1.024s] -- Up-to-date: /root/overlay_ws/src/install/graph_msgs/include/graph_msgs/graph_msgs
[1.024s] -- Up-to-date: /root/overlay_ws/src/install/graph_msgs/include/graph_msgs/graph_msgs/msg
[1.024s] -- Up-to-date: /root/overlay_ws/src/install/graph_msgs/include/graph_msgs/graph_msgs/msg/rosidl_typesupport_introspection_c__visibility_control.h
[1.024s] -- Up-to-date: /root/overlay_ws/src/install/graph_msgs/include/graph_msgs/graph_msgs/msg/detail
[1.024s] -- Up-to-date: /root/overlay_ws/src/install/graph_msgs/include/graph_msgs/graph_msgs/msg/detail/geometry_graph__rosidl_typesupport_introspection_c.h
[1.025s] -- Up-to-date: /root/overlay_ws/src/install/graph_msgs/include/graph_msgs/graph_msgs/msg/detail/geometry_graph__type_support.c
[1.025s] -- Up-to-date: /root/overlay_ws/src/install/graph_msgs/include/graph_msgs/graph_msgs/msg/detail/edges__rosidl_typesupport_introspection_c.h
[1.025s] -- Up-to-date: /root/overlay_ws/src/install/graph_msgs/include/graph_msgs/graph_msgs/msg/detail/edges__type_support.c
[1.025s] -- Up-to-date: /root/overlay_ws/src/install/graph_msgs/lib/libgraph_msgs__rosidl_typesupport_introspection_c.so
[1.025s] -- Up-to-date: /root/overlay_ws/src/install/graph_msgs/lib/libgraph_msgs__rosidl_typesupport_c.so
[1.025s] -- Up-to-date: /root/overlay_ws/src/install/graph_msgs/include/graph_msgs/graph_msgs
[1.025s] -- Up-to-date: /root/overlay_ws/src/install/graph_msgs/include/graph_msgs/graph_msgs/msg
[1.026s] -- Up-to-date: /root/overlay_ws/src/install/graph_msgs/include/graph_msgs/graph_msgs/msg/detail
[1.026s] -- Up-to-date: /root/overlay_ws/src/install/graph_msgs/include/graph_msgs/graph_msgs/msg/detail/edges__builder.hpp
[1.026s] -- Up-to-date: /root/overlay_ws/src/install/graph_msgs/include/graph_msgs/graph_msgs/msg/detail/edges__traits.hpp
[1.026s] -- Up-to-date: /root/overlay_ws/src/install/graph_msgs/include/graph_msgs/graph_msgs/msg/detail/geometry_graph__builder.hpp
[1.026s] -- Up-to-date: /root/overlay_ws/src/install/graph_msgs/include/graph_msgs/graph_msgs/msg/detail/geometry_graph__traits.hpp
[1.026s] -- Up-to-date: /root/overlay_ws/src/install/graph_msgs/include/graph_msgs/graph_msgs/msg/detail/geometry_graph__struct.hpp
[1.026s] -- Up-to-date: /root/overlay_ws/src/install/graph_msgs/include/graph_msgs/graph_msgs/msg/detail/edges__struct.hpp
[1.026s] -- Up-to-date: /root/overlay_ws/src/install/graph_msgs/include/graph_msgs/graph_msgs/msg/geometry_graph.hpp
[1.027s] -- Up-to-date: /root/overlay_ws/src/install/graph_msgs/include/graph_msgs/graph_msgs/msg/edges.hpp
[1.027s] -- Up-to-date: /root/overlay_ws/src/install/graph_msgs/include/graph_msgs/graph_msgs
[1.027s] -- Up-to-date: /root/overlay_ws/src/install/graph_msgs/include/graph_msgs/graph_msgs/msg
[1.027s] -- Up-to-date: /root/overlay_ws/src/install/graph_msgs/include/graph_msgs/graph_msgs/msg/rosidl_typesupport_fastrtps_cpp__visibility_control.h
[1.027s] -- Up-to-date: /root/overlay_ws/src/install/graph_msgs/include/graph_msgs/graph_msgs/msg/detail
[1.028s] -- Up-to-date: /root/overlay_ws/src/install/graph_msgs/include/graph_msgs/graph_msgs/msg/detail/dds_fastrtps
[1.028s] -- Up-to-date: /root/overlay_ws/src/install/graph_msgs/include/graph_msgs/graph_msgs/msg/detail/edges__rosidl_typesupport_fastrtps_cpp.hpp
[1.028s] -- Up-to-date: /root/overlay_ws/src/install/graph_msgs/include/graph_msgs/graph_msgs/msg/detail/geometry_graph__rosidl_typesupport_fastrtps_cpp.hpp
[1.028s] -- Up-to-date: /root/overlay_ws/src/install/graph_msgs/lib/libgraph_msgs__rosidl_typesupport_fastrtps_cpp.so
[1.028s] -- Up-to-date: /root/overlay_ws/src/install/graph_msgs/include/graph_msgs/graph_msgs
[1.028s] -- Up-to-date: /root/overlay_ws/src/install/graph_msgs/include/graph_msgs/graph_msgs/msg
[1.028s] -- Up-to-date: /root/overlay_ws/src/install/graph_msgs/include/graph_msgs/graph_msgs/msg/detail
[1.028s] -- Up-to-date: /root/overlay_ws/src/install/graph_msgs/include/graph_msgs/graph_msgs/msg/detail/edges__type_support.cpp
[1.029s] -- Up-to-date: /root/overlay_ws/src/install/graph_msgs/include/graph_msgs/graph_msgs/msg/detail/geometry_graph__type_support.cpp
[1.029s] -- Up-to-date: /root/overlay_ws/src/install/graph_msgs/include/graph_msgs/graph_msgs/msg/detail/geometry_graph__rosidl_typesupport_introspection_cpp.hpp
[1.029s] -- Up-to-date: /root/overlay_ws/src/install/graph_msgs/include/graph_msgs/graph_msgs/msg/detail/edges__rosidl_typesupport_introspection_cpp.hpp
[1.029s] -- Up-to-date: /root/overlay_ws/src/install/graph_msgs/lib/libgraph_msgs__rosidl_typesupport_introspection_cpp.so
[1.029s] -- Up-to-date: /root/overlay_ws/src/install/graph_msgs/lib/libgraph_msgs__rosidl_typesupport_cpp.so
[1.029s] -- Up-to-date: /root/overlay_ws/src/install/graph_msgs/share/graph_msgs/environment/pythonpath.sh
[1.029s] -- Up-to-date: /root/overlay_ws/src/install/graph_msgs/share/graph_msgs/environment/pythonpath.dsv
[1.029s] -- Up-to-date: /root/overlay_ws/src/install/graph_msgs/local/lib/python3.10/dist-packages/graph_msgs-0.2.0-py3.10.egg-info
[1.030s] -- Installing: /root/overlay_ws/src/install/graph_msgs/local/lib/python3.10/dist-packages/graph_msgs-0.2.0-py3.10.egg-info/SOURCES.txt
[1.030s] -- Installing: /root/overlay_ws/src/install/graph_msgs/local/lib/python3.10/dist-packages/graph_msgs-0.2.0-py3.10.egg-info/dependency_links.txt
[1.030s] -- Installing: /root/overlay_ws/src/install/graph_msgs/local/lib/python3.10/dist-packages/graph_msgs-0.2.0-py3.10.egg-info/top_level.txt
[1.030s] -- Installing: /root/overlay_ws/src/install/graph_msgs/local/lib/python3.10/dist-packages/graph_msgs-0.2.0-py3.10.egg-info/PKG-INFO
[1.030s] -- Up-to-date: /root/overlay_ws/src/install/graph_msgs/local/lib/python3.10/dist-packages/graph_msgs
[1.030s] -- Up-to-date: /root/overlay_ws/src/install/graph_msgs/local/lib/python3.10/dist-packages/graph_msgs/_graph_msgs_s.ep.rosidl_typesupport_c.c
[1.031s] -- Up-to-date: /root/overlay_ws/src/install/graph_msgs/local/lib/python3.10/dist-packages/graph_msgs/msg
[1.031s] -- Up-to-date: /root/overlay_ws/src/install/graph_msgs/local/lib/python3.10/dist-packages/graph_msgs/msg/_geometry_graph_s.c
[1.031s] -- Up-to-date: /root/overlay_ws/src/install/graph_msgs/local/lib/python3.10/dist-packages/graph_msgs/msg/_geometry_graph.py
[1.031s] -- Up-to-date: /root/overlay_ws/src/install/graph_msgs/local/lib/python3.10/dist-packages/graph_msgs/msg/_edges_s.c
[1.031s] -- Up-to-date: /root/overlay_ws/src/install/graph_msgs/local/lib/python3.10/dist-packages/graph_msgs/msg/__init__.py
[1.032s] -- Up-to-date: /root/overlay_ws/src/install/graph_msgs/local/lib/python3.10/dist-packages/graph_msgs/msg/_edges.py
[1.032s] -- Up-to-date: /root/overlay_ws/src/install/graph_msgs/local/lib/python3.10/dist-packages/graph_msgs/_graph_msgs_s.ep.rosidl_typesupport_introspection_c.c
[1.032s] -- Up-to-date: /root/overlay_ws/src/install/graph_msgs/local/lib/python3.10/dist-packages/graph_msgs/graph_msgs_s__rosidl_typesupport_c.cpython-310-x86_64-linux-gnu.so
[1.032s] -- Up-to-date: /root/overlay_ws/src/install/graph_msgs/local/lib/python3.10/dist-packages/graph_msgs/graph_msgs_s__rosidl_typesupport_introspection_c.cpython-310-x86_64-linux-gnu.so
[1.032s] -- Up-to-date: /root/overlay_ws/src/install/graph_msgs/local/lib/python3.10/dist-packages/graph_msgs/_graph_msgs_s.ep.rosidl_typesupport_fastrtps_c.c
[1.032s] -- Up-to-date: /root/overlay_ws/src/install/graph_msgs/local/lib/python3.10/dist-packages/graph_msgs/__init__.py
[1.032s] -- Up-to-date: /root/overlay_ws/src/install/graph_msgs/local/lib/python3.10/dist-packages/graph_msgs/libgraph_msgs__rosidl_generator_py.so
[1.032s] -- Up-to-date: /root/overlay_ws/src/install/graph_msgs/local/lib/python3.10/dist-packages/graph_msgs/graph_msgs_s__rosidl_typesupport_fastrtps_c.cpython-310-x86_64-linux-gnu.so
[1.072s] Listing '/root/overlay_ws/src/install/graph_msgs/local/lib/python3.10/dist-packages/graph_msgs'...
[1.073s] Listing '/root/overlay_ws/src/install/graph_msgs/local/lib/python3.10/dist-packages/graph_msgs/msg'...
[1.077s] -- Up-to-date: /root/overlay_ws/src/install/graph_msgs/local/lib/python3.10/dist-packages/graph_msgs/graph_msgs_s__rosidl_typesupport_fastrtps_c.cpython-310-x86_64-linux-gnu.so
[1.078s] -- Up-to-date: /root/overlay_ws/src/install/graph_msgs/local/lib/python3.10/dist-packages/graph_msgs/graph_msgs_s__rosidl_typesupport_introspection_c.cpython-310-x86_64-linux-gnu.so
[1.078s] -- Up-to-date: /root/overlay_ws/src/install/graph_msgs/local/lib/python3.10/dist-packages/graph_msgs/graph_msgs_s__rosidl_typesupport_c.cpython-310-x86_64-linux-gnu.so
[1.078s] -- Up-to-date: /root/overlay_ws/src/install/graph_msgs/lib/libgraph_msgs__rosidl_generator_py.so
[1.079s] -- Up-to-date: /root/overlay_ws/src/install/graph_msgs/share/graph_msgs/msg/Edges.idl
[1.079s] -- Up-to-date: /root/overlay_ws/src/install/graph_msgs/share/graph_msgs/msg/GeometryGraph.idl
[1.080s] -- Up-to-date: /root/overlay_ws/src/install/graph_msgs/share/graph_msgs/msg/Edges.msg
[1.080s] -- Up-to-date: /root/overlay_ws/src/install/graph_msgs/share/graph_msgs/msg/GeometryGraph.msg
[1.080s] -- Up-to-date: /root/overlay_ws/src/install/graph_msgs/share/ament_index/resource_index/package_run_dependencies/graph_msgs
[1.080s] -- Up-to-date: /root/overlay_ws/src/install/graph_msgs/share/ament_index/resource_index/parent_prefix_path/graph_msgs
[1.080s] -- Up-to-date: /root/overlay_ws/src/install/graph_msgs/share/graph_msgs/environment/ament_prefix_path.sh
[1.081s] -- Up-to-date: /root/overlay_ws/src/install/graph_msgs/share/graph_msgs/environment/ament_prefix_path.dsv
[1.081s] -- Up-to-date: /root/overlay_ws/src/install/graph_msgs/share/graph_msgs/environment/path.sh
[1.081s] -- Up-to-date: /root/overlay_ws/src/install/graph_msgs/share/graph_msgs/environment/path.dsv
[1.081s] -- Up-to-date: /root/overlay_ws/src/install/graph_msgs/share/graph_msgs/local_setup.bash
[1.082s] -- Up-to-date: /root/overlay_ws/src/install/graph_msgs/share/graph_msgs/local_setup.sh
[1.082s] -- Up-to-date: /root/overlay_ws/src/install/graph_msgs/share/graph_msgs/local_setup.zsh
[1.082s] -- Up-to-date: /root/overlay_ws/src/install/graph_msgs/share/graph_msgs/local_setup.dsv
[1.082s] -- Installing: /root/overlay_ws/src/install/graph_msgs/share/graph_msgs/package.dsv
[1.082s] -- Up-to-date: /root/overlay_ws/src/install/graph_msgs/share/ament_index/resource_index/packages/graph_msgs
[1.083s] -- Up-to-date: /root/overlay_ws/src/install/graph_msgs/share/graph_msgs/cmake/export_graph_msgs__rosidl_generator_cExport.cmake
[1.083s] -- Up-to-date: /root/overlay_ws/src/install/graph_msgs/share/graph_msgs/cmake/export_graph_msgs__rosidl_generator_cExport-release.cmake
[1.083s] -- Up-to-date: /root/overlay_ws/src/install/graph_msgs/share/graph_msgs/cmake/export_graph_msgs__rosidl_typesupport_fastrtps_cExport.cmake
[1.083s] -- Up-to-date: /root/overlay_ws/src/install/graph_msgs/share/graph_msgs/cmake/export_graph_msgs__rosidl_typesupport_fastrtps_cExport-release.cmake
[1.083s] -- Up-to-date: /root/overlay_ws/src/install/graph_msgs/share/graph_msgs/cmake/graph_msgs__rosidl_typesupport_introspection_cExport.cmake
[1.083s] -- Up-to-date: /root/overlay_ws/src/install/graph_msgs/share/graph_msgs/cmake/graph_msgs__rosidl_typesupport_introspection_cExport-release.cmake
[1.083s] -- Up-to-date: /root/overlay_ws/src/install/graph_msgs/share/graph_msgs/cmake/graph_msgs__rosidl_typesupport_cExport.cmake
[1.083s] -- Up-to-date: /root/overlay_ws/src/install/graph_msgs/share/graph_msgs/cmake/graph_msgs__rosidl_typesupport_cExport-release.cmake
[1.084s] -- Up-to-date: /root/overlay_ws/src/install/graph_msgs/share/graph_msgs/cmake/export_graph_msgs__rosidl_generator_cppExport.cmake
[1.084s] -- Up-to-date: /root/overlay_ws/src/install/graph_msgs/share/graph_msgs/cmake/export_graph_msgs__rosidl_typesupport_fastrtps_cppExport.cmake
[1.084s] -- Up-to-date: /root/overlay_ws/src/install/graph_msgs/share/graph_msgs/cmake/export_graph_msgs__rosidl_typesupport_fastrtps_cppExport-release.cmake
[1.084s] -- Up-to-date: /root/overlay_ws/src/install/graph_msgs/share/graph_msgs/cmake/graph_msgs__rosidl_typesupport_introspection_cppExport.cmake
[1.084s] -- Up-to-date: /root/overlay_ws/src/install/graph_msgs/share/graph_msgs/cmake/graph_msgs__rosidl_typesupport_introspection_cppExport-release.cmake
[1.084s] -- Up-to-date: /root/overlay_ws/src/install/graph_msgs/share/graph_msgs/cmake/graph_msgs__rosidl_typesupport_cppExport.cmake
[1.084s] -- Up-to-date: /root/overlay_ws/src/install/graph_msgs/share/graph_msgs/cmake/graph_msgs__rosidl_typesupport_cppExport-release.cmake
[1.084s] -- Up-to-date: /root/overlay_ws/src/install/graph_msgs/share/graph_msgs/cmake/export_graph_msgs__rosidl_generator_pyExport.cmake
[1.084s] -- Up-to-date: /root/overlay_ws/src/install/graph_msgs/share/graph_msgs/cmake/export_graph_msgs__rosidl_generator_pyExport-release.cmake
[1.085s] -- Up-to-date: /root/overlay_ws/src/install/graph_msgs/share/graph_msgs/cmake/rosidl_cmake-extras.cmake
[1.085s] -- Up-to-date: /root/overlay_ws/src/install/graph_msgs/share/graph_msgs/cmake/ament_cmake_export_dependencies-extras.cmake
[1.087s] -- Up-to-date: /root/overlay_ws/src/install/graph_msgs/share/graph_msgs/cmake/ament_cmake_export_include_directories-extras.cmake
[1.087s] -- Up-to-date: /root/overlay_ws/src/install/graph_msgs/share/graph_msgs/cmake/ament_cmake_export_libraries-extras.cmake
[1.087s] -- Up-to-date: /root/overlay_ws/src/install/graph_msgs/share/graph_msgs/cmake/ament_cmake_export_targets-extras.cmake
[1.087s] -- Up-to-date: /root/overlay_ws/src/install/graph_msgs/share/graph_msgs/cmake/rosidl_cmake_export_typesupport_targets-extras.cmake
[1.087s] -- Up-to-date: /root/overlay_ws/src/install/graph_msgs/share/graph_msgs/cmake/rosidl_cmake_export_typesupport_libraries-extras.cmake
[1.088s] -- Up-to-date: /root/overlay_ws/src/install/graph_msgs/share/graph_msgs/cmake/graph_msgsConfig.cmake
[1.088s] -- Up-to-date: /root/overlay_ws/src/install/graph_msgs/share/graph_msgs/cmake/graph_msgsConfig-version.cmake
[1.088s] -- Up-to-date: /root/overlay_ws/src/install/graph_msgs/share/graph_msgs/package.xml
[1.088s] Invoked command in '/root/overlay_ws/src/build/graph_msgs' returned '0': CMAKE_PREFIX_PATH=${CMAKE_PREFIX_PATH}:/root/underlay_ws/install/moveit_configs_utils:/root/underlay_ws/install/launch_param_builder:/opt/ros/humble /usr/bin/cmake --install /root/overlay_ws/src/build/graph_msgs
