[0.038s] Invoking command in '/root/overlay_ws/src/build/moveit_visual_tools': AMENT_PREFIX_PATH=/root/overlay_ws/src/install/rviz_visual_tools:/root/overlay_ws/src/install/graph_msgs:${AMENT_PREFIX_PATH} CMAKE_PREFIX_PATH=/root/overlay_ws/src/install/rviz_visual_tools:/root/overlay_ws/src/install/graph_msgs:/root/overlay_ws/install/hello_moveit_ur:/root/underlay_ws/install/pilz_industrial_motion_planner_testutils:/root/underlay_ws/install/moveit_runtime:/root/underlay_ws/install/moveit2_tutorials:/root/underlay_ws/install/moveit:/root/underlay_ws/install/moveit_planners:/root/underlay_ws/install/pilz_industrial_motion_planner:/root/underlay_ws/install/moveit_visual_tools:/root/underlay_ws/install/moveit_task_constructor_visualization:/root/underlay_ws/install/moveit_task_constructor_demo:/root/underlay_ws/install/moveit_task_constructor_capabilities:/root/underlay_ws/install/moveit_task_constructor_core:/root/underlay_ws/install/moveit_ros_control_interface:/root/underlay_ws/install/moveit_plugins:/root/underlay_ws/install/moveit_simple_controller_manager:/root/underlay_ws/install/moveit_setup_assistant:/root/underlay_ws/install/moveit_setup_srdf_plugins:/root/underlay_ws/install/moveit_setup_core_plugins:/root/underlay_ws/install/moveit_setup_controllers:/root/underlay_ws/install/moveit_setup_app_plugins:/root/underlay_ws/install/moveit_setup_framework:/root/underlay_ws/install/moveit_servo:/root/underlay_ws/install/moveit_ros:/root/underlay_ws/install/moveit_ros_visualization:/root/underlay_ws/install/moveit_hybrid_planning:/root/underlay_ws/install/moveit_ros_planning_interface:/root/underlay_ws/install/moveit_ros_benchmarks:/root/underlay_ws/install/moveit_ros_warehouse:/root/underlay_ws/install/moveit_ros_robot_interaction:/root/underlay_ws/install/moveit_ros_perception:/root/underlay_ws/install/moveit_resources_prbt_pg70_support:/root/underlay_ws/install/moveit_resources_prbt_moveit_config:/root/underlay_ws/install/moveit_ros_move_group:/root/underlay_ws/install/moveit_planners_ompl:/root/underlay_ws/install/moveit_ros_planning:/root/underlay_ws/install/moveit_ros_occupancy_map_monitor:/root/underlay_ws/install/moveit_resources_prbt_ikfast_manipulator_plugin:/root/underlay_ws/install/moveit_planners_chomp:/root/underlay_ws/install/moveit_kinematics:/root/underlay_ws/install/moveit_chomp_optimizer_adapter:/root/underlay_ws/install/chomp_motion_planner:/root/underlay_ws/install/moveit_core:/root/underlay_ws/install/srdfdom:/root/underlay_ws/install/rviz_marker_tools:/root/underlay_ws/install/rosparam_shortcuts:/root/underlay_ws/install/moveit_task_constructor_msgs:/root/underlay_ws/install/moveit_resources_prbt_support:/root/underlay_ws/install/moveit_resources:/root/underlay_ws/install/moveit_resources_pr2_description:/root/underlay_ws/install/moveit_resources_panda_moveit_config:/root/underlay_ws/install/moveit_resources_panda_description:/root/underlay_ws/install/moveit_resources_fanuc_moveit_config:/root/underlay_ws/install/moveit_resources_fanuc_description:/root/underlay_ws/install/moveit_common:/root/underlay_ws/install/moveit_configs_utils:/root/underlay_ws/install/launch_param_builder:/opt/ros/humble LD_LIBRARY_PATH=/root/overlay_ws/src/install/rviz_visual_tools/lib:/root/overlay_ws/src/install/graph_msgs/lib:${LD_LIBRARY_PATH} PYTHONPATH=/root/overlay_ws/src/install/graph_msgs/local/lib/python3.10/dist-packages:${PYTHONPATH} /usr/bin/cmake /root/overlay_ws/src/moveit_visual_tools -DCMAKE_BUILD_TYPE=Release -DCMAKE_INSTALL_PREFIX=/root/overlay_ws/src/install/moveit_visual_tools
[0.064s] -- Found moveit_common: 2.5.5 (/root/underlay_ws/install/moveit_common/share/moveit_common/cmake)
[0.065s] -- Found ament_cmake: 1.3.8 (/opt/ros/humble/share/ament_cmake/cmake)
[0.444s] -- Could NOT find libbfd (missing: LIBBFD_LIBRARY LIBBFD_INCLUDE_DIR) 
[0.444s] -- BACKWARD_HAS_UNWIND=1
[0.444s] -- BACKWARD_HAS_BACKTRACE=0
[0.444s] -- BACKWARD_HAS_BACKTRACE_SYMBOL=0
[0.444s] -- BACKWARD_HAS_DW=1
[0.445s] -- BACKWARD_HAS_BFD=0
[0.445s] -- Found Backward: /opt/ros/humble/share/backward_ros/cmake  
[0.454s] -- Found Boost: /usr/lib/x86_64-linux-gnu/cmake/Boost-1.74.0/BoostConfig.cmake (found version "1.74.0") found components: system 
[0.456s] -- Found geometry_msgs: 4.2.3 (/opt/ros/humble/share/geometry_msgs/cmake)
[0.487s] -- Found rosidl_generator_c: 3.1.5 (/opt/ros/humble/share/rosidl_generator_c/cmake)
[0.492s] -- Found rosidl_adapter: 3.1.5 (/opt/ros/humble/share/rosidl_adapter/cmake)
[0.502s] -- Found rosidl_generator_cpp: 3.1.5 (/opt/ros/humble/share/rosidl_generator_cpp/cmake)
[0.528s] -- Using all available rosidl_typesupport_c: rosidl_typesupport_fastrtps_c;rosidl_typesupport_introspection_c
[0.560s] -- Using all available rosidl_typesupport_cpp: rosidl_typesupport_fastrtps_cpp;rosidl_typesupport_introspection_cpp
[0.797s] -- Found graph_msgs: 0.2.0 (/root/overlay_ws/src/install/graph_msgs/share/graph_msgs/cmake)
[0.946s] -- Found moveit_core: 2.5.5 (/root/underlay_ws/install/moveit_core/share/moveit_core/cmake)
[0.970s] -- Found Boost: /usr/lib/x86_64-linux-gnu/cmake/Boost-1.74.0/BoostConfig.cmake (found version "1.74.0") found components: chrono date_time filesystem iostreams program_options regex serialization system thread 
[1.017s] -- Found parameter_traits: 0.3.8 (/opt/ros/humble/share/parameter_traits/cmake)
[1.119s] -- Found rmw_implementation_cmake: 6.1.1 (/opt/ros/humble/share/rmw_implementation_cmake/cmake)
[1.125s] -- Found rmw_fastrtps_cpp: 6.2.6 (/opt/ros/humble/share/rmw_fastrtps_cpp/cmake)
[1.394s] -- Using RMW implementation 'rmw_fastrtps_cpp' as default
[1.689s] -- Found rclcpp_lifecycle: 16.0.8 (/opt/ros/humble/share/rclcpp_lifecycle/cmake)
[1.769s] -- Found Boost: /usr/lib/x86_64-linux-gnu/cmake/Boost-1.74.0/BoostConfig.cmake (found version "1.74.0") found components: filesystem 
[1.850s] -- library: /usr/lib/x86_64-linux-gnu/libcurl.so
[2.433s] -- Ensuring Eigen3 include directory is part of orocos-kdl CMake target
[4.429s] -- Found moveit_ros_planning: 2.5.5 (/root/underlay_ws/install/moveit_ros_planning/share/moveit_ros_planning/cmake)
[4.438s] -- Found Boost: /usr/lib/x86_64-linux-gnu/cmake/Boost-1.74.0/BoostConfig.cmake (found version "1.74.0") found components: system filesystem date_time program_options thread chrono 
[5.241s] -- Found rviz_visual_tools: 4.1.4 (/root/overlay_ws/src/install/rviz_visual_tools/share/rviz_visual_tools/cmake)
[5.435s] -- Setting OGRE_DIR to: '/opt/ros/humble/share/rviz_ogre_vendor/cmake/../../../opt/rviz_ogre_vendor/lib/OGRE/cmake'
[5.440s] -- Found OGRE
[5.440s] --   static     : OFF
[5.440s] --   components : HLMS;MeshLodGenerator;Overlay;Paging;Property;RTShaderSystem;Terrain;Volume
[5.440s] --   plugins    : Plugin_BSPSceneManager;Plugin_OctreeSceneManager;Plugin_PCZSceneManager;Plugin_ParticleFX;RenderSystem_GL;RenderSystem_GL3Plus;Codec_STBI
[5.441s] --   media      : /opt/ros/humble/opt/rviz_ogre_vendor/share/OGRE/Media
[5.441s] -- OGRE_LIBRARIES: OgreHLMS;OgreMeshLodGenerator;OgreOverlay;OgrePaging;OgreProperty;OgreRTShaderSystem;OgreTerrain;OgreVolume;OgreMain
[5.441s] -- OGRE_LIBRARY_DIRS: /opt/ros/humble/opt/rviz_ogre_vendor/lib
[5.441s] -- OGRE_PLUGINS: Plugin_BSPSceneManager;Plugin_OctreeSceneManager;Plugin_PCZSceneManager;Plugin_ParticleFX;RenderSystem_GL;RenderSystem_GL3Plus;Codec_STBI
[5.441s] -- OGRE_PLUGIN_DIR: /opt/ros/humble/opt/rviz_ogre_vendor/lib/OGRE
[5.442s] -- rviz_ogre_vendor::OgreOverlay for IMPORTED_LOCATION_RELEASE: /opt/ros/humble/opt/rviz_ogre_vendor/lib/libOgreOverlay.so
[5.442s] -- rviz_ogre_vendor::OgreOverlay for IMPORTED_LOCATION_DEBUG: /opt/ros/humble/opt/rviz_ogre_vendor/lib/libOgreOverlay.so
[5.442s] -- rviz_ogre_vendor::OgreMain for IMPORTED_LOCATION_RELEASE: /opt/ros/humble/opt/rviz_ogre_vendor/lib/libOgreMain.so
[5.443s] -- rviz_ogre_vendor::OgreMain for IMPORTED_LOCATION_DEBUG: /opt/ros/humble/opt/rviz_ogre_vendor/lib/libOgreMain.so
[5.443s] -- Could not find freeimage library
[5.537s] -- rviz_ogre_vendor::RenderSystem_GL for IMPORTED_LOCATION_RELEASE: _render_system_gl_static_library_abs-NOTFOUND
[5.538s] -- rviz_ogre_vendor::RenderSystem_GL for IMPORTED_LOCATION_DEBUG: _render_system_gl_static_library_abs-NOTFOUND
[6.764s] -- Found ament_lint_auto: 0.12.10 (/opt/ros/humble/share/ament_lint_auto/cmake)
[6.777s] -- Added test 'copyright' to check source files copyright and LICENSE
[6.778s] -- Added test 'flake8' to check Python code syntax and style conventions
[6.780s] -- Added test 'lint_cmake' to check CMake code style
[6.781s] -- Added test 'pep257' to check Python code against some of the docstring style conventions in PEP 257
[6.782s] -- Added test 'xmllint' to check XML markup files
[6.784s] -- Configuring done
[6.912s] -- Generating done
[6.921s] -- Build files have been written to: /root/overlay_ws/src/build/moveit_visual_tools
[6.941s] Invoked command in '/root/overlay_ws/src/build/moveit_visual_tools' returned '0': AMENT_PREFIX_PATH=/root/overlay_ws/src/install/rviz_visual_tools:/root/overlay_ws/src/install/graph_msgs:${AMENT_PREFIX_PATH} CMAKE_PREFIX_PATH=/root/overlay_ws/src/install/rviz_visual_tools:/root/overlay_ws/src/install/graph_msgs:/root/overlay_ws/install/hello_moveit_ur:/root/underlay_ws/install/pilz_industrial_motion_planner_testutils:/root/underlay_ws/install/moveit_runtime:/root/underlay_ws/install/moveit2_tutorials:/root/underlay_ws/install/moveit:/root/underlay_ws/install/moveit_planners:/root/underlay_ws/install/pilz_industrial_motion_planner:/root/underlay_ws/install/moveit_visual_tools:/root/underlay_ws/install/moveit_task_constructor_visualization:/root/underlay_ws/install/moveit_task_constructor_demo:/root/underlay_ws/install/moveit_task_constructor_capabilities:/root/underlay_ws/install/moveit_task_constructor_core:/root/underlay_ws/install/moveit_ros_control_interface:/root/underlay_ws/install/moveit_plugins:/root/underlay_ws/install/moveit_simple_controller_manager:/root/underlay_ws/install/moveit_setup_assistant:/root/underlay_ws/install/moveit_setup_srdf_plugins:/root/underlay_ws/install/moveit_setup_core_plugins:/root/underlay_ws/install/moveit_setup_controllers:/root/underlay_ws/install/moveit_setup_app_plugins:/root/underlay_ws/install/moveit_setup_framework:/root/underlay_ws/install/moveit_servo:/root/underlay_ws/install/moveit_ros:/root/underlay_ws/install/moveit_ros_visualization:/root/underlay_ws/install/moveit_hybrid_planning:/root/underlay_ws/install/moveit_ros_planning_interface:/root/underlay_ws/install/moveit_ros_benchmarks:/root/underlay_ws/install/moveit_ros_warehouse:/root/underlay_ws/install/moveit_ros_robot_interaction:/root/underlay_ws/install/moveit_ros_perception:/root/underlay_ws/install/moveit_resources_prbt_pg70_support:/root/underlay_ws/install/moveit_resources_prbt_moveit_config:/root/underlay_ws/install/moveit_ros_move_group:/root/underlay_ws/install/moveit_planners_ompl:/root/underlay_ws/install/moveit_ros_planning:/root/underlay_ws/install/moveit_ros_occupancy_map_monitor:/root/underlay_ws/install/moveit_resources_prbt_ikfast_manipulator_plugin:/root/underlay_ws/install/moveit_planners_chomp:/root/underlay_ws/install/moveit_kinematics:/root/underlay_ws/install/moveit_chomp_optimizer_adapter:/root/underlay_ws/install/chomp_motion_planner:/root/underlay_ws/install/moveit_core:/root/underlay_ws/install/srdfdom:/root/underlay_ws/install/rviz_marker_tools:/root/underlay_ws/install/rosparam_shortcuts:/root/underlay_ws/install/moveit_task_constructor_msgs:/root/underlay_ws/install/moveit_resources_prbt_support:/root/underlay_ws/install/moveit_resources:/root/underlay_ws/install/moveit_resources_pr2_description:/root/underlay_ws/install/moveit_resources_panda_moveit_config:/root/underlay_ws/install/moveit_resources_panda_description:/root/underlay_ws/install/moveit_resources_fanuc_moveit_config:/root/underlay_ws/install/moveit_resources_fanuc_description:/root/underlay_ws/install/moveit_common:/root/underlay_ws/install/moveit_configs_utils:/root/underlay_ws/install/launch_param_builder:/opt/ros/humble LD_LIBRARY_PATH=/root/overlay_ws/src/install/rviz_visual_tools/lib:/root/overlay_ws/src/install/graph_msgs/lib:${LD_LIBRARY_PATH} PYTHONPATH=/root/overlay_ws/src/install/graph_msgs/local/lib/python3.10/dist-packages:${PYTHONPATH} /usr/bin/cmake /root/overlay_ws/src/moveit_visual_tools -DCMAKE_BUILD_TYPE=Release -DCMAKE_INSTALL_PREFIX=/root/overlay_ws/src/install/moveit_visual_tools
[6.944s] Invoking command in '/root/overlay_ws/src/build/moveit_visual_tools': AMENT_PREFIX_PATH=/root/overlay_ws/src/install/rviz_visual_tools:/root/overlay_ws/src/install/graph_msgs:${AMENT_PREFIX_PATH} CMAKE_PREFIX_PATH=/root/overlay_ws/src/install/rviz_visual_tools:/root/overlay_ws/src/install/graph_msgs:/root/overlay_ws/install/hello_moveit_ur:/root/underlay_ws/install/pilz_industrial_motion_planner_testutils:/root/underlay_ws/install/moveit_runtime:/root/underlay_ws/install/moveit2_tutorials:/root/underlay_ws/install/moveit:/root/underlay_ws/install/moveit_planners:/root/underlay_ws/install/pilz_industrial_motion_planner:/root/underlay_ws/install/moveit_visual_tools:/root/underlay_ws/install/moveit_task_constructor_visualization:/root/underlay_ws/install/moveit_task_constructor_demo:/root/underlay_ws/install/moveit_task_constructor_capabilities:/root/underlay_ws/install/moveit_task_constructor_core:/root/underlay_ws/install/moveit_ros_control_interface:/root/underlay_ws/install/moveit_plugins:/root/underlay_ws/install/moveit_simple_controller_manager:/root/underlay_ws/install/moveit_setup_assistant:/root/underlay_ws/install/moveit_setup_srdf_plugins:/root/underlay_ws/install/moveit_setup_core_plugins:/root/underlay_ws/install/moveit_setup_controllers:/root/underlay_ws/install/moveit_setup_app_plugins:/root/underlay_ws/install/moveit_setup_framework:/root/underlay_ws/install/moveit_servo:/root/underlay_ws/install/moveit_ros:/root/underlay_ws/install/moveit_ros_visualization:/root/underlay_ws/install/moveit_hybrid_planning:/root/underlay_ws/install/moveit_ros_planning_interface:/root/underlay_ws/install/moveit_ros_benchmarks:/root/underlay_ws/install/moveit_ros_warehouse:/root/underlay_ws/install/moveit_ros_robot_interaction:/root/underlay_ws/install/moveit_ros_perception:/root/underlay_ws/install/moveit_resources_prbt_pg70_support:/root/underlay_ws/install/moveit_resources_prbt_moveit_config:/root/underlay_ws/install/moveit_ros_move_group:/root/underlay_ws/install/moveit_planners_ompl:/root/underlay_ws/install/moveit_ros_planning:/root/underlay_ws/install/moveit_ros_occupancy_map_monitor:/root/underlay_ws/install/moveit_resources_prbt_ikfast_manipulator_plugin:/root/underlay_ws/install/moveit_planners_chomp:/root/underlay_ws/install/moveit_kinematics:/root/underlay_ws/install/moveit_chomp_optimizer_adapter:/root/underlay_ws/install/chomp_motion_planner:/root/underlay_ws/install/moveit_core:/root/underlay_ws/install/srdfdom:/root/underlay_ws/install/rviz_marker_tools:/root/underlay_ws/install/rosparam_shortcuts:/root/underlay_ws/install/moveit_task_constructor_msgs:/root/underlay_ws/install/moveit_resources_prbt_support:/root/underlay_ws/install/moveit_resources:/root/underlay_ws/install/moveit_resources_pr2_description:/root/underlay_ws/install/moveit_resources_panda_moveit_config:/root/underlay_ws/install/moveit_resources_panda_description:/root/underlay_ws/install/moveit_resources_fanuc_moveit_config:/root/underlay_ws/install/moveit_resources_fanuc_description:/root/underlay_ws/install/moveit_common:/root/underlay_ws/install/moveit_configs_utils:/root/underlay_ws/install/launch_param_builder:/opt/ros/humble LD_LIBRARY_PATH=/root/overlay_ws/src/install/rviz_visual_tools/lib:/root/overlay_ws/src/install/graph_msgs/lib:${LD_LIBRARY_PATH} PYTHONPATH=/root/overlay_ws/src/install/graph_msgs/local/lib/python3.10/dist-packages:${PYTHONPATH} /usr/bin/cmake --build /root/overlay_ws/src/build/moveit_visual_tools -- -j8 -l8
[7.057s] [35m[1mConsolidate compiler generated dependencies of target moveit_visual_tools[0m
[7.139s] [ 16%] [32mBuilding CXX object CMakeFiles/moveit_visual_tools.dir/src/moveit_visual_tools.cpp.o[0m
[7.148s] [ 33%] [32mBuilding CXX object CMakeFiles/moveit_visual_tools.dir/src/imarker_robot_state.cpp.o[0m
[7.151s] [ 50%] [32mBuilding CXX object CMakeFiles/moveit_visual_tools.dir/src/imarker_end_effector.cpp.o[0m
[43.543s] [ 66%] [32m[1mLinking CXX shared library libmoveit_visual_tools.so[0m
[44.311s] [ 66%] Built target moveit_visual_tools
[44.341s] [35m[1mConsolidate compiler generated dependencies of target moveit_visual_tools_demo[0m
[44.412s] [ 83%] [32mBuilding CXX object CMakeFiles/moveit_visual_tools_demo.dir/src/moveit_visual_tools_demo.cpp.o[0m
[66.570s] [100%] [32m[1mLinking CXX executable moveit_visual_tools_demo[0m
[67.239s] [100%] Built target moveit_visual_tools_demo
[67.263s] Invoked command in '/root/overlay_ws/src/build/moveit_visual_tools' returned '0': AMENT_PREFIX_PATH=/root/overlay_ws/src/install/rviz_visual_tools:/root/overlay_ws/src/install/graph_msgs:${AMENT_PREFIX_PATH} CMAKE_PREFIX_PATH=/root/overlay_ws/src/install/rviz_visual_tools:/root/overlay_ws/src/install/graph_msgs:/root/overlay_ws/install/hello_moveit_ur:/root/underlay_ws/install/pilz_industrial_motion_planner_testutils:/root/underlay_ws/install/moveit_runtime:/root/underlay_ws/install/moveit2_tutorials:/root/underlay_ws/install/moveit:/root/underlay_ws/install/moveit_planners:/root/underlay_ws/install/pilz_industrial_motion_planner:/root/underlay_ws/install/moveit_visual_tools:/root/underlay_ws/install/moveit_task_constructor_visualization:/root/underlay_ws/install/moveit_task_constructor_demo:/root/underlay_ws/install/moveit_task_constructor_capabilities:/root/underlay_ws/install/moveit_task_constructor_core:/root/underlay_ws/install/moveit_ros_control_interface:/root/underlay_ws/install/moveit_plugins:/root/underlay_ws/install/moveit_simple_controller_manager:/root/underlay_ws/install/moveit_setup_assistant:/root/underlay_ws/install/moveit_setup_srdf_plugins:/root/underlay_ws/install/moveit_setup_core_plugins:/root/underlay_ws/install/moveit_setup_controllers:/root/underlay_ws/install/moveit_setup_app_plugins:/root/underlay_ws/install/moveit_setup_framework:/root/underlay_ws/install/moveit_servo:/root/underlay_ws/install/moveit_ros:/root/underlay_ws/install/moveit_ros_visualization:/root/underlay_ws/install/moveit_hybrid_planning:/root/underlay_ws/install/moveit_ros_planning_interface:/root/underlay_ws/install/moveit_ros_benchmarks:/root/underlay_ws/install/moveit_ros_warehouse:/root/underlay_ws/install/moveit_ros_robot_interaction:/root/underlay_ws/install/moveit_ros_perception:/root/underlay_ws/install/moveit_resources_prbt_pg70_support:/root/underlay_ws/install/moveit_resources_prbt_moveit_config:/root/underlay_ws/install/moveit_ros_move_group:/root/underlay_ws/install/moveit_planners_ompl:/root/underlay_ws/install/moveit_ros_planning:/root/underlay_ws/install/moveit_ros_occupancy_map_monitor:/root/underlay_ws/install/moveit_resources_prbt_ikfast_manipulator_plugin:/root/underlay_ws/install/moveit_planners_chomp:/root/underlay_ws/install/moveit_kinematics:/root/underlay_ws/install/moveit_chomp_optimizer_adapter:/root/underlay_ws/install/chomp_motion_planner:/root/underlay_ws/install/moveit_core:/root/underlay_ws/install/srdfdom:/root/underlay_ws/install/rviz_marker_tools:/root/underlay_ws/install/rosparam_shortcuts:/root/underlay_ws/install/moveit_task_constructor_msgs:/root/underlay_ws/install/moveit_resources_prbt_support:/root/underlay_ws/install/moveit_resources:/root/underlay_ws/install/moveit_resources_pr2_description:/root/underlay_ws/install/moveit_resources_panda_moveit_config:/root/underlay_ws/install/moveit_resources_panda_description:/root/underlay_ws/install/moveit_resources_fanuc_moveit_config:/root/underlay_ws/install/moveit_resources_fanuc_description:/root/underlay_ws/install/moveit_common:/root/underlay_ws/install/moveit_configs_utils:/root/underlay_ws/install/launch_param_builder:/opt/ros/humble LD_LIBRARY_PATH=/root/overlay_ws/src/install/rviz_visual_tools/lib:/root/overlay_ws/src/install/graph_msgs/lib:${LD_LIBRARY_PATH} PYTHONPATH=/root/overlay_ws/src/install/graph_msgs/local/lib/python3.10/dist-packages:${PYTHONPATH} /usr/bin/cmake --build /root/overlay_ws/src/build/moveit_visual_tools -- -j8 -l8
[67.364s] Invoking command in '/root/overlay_ws/src/build/moveit_visual_tools': AMENT_PREFIX_PATH=/root/overlay_ws/src/install/rviz_visual_tools:/root/overlay_ws/src/install/graph_msgs:${AMENT_PREFIX_PATH} CMAKE_PREFIX_PATH=/root/overlay_ws/src/install/rviz_visual_tools:/root/overlay_ws/src/install/graph_msgs:/root/overlay_ws/install/hello_moveit_ur:/root/underlay_ws/install/pilz_industrial_motion_planner_testutils:/root/underlay_ws/install/moveit_runtime:/root/underlay_ws/install/moveit2_tutorials:/root/underlay_ws/install/moveit:/root/underlay_ws/install/moveit_planners:/root/underlay_ws/install/pilz_industrial_motion_planner:/root/underlay_ws/install/moveit_visual_tools:/root/underlay_ws/install/moveit_task_constructor_visualization:/root/underlay_ws/install/moveit_task_constructor_demo:/root/underlay_ws/install/moveit_task_constructor_capabilities:/root/underlay_ws/install/moveit_task_constructor_core:/root/underlay_ws/install/moveit_ros_control_interface:/root/underlay_ws/install/moveit_plugins:/root/underlay_ws/install/moveit_simple_controller_manager:/root/underlay_ws/install/moveit_setup_assistant:/root/underlay_ws/install/moveit_setup_srdf_plugins:/root/underlay_ws/install/moveit_setup_core_plugins:/root/underlay_ws/install/moveit_setup_controllers:/root/underlay_ws/install/moveit_setup_app_plugins:/root/underlay_ws/install/moveit_setup_framework:/root/underlay_ws/install/moveit_servo:/root/underlay_ws/install/moveit_ros:/root/underlay_ws/install/moveit_ros_visualization:/root/underlay_ws/install/moveit_hybrid_planning:/root/underlay_ws/install/moveit_ros_planning_interface:/root/underlay_ws/install/moveit_ros_benchmarks:/root/underlay_ws/install/moveit_ros_warehouse:/root/underlay_ws/install/moveit_ros_robot_interaction:/root/underlay_ws/install/moveit_ros_perception:/root/underlay_ws/install/moveit_resources_prbt_pg70_support:/root/underlay_ws/install/moveit_resources_prbt_moveit_config:/root/underlay_ws/install/moveit_ros_move_group:/root/underlay_ws/install/moveit_planners_ompl:/root/underlay_ws/install/moveit_ros_planning:/root/underlay_ws/install/moveit_ros_occupancy_map_monitor:/root/underlay_ws/install/moveit_resources_prbt_ikfast_manipulator_plugin:/root/underlay_ws/install/moveit_planners_chomp:/root/underlay_ws/install/moveit_kinematics:/root/underlay_ws/install/moveit_chomp_optimizer_adapter:/root/underlay_ws/install/chomp_motion_planner:/root/underlay_ws/install/moveit_core:/root/underlay_ws/install/srdfdom:/root/underlay_ws/install/rviz_marker_tools:/root/underlay_ws/install/rosparam_shortcuts:/root/underlay_ws/install/moveit_task_constructor_msgs:/root/underlay_ws/install/moveit_resources_prbt_support:/root/underlay_ws/install/moveit_resources:/root/underlay_ws/install/moveit_resources_pr2_description:/root/underlay_ws/install/moveit_resources_panda_moveit_config:/root/underlay_ws/install/moveit_resources_panda_description:/root/underlay_ws/install/moveit_resources_fanuc_moveit_config:/root/underlay_ws/install/moveit_resources_fanuc_description:/root/underlay_ws/install/moveit_common:/root/underlay_ws/install/moveit_configs_utils:/root/underlay_ws/install/launch_param_builder:/opt/ros/humble LD_LIBRARY_PATH=/root/overlay_ws/src/install/rviz_visual_tools/lib:/root/overlay_ws/src/install/graph_msgs/lib:${LD_LIBRARY_PATH} PYTHONPATH=/root/overlay_ws/src/install/graph_msgs/local/lib/python3.10/dist-packages:${PYTHONPATH} /usr/bin/cmake --install /root/overlay_ws/src/build/moveit_visual_tools
[67.386s] -- Install configuration: "Release"
[67.386s] -- Up-to-date: /root/overlay_ws/src/install/moveit_visual_tools/share/moveit_visual_tools/environment/library_path.sh
[67.386s] -- Installing: /root/overlay_ws/src/install/moveit_visual_tools/share/moveit_visual_tools/environment/library_path.dsv
[67.387s] -- Installing: /root/overlay_ws/src/install/moveit_visual_tools/lib/libmoveit_visual_tools.so
[67.396s] -- Set runtime path of "/root/overlay_ws/src/install/moveit_visual_tools/lib/libmoveit_visual_tools.so" to ""
[67.396s] -- Installing: /root/overlay_ws/src/install/moveit_visual_tools/lib/moveit_visual_tools/moveit_visual_tools_demo
[67.399s] -- Set runtime path of "/root/overlay_ws/src/install/moveit_visual_tools/lib/moveit_visual_tools/moveit_visual_tools_demo" to ""
[67.399s] -- Up-to-date: /root/overlay_ws/src/install/moveit_visual_tools/include
[67.399s] -- Up-to-date: /root/overlay_ws/src/install/moveit_visual_tools/include/moveit_visual_tools
[67.400s] -- Up-to-date: /root/overlay_ws/src/install/moveit_visual_tools/include/moveit_visual_tools/moveit_visual_tools.h
[67.400s] -- Up-to-date: /root/overlay_ws/src/install/moveit_visual_tools/include/moveit_visual_tools/imarker_end_effector.h
[67.400s] -- Up-to-date: /root/overlay_ws/src/install/moveit_visual_tools/include/moveit_visual_tools/imarker_robot_state.h
[67.400s] -- Up-to-date: /root/overlay_ws/src/install/moveit_visual_tools/share/moveit_visual_tools/launch
[67.400s] -- Up-to-date: /root/overlay_ws/src/install/moveit_visual_tools/share/moveit_visual_tools/launch/demo_rviz.launch.py
[67.400s] -- Up-to-date: /root/overlay_ws/src/install/moveit_visual_tools/share/moveit_visual_tools/launch/demo.rviz
[67.401s] -- Up-to-date: /root/overlay_ws/src/install/moveit_visual_tools/share/moveit_visual_tools/resources
[67.401s] -- Up-to-date: /root/overlay_ws/src/install/moveit_visual_tools/share/moveit_visual_tools/resources/screenshot.png
[67.401s] -- Up-to-date: /root/overlay_ws/src/install/moveit_visual_tools/share/moveit_visual_tools/resources/demo.png
[67.401s] -- Up-to-date: /root/overlay_ws/src/install/moveit_visual_tools/share/moveit_visual_tools/resources/rrbot.urdf
[67.402s] -- Up-to-date: /root/overlay_ws/src/install/moveit_visual_tools/share/moveit_visual_tools/resources/demo_mesh.stl
[67.402s] -- Up-to-date: /root/overlay_ws/src/install/moveit_visual_tools/share/moveit_visual_tools/resources/rrbot.srdf
[67.402s] -- Up-to-date: /root/overlay_ws/src/install/moveit_visual_tools/share/ament_index/resource_index/package_run_dependencies/moveit_visual_tools
[67.402s] -- Up-to-date: /root/overlay_ws/src/install/moveit_visual_tools/share/ament_index/resource_index/parent_prefix_path/moveit_visual_tools
[67.402s] -- Up-to-date: /root/overlay_ws/src/install/moveit_visual_tools/share/moveit_visual_tools/environment/ament_prefix_path.sh
[67.403s] -- Installing: /root/overlay_ws/src/install/moveit_visual_tools/share/moveit_visual_tools/environment/ament_prefix_path.dsv
[67.403s] -- Up-to-date: /root/overlay_ws/src/install/moveit_visual_tools/share/moveit_visual_tools/environment/path.sh
[67.403s] -- Installing: /root/overlay_ws/src/install/moveit_visual_tools/share/moveit_visual_tools/environment/path.dsv
[67.403s] -- Up-to-date: /root/overlay_ws/src/install/moveit_visual_tools/share/moveit_visual_tools/local_setup.bash
[67.403s] -- Up-to-date: /root/overlay_ws/src/install/moveit_visual_tools/share/moveit_visual_tools/local_setup.sh
[67.404s] -- Up-to-date: /root/overlay_ws/src/install/moveit_visual_tools/share/moveit_visual_tools/local_setup.zsh
[67.404s] -- Installing: /root/overlay_ws/src/install/moveit_visual_tools/share/moveit_visual_tools/local_setup.dsv
[67.404s] -- Installing: /root/overlay_ws/src/install/moveit_visual_tools/share/moveit_visual_tools/package.dsv
[67.405s] -- Up-to-date: /root/overlay_ws/src/install/moveit_visual_tools/share/ament_index/resource_index/packages/moveit_visual_tools
[67.408s] -- Up-to-date: /root/overlay_ws/src/install/moveit_visual_tools/share/moveit_visual_tools/cmake/export_moveit_visual_toolsExport.cmake
[67.408s] -- Up-to-date: /root/overlay_ws/src/install/moveit_visual_tools/share/moveit_visual_tools/cmake/export_moveit_visual_toolsExport-release.cmake
[67.408s] -- Up-to-date: /root/overlay_ws/src/install/moveit_visual_tools/share/moveit_visual_tools/cmake/ament_cmake_export_targets-extras.cmake
[67.408s] -- Up-to-date: /root/overlay_ws/src/install/moveit_visual_tools/share/moveit_visual_tools/cmake/ament_cmake_export_dependencies-extras.cmake
[67.408s] -- Up-to-date: /root/overlay_ws/src/install/moveit_visual_tools/share/moveit_visual_tools/cmake/moveit_visual_toolsConfig.cmake
[67.409s] -- Up-to-date: /root/overlay_ws/src/install/moveit_visual_tools/share/moveit_visual_tools/cmake/moveit_visual_toolsConfig-version.cmake
[67.409s] -- Up-to-date: /root/overlay_ws/src/install/moveit_visual_tools/share/moveit_visual_tools/package.xml
[67.410s] Invoked command in '/root/overlay_ws/src/build/moveit_visual_tools' returned '0': AMENT_PREFIX_PATH=/root/overlay_ws/src/install/rviz_visual_tools:/root/overlay_ws/src/install/graph_msgs:${AMENT_PREFIX_PATH} CMAKE_PREFIX_PATH=/root/overlay_ws/src/install/rviz_visual_tools:/root/overlay_ws/src/install/graph_msgs:/root/overlay_ws/install/hello_moveit_ur:/root/underlay_ws/install/pilz_industrial_motion_planner_testutils:/root/underlay_ws/install/moveit_runtime:/root/underlay_ws/install/moveit2_tutorials:/root/underlay_ws/install/moveit:/root/underlay_ws/install/moveit_planners:/root/underlay_ws/install/pilz_industrial_motion_planner:/root/underlay_ws/install/moveit_visual_tools:/root/underlay_ws/install/moveit_task_constructor_visualization:/root/underlay_ws/install/moveit_task_constructor_demo:/root/underlay_ws/install/moveit_task_constructor_capabilities:/root/underlay_ws/install/moveit_task_constructor_core:/root/underlay_ws/install/moveit_ros_control_interface:/root/underlay_ws/install/moveit_plugins:/root/underlay_ws/install/moveit_simple_controller_manager:/root/underlay_ws/install/moveit_setup_assistant:/root/underlay_ws/install/moveit_setup_srdf_plugins:/root/underlay_ws/install/moveit_setup_core_plugins:/root/underlay_ws/install/moveit_setup_controllers:/root/underlay_ws/install/moveit_setup_app_plugins:/root/underlay_ws/install/moveit_setup_framework:/root/underlay_ws/install/moveit_servo:/root/underlay_ws/install/moveit_ros:/root/underlay_ws/install/moveit_ros_visualization:/root/underlay_ws/install/moveit_hybrid_planning:/root/underlay_ws/install/moveit_ros_planning_interface:/root/underlay_ws/install/moveit_ros_benchmarks:/root/underlay_ws/install/moveit_ros_warehouse:/root/underlay_ws/install/moveit_ros_robot_interaction:/root/underlay_ws/install/moveit_ros_perception:/root/underlay_ws/install/moveit_resources_prbt_pg70_support:/root/underlay_ws/install/moveit_resources_prbt_moveit_config:/root/underlay_ws/install/moveit_ros_move_group:/root/underlay_ws/install/moveit_planners_ompl:/root/underlay_ws/install/moveit_ros_planning:/root/underlay_ws/install/moveit_ros_occupancy_map_monitor:/root/underlay_ws/install/moveit_resources_prbt_ikfast_manipulator_plugin:/root/underlay_ws/install/moveit_planners_chomp:/root/underlay_ws/install/moveit_kinematics:/root/underlay_ws/install/moveit_chomp_optimizer_adapter:/root/underlay_ws/install/chomp_motion_planner:/root/underlay_ws/install/moveit_core:/root/underlay_ws/install/srdfdom:/root/underlay_ws/install/rviz_marker_tools:/root/underlay_ws/install/rosparam_shortcuts:/root/underlay_ws/install/moveit_task_constructor_msgs:/root/underlay_ws/install/moveit_resources_prbt_support:/root/underlay_ws/install/moveit_resources:/root/underlay_ws/install/moveit_resources_pr2_description:/root/underlay_ws/install/moveit_resources_panda_moveit_config:/root/underlay_ws/install/moveit_resources_panda_description:/root/underlay_ws/install/moveit_resources_fanuc_moveit_config:/root/underlay_ws/install/moveit_resources_fanuc_description:/root/underlay_ws/install/moveit_common:/root/underlay_ws/install/moveit_configs_utils:/root/underlay_ws/install/launch_param_builder:/opt/ros/humble LD_LIBRARY_PATH=/root/overlay_ws/src/install/rviz_visual_tools/lib:/root/overlay_ws/src/install/graph_msgs/lib:${LD_LIBRARY_PATH} PYTHONPATH=/root/overlay_ws/src/install/graph_msgs/local/lib/python3.10/dist-packages:${PYTHONPATH} /usr/bin/cmake --install /root/overlay_ws/src/build/moveit_visual_tools
