[0.245s] DEBUG:colcon:Command line arguments: ['/usr/bin/colcon', 'build']
[0.245s] DEBUG:colcon:Parsed command line arguments: Namespace(log_base=None, log_level=None, verb_name='build', build_base='build', install_base='install', merge_install=False, symlink_install=False, test_result_base=None, continue_on_error=False, executor='parallel', parallel_workers=8, event_handlers=None, ignore_user_meta=False, metas=['./colcon.meta'], base_paths=['.'], packages_ignore=None, packages_ignore_regex=None, paths=None, packages_up_to=None, packages_up_to_regex=None, packages_above=None, packages_above_and_dependencies=None, packages_above_depth=None, packages_select_by_dep=None, packages_skip_by_dep=None, packages_skip_up_to=None, packages_select_build_failed=False, packages_skip_build_finished=False, packages_select_test_failures=False, packages_skip_test_passed=False, packages_select=None, packages_skip=None, packages_select_regex=None, packages_skip_regex=None, packages_start=None, packages_end=None, allow_overriding=[], cmake_args=None, cmake_target=None, cmake_target_skip_unavailable=False, cmake_clean_cache=False, cmake_clean_first=False, cmake_force_configure=False, ament_cmake_args=None, catkin_cmake_args=None, catkin_skip_building_tests=False, mixin_files=None, mixin=None, verb_parser=<colcon_mixin.mixin.mixin_argument.MixinArgumentDecorator object at 0x7fa778631300>, verb_extension=<colcon_core.verb.build.BuildVerb object at 0x7fa77876da50>, main=<bound method BuildVerb.main of <colcon_core.verb.build.BuildVerb object at 0x7fa77876da50>>, mixin_verb=('build',))
[0.589s] Level 1:colcon.colcon_core.package_discovery:discover_packages(colcon_meta) check parameters
[0.590s] Level 1:colcon.colcon_core.package_discovery:discover_packages(recursive) check parameters
[0.590s] Level 1:colcon.colcon_core.package_discovery:discover_packages(ignore) check parameters
[0.590s] Level 1:colcon.colcon_core.package_discovery:discover_packages(path) check parameters
[0.590s] Level 1:colcon.colcon_core.package_discovery:discover_packages(colcon_meta) discover
[0.590s] Level 1:colcon.colcon_core.package_discovery:discover_packages(recursive) discover
[0.590s] INFO:colcon.colcon_core.package_discovery:Crawling recursively for packages in '/root/overlay_ws/src'
[0.590s] Level 1:colcon.colcon_core.package_identification:_identify(.) by extensions ['ignore', 'ignore_ament_install']
[0.590s] Level 1:colcon.colcon_core.package_identification:_identify(.) by extension 'ignore'
[0.591s] Level 1:colcon.colcon_core.package_identification:_identify(.) by extension 'ignore_ament_install'
[0.591s] Level 1:colcon.colcon_core.package_identification:_identify(.) by extensions ['colcon_pkg']
[0.591s] Level 1:colcon.colcon_core.package_identification:_identify(.) by extension 'colcon_pkg'
[0.591s] Level 1:colcon.colcon_core.package_identification:_identify(.) by extensions ['colcon_meta']
[0.591s] Level 1:colcon.colcon_core.package_identification:_identify(.) by extension 'colcon_meta'
[0.591s] Level 1:colcon.colcon_core.package_identification:_identify(.) by extensions ['ros']
[0.591s] Level 1:colcon.colcon_core.package_identification:_identify(.) by extension 'ros'
[0.610s] Level 1:colcon.colcon_core.package_identification:_identify(.) by extensions ['cmake', 'python']
[0.610s] Level 1:colcon.colcon_core.package_identification:_identify(.) by extension 'cmake'
[0.610s] Level 1:colcon.colcon_core.package_identification:_identify(.) by extension 'python'
[0.610s] Level 1:colcon.colcon_core.package_identification:_identify(.) by extensions ['python_setup_py']
[0.610s] Level 1:colcon.colcon_core.package_identification:_identify(.) by extension 'python_setup_py'
[0.610s] Level 1:colcon.colcon_core.package_identification:_identify(build) by extensions ['ignore', 'ignore_ament_install']
[0.610s] Level 1:colcon.colcon_core.package_identification:_identify(build) by extension 'ignore'
[0.611s] Level 1:colcon.colcon_core.package_identification:_identify(build) ignored
[0.611s] Level 1:colcon.colcon_core.package_identification:_identify(hello_moveit_ur) by extensions ['ignore', 'ignore_ament_install']
[0.611s] Level 1:colcon.colcon_core.package_identification:_identify(hello_moveit_ur) by extension 'ignore'
[0.611s] Level 1:colcon.colcon_core.package_identification:_identify(hello_moveit_ur) by extension 'ignore_ament_install'
[0.611s] Level 1:colcon.colcon_core.package_identification:_identify(hello_moveit_ur) by extensions ['colcon_pkg']
[0.611s] Level 1:colcon.colcon_core.package_identification:_identify(hello_moveit_ur) by extension 'colcon_pkg'
[0.611s] Level 1:colcon.colcon_core.package_identification:_identify(hello_moveit_ur) by extensions ['colcon_meta']
[0.611s] Level 1:colcon.colcon_core.package_identification:_identify(hello_moveit_ur) by extension 'colcon_meta'
[0.611s] Level 1:colcon.colcon_core.package_identification:_identify(hello_moveit_ur) by extensions ['ros']
[0.611s] Level 1:colcon.colcon_core.package_identification:_identify(hello_moveit_ur) by extension 'ros'
[0.615s] DEBUG:colcon.colcon_core.package_identification:Package 'hello_moveit_ur' with type 'ros.ament_cmake' and name 'hello_moveit_ur'
[0.615s] Level 1:colcon.colcon_core.package_identification:_identify(install) by extensions ['ignore', 'ignore_ament_install']
[0.616s] Level 1:colcon.colcon_core.package_identification:_identify(install) by extension 'ignore'
[0.616s] Level 1:colcon.colcon_core.package_identification:_identify(install) ignored
[0.616s] Level 1:colcon.colcon_core.package_identification:_identify(log) by extensions ['ignore', 'ignore_ament_install']
[0.616s] Level 1:colcon.colcon_core.package_identification:_identify(log) by extension 'ignore'
[0.616s] Level 1:colcon.colcon_core.package_identification:_identify(log) ignored
[0.616s] Level 1:colcon.colcon_core.package_discovery:discover_packages(recursive) using defaults
[0.616s] Level 1:colcon.colcon_core.package_discovery:discover_packages(ignore) discover
[0.616s] Level 1:colcon.colcon_core.package_discovery:discover_packages(ignore) using defaults
[0.616s] Level 1:colcon.colcon_core.package_discovery:discover_packages(path) discover
[0.616s] Level 1:colcon.colcon_core.package_discovery:discover_packages(path) using defaults
[0.656s] Level 1:colcon.colcon_core.package_discovery:discover_packages(prefix_path) check parameters
[0.656s] Level 1:colcon.colcon_core.package_discovery:discover_packages(prefix_path) discover
[0.667s] DEBUG:colcon.colcon_installed_package_information.package_discovery:Found 1 installed packages in /root/overlay_ws/install
[0.672s] DEBUG:colcon.colcon_installed_package_information.package_discovery:Found 55 installed packages in /root/underlay_ws/install
[0.678s] DEBUG:colcon.colcon_installed_package_information.package_discovery:Found 341 installed packages in /opt/ros/humble
[0.706s] Level 1:colcon.colcon_core.package_discovery:discover_packages(prefix_path) using defaults
[0.840s] Level 5:colcon.colcon_core.verb:set package 'hello_moveit_ur' build argument 'cmake_args' from command line to 'None'
[0.840s] Level 5:colcon.colcon_core.verb:set package 'hello_moveit_ur' build argument 'cmake_target' from command line to 'None'
[0.840s] Level 5:colcon.colcon_core.verb:set package 'hello_moveit_ur' build argument 'cmake_target_skip_unavailable' from command line to 'False'
[0.841s] Level 5:colcon.colcon_core.verb:set package 'hello_moveit_ur' build argument 'cmake_clean_cache' from command line to 'False'
[0.841s] Level 5:colcon.colcon_core.verb:set package 'hello_moveit_ur' build argument 'cmake_clean_first' from command line to 'False'
[0.841s] Level 5:colcon.colcon_core.verb:set package 'hello_moveit_ur' build argument 'cmake_force_configure' from command line to 'False'
[0.841s] Level 5:colcon.colcon_core.verb:set package 'hello_moveit_ur' build argument 'ament_cmake_args' from command line to 'None'
[0.841s] Level 5:colcon.colcon_core.verb:set package 'hello_moveit_ur' build argument 'catkin_cmake_args' from command line to 'None'
[0.841s] Level 5:colcon.colcon_core.verb:set package 'hello_moveit_ur' build argument 'catkin_skip_building_tests' from command line to 'False'
[0.841s] DEBUG:colcon.colcon_core.verb:Building package 'hello_moveit_ur' with the following arguments: {'ament_cmake_args': None, 'build_base': '/root/overlay_ws/src/build/hello_moveit_ur', 'catkin_cmake_args': None, 'catkin_skip_building_tests': False, 'cmake_args': None, 'cmake_clean_cache': False, 'cmake_clean_first': False, 'cmake_force_configure': False, 'cmake_target': None, 'cmake_target_skip_unavailable': False, 'install_base': '/root/overlay_ws/src/install/hello_moveit_ur', 'merge_install': False, 'path': '/root/overlay_ws/src/hello_moveit_ur', 'symlink_install': False, 'test_result_base': None}
[0.841s] INFO:colcon.colcon_core.executor:Executing jobs using 'parallel' executor
[0.842s] DEBUG:colcon.colcon_parallel_executor.executor.parallel:run_until_complete
[0.843s] INFO:colcon.colcon_ros.task.ament_cmake.build:Building ROS package in '/root/overlay_ws/src/hello_moveit_ur' with build type 'ament_cmake'
[0.843s] INFO:colcon.colcon_cmake.task.cmake.build:Building CMake package in '/root/overlay_ws/src/hello_moveit_ur'
[0.846s] INFO:colcon.colcon_core.plugin_system:Skipping extension 'colcon_core.shell.bat': Not used on non-Windows systems
[0.847s] INFO:colcon.colcon_core.shell:Skip shell extension 'powershell' for command environment: Not usable outside of PowerShell
[0.847s] DEBUG:colcon.colcon_core.shell:Skip shell extension 'dsv' for command environment
[0.875s] DEBUG:colcon.colcon_core.event_handler.log_command:Invoking command in '/root/overlay_ws/src/build/hello_moveit_ur': CMAKE_PREFIX_PATH=${CMAKE_PREFIX_PATH}:/root/underlay_ws/install/moveit_configs_utils:/root/underlay_ws/install/launch_param_builder:/opt/ros/humble /usr/bin/cmake --build /root/overlay_ws/src/build/hello_moveit_ur -- -j8 -l8
[15.120s] DEBUG:colcon.colcon_core.event_handler.log_command:Invoked command in '/root/overlay_ws/src/build/hello_moveit_ur' returned '2': CMAKE_PREFIX_PATH=${CMAKE_PREFIX_PATH}:/root/underlay_ws/install/moveit_configs_utils:/root/underlay_ws/install/launch_param_builder:/opt/ros/humble /usr/bin/cmake --build /root/overlay_ws/src/build/hello_moveit_ur -- -j8 -l8
[15.197s] Level 1:colcon.colcon_core.environment:create_environment_scripts_only(hello_moveit_ur)
[15.201s] Level 1:colcon.colcon_core.environment:checking '/root/overlay_ws/src/install/hello_moveit_ur' for CMake module files
[15.202s] Level 1:colcon.colcon_core.environment:checking '/root/overlay_ws/src/install/hello_moveit_ur' for CMake config files
[15.202s] Level 1:colcon.colcon_core.shell:create_environment_hook('hello_moveit_ur', 'cmake_prefix_path')
[15.203s] INFO:colcon.colcon_core.shell:Creating environment hook '/root/overlay_ws/src/install/hello_moveit_ur/share/hello_moveit_ur/hook/cmake_prefix_path.ps1'
[15.204s] INFO:colcon.colcon_core.shell:Creating environment descriptor '/root/overlay_ws/src/install/hello_moveit_ur/share/hello_moveit_ur/hook/cmake_prefix_path.dsv'
[15.204s] INFO:colcon.colcon_core.shell:Creating environment hook '/root/overlay_ws/src/install/hello_moveit_ur/share/hello_moveit_ur/hook/cmake_prefix_path.sh'
[15.206s] Level 1:colcon.colcon_core.environment:checking '/root/overlay_ws/src/install/hello_moveit_ur/lib'
[15.206s] Level 1:colcon.colcon_core.environment:checking '/root/overlay_ws/src/install/hello_moveit_ur/bin'
[15.206s] Level 1:colcon.colcon_core.environment:checking '/root/overlay_ws/src/install/hello_moveit_ur/lib/pkgconfig/hello_moveit_ur.pc'
[15.206s] Level 1:colcon.colcon_core.environment:checking '/root/overlay_ws/src/install/hello_moveit_ur/lib/python3.10/site-packages'
[15.207s] Level 1:colcon.colcon_core.environment:checking '/root/overlay_ws/src/install/hello_moveit_ur/bin'
[15.207s] INFO:colcon.colcon_core.shell:Creating package script '/root/overlay_ws/src/install/hello_moveit_ur/share/hello_moveit_ur/package.ps1'
[15.209s] INFO:colcon.colcon_core.shell:Creating package descriptor '/root/overlay_ws/src/install/hello_moveit_ur/share/hello_moveit_ur/package.dsv'
[15.210s] INFO:colcon.colcon_core.shell:Creating package script '/root/overlay_ws/src/install/hello_moveit_ur/share/hello_moveit_ur/package.sh'
[15.211s] INFO:colcon.colcon_core.shell:Creating package script '/root/overlay_ws/src/install/hello_moveit_ur/share/hello_moveit_ur/package.bash'
[15.213s] INFO:colcon.colcon_core.shell:Creating package script '/root/overlay_ws/src/install/hello_moveit_ur/share/hello_moveit_ur/package.zsh'
[15.215s] Level 1:colcon.colcon_core.environment:create_file_with_runtime_dependencies(/root/overlay_ws/src/install/hello_moveit_ur/share/colcon-core/packages/hello_moveit_ur)
[15.226s] DEBUG:colcon.colcon_parallel_executor.executor.parallel:closing loop
[15.226s] DEBUG:colcon.colcon_parallel_executor.executor.parallel:loop closed
[15.226s] DEBUG:colcon.colcon_parallel_executor.executor.parallel:run_until_complete finished with '2'
[15.226s] DEBUG:colcon.colcon_core.event_reactor:joining thread
[15.238s] INFO:colcon.colcon_core.plugin_system:Skipping extension 'colcon_notification.desktop_notification.notify_send': Could not find 'notify-send'
[15.238s] INFO:colcon.colcon_core.plugin_system:Skipping extension 'colcon_notification.desktop_notification.terminal_notifier': Not used on non-Darwin systems
[15.238s] INFO:colcon.colcon_core.plugin_system:Skipping extension 'colcon_notification.desktop_notification.win32': Not used on non-Windows systems
[15.239s] INFO:colcon.colcon_notification.desktop_notification:Sending desktop notification using 'notify2'
[15.244s] DEBUG:colcon.colcon_notification.desktop_notification.notify2:Failed to initialize notify2: org.freedesktop.DBus.Error.Spawn.ExecFailed: /usr/bin/dbus-launch terminated abnormally without any error message
[15.246s] DEBUG:colcon.colcon_core.event_reactor:joined thread
[15.247s] INFO:colcon.colcon_core.shell:Creating prefix script '/root/overlay_ws/src/install/local_setup.ps1'
[15.249s] INFO:colcon.colcon_core.shell:Creating prefix util module '/root/overlay_ws/src/install/_local_setup_util_ps1.py'
[15.250s] INFO:colcon.colcon_core.shell:Creating prefix chain script '/root/overlay_ws/src/install/setup.ps1'
[15.258s] INFO:colcon.colcon_core.shell:Creating prefix script '/root/overlay_ws/src/install/local_setup.sh'
[15.259s] INFO:colcon.colcon_core.shell:Creating prefix util module '/root/overlay_ws/src/install/_local_setup_util_sh.py'
[15.259s] INFO:colcon.colcon_core.shell:Creating prefix chain script '/root/overlay_ws/src/install/setup.sh'
[15.266s] INFO:colcon.colcon_core.shell:Creating prefix script '/root/overlay_ws/src/install/local_setup.bash'
[15.267s] INFO:colcon.colcon_core.shell:Creating prefix chain script '/root/overlay_ws/src/install/setup.bash'
[15.274s] INFO:colcon.colcon_core.shell:Creating prefix script '/root/overlay_ws/src/install/local_setup.zsh'
[15.275s] INFO:colcon.colcon_core.shell:Creating prefix chain script '/root/overlay_ws/src/install/setup.zsh'
