[  2%] [34m[1mAutomatic MOC for target gtest[0m
[  5%] [34m[1mAutomatic MOC for target rviz_visual_tools_gui[0m
[  7%] [34m[1mAutomatic MOC for target rviz_visual_tools_remote_control[0m
[ 10%] [34m[1mAutomatic MOC for target gtest_main[0m
[ 10%] Built target gtest_autogen
[ 10%] Built target rviz_visual_tools_remote_control_autogen
[ 10%] Built target gtest_main_autogen
[ 12%] [32mBuilding CXX object gtest/CMakeFiles/gtest.dir/src/gtest-all.cc.o[0m
[ 15%] [32mBuilding CXX object gtest/CMakeFiles/gtest.dir/gtest_autogen/mocs_compilation.cpp.o[0m
[ 17%] [32mBuilding CXX object CMakeFiles/rviz_visual_tools_remote_control.dir/src/remote_control.cpp.o[0m
[ 20%] [32mBuilding CXX object CMakeFiles/rviz_visual_tools_remote_control.dir/rviz_visual_tools_remote_control_autogen/mocs_compilation.cpp.o[0m
[ 23%] [32mBuilding CXX object gtest/CMakeFiles/gtest_main.dir/gtest_main_autogen/mocs_compilation.cpp.o[0m
[ 25%] [32mBuilding CXX object gtest/CMakeFiles/gtest_main.dir/src/gtest_main.cc.o[0m
[ 25%] Built target rviz_visual_tools_gui_autogen
[ 28%] [32mBuilding CXX object CMakeFiles/rviz_visual_tools_gui.dir/src/rviz_visual_tools_gui.cpp.o[0m
[ 30%] [32mBuilding CXX object CMakeFiles/rviz_visual_tools_gui.dir/rviz_visual_tools_gui_autogen/mocs_compilation.cpp.o[0m
[ 33%] [32mBuilding CXX object CMakeFiles/rviz_visual_tools_gui.dir/src/remote_control.cpp.o[0m
[ 35%] [32mBuilding CXX object CMakeFiles/rviz_visual_tools_gui.dir/src/key_tool.cpp.o[0m
[ 38%] [32m[1mLinking CXX static library libgtest_main.a[0m
[ 38%] Built target gtest_main
[ 41%] [32m[1mLinking CXX static library libgtest.a[0m
[ 41%] Built target gtest
[ 43%] [32m[1mLinking CXX shared library librviz_visual_tools_remote_control.so[0m
[ 43%] Built target rviz_visual_tools_remote_control
[ 46%] [34m[1mAutomatic MOC for target rviz_visual_tools[0m
[ 46%] Built target rviz_visual_tools_autogen
[ 48%] [32mBuilding CXX object CMakeFiles/rviz_visual_tools.dir/src/tf_visual_tools.cpp.o[0m
[ 51%] [32mBuilding CXX object CMakeFiles/rviz_visual_tools.dir/src/rviz_visual_tools.cpp.o[0m
[ 53%] [32mBuilding CXX object CMakeFiles/rviz_visual_tools.dir/rviz_visual_tools_autogen/mocs_compilation.cpp.o[0m
[ 56%] [32m[1mLinking CXX shared library librviz_visual_tools_gui.so[0m
[ 56%] Built target rviz_visual_tools_gui
[ 58%] [32m[1mLinking CXX shared library librviz_visual_tools.so[0m
[ 58%] Built target rviz_visual_tools
[ 61%] [34m[1mAutomatic MOC for target rviz_visual_tools_imarker_simple[0m
[ 61%] Built target rviz_visual_tools_imarker_simple_autogen
[ 64%] [34m[1mAutomatic MOC for target rviz_visual_tools_rvt_test[0m
[ 64%] Built target rviz_visual_tools_rvt_test_autogen
[ 66%] [32mBuilding CXX object CMakeFiles/rviz_visual_tools_imarker_simple.dir/rviz_visual_tools_imarker_simple_autogen/mocs_compilation.cpp.o[0m
[ 69%] [32mBuilding CXX object CMakeFiles/rviz_visual_tools_imarker_simple.dir/src/imarker_simple.cpp.o[0m
[ 71%] [32m[1mLinking CXX shared library librviz_visual_tools_imarker_simple.so[0m
[ 71%] Built target rviz_visual_tools_imarker_simple
[ 79%] [32mBuilding CXX object CMakeFiles/rviz_visual_tools_rvt_test.dir/tests/rvt_test.cpp.o[0m
[ 79%] [32mBuilding CXX object CMakeFiles/rviz_visual_tools_rvt_test.dir/rviz_visual_tools_rvt_test_autogen/mocs_compilation.cpp.o[0m
[ 79%] [34m[1mAutomatic MOC for target rviz_visual_tools_demo[0m
[ 79%] Built target rviz_visual_tools_demo_autogen
[ 82%] [34m[1mAutomatic MOC for target rviz_visual_tools_imarker_simple_demo[0m
[ 82%] Built target rviz_visual_tools_imarker_simple_demo_autogen
[ 84%] [32mBuilding CXX object CMakeFiles/rviz_visual_tools_demo.dir/rviz_visual_tools_demo_autogen/mocs_compilation.cpp.o[0m
[ 87%] [32mBuilding CXX object CMakeFiles/rviz_visual_tools_demo.dir/src/rviz_visual_tools_demo.cpp.o[0m
[ 89%] [32m[1mLinking CXX executable rviz_visual_tools_demo[0m
[ 89%] Built target rviz_visual_tools_demo
[ 92%] [32mBuilding CXX object CMakeFiles/rviz_visual_tools_imarker_simple_demo.dir/rviz_visual_tools_imarker_simple_demo_autogen/mocs_compilation.cpp.o[0m
[ 94%] [32mBuilding CXX object CMakeFiles/rviz_visual_tools_imarker_simple_demo.dir/src/imarker_simple_demo.cpp.o[0m
[ 97%] [32m[1mLinking CXX executable rviz_visual_tools_rvt_test[0m
[ 97%] Built target rviz_visual_tools_rvt_test
[100%] [32m[1mLinking CXX executable rviz_visual_tools_imarker_simple_demo[0m
[100%] Built target rviz_visual_tools_imarker_simple_demo
