[35m[1mConsolidate compiler generated dependencies of target par_utils__rosidl_generator_c[0m
[  2%] Built target par_utils__cpp
[ 12%] Built target par_utils__rosidl_generator_c
[35m[1mConsolidate compiler generated dependencies of target par_utils__rosidl_typesupport_cpp[0m
[35m[1mConsolidate compiler generated dependencies of target par_utils__rosidl_typesupport_fastrtps_cpp[0m
[35m[1mConsolidate compiler generated dependencies of target par_utils__rosidl_typesupport_introspection_cpp[0m
[ 12%] Built target ament_cmake_python_copy_par_utils
[35m[1mConsolidate compiler generated dependencies of target par_utils__rosidl_typesupport_introspection_c[0m
[35m[1mConsolidate compiler generated dependencies of target par_utils__rosidl_typesupport_c[0m
[35m[1mConsolidate compiler generated dependencies of target par_utils__rosidl_typesupport_fastrtps_c[0m
[ 23%] Built target par_utils__rosidl_typesupport_cpp
[ 33%] Built target par_utils__rosidl_typesupport_introspection_cpp
[ 43%] Built target par_utils__rosidl_typesupport_fastrtps_cpp
[ 53%] Built target par_utils__rosidl_typesupport_c
[ 64%] Built target par_utils__rosidl_typesupport_introspection_c
[ 74%] Built target par_utils__rosidl_typesupport_fastrtps_c
[ 74%] Built target par_utils
[ 76%] Built target par_utils__py
[35m[1mConsolidate compiler generated dependencies of target par_utils__rosidl_generator_py[0m
[ 84%] Built target par_utils__rosidl_generator_py
[35m[1mConsolidate compiler generated dependencies of target par_utils__rosidl_typesupport_c__pyext[0m
[35m[1mConsolidate compiler generated dependencies of target par_utils__rosidl_typesupport_fastrtps_c__pyext[0m
[35m[1mConsolidate compiler generated dependencies of target par_utils__rosidl_typesupport_introspection_c__pyext[0m
[ 89%] Built target par_utils__rosidl_typesupport_introspection_c__pyext
[ 94%] Built target par_utils__rosidl_typesupport_c__pyext
[100%] Built target par_utils__rosidl_typesupport_fastrtps_c__pyext
running egg_info
writing par_utils.egg-info/PKG-INFO
writing dependency_links to par_utils.egg-info/dependency_links.txt
writing top-level names to par_utils.egg-info/top_level.txt
reading manifest file 'par_utils.egg-info/SOURCES.txt'
writing manifest file 'par_utils.egg-info/SOURCES.txt'
[100%] Built target ament_cmake_python_build_par_utils_egg
-- Install configuration: ""
-- Up-to-date: /home/vxlab/on_UR5e/install/par_utils/share/ament_index/resource_index/rosidl_interfaces/par_utils
-- Up-to-date: /home/vxlab/on_UR5e/install/par_utils/include/par_utils/par_utils
-- Up-to-date: /home/vxlab/on_UR5e/install/par_utils/include/par_utils/par_utils/msg
-- Up-to-date: /home/vxlab/on_UR5e/install/par_utils/include/par_utils/par_utils/msg/gripper_info.h
-- Up-to-date: /home/vxlab/on_UR5e/install/par_utils/include/par_utils/par_utils/msg/detail
-- Up-to-date: /home/vxlab/on_UR5e/install/par_utils/include/par_utils/par_utils/msg/detail/gripper_info__struct.h
-- Up-to-date: /home/vxlab/on_UR5e/install/par_utils/include/par_utils/par_utils/msg/detail/gripper_info__type_support.h
-- Up-to-date: /home/vxlab/on_UR5e/install/par_utils/include/par_utils/par_utils/msg/detail/gripper_info__functions.c
-- Up-to-date: /home/vxlab/on_UR5e/install/par_utils/include/par_utils/par_utils/msg/detail/gripper_info__functions.h
-- Up-to-date: /home/vxlab/on_UR5e/install/par_utils/include/par_utils/par_utils/msg/rosidl_generator_c__visibility_control.h
-- Up-to-date: /home/vxlab/on_UR5e/install/par_utils/include/par_utils/par_utils/action
-- Up-to-date: /home/vxlab/on_UR5e/install/par_utils/include/par_utils/par_utils/action/gripper_grip.h
-- Up-to-date: /home/vxlab/on_UR5e/install/par_utils/include/par_utils/par_utils/action/gripper_set_width.h
-- Up-to-date: /home/vxlab/on_UR5e/install/par_utils/include/par_utils/par_utils/action/detail
-- Up-to-date: /home/vxlab/on_UR5e/install/par_utils/include/par_utils/par_utils/action/detail/gripper_grip__type_support.h
-- Up-to-date: /home/vxlab/on_UR5e/install/par_utils/include/par_utils/par_utils/action/detail/gripper_set_width__type_support.h
-- Up-to-date: /home/vxlab/on_UR5e/install/par_utils/include/par_utils/par_utils/action/detail/gripper_set_width__struct.h
-- Up-to-date: /home/vxlab/on_UR5e/install/par_utils/include/par_utils/par_utils/action/detail/gripper_grip__struct.h
-- Up-to-date: /home/vxlab/on_UR5e/install/par_utils/include/par_utils/par_utils/action/detail/gripper_set_width__functions.c
-- Up-to-date: /home/vxlab/on_UR5e/install/par_utils/include/par_utils/par_utils/action/detail/gripper_grip__functions.h
-- Up-to-date: /home/vxlab/on_UR5e/install/par_utils/include/par_utils/par_utils/action/detail/gripper_grip__functions.c
-- Up-to-date: /home/vxlab/on_UR5e/install/par_utils/include/par_utils/par_utils/action/detail/gripper_set_width__functions.h
-- Up-to-date: /home/vxlab/on_UR5e/install/par_utils/share/par_utils/environment/library_path.sh
-- Up-to-date: /home/vxlab/on_UR5e/install/par_utils/share/par_utils/environment/library_path.dsv
-- Up-to-date: /home/vxlab/on_UR5e/install/par_utils/lib/libpar_utils__rosidl_generator_c.so
-- Up-to-date: /home/vxlab/on_UR5e/install/par_utils/include/par_utils/par_utils
-- Up-to-date: /home/vxlab/on_UR5e/install/par_utils/include/par_utils/par_utils/msg
-- Up-to-date: /home/vxlab/on_UR5e/install/par_utils/include/par_utils/par_utils/msg/rosidl_typesupport_fastrtps_c__visibility_control.h
-- Up-to-date: /home/vxlab/on_UR5e/install/par_utils/include/par_utils/par_utils/msg/detail
-- Up-to-date: /home/vxlab/on_UR5e/install/par_utils/include/par_utils/par_utils/msg/detail/gripper_info__rosidl_typesupport_fastrtps_c.h
-- Up-to-date: /home/vxlab/on_UR5e/install/par_utils/include/par_utils/par_utils/action
-- Up-to-date: /home/vxlab/on_UR5e/install/par_utils/include/par_utils/par_utils/action/detail
-- Up-to-date: /home/vxlab/on_UR5e/install/par_utils/include/par_utils/par_utils/action/detail/gripper_grip__rosidl_typesupport_fastrtps_c.h
-- Up-to-date: /home/vxlab/on_UR5e/install/par_utils/include/par_utils/par_utils/action/detail/gripper_set_width__rosidl_typesupport_fastrtps_c.h
-- Up-to-date: /home/vxlab/on_UR5e/install/par_utils/lib/libpar_utils__rosidl_typesupport_fastrtps_c.so
-- Up-to-date: /home/vxlab/on_UR5e/install/par_utils/include/par_utils/par_utils
-- Up-to-date: /home/vxlab/on_UR5e/install/par_utils/include/par_utils/par_utils/msg
-- Up-to-date: /home/vxlab/on_UR5e/install/par_utils/include/par_utils/par_utils/msg/rosidl_typesupport_introspection_c__visibility_control.h
-- Up-to-date: /home/vxlab/on_UR5e/install/par_utils/include/par_utils/par_utils/msg/detail
-- Up-to-date: /home/vxlab/on_UR5e/install/par_utils/include/par_utils/par_utils/msg/detail/gripper_info__rosidl_typesupport_introspection_c.h
-- Up-to-date: /home/vxlab/on_UR5e/install/par_utils/include/par_utils/par_utils/msg/detail/gripper_info__type_support.c
-- Up-to-date: /home/vxlab/on_UR5e/install/par_utils/include/par_utils/par_utils/action
-- Up-to-date: /home/vxlab/on_UR5e/install/par_utils/include/par_utils/par_utils/action/detail
-- Up-to-date: /home/vxlab/on_UR5e/install/par_utils/include/par_utils/par_utils/action/detail/gripper_grip__type_support.c
-- Up-to-date: /home/vxlab/on_UR5e/install/par_utils/include/par_utils/par_utils/action/detail/gripper_set_width__rosidl_typesupport_introspection_c.h
-- Up-to-date: /home/vxlab/on_UR5e/install/par_utils/include/par_utils/par_utils/action/detail/gripper_grip__rosidl_typesupport_introspection_c.h
-- Up-to-date: /home/vxlab/on_UR5e/install/par_utils/include/par_utils/par_utils/action/detail/gripper_set_width__type_support.c
-- Up-to-date: /home/vxlab/on_UR5e/install/par_utils/lib/libpar_utils__rosidl_typesupport_introspection_c.so
-- Up-to-date: /home/vxlab/on_UR5e/install/par_utils/lib/libpar_utils__rosidl_typesupport_c.so
-- Up-to-date: /home/vxlab/on_UR5e/install/par_utils/include/par_utils/par_utils
-- Up-to-date: /home/vxlab/on_UR5e/install/par_utils/include/par_utils/par_utils/msg
-- Up-to-date: /home/vxlab/on_UR5e/install/par_utils/include/par_utils/par_utils/msg/gripper_info.hpp
-- Up-to-date: /home/vxlab/on_UR5e/install/par_utils/include/par_utils/par_utils/msg/detail
-- Up-to-date: /home/vxlab/on_UR5e/install/par_utils/include/par_utils/par_utils/msg/detail/gripper_info__traits.hpp
-- Up-to-date: /home/vxlab/on_UR5e/install/par_utils/include/par_utils/par_utils/msg/detail/gripper_info__struct.hpp
-- Up-to-date: /home/vxlab/on_UR5e/install/par_utils/include/par_utils/par_utils/msg/detail/gripper_info__builder.hpp
-- Up-to-date: /home/vxlab/on_UR5e/install/par_utils/include/par_utils/par_utils/action
-- Up-to-date: /home/vxlab/on_UR5e/install/par_utils/include/par_utils/par_utils/action/detail
-- Up-to-date: /home/vxlab/on_UR5e/install/par_utils/include/par_utils/par_utils/action/detail/gripper_set_width__struct.hpp
-- Up-to-date: /home/vxlab/on_UR5e/install/par_utils/include/par_utils/par_utils/action/detail/gripper_set_width__traits.hpp
-- Up-to-date: /home/vxlab/on_UR5e/install/par_utils/include/par_utils/par_utils/action/detail/gripper_set_width__builder.hpp
-- Up-to-date: /home/vxlab/on_UR5e/install/par_utils/include/par_utils/par_utils/action/detail/gripper_grip__traits.hpp
-- Up-to-date: /home/vxlab/on_UR5e/install/par_utils/include/par_utils/par_utils/action/detail/gripper_grip__builder.hpp
-- Up-to-date: /home/vxlab/on_UR5e/install/par_utils/include/par_utils/par_utils/action/detail/gripper_grip__struct.hpp
-- Up-to-date: /home/vxlab/on_UR5e/install/par_utils/include/par_utils/par_utils/action/gripper_grip.hpp
-- Up-to-date: /home/vxlab/on_UR5e/install/par_utils/include/par_utils/par_utils/action/gripper_set_width.hpp
-- Up-to-date: /home/vxlab/on_UR5e/install/par_utils/include/par_utils/par_utils
-- Up-to-date: /home/vxlab/on_UR5e/install/par_utils/include/par_utils/par_utils/msg
-- Up-to-date: /home/vxlab/on_UR5e/install/par_utils/include/par_utils/par_utils/msg/rosidl_typesupport_fastrtps_cpp__visibility_control.h
-- Up-to-date: /home/vxlab/on_UR5e/install/par_utils/include/par_utils/par_utils/msg/detail
-- Up-to-date: /home/vxlab/on_UR5e/install/par_utils/include/par_utils/par_utils/msg/detail/dds_fastrtps
-- Up-to-date: /home/vxlab/on_UR5e/install/par_utils/include/par_utils/par_utils/msg/detail/gripper_info__rosidl_typesupport_fastrtps_cpp.hpp
-- Up-to-date: /home/vxlab/on_UR5e/install/par_utils/include/par_utils/par_utils/action
-- Up-to-date: /home/vxlab/on_UR5e/install/par_utils/include/par_utils/par_utils/action/detail
-- Up-to-date: /home/vxlab/on_UR5e/install/par_utils/include/par_utils/par_utils/action/detail/dds_fastrtps
-- Up-to-date: /home/vxlab/on_UR5e/install/par_utils/include/par_utils/par_utils/action/detail/gripper_grip__rosidl_typesupport_fastrtps_cpp.hpp
-- Up-to-date: /home/vxlab/on_UR5e/install/par_utils/include/par_utils/par_utils/action/detail/gripper_set_width__rosidl_typesupport_fastrtps_cpp.hpp
-- Up-to-date: /home/vxlab/on_UR5e/install/par_utils/lib/libpar_utils__rosidl_typesupport_fastrtps_cpp.so
-- Up-to-date: /home/vxlab/on_UR5e/install/par_utils/include/par_utils/par_utils
-- Up-to-date: /home/vxlab/on_UR5e/install/par_utils/include/par_utils/par_utils/msg
-- Up-to-date: /home/vxlab/on_UR5e/install/par_utils/include/par_utils/par_utils/msg/detail
-- Up-to-date: /home/vxlab/on_UR5e/install/par_utils/include/par_utils/par_utils/msg/detail/gripper_info__type_support.cpp
-- Up-to-date: /home/vxlab/on_UR5e/install/par_utils/include/par_utils/par_utils/msg/detail/gripper_info__rosidl_typesupport_introspection_cpp.hpp
-- Up-to-date: /home/vxlab/on_UR5e/install/par_utils/include/par_utils/par_utils/action
-- Up-to-date: /home/vxlab/on_UR5e/install/par_utils/include/par_utils/par_utils/action/detail
-- Up-to-date: /home/vxlab/on_UR5e/install/par_utils/include/par_utils/par_utils/action/detail/gripper_set_width__type_support.cpp
-- Up-to-date: /home/vxlab/on_UR5e/install/par_utils/include/par_utils/par_utils/action/detail/gripper_grip__rosidl_typesupport_introspection_cpp.hpp
-- Up-to-date: /home/vxlab/on_UR5e/install/par_utils/include/par_utils/par_utils/action/detail/gripper_set_width__rosidl_typesupport_introspection_cpp.hpp
-- Up-to-date: /home/vxlab/on_UR5e/install/par_utils/include/par_utils/par_utils/action/detail/gripper_grip__type_support.cpp
-- Up-to-date: /home/vxlab/on_UR5e/install/par_utils/lib/libpar_utils__rosidl_typesupport_introspection_cpp.so
-- Up-to-date: /home/vxlab/on_UR5e/install/par_utils/lib/libpar_utils__rosidl_typesupport_cpp.so
-- Up-to-date: /home/vxlab/on_UR5e/install/par_utils/share/par_utils/environment/pythonpath.sh
-- Up-to-date: /home/vxlab/on_UR5e/install/par_utils/share/par_utils/environment/pythonpath.dsv
-- Up-to-date: /home/vxlab/on_UR5e/install/par_utils/local/lib/python3.10/dist-packages/par_utils-0.0.0-py3.10.egg-info
-- Installing: /home/vxlab/on_UR5e/install/par_utils/local/lib/python3.10/dist-packages/par_utils-0.0.0-py3.10.egg-info/SOURCES.txt
-- Installing: /home/vxlab/on_UR5e/install/par_utils/local/lib/python3.10/dist-packages/par_utils-0.0.0-py3.10.egg-info/dependency_links.txt
-- Installing: /home/vxlab/on_UR5e/install/par_utils/local/lib/python3.10/dist-packages/par_utils-0.0.0-py3.10.egg-info/top_level.txt
-- Installing: /home/vxlab/on_UR5e/install/par_utils/local/lib/python3.10/dist-packages/par_utils-0.0.0-py3.10.egg-info/PKG-INFO
-- Up-to-date: /home/vxlab/on_UR5e/install/par_utils/local/lib/python3.10/dist-packages/par_utils
-- Up-to-date: /home/vxlab/on_UR5e/install/par_utils/local/lib/python3.10/dist-packages/par_utils/msg
-- Up-to-date: /home/vxlab/on_UR5e/install/par_utils/local/lib/python3.10/dist-packages/par_utils/msg/_gripper_info.py
-- Up-to-date: /home/vxlab/on_UR5e/install/par_utils/local/lib/python3.10/dist-packages/par_utils/msg/_gripper_info_s.c
-- Up-to-date: /home/vxlab/on_UR5e/install/par_utils/local/lib/python3.10/dist-packages/par_utils/msg/__init__.py
-- Up-to-date: /home/vxlab/on_UR5e/install/par_utils/local/lib/python3.10/dist-packages/par_utils/par_utils_s__rosidl_typesupport_introspection_c.cpython-310-x86_64-linux-gnu.so
-- Up-to-date: /home/vxlab/on_UR5e/install/par_utils/local/lib/python3.10/dist-packages/par_utils/_par_utils_s.ep.rosidl_typesupport_fastrtps_c.c
-- Up-to-date: /home/vxlab/on_UR5e/install/par_utils/local/lib/python3.10/dist-packages/par_utils/action
-- Up-to-date: /home/vxlab/on_UR5e/install/par_utils/local/lib/python3.10/dist-packages/par_utils/action/_gripper_set_width_s.c
-- Up-to-date: /home/vxlab/on_UR5e/install/par_utils/local/lib/python3.10/dist-packages/par_utils/action/_gripper_grip_s.c
-- Up-to-date: /home/vxlab/on_UR5e/install/par_utils/local/lib/python3.10/dist-packages/par_utils/action/_gripper_set_width.py
-- Up-to-date: /home/vxlab/on_UR5e/install/par_utils/local/lib/python3.10/dist-packages/par_utils/action/__init__.py
-- Up-to-date: /home/vxlab/on_UR5e/install/par_utils/local/lib/python3.10/dist-packages/par_utils/action/_gripper_grip.py
-- Up-to-date: /home/vxlab/on_UR5e/install/par_utils/local/lib/python3.10/dist-packages/par_utils/_par_utils_s.ep.rosidl_typesupport_introspection_c.c
-- Up-to-date: /home/vxlab/on_UR5e/install/par_utils/local/lib/python3.10/dist-packages/par_utils/par_utils_s__rosidl_typesupport_c.cpython-310-x86_64-linux-gnu.so
-- Up-to-date: /home/vxlab/on_UR5e/install/par_utils/local/lib/python3.10/dist-packages/par_utils/libpar_utils__rosidl_generator_py.so
-- Up-to-date: /home/vxlab/on_UR5e/install/par_utils/local/lib/python3.10/dist-packages/par_utils/__init__.py
-- Up-to-date: /home/vxlab/on_UR5e/install/par_utils/local/lib/python3.10/dist-packages/par_utils/par_utils_s__rosidl_typesupport_fastrtps_c.cpython-310-x86_64-linux-gnu.so
-- Up-to-date: /home/vxlab/on_UR5e/install/par_utils/local/lib/python3.10/dist-packages/par_utils/_par_utils_s.ep.rosidl_typesupport_c.c
Listing '/home/vxlab/on_UR5e/install/par_utils/local/lib/python3.10/dist-packages/par_utils'...
Listing '/home/vxlab/on_UR5e/install/par_utils/local/lib/python3.10/dist-packages/par_utils/action'...
Listing '/home/vxlab/on_UR5e/install/par_utils/local/lib/python3.10/dist-packages/par_utils/msg'...
-- Up-to-date: /home/vxlab/on_UR5e/install/par_utils/local/lib/python3.10/dist-packages/par_utils/par_utils_s__rosidl_typesupport_fastrtps_c.cpython-310-x86_64-linux-gnu.so
-- Up-to-date: /home/vxlab/on_UR5e/install/par_utils/local/lib/python3.10/dist-packages/par_utils/par_utils_s__rosidl_typesupport_introspection_c.cpython-310-x86_64-linux-gnu.so
-- Up-to-date: /home/vxlab/on_UR5e/install/par_utils/local/lib/python3.10/dist-packages/par_utils/par_utils_s__rosidl_typesupport_c.cpython-310-x86_64-linux-gnu.so
-- Up-to-date: /home/vxlab/on_UR5e/install/par_utils/lib/libpar_utils__rosidl_generator_py.so
-- Up-to-date: /home/vxlab/on_UR5e/install/par_utils/share/par_utils/action/GripperSetWidth.idl
-- Up-to-date: /home/vxlab/on_UR5e/install/par_utils/share/par_utils/msg/GripperInfo.idl
-- Up-to-date: /home/vxlab/on_UR5e/install/par_utils/share/par_utils/action/GripperSetWidth.action
-- Up-to-date: /home/vxlab/on_UR5e/install/par_utils/share/par_utils/msg/GripperInfo.msg
-- Up-to-date: /home/vxlab/on_UR5e/install/par_utils/share/ament_index/resource_index/package_run_dependencies/par_utils
-- Up-to-date: /home/vxlab/on_UR5e/install/par_utils/share/ament_index/resource_index/parent_prefix_path/par_utils
-- Up-to-date: /home/vxlab/on_UR5e/install/par_utils/share/par_utils/environment/ament_prefix_path.sh
-- Up-to-date: /home/vxlab/on_UR5e/install/par_utils/share/par_utils/environment/ament_prefix_path.dsv
-- Up-to-date: /home/vxlab/on_UR5e/install/par_utils/share/par_utils/environment/path.sh
-- Up-to-date: /home/vxlab/on_UR5e/install/par_utils/share/par_utils/environment/path.dsv
-- Up-to-date: /home/vxlab/on_UR5e/install/par_utils/share/par_utils/local_setup.bash
-- Up-to-date: /home/vxlab/on_UR5e/install/par_utils/share/par_utils/local_setup.sh
-- Up-to-date: /home/vxlab/on_UR5e/install/par_utils/share/par_utils/local_setup.zsh
-- Up-to-date: /home/vxlab/on_UR5e/install/par_utils/share/par_utils/local_setup.dsv
-- Installing: /home/vxlab/on_UR5e/install/par_utils/share/par_utils/package.dsv
-- Up-to-date: /home/vxlab/on_UR5e/install/par_utils/share/ament_index/resource_index/packages/par_utils
-- Up-to-date: /home/vxlab/on_UR5e/install/par_utils/share/par_utils/cmake/export_par_utils__rosidl_generator_cExport.cmake
-- Up-to-date: /home/vxlab/on_UR5e/install/par_utils/share/par_utils/cmake/export_par_utils__rosidl_generator_cExport-noconfig.cmake
-- Up-to-date: /home/vxlab/on_UR5e/install/par_utils/share/par_utils/cmake/export_par_utils__rosidl_typesupport_fastrtps_cExport.cmake
-- Up-to-date: /home/vxlab/on_UR5e/install/par_utils/share/par_utils/cmake/export_par_utils__rosidl_typesupport_fastrtps_cExport-noconfig.cmake
-- Up-to-date: /home/vxlab/on_UR5e/install/par_utils/share/par_utils/cmake/par_utils__rosidl_typesupport_introspection_cExport.cmake
-- Up-to-date: /home/vxlab/on_UR5e/install/par_utils/share/par_utils/cmake/par_utils__rosidl_typesupport_introspection_cExport-noconfig.cmake
-- Up-to-date: /home/vxlab/on_UR5e/install/par_utils/share/par_utils/cmake/par_utils__rosidl_typesupport_cExport.cmake
-- Up-to-date: /home/vxlab/on_UR5e/install/par_utils/share/par_utils/cmake/par_utils__rosidl_typesupport_cExport-noconfig.cmake
-- Up-to-date: /home/vxlab/on_UR5e/install/par_utils/share/par_utils/cmake/export_par_utils__rosidl_generator_cppExport.cmake
-- Up-to-date: /home/vxlab/on_UR5e/install/par_utils/share/par_utils/cmake/export_par_utils__rosidl_typesupport_fastrtps_cppExport.cmake
-- Up-to-date: /home/vxlab/on_UR5e/install/par_utils/share/par_utils/cmake/export_par_utils__rosidl_typesupport_fastrtps_cppExport-noconfig.cmake
-- Up-to-date: /home/vxlab/on_UR5e/install/par_utils/share/par_utils/cmake/par_utils__rosidl_typesupport_introspection_cppExport.cmake
-- Up-to-date: /home/vxlab/on_UR5e/install/par_utils/share/par_utils/cmake/par_utils__rosidl_typesupport_introspection_cppExport-noconfig.cmake
-- Up-to-date: /home/vxlab/on_UR5e/install/par_utils/share/par_utils/cmake/par_utils__rosidl_typesupport_cppExport.cmake
-- Up-to-date: /home/vxlab/on_UR5e/install/par_utils/share/par_utils/cmake/par_utils__rosidl_typesupport_cppExport-noconfig.cmake
-- Up-to-date: /home/vxlab/on_UR5e/install/par_utils/share/par_utils/cmake/export_par_utils__rosidl_generator_pyExport.cmake
-- Up-to-date: /home/vxlab/on_UR5e/install/par_utils/share/par_utils/cmake/export_par_utils__rosidl_generator_pyExport-noconfig.cmake
-- Up-to-date: /home/vxlab/on_UR5e/install/par_utils/share/par_utils/cmake/rosidl_cmake-extras.cmake
-- Up-to-date: /home/vxlab/on_UR5e/install/par_utils/share/par_utils/cmake/ament_cmake_export_dependencies-extras.cmake
-- Up-to-date: /home/vxlab/on_UR5e/install/par_utils/share/par_utils/cmake/ament_cmake_export_include_directories-extras.cmake
-- Up-to-date: /home/vxlab/on_UR5e/install/par_utils/share/par_utils/cmake/ament_cmake_export_libraries-extras.cmake
-- Up-to-date: /home/vxlab/on_UR5e/install/par_utils/share/par_utils/cmake/ament_cmake_export_targets-extras.cmake
-- Up-to-date: /home/vxlab/on_UR5e/install/par_utils/share/par_utils/cmake/rosidl_cmake_export_typesupport_targets-extras.cmake
-- Up-to-date: /home/vxlab/on_UR5e/install/par_utils/share/par_utils/cmake/rosidl_cmake_export_typesupport_libraries-extras.cmake
-- Up-to-date: /home/vxlab/on_UR5e/install/par_utils/share/par_utils/cmake/par_utilsConfig.cmake
-- Up-to-date: /home/vxlab/on_UR5e/install/par_utils/share/par_utils/cmake/par_utilsConfig-version.cmake
-- Up-to-date: /home/vxlab/on_UR5e/install/par_utils/share/par_utils/package.xml
