[0.221s] Invoking command in '/home/vxlab/on_UR5e/build/par_utils': CMAKE_PREFIX_PATH=${CMAKE_PREFIX_PATH}:/home/vxlab/on_UR5e/install/par_pkg:/opt/ros/humble /usr/bin/cmake --build /home/vxlab/on_UR5e/build/par_utils -- -j8 -l8
[0.287s] [35m[1mConsolidate compiler generated dependencies of target par_utils__rosidl_generator_c[0m
[0.300s] [  2%] Built target par_utils__cpp
[0.311s] [ 12%] Built target par_utils__rosidl_generator_c
[0.332s] [35m[1mConsolidate compiler generated dependencies of target par_utils__rosidl_typesupport_cpp[0m
[0.333s] [35m[1mConsolidate compiler generated dependencies of target par_utils__rosidl_typesupport_fastrtps_cpp[0m
[0.335s] [35m[1mConsolidate compiler generated dependencies of target par_utils__rosidl_typesupport_introspection_cpp[0m
[0.338s] [ 12%] Built target ament_cmake_python_copy_par_utils
[0.354s] [35m[1mConsolidate compiler generated dependencies of target par_utils__rosidl_typesupport_introspection_c[0m
[0.361s] [35m[1mConsolidate compiler generated dependencies of target par_utils__rosidl_typesupport_c[0m
[0.372s] [35m[1mConsolidate compiler generated dependencies of target par_utils__rosidl_typesupport_fastrtps_c[0m
[0.389s] [ 23%] Built target par_utils__rosidl_typesupport_cpp
[0.393s] [ 33%] Built target par_utils__rosidl_typesupport_introspection_cpp
[0.406s] [ 43%] Built target par_utils__rosidl_typesupport_fastrtps_cpp
[0.413s] [ 53%] Built target par_utils__rosidl_typesupport_c
[0.417s] [ 64%] Built target par_utils__rosidl_typesupport_introspection_c
[0.429s] [ 74%] Built target par_utils__rosidl_typesupport_fastrtps_c
[0.474s] [ 74%] Built target par_utils
[0.514s] [ 76%] Built target par_utils__py
[0.542s] [35m[1mConsolidate compiler generated dependencies of target par_utils__rosidl_generator_py[0m
[0.570s] [ 84%] Built target par_utils__rosidl_generator_py
[0.598s] [35m[1mConsolidate compiler generated dependencies of target par_utils__rosidl_typesupport_c__pyext[0m
[0.602s] [35m[1mConsolidate compiler generated dependencies of target par_utils__rosidl_typesupport_fastrtps_c__pyext[0m
[0.603s] [35m[1mConsolidate compiler generated dependencies of target par_utils__rosidl_typesupport_introspection_c__pyext[0m
[0.640s] [ 89%] Built target par_utils__rosidl_typesupport_introspection_c__pyext
[0.644s] [ 94%] Built target par_utils__rosidl_typesupport_c__pyext
[0.650s] [100%] Built target par_utils__rosidl_typesupport_fastrtps_c__pyext
[1.080s] running egg_info
[1.084s] writing par_utils.egg-info/PKG-INFO
[1.085s] writing dependency_links to par_utils.egg-info/dependency_links.txt
[1.087s] writing top-level names to par_utils.egg-info/top_level.txt
[1.097s] reading manifest file 'par_utils.egg-info/SOURCES.txt'
[1.099s] writing manifest file 'par_utils.egg-info/SOURCES.txt'
[1.141s] [100%] Built target ament_cmake_python_build_par_utils_egg
[1.158s] Invoked command in '/home/vxlab/on_UR5e/build/par_utils' returned '0': CMAKE_PREFIX_PATH=${CMAKE_PREFIX_PATH}:/home/vxlab/on_UR5e/install/par_pkg:/opt/ros/humble /usr/bin/cmake --build /home/vxlab/on_UR5e/build/par_utils -- -j8 -l8
[1.283s] Invoking command in '/home/vxlab/on_UR5e/build/par_utils': CMAKE_PREFIX_PATH=${CMAKE_PREFIX_PATH}:/home/vxlab/on_UR5e/install/par_pkg:/opt/ros/humble /usr/bin/cmake --install /home/vxlab/on_UR5e/build/par_utils
[1.298s] -- Install configuration: ""
[1.298s] -- Up-to-date: /home/vxlab/on_UR5e/install/par_utils/share/ament_index/resource_index/rosidl_interfaces/par_utils
[1.299s] -- Up-to-date: /home/vxlab/on_UR5e/install/par_utils/include/par_utils/par_utils
[1.299s] -- Up-to-date: /home/vxlab/on_UR5e/install/par_utils/include/par_utils/par_utils/msg
[1.299s] -- Up-to-date: /home/vxlab/on_UR5e/install/par_utils/include/par_utils/par_utils/msg/gripper_info.h
[1.299s] -- Up-to-date: /home/vxlab/on_UR5e/install/par_utils/include/par_utils/par_utils/msg/detail
[1.300s] -- Up-to-date: /home/vxlab/on_UR5e/install/par_utils/include/par_utils/par_utils/msg/detail/gripper_info__struct.h
[1.300s] -- Up-to-date: /home/vxlab/on_UR5e/install/par_utils/include/par_utils/par_utils/msg/detail/gripper_info__type_support.h
[1.300s] -- Up-to-date: /home/vxlab/on_UR5e/install/par_utils/include/par_utils/par_utils/msg/detail/gripper_info__functions.c
[1.301s] -- Up-to-date: /home/vxlab/on_UR5e/install/par_utils/include/par_utils/par_utils/msg/detail/gripper_info__functions.h
[1.301s] -- Up-to-date: /home/vxlab/on_UR5e/install/par_utils/include/par_utils/par_utils/msg/rosidl_generator_c__visibility_control.h
[1.301s] -- Up-to-date: /home/vxlab/on_UR5e/install/par_utils/include/par_utils/par_utils/action
[1.301s] -- Up-to-date: /home/vxlab/on_UR5e/install/par_utils/include/par_utils/par_utils/action/gripper_grip.h
[1.302s] -- Up-to-date: /home/vxlab/on_UR5e/install/par_utils/include/par_utils/par_utils/action/gripper_set_width.h
[1.302s] -- Up-to-date: /home/vxlab/on_UR5e/install/par_utils/include/par_utils/par_utils/action/detail
[1.302s] -- Up-to-date: /home/vxlab/on_UR5e/install/par_utils/include/par_utils/par_utils/action/detail/gripper_grip__type_support.h
[1.302s] -- Up-to-date: /home/vxlab/on_UR5e/install/par_utils/include/par_utils/par_utils/action/detail/gripper_set_width__type_support.h
[1.303s] -- Up-to-date: /home/vxlab/on_UR5e/install/par_utils/include/par_utils/par_utils/action/detail/gripper_set_width__struct.h
[1.303s] -- Up-to-date: /home/vxlab/on_UR5e/install/par_utils/include/par_utils/par_utils/action/detail/gripper_grip__struct.h
[1.303s] -- Up-to-date: /home/vxlab/on_UR5e/install/par_utils/include/par_utils/par_utils/action/detail/gripper_set_width__functions.c
[1.304s] -- Up-to-date: /home/vxlab/on_UR5e/install/par_utils/include/par_utils/par_utils/action/detail/gripper_grip__functions.h
[1.304s] -- Up-to-date: /home/vxlab/on_UR5e/install/par_utils/include/par_utils/par_utils/action/detail/gripper_grip__functions.c
[1.304s] -- Up-to-date: /home/vxlab/on_UR5e/install/par_utils/include/par_utils/par_utils/action/detail/gripper_set_width__functions.h
[1.304s] -- Up-to-date: /home/vxlab/on_UR5e/install/par_utils/share/par_utils/environment/library_path.sh
[1.305s] -- Up-to-date: /home/vxlab/on_UR5e/install/par_utils/share/par_utils/environment/library_path.dsv
[1.305s] -- Up-to-date: /home/vxlab/on_UR5e/install/par_utils/lib/libpar_utils__rosidl_generator_c.so
[1.305s] -- Up-to-date: /home/vxlab/on_UR5e/install/par_utils/include/par_utils/par_utils
[1.305s] -- Up-to-date: /home/vxlab/on_UR5e/install/par_utils/include/par_utils/par_utils/msg
[1.306s] -- Up-to-date: /home/vxlab/on_UR5e/install/par_utils/include/par_utils/par_utils/msg/rosidl_typesupport_fastrtps_c__visibility_control.h
[1.306s] -- Up-to-date: /home/vxlab/on_UR5e/install/par_utils/include/par_utils/par_utils/msg/detail
[1.306s] -- Up-to-date: /home/vxlab/on_UR5e/install/par_utils/include/par_utils/par_utils/msg/detail/gripper_info__rosidl_typesupport_fastrtps_c.h
[1.306s] -- Up-to-date: /home/vxlab/on_UR5e/install/par_utils/include/par_utils/par_utils/action
[1.307s] -- Up-to-date: /home/vxlab/on_UR5e/install/par_utils/include/par_utils/par_utils/action/detail
[1.307s] -- Up-to-date: /home/vxlab/on_UR5e/install/par_utils/include/par_utils/par_utils/action/detail/gripper_grip__rosidl_typesupport_fastrtps_c.h
[1.308s] -- Up-to-date: /home/vxlab/on_UR5e/install/par_utils/include/par_utils/par_utils/action/detail/gripper_set_width__rosidl_typesupport_fastrtps_c.h
[1.308s] -- Up-to-date: /home/vxlab/on_UR5e/install/par_utils/lib/libpar_utils__rosidl_typesupport_fastrtps_c.so
[1.308s] -- Up-to-date: /home/vxlab/on_UR5e/install/par_utils/include/par_utils/par_utils
[1.308s] -- Up-to-date: /home/vxlab/on_UR5e/install/par_utils/include/par_utils/par_utils/msg
[1.308s] -- Up-to-date: /home/vxlab/on_UR5e/install/par_utils/include/par_utils/par_utils/msg/rosidl_typesupport_introspection_c__visibility_control.h
[1.309s] -- Up-to-date: /home/vxlab/on_UR5e/install/par_utils/include/par_utils/par_utils/msg/detail
[1.309s] -- Up-to-date: /home/vxlab/on_UR5e/install/par_utils/include/par_utils/par_utils/msg/detail/gripper_info__rosidl_typesupport_introspection_c.h
[1.309s] -- Up-to-date: /home/vxlab/on_UR5e/install/par_utils/include/par_utils/par_utils/msg/detail/gripper_info__type_support.c
[1.309s] -- Up-to-date: /home/vxlab/on_UR5e/install/par_utils/include/par_utils/par_utils/action
[1.310s] -- Up-to-date: /home/vxlab/on_UR5e/install/par_utils/include/par_utils/par_utils/action/detail
[1.310s] -- Up-to-date: /home/vxlab/on_UR5e/install/par_utils/include/par_utils/par_utils/action/detail/gripper_grip__type_support.c
[1.310s] -- Up-to-date: /home/vxlab/on_UR5e/install/par_utils/include/par_utils/par_utils/action/detail/gripper_set_width__rosidl_typesupport_introspection_c.h
[1.310s] -- Up-to-date: /home/vxlab/on_UR5e/install/par_utils/include/par_utils/par_utils/action/detail/gripper_grip__rosidl_typesupport_introspection_c.h
[1.310s] -- Up-to-date: /home/vxlab/on_UR5e/install/par_utils/include/par_utils/par_utils/action/detail/gripper_set_width__type_support.c
[1.310s] -- Up-to-date: /home/vxlab/on_UR5e/install/par_utils/lib/libpar_utils__rosidl_typesupport_introspection_c.so
[1.311s] -- Up-to-date: /home/vxlab/on_UR5e/install/par_utils/lib/libpar_utils__rosidl_typesupport_c.so
[1.311s] -- Up-to-date: /home/vxlab/on_UR5e/install/par_utils/include/par_utils/par_utils
[1.311s] -- Up-to-date: /home/vxlab/on_UR5e/install/par_utils/include/par_utils/par_utils/msg
[1.312s] -- Up-to-date: /home/vxlab/on_UR5e/install/par_utils/include/par_utils/par_utils/msg/gripper_info.hpp
[1.312s] -- Up-to-date: /home/vxlab/on_UR5e/install/par_utils/include/par_utils/par_utils/msg/detail
[1.312s] -- Up-to-date: /home/vxlab/on_UR5e/install/par_utils/include/par_utils/par_utils/msg/detail/gripper_info__traits.hpp
[1.312s] -- Up-to-date: /home/vxlab/on_UR5e/install/par_utils/include/par_utils/par_utils/msg/detail/gripper_info__struct.hpp
[1.313s] -- Up-to-date: /home/vxlab/on_UR5e/install/par_utils/include/par_utils/par_utils/msg/detail/gripper_info__builder.hpp
[1.313s] -- Up-to-date: /home/vxlab/on_UR5e/install/par_utils/include/par_utils/par_utils/action
[1.313s] -- Up-to-date: /home/vxlab/on_UR5e/install/par_utils/include/par_utils/par_utils/action/detail
[1.313s] -- Up-to-date: /home/vxlab/on_UR5e/install/par_utils/include/par_utils/par_utils/action/detail/gripper_set_width__struct.hpp
[1.313s] -- Up-to-date: /home/vxlab/on_UR5e/install/par_utils/include/par_utils/par_utils/action/detail/gripper_set_width__traits.hpp
[1.314s] -- Up-to-date: /home/vxlab/on_UR5e/install/par_utils/include/par_utils/par_utils/action/detail/gripper_set_width__builder.hpp
[1.314s] -- Up-to-date: /home/vxlab/on_UR5e/install/par_utils/include/par_utils/par_utils/action/detail/gripper_grip__traits.hpp
[1.314s] -- Up-to-date: /home/vxlab/on_UR5e/install/par_utils/include/par_utils/par_utils/action/detail/gripper_grip__builder.hpp
[1.314s] -- Up-to-date: /home/vxlab/on_UR5e/install/par_utils/include/par_utils/par_utils/action/detail/gripper_grip__struct.hpp
[1.314s] -- Up-to-date: /home/vxlab/on_UR5e/install/par_utils/include/par_utils/par_utils/action/gripper_grip.hpp
[1.315s] -- Up-to-date: /home/vxlab/on_UR5e/install/par_utils/include/par_utils/par_utils/action/gripper_set_width.hpp
[1.315s] -- Up-to-date: /home/vxlab/on_UR5e/install/par_utils/include/par_utils/par_utils
[1.315s] -- Up-to-date: /home/vxlab/on_UR5e/install/par_utils/include/par_utils/par_utils/msg
[1.315s] -- Up-to-date: /home/vxlab/on_UR5e/install/par_utils/include/par_utils/par_utils/msg/rosidl_typesupport_fastrtps_cpp__visibility_control.h
[1.315s] -- Up-to-date: /home/vxlab/on_UR5e/install/par_utils/include/par_utils/par_utils/msg/detail
[1.316s] -- Up-to-date: /home/vxlab/on_UR5e/install/par_utils/include/par_utils/par_utils/msg/detail/dds_fastrtps
[1.316s] -- Up-to-date: /home/vxlab/on_UR5e/install/par_utils/include/par_utils/par_utils/msg/detail/gripper_info__rosidl_typesupport_fastrtps_cpp.hpp
[1.316s] -- Up-to-date: /home/vxlab/on_UR5e/install/par_utils/include/par_utils/par_utils/action
[1.316s] -- Up-to-date: /home/vxlab/on_UR5e/install/par_utils/include/par_utils/par_utils/action/detail
[1.316s] -- Up-to-date: /home/vxlab/on_UR5e/install/par_utils/include/par_utils/par_utils/action/detail/dds_fastrtps
[1.317s] -- Up-to-date: /home/vxlab/on_UR5e/install/par_utils/include/par_utils/par_utils/action/detail/gripper_grip__rosidl_typesupport_fastrtps_cpp.hpp
[1.317s] -- Up-to-date: /home/vxlab/on_UR5e/install/par_utils/include/par_utils/par_utils/action/detail/gripper_set_width__rosidl_typesupport_fastrtps_cpp.hpp
[1.317s] -- Up-to-date: /home/vxlab/on_UR5e/install/par_utils/lib/libpar_utils__rosidl_typesupport_fastrtps_cpp.so
[1.317s] -- Up-to-date: /home/vxlab/on_UR5e/install/par_utils/include/par_utils/par_utils
[1.318s] -- Up-to-date: /home/vxlab/on_UR5e/install/par_utils/include/par_utils/par_utils/msg
[1.318s] -- Up-to-date: /home/vxlab/on_UR5e/install/par_utils/include/par_utils/par_utils/msg/detail
[1.318s] -- Up-to-date: /home/vxlab/on_UR5e/install/par_utils/include/par_utils/par_utils/msg/detail/gripper_info__type_support.cpp
[1.318s] -- Up-to-date: /home/vxlab/on_UR5e/install/par_utils/include/par_utils/par_utils/msg/detail/gripper_info__rosidl_typesupport_introspection_cpp.hpp
[1.318s] -- Up-to-date: /home/vxlab/on_UR5e/install/par_utils/include/par_utils/par_utils/action
[1.319s] -- Up-to-date: /home/vxlab/on_UR5e/install/par_utils/include/par_utils/par_utils/action/detail
[1.319s] -- Up-to-date: /home/vxlab/on_UR5e/install/par_utils/include/par_utils/par_utils/action/detail/gripper_set_width__type_support.cpp
[1.319s] -- Up-to-date: /home/vxlab/on_UR5e/install/par_utils/include/par_utils/par_utils/action/detail/gripper_grip__rosidl_typesupport_introspection_cpp.hpp
[1.319s] -- Up-to-date: /home/vxlab/on_UR5e/install/par_utils/include/par_utils/par_utils/action/detail/gripper_set_width__rosidl_typesupport_introspection_cpp.hpp
[1.319s] -- Up-to-date: /home/vxlab/on_UR5e/install/par_utils/include/par_utils/par_utils/action/detail/gripper_grip__type_support.cpp
[1.320s] -- Up-to-date: /home/vxlab/on_UR5e/install/par_utils/lib/libpar_utils__rosidl_typesupport_introspection_cpp.so
[1.320s] -- Up-to-date: /home/vxlab/on_UR5e/install/par_utils/lib/libpar_utils__rosidl_typesupport_cpp.so
[1.320s] -- Up-to-date: /home/vxlab/on_UR5e/install/par_utils/share/par_utils/environment/pythonpath.sh
[1.320s] -- Up-to-date: /home/vxlab/on_UR5e/install/par_utils/share/par_utils/environment/pythonpath.dsv
[1.320s] -- Up-to-date: /home/vxlab/on_UR5e/install/par_utils/local/lib/python3.10/dist-packages/par_utils-0.0.0-py3.10.egg-info
[1.321s] -- Installing: /home/vxlab/on_UR5e/install/par_utils/local/lib/python3.10/dist-packages/par_utils-0.0.0-py3.10.egg-info/SOURCES.txt
[1.321s] -- Installing: /home/vxlab/on_UR5e/install/par_utils/local/lib/python3.10/dist-packages/par_utils-0.0.0-py3.10.egg-info/dependency_links.txt
[1.321s] -- Installing: /home/vxlab/on_UR5e/install/par_utils/local/lib/python3.10/dist-packages/par_utils-0.0.0-py3.10.egg-info/top_level.txt
[1.321s] -- Installing: /home/vxlab/on_UR5e/install/par_utils/local/lib/python3.10/dist-packages/par_utils-0.0.0-py3.10.egg-info/PKG-INFO
[1.321s] -- Up-to-date: /home/vxlab/on_UR5e/install/par_utils/local/lib/python3.10/dist-packages/par_utils
[1.322s] -- Up-to-date: /home/vxlab/on_UR5e/install/par_utils/local/lib/python3.10/dist-packages/par_utils/msg
[1.322s] -- Up-to-date: /home/vxlab/on_UR5e/install/par_utils/local/lib/python3.10/dist-packages/par_utils/msg/_gripper_info.py
[1.322s] -- Up-to-date: /home/vxlab/on_UR5e/install/par_utils/local/lib/python3.10/dist-packages/par_utils/msg/_gripper_info_s.c
[1.322s] -- Up-to-date: /home/vxlab/on_UR5e/install/par_utils/local/lib/python3.10/dist-packages/par_utils/msg/__init__.py
[1.322s] -- Up-to-date: /home/vxlab/on_UR5e/install/par_utils/local/lib/python3.10/dist-packages/par_utils/par_utils_s__rosidl_typesupport_introspection_c.cpython-310-x86_64-linux-gnu.so
[1.323s] -- Up-to-date: /home/vxlab/on_UR5e/install/par_utils/local/lib/python3.10/dist-packages/par_utils/_par_utils_s.ep.rosidl_typesupport_fastrtps_c.c
[1.323s] -- Up-to-date: /home/vxlab/on_UR5e/install/par_utils/local/lib/python3.10/dist-packages/par_utils/action
[1.323s] -- Up-to-date: /home/vxlab/on_UR5e/install/par_utils/local/lib/python3.10/dist-packages/par_utils/action/_gripper_set_width_s.c
[1.323s] -- Up-to-date: /home/vxlab/on_UR5e/install/par_utils/local/lib/python3.10/dist-packages/par_utils/action/_gripper_grip_s.c
[1.324s] -- Up-to-date: /home/vxlab/on_UR5e/install/par_utils/local/lib/python3.10/dist-packages/par_utils/action/_gripper_set_width.py
[1.324s] -- Up-to-date: /home/vxlab/on_UR5e/install/par_utils/local/lib/python3.10/dist-packages/par_utils/action/__init__.py
[1.324s] -- Up-to-date: /home/vxlab/on_UR5e/install/par_utils/local/lib/python3.10/dist-packages/par_utils/action/_gripper_grip.py
[1.324s] -- Up-to-date: /home/vxlab/on_UR5e/install/par_utils/local/lib/python3.10/dist-packages/par_utils/_par_utils_s.ep.rosidl_typesupport_introspection_c.c
[1.324s] -- Up-to-date: /home/vxlab/on_UR5e/install/par_utils/local/lib/python3.10/dist-packages/par_utils/par_utils_s__rosidl_typesupport_c.cpython-310-x86_64-linux-gnu.so
[1.325s] -- Up-to-date: /home/vxlab/on_UR5e/install/par_utils/local/lib/python3.10/dist-packages/par_utils/libpar_utils__rosidl_generator_py.so
[1.325s] -- Up-to-date: /home/vxlab/on_UR5e/install/par_utils/local/lib/python3.10/dist-packages/par_utils/__init__.py
[1.325s] -- Up-to-date: /home/vxlab/on_UR5e/install/par_utils/local/lib/python3.10/dist-packages/par_utils/par_utils_s__rosidl_typesupport_fastrtps_c.cpython-310-x86_64-linux-gnu.so
[1.325s] -- Up-to-date: /home/vxlab/on_UR5e/install/par_utils/local/lib/python3.10/dist-packages/par_utils/_par_utils_s.ep.rosidl_typesupport_c.c
[1.374s] Listing '/home/vxlab/on_UR5e/install/par_utils/local/lib/python3.10/dist-packages/par_utils'...
[1.374s] Listing '/home/vxlab/on_UR5e/install/par_utils/local/lib/python3.10/dist-packages/par_utils/action'...
[1.375s] Listing '/home/vxlab/on_UR5e/install/par_utils/local/lib/python3.10/dist-packages/par_utils/msg'...
[1.380s] -- Up-to-date: /home/vxlab/on_UR5e/install/par_utils/local/lib/python3.10/dist-packages/par_utils/par_utils_s__rosidl_typesupport_fastrtps_c.cpython-310-x86_64-linux-gnu.so
[1.381s] -- Up-to-date: /home/vxlab/on_UR5e/install/par_utils/local/lib/python3.10/dist-packages/par_utils/par_utils_s__rosidl_typesupport_introspection_c.cpython-310-x86_64-linux-gnu.so
[1.381s] -- Up-to-date: /home/vxlab/on_UR5e/install/par_utils/local/lib/python3.10/dist-packages/par_utils/par_utils_s__rosidl_typesupport_c.cpython-310-x86_64-linux-gnu.so
[1.382s] -- Up-to-date: /home/vxlab/on_UR5e/install/par_utils/lib/libpar_utils__rosidl_generator_py.so
[1.382s] -- Up-to-date: /home/vxlab/on_UR5e/install/par_utils/share/par_utils/action/GripperSetWidth.idl
[1.382s] -- Up-to-date: /home/vxlab/on_UR5e/install/par_utils/share/par_utils/msg/GripperInfo.idl
[1.383s] -- Up-to-date: /home/vxlab/on_UR5e/install/par_utils/share/par_utils/action/GripperSetWidth.action
[1.383s] -- Up-to-date: /home/vxlab/on_UR5e/install/par_utils/share/par_utils/msg/GripperInfo.msg
[1.383s] -- Up-to-date: /home/vxlab/on_UR5e/install/par_utils/share/ament_index/resource_index/package_run_dependencies/par_utils
[1.383s] -- Up-to-date: /home/vxlab/on_UR5e/install/par_utils/share/ament_index/resource_index/parent_prefix_path/par_utils
[1.383s] -- Up-to-date: /home/vxlab/on_UR5e/install/par_utils/share/par_utils/environment/ament_prefix_path.sh
[1.384s] -- Up-to-date: /home/vxlab/on_UR5e/install/par_utils/share/par_utils/environment/ament_prefix_path.dsv
[1.384s] -- Up-to-date: /home/vxlab/on_UR5e/install/par_utils/share/par_utils/environment/path.sh
[1.385s] -- Up-to-date: /home/vxlab/on_UR5e/install/par_utils/share/par_utils/environment/path.dsv
[1.385s] -- Up-to-date: /home/vxlab/on_UR5e/install/par_utils/share/par_utils/local_setup.bash
[1.385s] -- Up-to-date: /home/vxlab/on_UR5e/install/par_utils/share/par_utils/local_setup.sh
[1.386s] -- Up-to-date: /home/vxlab/on_UR5e/install/par_utils/share/par_utils/local_setup.zsh
[1.386s] -- Up-to-date: /home/vxlab/on_UR5e/install/par_utils/share/par_utils/local_setup.dsv
[1.386s] -- Installing: /home/vxlab/on_UR5e/install/par_utils/share/par_utils/package.dsv
[1.387s] -- Up-to-date: /home/vxlab/on_UR5e/install/par_utils/share/ament_index/resource_index/packages/par_utils
[1.387s] -- Up-to-date: /home/vxlab/on_UR5e/install/par_utils/share/par_utils/cmake/export_par_utils__rosidl_generator_cExport.cmake
[1.387s] -- Up-to-date: /home/vxlab/on_UR5e/install/par_utils/share/par_utils/cmake/export_par_utils__rosidl_generator_cExport-noconfig.cmake
[1.387s] -- Up-to-date: /home/vxlab/on_UR5e/install/par_utils/share/par_utils/cmake/export_par_utils__rosidl_typesupport_fastrtps_cExport.cmake
[1.388s] -- Up-to-date: /home/vxlab/on_UR5e/install/par_utils/share/par_utils/cmake/export_par_utils__rosidl_typesupport_fastrtps_cExport-noconfig.cmake
[1.388s] -- Up-to-date: /home/vxlab/on_UR5e/install/par_utils/share/par_utils/cmake/par_utils__rosidl_typesupport_introspection_cExport.cmake
[1.389s] -- Up-to-date: /home/vxlab/on_UR5e/install/par_utils/share/par_utils/cmake/par_utils__rosidl_typesupport_introspection_cExport-noconfig.cmake
[1.389s] -- Up-to-date: /home/vxlab/on_UR5e/install/par_utils/share/par_utils/cmake/par_utils__rosidl_typesupport_cExport.cmake
[1.389s] -- Up-to-date: /home/vxlab/on_UR5e/install/par_utils/share/par_utils/cmake/par_utils__rosidl_typesupport_cExport-noconfig.cmake
[1.389s] -- Up-to-date: /home/vxlab/on_UR5e/install/par_utils/share/par_utils/cmake/export_par_utils__rosidl_generator_cppExport.cmake
[1.389s] -- Up-to-date: /home/vxlab/on_UR5e/install/par_utils/share/par_utils/cmake/export_par_utils__rosidl_typesupport_fastrtps_cppExport.cmake
[1.389s] -- Up-to-date: /home/vxlab/on_UR5e/install/par_utils/share/par_utils/cmake/export_par_utils__rosidl_typesupport_fastrtps_cppExport-noconfig.cmake
[1.390s] -- Up-to-date: /home/vxlab/on_UR5e/install/par_utils/share/par_utils/cmake/par_utils__rosidl_typesupport_introspection_cppExport.cmake
[1.390s] -- Up-to-date: /home/vxlab/on_UR5e/install/par_utils/share/par_utils/cmake/par_utils__rosidl_typesupport_introspection_cppExport-noconfig.cmake
[1.390s] -- Up-to-date: /home/vxlab/on_UR5e/install/par_utils/share/par_utils/cmake/par_utils__rosidl_typesupport_cppExport.cmake
[1.390s] -- Up-to-date: /home/vxlab/on_UR5e/install/par_utils/share/par_utils/cmake/par_utils__rosidl_typesupport_cppExport-noconfig.cmake
[1.391s] -- Up-to-date: /home/vxlab/on_UR5e/install/par_utils/share/par_utils/cmake/export_par_utils__rosidl_generator_pyExport.cmake
[1.392s] -- Up-to-date: /home/vxlab/on_UR5e/install/par_utils/share/par_utils/cmake/export_par_utils__rosidl_generator_pyExport-noconfig.cmake
[1.392s] -- Up-to-date: /home/vxlab/on_UR5e/install/par_utils/share/par_utils/cmake/rosidl_cmake-extras.cmake
[1.393s] -- Up-to-date: /home/vxlab/on_UR5e/install/par_utils/share/par_utils/cmake/ament_cmake_export_dependencies-extras.cmake
[1.393s] -- Up-to-date: /home/vxlab/on_UR5e/install/par_utils/share/par_utils/cmake/ament_cmake_export_include_directories-extras.cmake
[1.393s] -- Up-to-date: /home/vxlab/on_UR5e/install/par_utils/share/par_utils/cmake/ament_cmake_export_libraries-extras.cmake
[1.394s] -- Up-to-date: /home/vxlab/on_UR5e/install/par_utils/share/par_utils/cmake/ament_cmake_export_targets-extras.cmake
[1.394s] -- Up-to-date: /home/vxlab/on_UR5e/install/par_utils/share/par_utils/cmake/rosidl_cmake_export_typesupport_targets-extras.cmake
[1.394s] -- Up-to-date: /home/vxlab/on_UR5e/install/par_utils/share/par_utils/cmake/rosidl_cmake_export_typesupport_libraries-extras.cmake
[1.395s] -- Up-to-date: /home/vxlab/on_UR5e/install/par_utils/share/par_utils/cmake/par_utilsConfig.cmake
[1.395s] -- Up-to-date: /home/vxlab/on_UR5e/install/par_utils/share/par_utils/cmake/par_utilsConfig-version.cmake
[1.396s] -- Up-to-date: /home/vxlab/on_UR5e/install/par_utils/share/par_utils/package.xml
[1.396s] Invoked command in '/home/vxlab/on_UR5e/build/par_utils' returned '0': CMAKE_PREFIX_PATH=${CMAKE_PREFIX_PATH}:/home/vxlab/on_UR5e/install/par_pkg:/opt/ros/humble /usr/bin/cmake --install /home/vxlab/on_UR5e/build/par_utils
