[0.069s] Invoking command in '/root/overlay_ws/src/build/graph_msgs': CMAKE_PREFIX_PATH=${CMAKE_PREFIX_PATH}:/root/underlay_ws/install/moveit_configs_utils:/root/underlay_ws/install/launch_param_builder:/opt/ros/humble /usr/bin/cmake --build /root/overlay_ws/src/build/graph_msgs -- -j8 -l8
[0.182s] [35m[1mConsolidate compiler generated dependencies of target graph_msgs__rosidl_generator_c[0m
[0.246s] [ 12%] Built target graph_msgs__cpp
[0.246s] [ 12%] Built target graph_msgs__rosidl_generator_c
[0.247s] [ 12%] Built target ament_cmake_python_copy_graph_msgs
[0.286s] [35m[1mConsolidate compiler generated dependencies of target graph_msgs__rosidl_typesupport_introspection_c[0m
[0.298s] [35m[1mConsolidate compiler generated dependencies of target graph_msgs__rosidl_typesupport_c[0m
[0.314s] [35m[1mConsolidate compiler generated dependencies of target graph_msgs__rosidl_typesupport_introspection_cpp[0m
[0.314s] [35m[1mConsolidate compiler generated dependencies of target graph_msgs__rosidl_typesupport_fastrtps_c[0m
[0.327s] [35m[1mConsolidate compiler generated dependencies of target graph_msgs__rosidl_typesupport_fastrtps_cpp[0m
[0.361s] [ 23%] Built target graph_msgs__rosidl_typesupport_introspection_c
[0.393s] [ 33%] Built target graph_msgs__rosidl_typesupport_fastrtps_c
[0.397s] [ 43%] Built target graph_msgs__rosidl_typesupport_c
[0.399s] [ 53%] Built target graph_msgs__rosidl_typesupport_introspection_cpp
[0.442s] [ 64%] Built target graph_msgs__rosidl_typesupport_fastrtps_cpp
[0.442s] [35m[1mConsolidate compiler generated dependencies of target graph_msgs__rosidl_typesupport_cpp[0m
[0.506s] [ 74%] Built target graph_msgs__rosidl_typesupport_cpp
[0.579s] [ 74%] Built target graph_msgs
[0.644s] [ 76%] Built target graph_msgs__py
[0.677s] [35m[1mConsolidate compiler generated dependencies of target graph_msgs__rosidl_generator_py[0m
[0.713s] [ 84%] Built target graph_msgs__rosidl_generator_py
[0.749s] [35m[1mConsolidate compiler generated dependencies of target graph_msgs__rosidl_typesupport_c__pyext[0m
[0.750s] [35m[1mConsolidate compiler generated dependencies of target graph_msgs__rosidl_typesupport_fastrtps_c__pyext[0m
[0.758s] [35m[1mConsolidate compiler generated dependencies of target graph_msgs__rosidl_typesupport_introspection_c__pyext[0m
[0.790s] [ 89%] Built target graph_msgs__rosidl_typesupport_c__pyext
[0.793s] [ 94%] Built target graph_msgs__rosidl_typesupport_fastrtps_c__pyext
[0.811s] [100%] Built target graph_msgs__rosidl_typesupport_introspection_c__pyext
[0.994s] running egg_info
[0.994s] writing graph_msgs.egg-info/PKG-INFO
[0.995s] writing dependency_links to graph_msgs.egg-info/dependency_links.txt
[0.995s] writing top-level names to graph_msgs.egg-info/top_level.txt
[0.997s] reading manifest file 'graph_msgs.egg-info/SOURCES.txt'
[0.998s] writing manifest file 'graph_msgs.egg-info/SOURCES.txt'
[1.061s] [100%] Built target ament_cmake_python_build_graph_msgs_egg
[1.095s] Invoked command in '/root/overlay_ws/src/build/graph_msgs' returned '0': CMAKE_PREFIX_PATH=${CMAKE_PREFIX_PATH}:/root/underlay_ws/install/moveit_configs_utils:/root/underlay_ws/install/launch_param_builder:/opt/ros/humble /usr/bin/cmake --build /root/overlay_ws/src/build/graph_msgs -- -j8 -l8
[1.435s] Invoking command in '/root/overlay_ws/src/build/graph_msgs': CMAKE_PREFIX_PATH=${CMAKE_PREFIX_PATH}:/root/underlay_ws/install/moveit_configs_utils:/root/underlay_ws/install/launch_param_builder:/opt/ros/humble /usr/bin/cmake --install /root/overlay_ws/src/build/graph_msgs
[1.460s] -- Install configuration: ""
[1.460s] -- Up-to-date: /root/overlay_ws/src/install/graph_msgs/share/ament_index/resource_index/rosidl_interfaces/graph_msgs
[1.461s] -- Up-to-date: /root/overlay_ws/src/install/graph_msgs/include/graph_msgs/graph_msgs
[1.461s] -- Up-to-date: /root/overlay_ws/src/install/graph_msgs/include/graph_msgs/graph_msgs/msg
[1.461s] -- Up-to-date: /root/overlay_ws/src/install/graph_msgs/include/graph_msgs/graph_msgs/msg/geometry_graph.h
[1.461s] -- Up-to-date: /root/overlay_ws/src/install/graph_msgs/include/graph_msgs/graph_msgs/msg/detail
[1.462s] -- Up-to-date: /root/overlay_ws/src/install/graph_msgs/include/graph_msgs/graph_msgs/msg/detail/edges__struct.h
[1.462s] -- Up-to-date: /root/overlay_ws/src/install/graph_msgs/include/graph_msgs/graph_msgs/msg/detail/edges__type_support.h
[1.462s] -- Up-to-date: /root/overlay_ws/src/install/graph_msgs/include/graph_msgs/graph_msgs/msg/detail/geometry_graph__functions.c
[1.462s] -- Up-to-date: /root/overlay_ws/src/install/graph_msgs/include/graph_msgs/graph_msgs/msg/detail/edges__functions.h
[1.463s] -- Up-to-date: /root/overlay_ws/src/install/graph_msgs/include/graph_msgs/graph_msgs/msg/detail/geometry_graph__type_support.h
[1.463s] -- Up-to-date: /root/overlay_ws/src/install/graph_msgs/include/graph_msgs/graph_msgs/msg/detail/geometry_graph__struct.h
[1.464s] -- Up-to-date: /root/overlay_ws/src/install/graph_msgs/include/graph_msgs/graph_msgs/msg/detail/edges__functions.c
[1.464s] -- Up-to-date: /root/overlay_ws/src/install/graph_msgs/include/graph_msgs/graph_msgs/msg/detail/geometry_graph__functions.h
[1.464s] -- Up-to-date: /root/overlay_ws/src/install/graph_msgs/include/graph_msgs/graph_msgs/msg/edges.h
[1.464s] -- Up-to-date: /root/overlay_ws/src/install/graph_msgs/include/graph_msgs/graph_msgs/msg/rosidl_generator_c__visibility_control.h
[1.465s] -- Up-to-date: /root/overlay_ws/src/install/graph_msgs/share/graph_msgs/environment/library_path.sh
[1.465s] -- Up-to-date: /root/overlay_ws/src/install/graph_msgs/share/graph_msgs/environment/library_path.dsv
[1.465s] -- Up-to-date: /root/overlay_ws/src/install/graph_msgs/lib/libgraph_msgs__rosidl_generator_c.so
[1.466s] -- Up-to-date: /root/overlay_ws/src/install/graph_msgs/include/graph_msgs/graph_msgs
[1.466s] -- Up-to-date: /root/overlay_ws/src/install/graph_msgs/include/graph_msgs/graph_msgs/msg
[1.466s] -- Up-to-date: /root/overlay_ws/src/install/graph_msgs/include/graph_msgs/graph_msgs/msg/rosidl_typesupport_fastrtps_c__visibility_control.h
[1.466s] -- Up-to-date: /root/overlay_ws/src/install/graph_msgs/include/graph_msgs/graph_msgs/msg/detail
[1.467s] -- Up-to-date: /root/overlay_ws/src/install/graph_msgs/include/graph_msgs/graph_msgs/msg/detail/geometry_graph__rosidl_typesupport_fastrtps_c.h
[1.467s] -- Up-to-date: /root/overlay_ws/src/install/graph_msgs/include/graph_msgs/graph_msgs/msg/detail/edges__rosidl_typesupport_fastrtps_c.h
[1.467s] -- Up-to-date: /root/overlay_ws/src/install/graph_msgs/lib/libgraph_msgs__rosidl_typesupport_fastrtps_c.so
[1.467s] -- Up-to-date: /root/overlay_ws/src/install/graph_msgs/include/graph_msgs/graph_msgs
[1.468s] -- Up-to-date: /root/overlay_ws/src/install/graph_msgs/include/graph_msgs/graph_msgs/msg
[1.468s] -- Up-to-date: /root/overlay_ws/src/install/graph_msgs/include/graph_msgs/graph_msgs/msg/rosidl_typesupport_introspection_c__visibility_control.h
[1.468s] -- Up-to-date: /root/overlay_ws/src/install/graph_msgs/include/graph_msgs/graph_msgs/msg/detail
[1.468s] -- Up-to-date: /root/overlay_ws/src/install/graph_msgs/include/graph_msgs/graph_msgs/msg/detail/geometry_graph__rosidl_typesupport_introspection_c.h
[1.468s] -- Up-to-date: /root/overlay_ws/src/install/graph_msgs/include/graph_msgs/graph_msgs/msg/detail/geometry_graph__type_support.c
[1.469s] -- Up-to-date: /root/overlay_ws/src/install/graph_msgs/include/graph_msgs/graph_msgs/msg/detail/edges__rosidl_typesupport_introspection_c.h
[1.469s] -- Up-to-date: /root/overlay_ws/src/install/graph_msgs/include/graph_msgs/graph_msgs/msg/detail/edges__type_support.c
[1.469s] -- Up-to-date: /root/overlay_ws/src/install/graph_msgs/lib/libgraph_msgs__rosidl_typesupport_introspection_c.so
[1.469s] -- Up-to-date: /root/overlay_ws/src/install/graph_msgs/lib/libgraph_msgs__rosidl_typesupport_c.so
[1.469s] -- Up-to-date: /root/overlay_ws/src/install/graph_msgs/include/graph_msgs/graph_msgs
[1.470s] -- Up-to-date: /root/overlay_ws/src/install/graph_msgs/include/graph_msgs/graph_msgs/msg
[1.470s] -- Up-to-date: /root/overlay_ws/src/install/graph_msgs/include/graph_msgs/graph_msgs/msg/detail
[1.470s] -- Up-to-date: /root/overlay_ws/src/install/graph_msgs/include/graph_msgs/graph_msgs/msg/detail/edges__builder.hpp
[1.470s] -- Up-to-date: /root/overlay_ws/src/install/graph_msgs/include/graph_msgs/graph_msgs/msg/detail/edges__traits.hpp
[1.470s] -- Up-to-date: /root/overlay_ws/src/install/graph_msgs/include/graph_msgs/graph_msgs/msg/detail/geometry_graph__builder.hpp
[1.470s] -- Up-to-date: /root/overlay_ws/src/install/graph_msgs/include/graph_msgs/graph_msgs/msg/detail/geometry_graph__traits.hpp
[1.470s] -- Up-to-date: /root/overlay_ws/src/install/graph_msgs/include/graph_msgs/graph_msgs/msg/detail/geometry_graph__struct.hpp
[1.471s] -- Up-to-date: /root/overlay_ws/src/install/graph_msgs/include/graph_msgs/graph_msgs/msg/detail/edges__struct.hpp
[1.471s] -- Up-to-date: /root/overlay_ws/src/install/graph_msgs/include/graph_msgs/graph_msgs/msg/geometry_graph.hpp
[1.471s] -- Up-to-date: /root/overlay_ws/src/install/graph_msgs/include/graph_msgs/graph_msgs/msg/edges.hpp
[1.471s] -- Up-to-date: /root/overlay_ws/src/install/graph_msgs/include/graph_msgs/graph_msgs
[1.471s] -- Up-to-date: /root/overlay_ws/src/install/graph_msgs/include/graph_msgs/graph_msgs/msg
[1.472s] -- Up-to-date: /root/overlay_ws/src/install/graph_msgs/include/graph_msgs/graph_msgs/msg/rosidl_typesupport_fastrtps_cpp__visibility_control.h
[1.472s] -- Up-to-date: /root/overlay_ws/src/install/graph_msgs/include/graph_msgs/graph_msgs/msg/detail
[1.472s] -- Up-to-date: /root/overlay_ws/src/install/graph_msgs/include/graph_msgs/graph_msgs/msg/detail/dds_fastrtps
[1.472s] -- Up-to-date: /root/overlay_ws/src/install/graph_msgs/include/graph_msgs/graph_msgs/msg/detail/edges__rosidl_typesupport_fastrtps_cpp.hpp
[1.473s] -- Up-to-date: /root/overlay_ws/src/install/graph_msgs/include/graph_msgs/graph_msgs/msg/detail/geometry_graph__rosidl_typesupport_fastrtps_cpp.hpp
[1.473s] -- Up-to-date: /root/overlay_ws/src/install/graph_msgs/lib/libgraph_msgs__rosidl_typesupport_fastrtps_cpp.so
[1.473s] -- Up-to-date: /root/overlay_ws/src/install/graph_msgs/include/graph_msgs/graph_msgs
[1.473s] -- Up-to-date: /root/overlay_ws/src/install/graph_msgs/include/graph_msgs/graph_msgs/msg
[1.473s] -- Up-to-date: /root/overlay_ws/src/install/graph_msgs/include/graph_msgs/graph_msgs/msg/detail
[1.473s] -- Up-to-date: /root/overlay_ws/src/install/graph_msgs/include/graph_msgs/graph_msgs/msg/detail/edges__type_support.cpp
[1.474s] -- Up-to-date: /root/overlay_ws/src/install/graph_msgs/include/graph_msgs/graph_msgs/msg/detail/geometry_graph__type_support.cpp
[1.474s] -- Up-to-date: /root/overlay_ws/src/install/graph_msgs/include/graph_msgs/graph_msgs/msg/detail/geometry_graph__rosidl_typesupport_introspection_cpp.hpp
[1.474s] -- Up-to-date: /root/overlay_ws/src/install/graph_msgs/include/graph_msgs/graph_msgs/msg/detail/edges__rosidl_typesupport_introspection_cpp.hpp
[1.474s] -- Up-to-date: /root/overlay_ws/src/install/graph_msgs/lib/libgraph_msgs__rosidl_typesupport_introspection_cpp.so
[1.474s] -- Up-to-date: /root/overlay_ws/src/install/graph_msgs/lib/libgraph_msgs__rosidl_typesupport_cpp.so
[1.474s] -- Up-to-date: /root/overlay_ws/src/install/graph_msgs/share/graph_msgs/environment/pythonpath.sh
[1.474s] -- Up-to-date: /root/overlay_ws/src/install/graph_msgs/share/graph_msgs/environment/pythonpath.dsv
[1.474s] -- Up-to-date: /root/overlay_ws/src/install/graph_msgs/local/lib/python3.10/dist-packages/graph_msgs-0.2.0-py3.10.egg-info
[1.474s] -- Installing: /root/overlay_ws/src/install/graph_msgs/local/lib/python3.10/dist-packages/graph_msgs-0.2.0-py3.10.egg-info/SOURCES.txt
[1.475s] -- Installing: /root/overlay_ws/src/install/graph_msgs/local/lib/python3.10/dist-packages/graph_msgs-0.2.0-py3.10.egg-info/dependency_links.txt
[1.475s] -- Installing: /root/overlay_ws/src/install/graph_msgs/local/lib/python3.10/dist-packages/graph_msgs-0.2.0-py3.10.egg-info/top_level.txt
[1.475s] -- Installing: /root/overlay_ws/src/install/graph_msgs/local/lib/python3.10/dist-packages/graph_msgs-0.2.0-py3.10.egg-info/PKG-INFO
[1.475s] -- Up-to-date: /root/overlay_ws/src/install/graph_msgs/local/lib/python3.10/dist-packages/graph_msgs
[1.476s] -- Up-to-date: /root/overlay_ws/src/install/graph_msgs/local/lib/python3.10/dist-packages/graph_msgs/_graph_msgs_s.ep.rosidl_typesupport_c.c
[1.476s] -- Up-to-date: /root/overlay_ws/src/install/graph_msgs/local/lib/python3.10/dist-packages/graph_msgs/msg
[1.476s] -- Up-to-date: /root/overlay_ws/src/install/graph_msgs/local/lib/python3.10/dist-packages/graph_msgs/msg/_geometry_graph_s.c
[1.476s] -- Up-to-date: /root/overlay_ws/src/install/graph_msgs/local/lib/python3.10/dist-packages/graph_msgs/msg/_geometry_graph.py
[1.476s] -- Up-to-date: /root/overlay_ws/src/install/graph_msgs/local/lib/python3.10/dist-packages/graph_msgs/msg/_edges_s.c
[1.477s] -- Up-to-date: /root/overlay_ws/src/install/graph_msgs/local/lib/python3.10/dist-packages/graph_msgs/msg/__init__.py
[1.477s] -- Up-to-date: /root/overlay_ws/src/install/graph_msgs/local/lib/python3.10/dist-packages/graph_msgs/msg/_edges.py
[1.477s] -- Up-to-date: /root/overlay_ws/src/install/graph_msgs/local/lib/python3.10/dist-packages/graph_msgs/_graph_msgs_s.ep.rosidl_typesupport_introspection_c.c
[1.477s] -- Up-to-date: /root/overlay_ws/src/install/graph_msgs/local/lib/python3.10/dist-packages/graph_msgs/graph_msgs_s__rosidl_typesupport_c.cpython-310-x86_64-linux-gnu.so
[1.477s] -- Up-to-date: /root/overlay_ws/src/install/graph_msgs/local/lib/python3.10/dist-packages/graph_msgs/graph_msgs_s__rosidl_typesupport_introspection_c.cpython-310-x86_64-linux-gnu.so
[1.478s] -- Up-to-date: /root/overlay_ws/src/install/graph_msgs/local/lib/python3.10/dist-packages/graph_msgs/_graph_msgs_s.ep.rosidl_typesupport_fastrtps_c.c
[1.478s] -- Up-to-date: /root/overlay_ws/src/install/graph_msgs/local/lib/python3.10/dist-packages/graph_msgs/__init__.py
[1.478s] -- Up-to-date: /root/overlay_ws/src/install/graph_msgs/local/lib/python3.10/dist-packages/graph_msgs/libgraph_msgs__rosidl_generator_py.so
[1.478s] -- Up-to-date: /root/overlay_ws/src/install/graph_msgs/local/lib/python3.10/dist-packages/graph_msgs/graph_msgs_s__rosidl_typesupport_fastrtps_c.cpython-310-x86_64-linux-gnu.so
[1.541s] Listing '/root/overlay_ws/src/install/graph_msgs/local/lib/python3.10/dist-packages/graph_msgs'...
[1.541s] Listing '/root/overlay_ws/src/install/graph_msgs/local/lib/python3.10/dist-packages/graph_msgs/msg'...
[1.547s] -- Up-to-date: /root/overlay_ws/src/install/graph_msgs/local/lib/python3.10/dist-packages/graph_msgs/graph_msgs_s__rosidl_typesupport_fastrtps_c.cpython-310-x86_64-linux-gnu.so
[1.547s] -- Up-to-date: /root/overlay_ws/src/install/graph_msgs/local/lib/python3.10/dist-packages/graph_msgs/graph_msgs_s__rosidl_typesupport_introspection_c.cpython-310-x86_64-linux-gnu.so
[1.548s] -- Up-to-date: /root/overlay_ws/src/install/graph_msgs/local/lib/python3.10/dist-packages/graph_msgs/graph_msgs_s__rosidl_typesupport_c.cpython-310-x86_64-linux-gnu.so
[1.549s] -- Up-to-date: /root/overlay_ws/src/install/graph_msgs/lib/libgraph_msgs__rosidl_generator_py.so
[1.549s] -- Up-to-date: /root/overlay_ws/src/install/graph_msgs/share/graph_msgs/msg/Edges.idl
[1.549s] -- Up-to-date: /root/overlay_ws/src/install/graph_msgs/share/graph_msgs/msg/GeometryGraph.idl
[1.550s] -- Up-to-date: /root/overlay_ws/src/install/graph_msgs/share/graph_msgs/msg/Edges.msg
[1.550s] -- Up-to-date: /root/overlay_ws/src/install/graph_msgs/share/graph_msgs/msg/GeometryGraph.msg
[1.550s] -- Up-to-date: /root/overlay_ws/src/install/graph_msgs/share/ament_index/resource_index/package_run_dependencies/graph_msgs
[1.550s] -- Up-to-date: /root/overlay_ws/src/install/graph_msgs/share/ament_index/resource_index/parent_prefix_path/graph_msgs
[1.550s] -- Up-to-date: /root/overlay_ws/src/install/graph_msgs/share/graph_msgs/environment/ament_prefix_path.sh
[1.551s] -- Up-to-date: /root/overlay_ws/src/install/graph_msgs/share/graph_msgs/environment/ament_prefix_path.dsv
[1.551s] -- Up-to-date: /root/overlay_ws/src/install/graph_msgs/share/graph_msgs/environment/path.sh
[1.551s] -- Up-to-date: /root/overlay_ws/src/install/graph_msgs/share/graph_msgs/environment/path.dsv
[1.551s] -- Up-to-date: /root/overlay_ws/src/install/graph_msgs/share/graph_msgs/local_setup.bash
[1.552s] -- Up-to-date: /root/overlay_ws/src/install/graph_msgs/share/graph_msgs/local_setup.sh
[1.552s] -- Up-to-date: /root/overlay_ws/src/install/graph_msgs/share/graph_msgs/local_setup.zsh
[1.552s] -- Up-to-date: /root/overlay_ws/src/install/graph_msgs/share/graph_msgs/local_setup.dsv
[1.552s] -- Installing: /root/overlay_ws/src/install/graph_msgs/share/graph_msgs/package.dsv
[1.552s] -- Up-to-date: /root/overlay_ws/src/install/graph_msgs/share/ament_index/resource_index/packages/graph_msgs
[1.552s] -- Up-to-date: /root/overlay_ws/src/install/graph_msgs/share/graph_msgs/cmake/export_graph_msgs__rosidl_generator_cExport.cmake
[1.553s] -- Up-to-date: /root/overlay_ws/src/install/graph_msgs/share/graph_msgs/cmake/export_graph_msgs__rosidl_generator_cExport-noconfig.cmake
[1.553s] -- Up-to-date: /root/overlay_ws/src/install/graph_msgs/share/graph_msgs/cmake/export_graph_msgs__rosidl_typesupport_fastrtps_cExport.cmake
[1.553s] -- Up-to-date: /root/overlay_ws/src/install/graph_msgs/share/graph_msgs/cmake/export_graph_msgs__rosidl_typesupport_fastrtps_cExport-noconfig.cmake
[1.553s] -- Up-to-date: /root/overlay_ws/src/install/graph_msgs/share/graph_msgs/cmake/graph_msgs__rosidl_typesupport_introspection_cExport.cmake
[1.553s] -- Up-to-date: /root/overlay_ws/src/install/graph_msgs/share/graph_msgs/cmake/graph_msgs__rosidl_typesupport_introspection_cExport-noconfig.cmake
[1.553s] -- Up-to-date: /root/overlay_ws/src/install/graph_msgs/share/graph_msgs/cmake/graph_msgs__rosidl_typesupport_cExport.cmake
[1.555s] -- Up-to-date: /root/overlay_ws/src/install/graph_msgs/share/graph_msgs/cmake/graph_msgs__rosidl_typesupport_cExport-noconfig.cmake
[1.555s] -- Up-to-date: /root/overlay_ws/src/install/graph_msgs/share/graph_msgs/cmake/export_graph_msgs__rosidl_generator_cppExport.cmake
[1.556s] -- Up-to-date: /root/overlay_ws/src/install/graph_msgs/share/graph_msgs/cmake/export_graph_msgs__rosidl_typesupport_fastrtps_cppExport.cmake
[1.556s] -- Up-to-date: /root/overlay_ws/src/install/graph_msgs/share/graph_msgs/cmake/export_graph_msgs__rosidl_typesupport_fastrtps_cppExport-noconfig.cmake
[1.556s] -- Up-to-date: /root/overlay_ws/src/install/graph_msgs/share/graph_msgs/cmake/graph_msgs__rosidl_typesupport_introspection_cppExport.cmake
[1.556s] -- Up-to-date: /root/overlay_ws/src/install/graph_msgs/share/graph_msgs/cmake/graph_msgs__rosidl_typesupport_introspection_cppExport-noconfig.cmake
[1.556s] -- Up-to-date: /root/overlay_ws/src/install/graph_msgs/share/graph_msgs/cmake/graph_msgs__rosidl_typesupport_cppExport.cmake
[1.557s] -- Up-to-date: /root/overlay_ws/src/install/graph_msgs/share/graph_msgs/cmake/graph_msgs__rosidl_typesupport_cppExport-noconfig.cmake
[1.557s] -- Up-to-date: /root/overlay_ws/src/install/graph_msgs/share/graph_msgs/cmake/export_graph_msgs__rosidl_generator_pyExport.cmake
[1.557s] -- Up-to-date: /root/overlay_ws/src/install/graph_msgs/share/graph_msgs/cmake/export_graph_msgs__rosidl_generator_pyExport-noconfig.cmake
[1.557s] -- Up-to-date: /root/overlay_ws/src/install/graph_msgs/share/graph_msgs/cmake/rosidl_cmake-extras.cmake
[1.558s] -- Up-to-date: /root/overlay_ws/src/install/graph_msgs/share/graph_msgs/cmake/ament_cmake_export_dependencies-extras.cmake
[1.558s] -- Up-to-date: /root/overlay_ws/src/install/graph_msgs/share/graph_msgs/cmake/ament_cmake_export_include_directories-extras.cmake
[1.558s] -- Up-to-date: /root/overlay_ws/src/install/graph_msgs/share/graph_msgs/cmake/ament_cmake_export_libraries-extras.cmake
[1.559s] -- Up-to-date: /root/overlay_ws/src/install/graph_msgs/share/graph_msgs/cmake/ament_cmake_export_targets-extras.cmake
[1.560s] -- Up-to-date: /root/overlay_ws/src/install/graph_msgs/share/graph_msgs/cmake/rosidl_cmake_export_typesupport_targets-extras.cmake
[1.560s] -- Up-to-date: /root/overlay_ws/src/install/graph_msgs/share/graph_msgs/cmake/rosidl_cmake_export_typesupport_libraries-extras.cmake
[1.560s] -- Up-to-date: /root/overlay_ws/src/install/graph_msgs/share/graph_msgs/cmake/graph_msgsConfig.cmake
[1.561s] -- Up-to-date: /root/overlay_ws/src/install/graph_msgs/share/graph_msgs/cmake/graph_msgsConfig-version.cmake
[1.561s] -- Up-to-date: /root/overlay_ws/src/install/graph_msgs/share/graph_msgs/package.xml
[1.561s] Invoked command in '/root/overlay_ws/src/build/graph_msgs' returned '0': CMAKE_PREFIX_PATH=${CMAKE_PREFIX_PATH}:/root/underlay_ws/install/moveit_configs_utils:/root/underlay_ws/install/launch_param_builder:/opt/ros/humble /usr/bin/cmake --install /root/overlay_ws/src/build/graph_msgs
