[2.291s] Invoking command in '/home/vxlab/on_UR5e/par_pkg': AMENT_PREFIX_PATH=/home/vxlab/on_UR5e/install/par_utils:${AMENT_PREFIX_PATH} CMAKE_PREFIX_PATH=/home/vxlab/on_UR5e/install/par_utils LD_LIBRARY_PATH=/home/vxlab/on_UR5e/install/par_utils/lib:${LD_LIBRARY_PATH} PYTHONPATH=/home/vxlab/on_UR5e/build/par_pkg/prefix_override:/home/vxlab/on_UR5e/install/par_pkg/lib/python3.10/site-packages:/home/vxlab/on_UR5e/install/par_utils/local/lib/python3.10/dist-packages:${PYTHONPATH} /usr/bin/python3 setup.py egg_info --egg-base ../build/par_pkg build --build-base /home/vxlab/on_UR5e/build/par_pkg/build install --record /home/vxlab/on_UR5e/build/par_pkg/install.log --single-version-externally-managed
[2.892s] running egg_info
[2.894s] writing ../build/par_pkg/par_pkg.egg-info/PKG-INFO
[2.896s] writing dependency_links to ../build/par_pkg/par_pkg.egg-info/dependency_links.txt
[2.896s] writing entry points to ../build/par_pkg/par_pkg.egg-info/entry_points.txt
[2.896s] writing requirements to ../build/par_pkg/par_pkg.egg-info/requires.txt
[2.896s] writing top-level names to ../build/par_pkg/par_pkg.egg-info/top_level.txt
[2.900s] reading manifest file '../build/par_pkg/par_pkg.egg-info/SOURCES.txt'
[2.901s] writing manifest file '../build/par_pkg/par_pkg.egg-info/SOURCES.txt'
[2.902s] running build
[2.902s] running build_py
[2.902s] copying par_pkg/helpers.py -> /home/vxlab/on_UR5e/build/par_pkg/build/lib/par_pkg
[2.903s] copying par_pkg/move_to_pose.py -> /home/vxlab/on_UR5e/build/par_pkg/build/lib/par_pkg
[2.903s] copying par_pkg/gripper_control_node.py -> /home/vxlab/on_UR5e/build/par_pkg/build/lib/par_pkg
[2.903s] running install
[2.904s] /usr/lib/python3/dist-packages/setuptools/command/install.py:34: SetuptoolsDeprecationWarning: setup.py install is deprecated. Use build and pip and other standards-based tools.
[2.904s]   warnings.warn(
[2.904s] running install_lib
[2.906s] copying /home/vxlab/on_UR5e/build/par_pkg/build/lib/par_pkg/helpers.py -> /home/vxlab/on_UR5e/install/par_pkg/lib/python3.10/site-packages/par_pkg
[2.906s] copying /home/vxlab/on_UR5e/build/par_pkg/build/lib/par_pkg/move_to_pose.py -> /home/vxlab/on_UR5e/install/par_pkg/lib/python3.10/site-packages/par_pkg
[2.907s] copying /home/vxlab/on_UR5e/build/par_pkg/build/lib/par_pkg/gripper_control_node.py -> /home/vxlab/on_UR5e/install/par_pkg/lib/python3.10/site-packages/par_pkg
[2.908s] byte-compiling /home/vxlab/on_UR5e/install/par_pkg/lib/python3.10/site-packages/par_pkg/helpers.py to helpers.cpython-310.pyc
[2.908s] byte-compiling /home/vxlab/on_UR5e/install/par_pkg/lib/python3.10/site-packages/par_pkg/move_to_pose.py to move_to_pose.cpython-310.pyc
[2.910s] byte-compiling /home/vxlab/on_UR5e/install/par_pkg/lib/python3.10/site-packages/par_pkg/gripper_control_node.py to gripper_control_node.cpython-310.pyc
[2.913s] running install_data
[2.914s] creating /home/vxlab/on_UR5e/install/par_pkg/share/par_pkg/launch
[2.915s] copying launch/par_pkg.launch.py -> /home/vxlab/on_UR5e/install/par_pkg/share/par_pkg/launch
[2.915s] running install_egg_info
[2.918s] removing '/home/vxlab/on_UR5e/install/par_pkg/lib/python3.10/site-packages/par_pkg-0.0.0-py3.10.egg-info' (and everything under it)
[2.918s] Copying ../build/par_pkg/par_pkg.egg-info to /home/vxlab/on_UR5e/install/par_pkg/lib/python3.10/site-packages/par_pkg-0.0.0-py3.10.egg-info
[2.920s] running install_scripts
[2.963s] Installing par_pkg script to /home/vxlab/on_UR5e/install/par_pkg/lib/par_pkg
[2.963s] writing list of installed files to '/home/vxlab/on_UR5e/build/par_pkg/install.log'
[3.004s] Invoked command in '/home/vxlab/on_UR5e/par_pkg' returned '0': AMENT_PREFIX_PATH=/home/vxlab/on_UR5e/install/par_utils:${AMENT_PREFIX_PATH} CMAKE_PREFIX_PATH=/home/vxlab/on_UR5e/install/par_utils LD_LIBRARY_PATH=/home/vxlab/on_UR5e/install/par_utils/lib:${LD_LIBRARY_PATH} PYTHONPATH=/home/vxlab/on_UR5e/build/par_pkg/prefix_override:/home/vxlab/on_UR5e/install/par_pkg/lib/python3.10/site-packages:/home/vxlab/on_UR5e/install/par_utils/local/lib/python3.10/dist-packages:${PYTHONPATH} /usr/bin/python3 setup.py egg_info --egg-base ../build/par_pkg build --build-base /home/vxlab/on_UR5e/build/par_pkg/build install --record /home/vxlab/on_UR5e/build/par_pkg/install.log --single-version-externally-managed
