[0.052s] Invoking command in '/root/overlay_ws/src/build/rviz_visual_tools': CMAKE_PREFIX_PATH=${CMAKE_PREFIX_PATH}:/root/underlay_ws/install/moveit_configs_utils:/root/underlay_ws/install/launch_param_builder:/opt/ros/humble /usr/bin/cmake /root/overlay_ws/src/rviz_visual_tools -DCMAKE_BUILD_TYPE=Debug -DCMAKE_INSTALL_PREFIX=/root/overlay_ws/src/install/rviz_visual_tools
[0.086s] -- Found ament_cmake: 1.3.8 (/opt/ros/humble/share/ament_cmake/cmake)
[0.315s] -- Found rclcpp: 16.0.8 (/opt/ros/humble/share/rclcpp/cmake)
[0.387s] -- Found rosidl_generator_c: 3.1.5 (/opt/ros/humble/share/rosidl_generator_c/cmake)
[0.392s] -- Found rosidl_adapter: 3.1.5 (/opt/ros/humble/share/rosidl_adapter/cmake)
[0.412s] -- Found rosidl_generator_cpp: 3.1.5 (/opt/ros/humble/share/rosidl_generator_cpp/cmake)
[0.437s] -- Using all available rosidl_typesupport_c: rosidl_typesupport_fastrtps_c;rosidl_typesupport_introspection_c
[0.471s] -- Using all available rosidl_typesupport_cpp: rosidl_typesupport_fastrtps_cpp;rosidl_typesupport_introspection_cpp
[0.587s] -- Found rmw_implementation_cmake: 6.1.1 (/opt/ros/humble/share/rmw_implementation_cmake/cmake)
[0.593s] -- Found rmw_fastrtps_cpp: 6.2.6 (/opt/ros/humble/share/rmw_fastrtps_cpp/cmake)
[0.923s] -- Using RMW implementation 'rmw_fastrtps_cpp' as default
[1.325s] -- Found rclcpp_components: 16.0.8 (/opt/ros/humble/share/rclcpp_components/cmake)
[1.460s] -- Found rviz_ogre_vendor: 11.2.12 (/opt/ros/humble/share/rviz_ogre_vendor/cmake)
[1.460s] -- Setting OGRE_DIR to: '/opt/ros/humble/share/rviz_ogre_vendor/cmake/../../../opt/rviz_ogre_vendor/lib/OGRE/cmake'
[1.463s] -- Found OGRE
[1.463s] --   static     : OFF
[1.463s] --   components : HLMS;MeshLodGenerator;Overlay;Paging;Property;RTShaderSystem;Terrain;Volume
[1.463s] --   plugins    : Plugin_BSPSceneManager;Plugin_OctreeSceneManager;Plugin_PCZSceneManager;Plugin_ParticleFX;RenderSystem_GL;RenderSystem_GL3Plus;Codec_STBI
[1.464s] --   media      : /opt/ros/humble/opt/rviz_ogre_vendor/share/OGRE/Media
[1.464s] -- OGRE_LIBRARIES: OgreHLMS;OgreMeshLodGenerator;OgreOverlay;OgrePaging;OgreProperty;OgreRTShaderSystem;OgreTerrain;OgreVolume;OgreMain
[1.464s] -- OGRE_LIBRARY_DIRS: /opt/ros/humble/opt/rviz_ogre_vendor/lib
[1.464s] -- OGRE_PLUGINS: Plugin_BSPSceneManager;Plugin_OctreeSceneManager;Plugin_PCZSceneManager;Plugin_ParticleFX;RenderSystem_GL;RenderSystem_GL3Plus;Codec_STBI
[1.464s] -- OGRE_PLUGIN_DIR: /opt/ros/humble/opt/rviz_ogre_vendor/lib/OGRE
[1.464s] -- rviz_ogre_vendor::OgreOverlay for IMPORTED_LOCATION_RELEASE: /opt/ros/humble/opt/rviz_ogre_vendor/lib/libOgreOverlay.so
[1.465s] -- rviz_ogre_vendor::OgreOverlay for IMPORTED_LOCATION_DEBUG: /opt/ros/humble/opt/rviz_ogre_vendor/lib/libOgreOverlay.so
[1.465s] -- rviz_ogre_vendor::OgreMain for IMPORTED_LOCATION_RELEASE: /opt/ros/humble/opt/rviz_ogre_vendor/lib/libOgreMain.so
[1.465s] -- rviz_ogre_vendor::OgreMain for IMPORTED_LOCATION_DEBUG: /opt/ros/humble/opt/rviz_ogre_vendor/lib/libOgreMain.so
[1.466s] -- Could not find freeimage library
[1.583s] -- rviz_ogre_vendor::RenderSystem_GL for IMPORTED_LOCATION_RELEASE: _render_system_gl_static_library_abs-NOTFOUND
[1.584s] -- rviz_ogre_vendor::RenderSystem_GL for IMPORTED_LOCATION_DEBUG: _render_system_gl_static_library_abs-NOTFOUND
[1.584s] -- Found sensor_msgs: 4.2.3 (/opt/ros/humble/share/sensor_msgs/cmake)
[1.846s] -- Found shape_msgs: 4.2.3 (/opt/ros/humble/share/shape_msgs/cmake)
[1.947s] -- Found visualization_msgs: 4.2.3 (/opt/ros/humble/share/visualization_msgs/cmake)
[2.193s] -- Found trajectory_msgs: 4.2.3 (/opt/ros/humble/share/trajectory_msgs/cmake)
[2.352s] -- Found eigen3_cmake_module: 0.1.1 (/opt/ros/humble/share/eigen3_cmake_module/cmake)
[2.352s] -- Found eigen_stl_containers: 1.0.0 (/opt/ros/humble/share/eigen_stl_containers/cmake)
[2.368s] -- Found tf2: 0.25.6 (/opt/ros/humble/share/tf2/cmake)
[2.386s] -- Found tf2_eigen: 0.25.6 (/opt/ros/humble/share/tf2_eigen/cmake)
[2.937s] -- Found tf2_geometry_msgs: 0.25.6 (/opt/ros/humble/share/tf2_geometry_msgs/cmake)
[2.949s] -- Ensuring Eigen3 include directory is part of orocos-kdl CMake target
[2.963s] -- Found pluginlib: 5.1.0 (/opt/ros/humble/share/pluginlib/cmake)
[2.999s] -- Found interactive_markers: 2.3.2 (/opt/ros/humble/share/interactive_markers/cmake)
[3.021s] -- Found rviz_common: 11.2.12 (/opt/ros/humble/share/rviz_common/cmake)
[3.114s] -- library: /usr/lib/x86_64-linux-gnu/libcurl.so
[3.257s] -- Found rviz_default_plugins: 11.2.12 (/opt/ros/humble/share/rviz_default_plugins/cmake)
[5.656s] -- Found ament_cmake_gtest: 1.3.8 (/opt/ros/humble/share/ament_cmake_gtest/cmake)
[5.658s] -- Found gtest sources under '/opt/ros/humble/src/gtest_vendor': C++ tests using 'Google Test' will be built
[5.834s] -- Configuring done
[6.056s] -- Generating done
[6.066s] -- Build files have been written to: /root/overlay_ws/src/build/rviz_visual_tools
[6.089s] Invoked command in '/root/overlay_ws/src/build/rviz_visual_tools' returned '0': CMAKE_PREFIX_PATH=${CMAKE_PREFIX_PATH}:/root/underlay_ws/install/moveit_configs_utils:/root/underlay_ws/install/launch_param_builder:/opt/ros/humble /usr/bin/cmake /root/overlay_ws/src/rviz_visual_tools -DCMAKE_BUILD_TYPE=Debug -DCMAKE_INSTALL_PREFIX=/root/overlay_ws/src/install/rviz_visual_tools
[6.092s] Invoking command in '/root/overlay_ws/src/build/rviz_visual_tools': CMAKE_PREFIX_PATH=${CMAKE_PREFIX_PATH}:/root/underlay_ws/install/moveit_configs_utils:/root/underlay_ws/install/launch_param_builder:/opt/ros/humble /usr/bin/cmake --build /root/overlay_ws/src/build/rviz_visual_tools -- -j8 -l8
[6.281s] [  2%] [34m[1mAutomatic MOC for target rviz_visual_tools_gui[0m
[6.288s] [  5%] [34m[1mAutomatic MOC for target rviz_visual_tools_remote_control[0m
[6.295s] [  7%] [34m[1mAutomatic MOC for target gtest_main[0m
[6.321s] [ 10%] [34m[1mAutomatic MOC for target gtest[0m
[6.363s] [ 10%] Built target rviz_visual_tools_remote_control_autogen
[6.394s] [ 10%] Built target gtest_main_autogen
[6.445s] [35m[1mConsolidate compiler generated dependencies of target gtest_main[0m
[6.471s] [35m[1mConsolidate compiler generated dependencies of target rviz_visual_tools_remote_control[0m
[6.491s] [ 10%] Built target gtest_autogen
[6.499s] [ 12%] [32mBuilding CXX object gtest/CMakeFiles/gtest_main.dir/gtest_main_autogen/mocs_compilation.cpp.o[0m
[6.537s] [ 15%] [32mBuilding CXX object gtest/CMakeFiles/gtest_main.dir/src/gtest_main.cc.o[0m
[6.553s] [35m[1mConsolidate compiler generated dependencies of target gtest[0m
[6.561s] [ 17%] [32mBuilding CXX object CMakeFiles/rviz_visual_tools_remote_control.dir/rviz_visual_tools_remote_control_autogen/mocs_compilation.cpp.o[0m
[6.579s] [ 20%] [32mBuilding CXX object CMakeFiles/rviz_visual_tools_remote_control.dir/src/remote_control.cpp.o[0m
[6.618s] [ 23%] [32mBuilding CXX object gtest/CMakeFiles/gtest.dir/gtest_autogen/mocs_compilation.cpp.o[0m
[6.633s] [ 25%] [32mBuilding CXX object gtest/CMakeFiles/gtest.dir/src/gtest-all.cc.o[0m
[7.010s] [ 25%] Built target rviz_visual_tools_gui_autogen
[7.061s] [35m[1mConsolidate compiler generated dependencies of target rviz_visual_tools_gui[0m
[7.157s] [ 28%] [32mBuilding CXX object CMakeFiles/rviz_visual_tools_gui.dir/rviz_visual_tools_gui_autogen/mocs_compilation.cpp.o[0m
[7.209s] [ 30%] [32mBuilding CXX object CMakeFiles/rviz_visual_tools_gui.dir/src/rviz_visual_tools_gui.cpp.o[0m
[7.241s] [ 33%] [32mBuilding CXX object CMakeFiles/rviz_visual_tools_gui.dir/src/key_tool.cpp.o[0m
[7.256s] [ 35%] [32mBuilding CXX object CMakeFiles/rviz_visual_tools_gui.dir/src/remote_control.cpp.o[0m
[8.830s] [ 38%] [32m[1mLinking CXX static library libgtest_main.a[0m
[9.049s] [ 38%] Built target gtest_main
[16.990s] [ 41%] [32m[1mLinking CXX static library libgtest.a[0m
[17.301s] [ 41%] Built target gtest
[31.548s] [ 43%] [32m[1mLinking CXX shared library librviz_visual_tools_remote_control.so[0m
[32.689s] [ 43%] Built target rviz_visual_tools_remote_control
[32.791s] [ 46%] [32m[1mLinking CXX shared library librviz_visual_tools_gui.so[0m
[36.814s] [ 46%] Built target rviz_visual_tools_gui
[36.864s] [ 48%] [34m[1mAutomatic MOC for target rviz_visual_tools[0m
[36.914s] [ 48%] Built target rviz_visual_tools_autogen
[36.943s] [35m[1mConsolidate compiler generated dependencies of target rviz_visual_tools[0m
[36.990s] [ 51%] [32mBuilding CXX object CMakeFiles/rviz_visual_tools.dir/rviz_visual_tools_autogen/mocs_compilation.cpp.o[0m
[37.034s] [ 53%] [32mBuilding CXX object CMakeFiles/rviz_visual_tools.dir/src/tf_visual_tools.cpp.o[0m
[51.543s] [ 56%] [32mBuilding CXX object CMakeFiles/rviz_visual_tools.dir/src/rviz_visual_tools.cpp.o[0m
[86.247s] [ 58%] [32m[1mLinking CXX shared library librviz_visual_tools.so[0m
[88.319s] [ 58%] Built target rviz_visual_tools
[88.365s] [ 61%] [34m[1mAutomatic MOC for target rviz_visual_tools_imarker_simple[0m
[88.409s] [ 61%] Built target rviz_visual_tools_imarker_simple_autogen
[88.460s] [ 64%] [34m[1mAutomatic MOC for target rviz_visual_tools_rvt_test[0m
[88.504s] [ 64%] Built target rviz_visual_tools_rvt_test_autogen
[88.529s] [35m[1mConsolidate compiler generated dependencies of target rviz_visual_tools_imarker_simple[0m
[88.570s] [ 66%] [32mBuilding CXX object CMakeFiles/rviz_visual_tools_imarker_simple.dir/rviz_visual_tools_imarker_simple_autogen/mocs_compilation.cpp.o[0m
[88.614s] [ 69%] [32mBuilding CXX object CMakeFiles/rviz_visual_tools_imarker_simple.dir/src/imarker_simple.cpp.o[0m
[98.167s] [ 71%] [32m[1mLinking CXX shared library librviz_visual_tools_imarker_simple.so[0m
[98.784s] [ 71%] Built target rviz_visual_tools_imarker_simple
[98.816s] [35m[1mConsolidate compiler generated dependencies of target rviz_visual_tools_rvt_test[0m
[98.855s] [ 74%] [32mBuilding CXX object CMakeFiles/rviz_visual_tools_rvt_test.dir/rviz_visual_tools_rvt_test_autogen/mocs_compilation.cpp.o[0m
[98.899s] [ 76%] [32mBuilding CXX object CMakeFiles/rviz_visual_tools_rvt_test.dir/tests/rvt_test.cpp.o[0m
[111.067s] [ 79%] [32m[1mLinking CXX executable rviz_visual_tools_rvt_test[0m
[112.166s] [ 79%] Built target rviz_visual_tools_rvt_test
[112.216s] [ 82%] [34m[1mAutomatic MOC for target rviz_visual_tools_imarker_simple_demo[0m
[112.260s] [ 82%] Built target rviz_visual_tools_imarker_simple_demo_autogen
[112.309s] [ 84%] [34m[1mAutomatic MOC for target rviz_visual_tools_demo[0m
[112.355s] [ 84%] Built target rviz_visual_tools_demo_autogen
[112.380s] [35m[1mConsolidate compiler generated dependencies of target rviz_visual_tools_imarker_simple_demo[0m
[112.417s] [ 87%] [32mBuilding CXX object CMakeFiles/rviz_visual_tools_imarker_simple_demo.dir/rviz_visual_tools_imarker_simple_demo_autogen/mocs_compilation.cpp.o[0m
[112.462s] [ 89%] [32mBuilding CXX object CMakeFiles/rviz_visual_tools_imarker_simple_demo.dir/src/imarker_simple_demo.cpp.o[0m
[121.747s] [ 92%] [32m[1mLinking CXX executable rviz_visual_tools_imarker_simple_demo[0m
[122.496s] [ 92%] Built target rviz_visual_tools_imarker_simple_demo
[122.520s] [35m[1mConsolidate compiler generated dependencies of target rviz_visual_tools_demo[0m
[122.563s] [ 94%] [32mBuilding CXX object CMakeFiles/rviz_visual_tools_demo.dir/src/rviz_visual_tools_demo.cpp.o[0m
[122.564s] [ 97%] [32mBuilding CXX object CMakeFiles/rviz_visual_tools_demo.dir/rviz_visual_tools_demo_autogen/mocs_compilation.cpp.o[0m
[133.142s] [100%] [32m[1mLinking CXX executable rviz_visual_tools_demo[0m
[133.970s] [100%] Built target rviz_visual_tools_demo
[134.002s] Invoked command in '/root/overlay_ws/src/build/rviz_visual_tools' returned '0': CMAKE_PREFIX_PATH=${CMAKE_PREFIX_PATH}:/root/underlay_ws/install/moveit_configs_utils:/root/underlay_ws/install/launch_param_builder:/opt/ros/humble /usr/bin/cmake --build /root/overlay_ws/src/build/rviz_visual_tools -- -j8 -l8
[134.242s] Invoking command in '/root/overlay_ws/src/build/rviz_visual_tools': CMAKE_PREFIX_PATH=${CMAKE_PREFIX_PATH}:/root/underlay_ws/install/moveit_configs_utils:/root/underlay_ws/install/launch_param_builder:/opt/ros/humble /usr/bin/cmake --install /root/overlay_ws/src/build/rviz_visual_tools
[134.259s] -- Install configuration: "Debug"
[134.259s] -- Up-to-date: /root/overlay_ws/src/install/rviz_visual_tools/share/rviz_visual_tools/plugin_description.xml
[134.260s] -- Installing: /root/overlay_ws/src/install/rviz_visual_tools/lib/librviz_visual_tools.so
[134.315s] -- Set runtime path of "/root/overlay_ws/src/install/rviz_visual_tools/lib/librviz_visual_tools.so" to ""
[134.315s] -- Installing: /root/overlay_ws/src/install/rviz_visual_tools/lib/librviz_visual_tools_remote_control.so
[134.341s] -- Set runtime path of "/root/overlay_ws/src/install/rviz_visual_tools/lib/librviz_visual_tools_remote_control.so" to ""
[134.341s] -- Installing: /root/overlay_ws/src/install/rviz_visual_tools/lib/librviz_visual_tools_gui.so
[134.372s] -- Set runtime path of "/root/overlay_ws/src/install/rviz_visual_tools/lib/librviz_visual_tools_gui.so" to ""
[134.372s] -- Installing: /root/overlay_ws/src/install/rviz_visual_tools/lib/librviz_visual_tools_imarker_simple.so
[134.377s] -- Set runtime path of "/root/overlay_ws/src/install/rviz_visual_tools/lib/librviz_visual_tools_imarker_simple.so" to ""
[134.377s] -- Installing: /root/overlay_ws/src/install/rviz_visual_tools/lib/rviz_visual_tools/rviz_visual_tools_demo
[134.384s] -- Set runtime path of "/root/overlay_ws/src/install/rviz_visual_tools/lib/rviz_visual_tools/rviz_visual_tools_demo" to ""
[134.384s] -- Installing: /root/overlay_ws/src/install/rviz_visual_tools/lib/rviz_visual_tools/rviz_visual_tools_imarker_simple_demo
[134.388s] -- Set runtime path of "/root/overlay_ws/src/install/rviz_visual_tools/lib/rviz_visual_tools/rviz_visual_tools_imarker_simple_demo" to ""
[134.388s] -- Up-to-date: /root/overlay_ws/src/install/rviz_visual_tools/include
[134.388s] -- Up-to-date: /root/overlay_ws/src/install/rviz_visual_tools/include/rviz_visual_tools
[134.389s] -- Up-to-date: /root/overlay_ws/src/install/rviz_visual_tools/include/rviz_visual_tools/imarker_simple.hpp
[134.389s] -- Up-to-date: /root/overlay_ws/src/install/rviz_visual_tools/include/rviz_visual_tools/rviz_visual_tools.hpp
[134.389s] -- Up-to-date: /root/overlay_ws/src/install/rviz_visual_tools/include/rviz_visual_tools/remote_control.hpp
[134.389s] -- Up-to-date: /root/overlay_ws/src/install/rviz_visual_tools/include/rviz_visual_tools/tf_visual_tools.hpp
[134.389s] -- Up-to-date: /root/overlay_ws/src/install/rviz_visual_tools/include/rviz_visual_tools/key_tool.hpp
[134.389s] -- Up-to-date: /root/overlay_ws/src/install/rviz_visual_tools/include/rviz_visual_tools/remote_reciever.hpp
[134.390s] -- Up-to-date: /root/overlay_ws/src/install/rviz_visual_tools/include/rviz_visual_tools/rviz_visual_tools_gui.hpp
[134.390s] -- Up-to-date: /root/overlay_ws/src/install/rviz_visual_tools/share/rviz_visual_tools/launch
[134.390s] -- Up-to-date: /root/overlay_ws/src/install/rviz_visual_tools/share/rviz_visual_tools/launch/rvt_test.launch
[134.390s] -- Up-to-date: /root/overlay_ws/src/install/rviz_visual_tools/share/rviz_visual_tools/launch/demo_rviz.launch.py
[134.390s] -- Up-to-date: /root/overlay_ws/src/install/rviz_visual_tools/share/rviz_visual_tools/launch/demo.rviz
[134.392s] -- Up-to-date: /root/overlay_ws/src/install/rviz_visual_tools/share/rviz_visual_tools/launch/demo_combined.launch.py
[134.392s] -- Up-to-date: /root/overlay_ws/src/install/rviz_visual_tools/share/rviz_visual_tools/environment/library_path.sh
[134.392s] -- Installing: /root/overlay_ws/src/install/rviz_visual_tools/share/rviz_visual_tools/environment/library_path.dsv
[134.392s] -- Up-to-date: /root/overlay_ws/src/install/rviz_visual_tools/share/ament_index/resource_index/package_run_dependencies/rviz_visual_tools
[134.393s] -- Up-to-date: /root/overlay_ws/src/install/rviz_visual_tools/share/ament_index/resource_index/parent_prefix_path/rviz_visual_tools
[134.393s] -- Up-to-date: /root/overlay_ws/src/install/rviz_visual_tools/share/rviz_visual_tools/environment/ament_prefix_path.sh
[134.393s] -- Installing: /root/overlay_ws/src/install/rviz_visual_tools/share/rviz_visual_tools/environment/ament_prefix_path.dsv
[134.393s] -- Up-to-date: /root/overlay_ws/src/install/rviz_visual_tools/share/rviz_visual_tools/environment/path.sh
[134.393s] -- Installing: /root/overlay_ws/src/install/rviz_visual_tools/share/rviz_visual_tools/environment/path.dsv
[134.393s] -- Up-to-date: /root/overlay_ws/src/install/rviz_visual_tools/share/rviz_visual_tools/local_setup.bash
[134.394s] -- Up-to-date: /root/overlay_ws/src/install/rviz_visual_tools/share/rviz_visual_tools/local_setup.sh
[134.394s] -- Up-to-date: /root/overlay_ws/src/install/rviz_visual_tools/share/rviz_visual_tools/local_setup.zsh
[134.394s] -- Installing: /root/overlay_ws/src/install/rviz_visual_tools/share/rviz_visual_tools/local_setup.dsv
[134.394s] -- Installing: /root/overlay_ws/src/install/rviz_visual_tools/share/rviz_visual_tools/package.dsv
[134.394s] -- Up-to-date: /root/overlay_ws/src/install/rviz_visual_tools/share/ament_index/resource_index/packages/rviz_visual_tools
[134.395s] -- Up-to-date: /root/overlay_ws/src/install/rviz_visual_tools/share/ament_index/resource_index/rviz_common__pluginlib__plugin/rviz_visual_tools
[134.395s] -- Up-to-date: /root/overlay_ws/src/install/rviz_visual_tools/share/rviz_visual_tools/cmake/export_rviz_visual_toolsExport.cmake
[134.395s] -- Installing: /root/overlay_ws/src/install/rviz_visual_tools/share/rviz_visual_tools/cmake/export_rviz_visual_toolsExport-debug.cmake
[134.395s] -- Up-to-date: /root/overlay_ws/src/install/rviz_visual_tools/share/rviz_visual_tools/cmake/ament_cmake_export_targets-extras.cmake
[134.395s] -- Up-to-date: /root/overlay_ws/src/install/rviz_visual_tools/share/rviz_visual_tools/cmake/ament_cmake_export_dependencies-extras.cmake
[134.396s] -- Up-to-date: /root/overlay_ws/src/install/rviz_visual_tools/share/rviz_visual_tools/cmake/ament_cmake_export_include_directories-extras.cmake
[134.396s] -- Up-to-date: /root/overlay_ws/src/install/rviz_visual_tools/share/rviz_visual_tools/cmake/ament_cmake_export_libraries-extras.cmake
[134.397s] -- Up-to-date: /root/overlay_ws/src/install/rviz_visual_tools/share/rviz_visual_tools/cmake/rviz_visual_toolsConfig.cmake
[134.398s] -- Up-to-date: /root/overlay_ws/src/install/rviz_visual_tools/share/rviz_visual_tools/cmake/rviz_visual_toolsConfig-version.cmake
[134.398s] -- Up-to-date: /root/overlay_ws/src/install/rviz_visual_tools/share/rviz_visual_tools/package.xml
[134.398s] Invoked command in '/root/overlay_ws/src/build/rviz_visual_tools' returned '0': CMAKE_PREFIX_PATH=${CMAKE_PREFIX_PATH}:/root/underlay_ws/install/moveit_configs_utils:/root/underlay_ws/install/launch_param_builder:/opt/ros/humble /usr/bin/cmake --install /root/overlay_ws/src/build/rviz_visual_tools
