[0.041s] Invoking command in '/root/overlay_ws/src/build/moveit_visual_tools': AMENT_PREFIX_PATH=/root/overlay_ws/src/install/rviz_visual_tools:/root/overlay_ws/src/install/graph_msgs:${AMENT_PREFIX_PATH} CMAKE_PREFIX_PATH=/root/overlay_ws/src/install/rviz_visual_tools:/root/overlay_ws/src/install/graph_msgs:/root/overlay_ws/install/hello_moveit_ur:/root/underlay_ws/install/pilz_industrial_motion_planner_testutils:/root/underlay_ws/install/moveit_runtime:/root/underlay_ws/install/moveit2_tutorials:/root/underlay_ws/install/moveit:/root/underlay_ws/install/moveit_planners:/root/underlay_ws/install/pilz_industrial_motion_planner:/root/underlay_ws/install/moveit_visual_tools:/root/underlay_ws/install/moveit_task_constructor_visualization:/root/underlay_ws/install/moveit_task_constructor_demo:/root/underlay_ws/install/moveit_task_constructor_capabilities:/root/underlay_ws/install/moveit_task_constructor_core:/root/underlay_ws/install/moveit_ros_control_interface:/root/underlay_ws/install/moveit_plugins:/root/underlay_ws/install/moveit_simple_controller_manager:/root/underlay_ws/install/moveit_setup_assistant:/root/underlay_ws/install/moveit_setup_srdf_plugins:/root/underlay_ws/install/moveit_setup_core_plugins:/root/underlay_ws/install/moveit_setup_controllers:/root/underlay_ws/install/moveit_setup_app_plugins:/root/underlay_ws/install/moveit_setup_framework:/root/underlay_ws/install/moveit_servo:/root/underlay_ws/install/moveit_ros:/root/underlay_ws/install/moveit_ros_visualization:/root/underlay_ws/install/moveit_hybrid_planning:/root/underlay_ws/install/moveit_ros_planning_interface:/root/underlay_ws/install/moveit_ros_benchmarks:/root/underlay_ws/install/moveit_ros_warehouse:/root/underlay_ws/install/moveit_ros_robot_interaction:/root/underlay_ws/install/moveit_ros_perception:/root/underlay_ws/install/moveit_resources_prbt_pg70_support:/root/underlay_ws/install/moveit_resources_prbt_moveit_config:/root/underlay_ws/install/moveit_ros_move_group:/root/underlay_ws/install/moveit_planners_ompl:/root/underlay_ws/install/moveit_ros_planning:/root/underlay_ws/install/moveit_ros_occupancy_map_monitor:/root/underlay_ws/install/moveit_resources_prbt_ikfast_manipulator_plugin:/root/underlay_ws/install/moveit_planners_chomp:/root/underlay_ws/install/moveit_kinematics:/root/underlay_ws/install/moveit_chomp_optimizer_adapter:/root/underlay_ws/install/chomp_motion_planner:/root/underlay_ws/install/moveit_core:/root/underlay_ws/install/srdfdom:/root/underlay_ws/install/rviz_marker_tools:/root/underlay_ws/install/rosparam_shortcuts:/root/underlay_ws/install/moveit_task_constructor_msgs:/root/underlay_ws/install/moveit_resources_prbt_support:/root/underlay_ws/install/moveit_resources:/root/underlay_ws/install/moveit_resources_pr2_description:/root/underlay_ws/install/moveit_resources_panda_moveit_config:/root/underlay_ws/install/moveit_resources_panda_description:/root/underlay_ws/install/moveit_resources_fanuc_moveit_config:/root/underlay_ws/install/moveit_resources_fanuc_description:/root/underlay_ws/install/moveit_common:/root/underlay_ws/install/moveit_configs_utils:/root/underlay_ws/install/launch_param_builder:/opt/ros/humble LD_LIBRARY_PATH=/root/overlay_ws/src/install/rviz_visual_tools/lib:/root/overlay_ws/src/install/graph_msgs/lib:${LD_LIBRARY_PATH} PYTHONPATH=/root/overlay_ws/src/install/graph_msgs/local/lib/python3.10/dist-packages:${PYTHONPATH} /usr/bin/cmake /root/overlay_ws/src/moveit_visual_tools -DCMAKE_INSTALL_PREFIX=/root/overlay_ws/src/install/moveit_visual_tools
[0.157s] -- The C compiler identification is GNU 11.4.0
[0.257s] -- The CXX compiler identification is GNU 11.4.0
[0.273s] -- Detecting C compiler ABI info
[0.433s] -- Detecting C compiler ABI info - done
[0.451s] -- Check for working C compiler: /usr/bin/cc - skipped
[0.452s] -- Detecting C compile features
[0.452s] -- Detecting C compile features - done
[0.457s] -- Detecting CXX compiler ABI info
[0.626s] -- Detecting CXX compiler ABI info - done
[0.645s] -- Check for working CXX compiler: /usr/bin/c++ - skipped
[0.646s] -- Detecting CXX compile features
[0.647s] -- Detecting CXX compile features - done
[0.667s] -- Found moveit_common: 2.5.5 (/root/underlay_ws/install/moveit_common/share/moveit_common/cmake)
[0.689s] -- Found ament_cmake: 1.3.8 (/opt/ros/humble/share/ament_cmake/cmake)
[1.000s] -- Found Python3: /usr/bin/python3 (found version "3.10.12") found components: Interpreter 
[1.489s] -- Found libdw: /usr/lib/x86_64-linux-gnu/libdw.so  
[1.505s] -- Could NOT find libbfd (missing: LIBBFD_LIBRARY LIBBFD_INCLUDE_DIR) 
[1.505s] -- BACKWARD_HAS_UNWIND=1
[1.505s] -- BACKWARD_HAS_BACKTRACE=0
[1.505s] -- BACKWARD_HAS_BACKTRACE_SYMBOL=0
[1.505s] -- BACKWARD_HAS_DW=1
[1.505s] -- BACKWARD_HAS_BFD=0
[1.506s] -- Found Backward: /opt/ros/humble/share/backward_ros/cmake  
[1.507s] [0mmoveit_visual_tools: You did not request a specific build type: Choosing 'Release' for maximum performance[0m
[1.569s] -- Found Boost: /usr/lib/x86_64-linux-gnu/cmake/Boost-1.74.0/BoostConfig.cmake (found version "1.74.0") found components: system 
[1.604s] -- Found geometry_msgs: 4.2.3 (/opt/ros/humble/share/geometry_msgs/cmake)
[1.799s] -- Found rosidl_generator_c: 3.1.5 (/opt/ros/humble/share/rosidl_generator_c/cmake)
[1.833s] -- Found rosidl_adapter: 3.1.5 (/opt/ros/humble/share/rosidl_adapter/cmake)
[1.869s] -- Found rosidl_generator_cpp: 3.1.5 (/opt/ros/humble/share/rosidl_generator_cpp/cmake)
[1.924s] -- Using all available rosidl_typesupport_c: rosidl_typesupport_fastrtps_c;rosidl_typesupport_introspection_c
[2.001s] -- Using all available rosidl_typesupport_cpp: rosidl_typesupport_fastrtps_cpp;rosidl_typesupport_introspection_cpp
[2.297s] -- Found graph_msgs: 0.2.0 (/root/overlay_ws/src/install/graph_msgs/share/graph_msgs/cmake)
[2.476s] -- Found moveit_core: 2.5.5 (/root/underlay_ws/install/moveit_core/share/moveit_core/cmake)
[3.084s] -- Found Boost: /usr/lib/x86_64-linux-gnu/cmake/Boost-1.74.0/BoostConfig.cmake (found version "1.74.0") found components: chrono date_time filesystem iostreams program_options regex serialization system thread 
[3.287s] -- Found parameter_traits: 0.3.8 (/opt/ros/humble/share/parameter_traits/cmake)
[3.546s] -- Found rmw_implementation_cmake: 6.1.1 (/opt/ros/humble/share/rmw_implementation_cmake/cmake)
[3.566s] -- Found rmw_fastrtps_cpp: 6.2.6 (/opt/ros/humble/share/rmw_fastrtps_cpp/cmake)
[3.875s] -- Found OpenSSL: /usr/lib/x86_64-linux-gnu/libcrypto.so (found version "3.0.2")  
[3.938s] -- Found FastRTPS: /opt/ros/humble/include  
[4.055s] -- Using RMW implementation 'rmw_fastrtps_cpp' as default
[4.109s] -- Found Threads: TRUE  
[4.465s] -- Found Eigen3: TRUE (found version "3.4.0") 
[4.481s] -- Found rclcpp_lifecycle: 16.0.8 (/opt/ros/humble/share/rclcpp_lifecycle/cmake)
[4.637s] -- Found Boost: /usr/lib/x86_64-linux-gnu/cmake/Boost-1.74.0/BoostConfig.cmake (found version "1.74.0") found components: filesystem 
[4.949s] -- library: /usr/lib/x86_64-linux-gnu/libcurl.so
[5.694s] -- Ensuring Eigen3 include directory is part of orocos-kdl CMake target
[8.243s] -- Found moveit_ros_planning: 2.5.5 (/root/underlay_ws/install/moveit_ros_planning/share/moveit_ros_planning/cmake)
[8.251s] -- Found Boost: /usr/lib/x86_64-linux-gnu/cmake/Boost-1.74.0/BoostConfig.cmake (found version "1.74.0") found components: system filesystem date_time program_options thread chrono 
[9.062s] -- Found rviz_visual_tools: 4.1.4 (/root/overlay_ws/src/install/rviz_visual_tools/share/rviz_visual_tools/cmake)
[9.407s] -- Setting OGRE_DIR to: '/opt/ros/humble/share/rviz_ogre_vendor/cmake/../../../opt/rviz_ogre_vendor/lib/OGRE/cmake'
[9.410s] -- Found OGRE
[9.410s] --   static     : OFF
[9.410s] --   components : HLMS;MeshLodGenerator;Overlay;Paging;Property;RTShaderSystem;Terrain;Volume
[9.411s] --   plugins    : Plugin_BSPSceneManager;Plugin_OctreeSceneManager;Plugin_PCZSceneManager;Plugin_ParticleFX;RenderSystem_GL;RenderSystem_GL3Plus;Codec_STBI
[9.411s] --   media      : /opt/ros/humble/opt/rviz_ogre_vendor/share/OGRE/Media
[9.411s] -- OGRE_LIBRARIES: OgreHLMS;OgreMeshLodGenerator;OgreOverlay;OgrePaging;OgreProperty;OgreRTShaderSystem;OgreTerrain;OgreVolume;OgreMain
[9.411s] -- OGRE_LIBRARY_DIRS: /opt/ros/humble/opt/rviz_ogre_vendor/lib
[9.411s] -- OGRE_PLUGINS: Plugin_BSPSceneManager;Plugin_OctreeSceneManager;Plugin_PCZSceneManager;Plugin_ParticleFX;RenderSystem_GL;RenderSystem_GL3Plus;Codec_STBI
[9.411s] -- OGRE_PLUGIN_DIR: /opt/ros/humble/opt/rviz_ogre_vendor/lib/OGRE
[9.412s] -- rviz_ogre_vendor::OgreOverlay for IMPORTED_LOCATION_RELEASE: /opt/ros/humble/opt/rviz_ogre_vendor/lib/libOgreOverlay.so
[9.412s] -- rviz_ogre_vendor::OgreOverlay for IMPORTED_LOCATION_DEBUG: /opt/ros/humble/opt/rviz_ogre_vendor/lib/libOgreOverlay.so
[9.412s] -- rviz_ogre_vendor::OgreMain for IMPORTED_LOCATION_RELEASE: /opt/ros/humble/opt/rviz_ogre_vendor/lib/libOgreMain.so
[9.412s] -- rviz_ogre_vendor::OgreMain for IMPORTED_LOCATION_DEBUG: /opt/ros/humble/opt/rviz_ogre_vendor/lib/libOgreMain.so
[9.414s] -- Could not find freeimage library
[9.461s] -- Found ZLIB: /usr/lib/x86_64-linux-gnu/libz.so (found version "1.2.11") 
[9.475s] -- Found OpenGL: /usr/lib/x86_64-linux-gnu/libOpenGL.so   
[9.737s] -- Found X11: /usr/include   
[9.738s] -- Looking for XOpenDisplay in /usr/lib/x86_64-linux-gnu/libX11.so;/usr/lib/x86_64-linux-gnu/libXext.so
[9.952s] -- Looking for XOpenDisplay in /usr/lib/x86_64-linux-gnu/libX11.so;/usr/lib/x86_64-linux-gnu/libXext.so - found
[9.952s] -- Looking for gethostbyname
[10.146s] -- Looking for gethostbyname - found
[10.146s] -- Looking for connect
[10.354s] -- Looking for connect - found
[10.355s] -- Looking for remove
[10.574s] -- Looking for remove - found
[10.574s] -- Looking for shmat
[10.781s] -- Looking for shmat - found
[10.781s] -- Looking for IceConnectionNumber in ICE
[10.993s] -- Looking for IceConnectionNumber in ICE - found
[10.997s] -- rviz_ogre_vendor::RenderSystem_GL for IMPORTED_LOCATION_RELEASE: _render_system_gl_static_library_abs-NOTFOUND
[10.998s] -- rviz_ogre_vendor::RenderSystem_GL for IMPORTED_LOCATION_DEBUG: _render_system_gl_static_library_abs-NOTFOUND
[12.360s] -- Found ament_lint_auto: 0.12.10 (/opt/ros/humble/share/ament_lint_auto/cmake)
[12.468s] -- Added test 'copyright' to check source files copyright and LICENSE
[12.471s] -- Added test 'flake8' to check Python code syntax and style conventions
[12.475s] -- Added test 'lint_cmake' to check CMake code style
[12.479s] -- Added test 'pep257' to check Python code against some of the docstring style conventions in PEP 257
[12.482s] -- Added test 'xmllint' to check XML markup files
[12.488s] -- Configuring done
[12.639s] -- Generating done
[12.644s] -- Build files have been written to: /root/overlay_ws/src/build/moveit_visual_tools
[12.675s] Invoked command in '/root/overlay_ws/src/build/moveit_visual_tools' returned '0': AMENT_PREFIX_PATH=/root/overlay_ws/src/install/rviz_visual_tools:/root/overlay_ws/src/install/graph_msgs:${AMENT_PREFIX_PATH} CMAKE_PREFIX_PATH=/root/overlay_ws/src/install/rviz_visual_tools:/root/overlay_ws/src/install/graph_msgs:/root/overlay_ws/install/hello_moveit_ur:/root/underlay_ws/install/pilz_industrial_motion_planner_testutils:/root/underlay_ws/install/moveit_runtime:/root/underlay_ws/install/moveit2_tutorials:/root/underlay_ws/install/moveit:/root/underlay_ws/install/moveit_planners:/root/underlay_ws/install/pilz_industrial_motion_planner:/root/underlay_ws/install/moveit_visual_tools:/root/underlay_ws/install/moveit_task_constructor_visualization:/root/underlay_ws/install/moveit_task_constructor_demo:/root/underlay_ws/install/moveit_task_constructor_capabilities:/root/underlay_ws/install/moveit_task_constructor_core:/root/underlay_ws/install/moveit_ros_control_interface:/root/underlay_ws/install/moveit_plugins:/root/underlay_ws/install/moveit_simple_controller_manager:/root/underlay_ws/install/moveit_setup_assistant:/root/underlay_ws/install/moveit_setup_srdf_plugins:/root/underlay_ws/install/moveit_setup_core_plugins:/root/underlay_ws/install/moveit_setup_controllers:/root/underlay_ws/install/moveit_setup_app_plugins:/root/underlay_ws/install/moveit_setup_framework:/root/underlay_ws/install/moveit_servo:/root/underlay_ws/install/moveit_ros:/root/underlay_ws/install/moveit_ros_visualization:/root/underlay_ws/install/moveit_hybrid_planning:/root/underlay_ws/install/moveit_ros_planning_interface:/root/underlay_ws/install/moveit_ros_benchmarks:/root/underlay_ws/install/moveit_ros_warehouse:/root/underlay_ws/install/moveit_ros_robot_interaction:/root/underlay_ws/install/moveit_ros_perception:/root/underlay_ws/install/moveit_resources_prbt_pg70_support:/root/underlay_ws/install/moveit_resources_prbt_moveit_config:/root/underlay_ws/install/moveit_ros_move_group:/root/underlay_ws/install/moveit_planners_ompl:/root/underlay_ws/install/moveit_ros_planning:/root/underlay_ws/install/moveit_ros_occupancy_map_monitor:/root/underlay_ws/install/moveit_resources_prbt_ikfast_manipulator_plugin:/root/underlay_ws/install/moveit_planners_chomp:/root/underlay_ws/install/moveit_kinematics:/root/underlay_ws/install/moveit_chomp_optimizer_adapter:/root/underlay_ws/install/chomp_motion_planner:/root/underlay_ws/install/moveit_core:/root/underlay_ws/install/srdfdom:/root/underlay_ws/install/rviz_marker_tools:/root/underlay_ws/install/rosparam_shortcuts:/root/underlay_ws/install/moveit_task_constructor_msgs:/root/underlay_ws/install/moveit_resources_prbt_support:/root/underlay_ws/install/moveit_resources:/root/underlay_ws/install/moveit_resources_pr2_description:/root/underlay_ws/install/moveit_resources_panda_moveit_config:/root/underlay_ws/install/moveit_resources_panda_description:/root/underlay_ws/install/moveit_resources_fanuc_moveit_config:/root/underlay_ws/install/moveit_resources_fanuc_description:/root/underlay_ws/install/moveit_common:/root/underlay_ws/install/moveit_configs_utils:/root/underlay_ws/install/launch_param_builder:/opt/ros/humble LD_LIBRARY_PATH=/root/overlay_ws/src/install/rviz_visual_tools/lib:/root/overlay_ws/src/install/graph_msgs/lib:${LD_LIBRARY_PATH} PYTHONPATH=/root/overlay_ws/src/install/graph_msgs/local/lib/python3.10/dist-packages:${PYTHONPATH} /usr/bin/cmake /root/overlay_ws/src/moveit_visual_tools -DCMAKE_INSTALL_PREFIX=/root/overlay_ws/src/install/moveit_visual_tools
[12.679s] Invoking command in '/root/overlay_ws/src/build/moveit_visual_tools': AMENT_PREFIX_PATH=/root/overlay_ws/src/install/rviz_visual_tools:/root/overlay_ws/src/install/graph_msgs:${AMENT_PREFIX_PATH} CMAKE_PREFIX_PATH=/root/overlay_ws/src/install/rviz_visual_tools:/root/overlay_ws/src/install/graph_msgs:/root/overlay_ws/install/hello_moveit_ur:/root/underlay_ws/install/pilz_industrial_motion_planner_testutils:/root/underlay_ws/install/moveit_runtime:/root/underlay_ws/install/moveit2_tutorials:/root/underlay_ws/install/moveit:/root/underlay_ws/install/moveit_planners:/root/underlay_ws/install/pilz_industrial_motion_planner:/root/underlay_ws/install/moveit_visual_tools:/root/underlay_ws/install/moveit_task_constructor_visualization:/root/underlay_ws/install/moveit_task_constructor_demo:/root/underlay_ws/install/moveit_task_constructor_capabilities:/root/underlay_ws/install/moveit_task_constructor_core:/root/underlay_ws/install/moveit_ros_control_interface:/root/underlay_ws/install/moveit_plugins:/root/underlay_ws/install/moveit_simple_controller_manager:/root/underlay_ws/install/moveit_setup_assistant:/root/underlay_ws/install/moveit_setup_srdf_plugins:/root/underlay_ws/install/moveit_setup_core_plugins:/root/underlay_ws/install/moveit_setup_controllers:/root/underlay_ws/install/moveit_setup_app_plugins:/root/underlay_ws/install/moveit_setup_framework:/root/underlay_ws/install/moveit_servo:/root/underlay_ws/install/moveit_ros:/root/underlay_ws/install/moveit_ros_visualization:/root/underlay_ws/install/moveit_hybrid_planning:/root/underlay_ws/install/moveit_ros_planning_interface:/root/underlay_ws/install/moveit_ros_benchmarks:/root/underlay_ws/install/moveit_ros_warehouse:/root/underlay_ws/install/moveit_ros_robot_interaction:/root/underlay_ws/install/moveit_ros_perception:/root/underlay_ws/install/moveit_resources_prbt_pg70_support:/root/underlay_ws/install/moveit_resources_prbt_moveit_config:/root/underlay_ws/install/moveit_ros_move_group:/root/underlay_ws/install/moveit_planners_ompl:/root/underlay_ws/install/moveit_ros_planning:/root/underlay_ws/install/moveit_ros_occupancy_map_monitor:/root/underlay_ws/install/moveit_resources_prbt_ikfast_manipulator_plugin:/root/underlay_ws/install/moveit_planners_chomp:/root/underlay_ws/install/moveit_kinematics:/root/underlay_ws/install/moveit_chomp_optimizer_adapter:/root/underlay_ws/install/chomp_motion_planner:/root/underlay_ws/install/moveit_core:/root/underlay_ws/install/srdfdom:/root/underlay_ws/install/rviz_marker_tools:/root/underlay_ws/install/rosparam_shortcuts:/root/underlay_ws/install/moveit_task_constructor_msgs:/root/underlay_ws/install/moveit_resources_prbt_support:/root/underlay_ws/install/moveit_resources:/root/underlay_ws/install/moveit_resources_pr2_description:/root/underlay_ws/install/moveit_resources_panda_moveit_config:/root/underlay_ws/install/moveit_resources_panda_description:/root/underlay_ws/install/moveit_resources_fanuc_moveit_config:/root/underlay_ws/install/moveit_resources_fanuc_description:/root/underlay_ws/install/moveit_common:/root/underlay_ws/install/moveit_configs_utils:/root/underlay_ws/install/launch_param_builder:/opt/ros/humble LD_LIBRARY_PATH=/root/overlay_ws/src/install/rviz_visual_tools/lib:/root/overlay_ws/src/install/graph_msgs/lib:${LD_LIBRARY_PATH} PYTHONPATH=/root/overlay_ws/src/install/graph_msgs/local/lib/python3.10/dist-packages:${PYTHONPATH} /usr/bin/cmake --build /root/overlay_ws/src/build/moveit_visual_tools -- -j8 -l8
[12.823s] [ 16%] [32mBuilding CXX object CMakeFiles/moveit_visual_tools.dir/src/imarker_end_effector.cpp.o[0m
[12.823s] [ 33%] [32mBuilding CXX object CMakeFiles/moveit_visual_tools.dir/src/imarker_robot_state.cpp.o[0m
[12.825s] [ 50%] [32mBuilding CXX object CMakeFiles/moveit_visual_tools.dir/src/moveit_visual_tools.cpp.o[0m
[48.913s] [ 66%] [32m[1mLinking CXX shared library libmoveit_visual_tools.so[0m
[50.177s] [ 66%] Built target moveit_visual_tools
[50.228s] [ 83%] [32mBuilding CXX object CMakeFiles/moveit_visual_tools_demo.dir/src/moveit_visual_tools_demo.cpp.o[0m
[71.941s] [100%] [32m[1mLinking CXX executable moveit_visual_tools_demo[0m
[73.174s] [100%] Built target moveit_visual_tools_demo
[73.196s] Invoked command in '/root/overlay_ws/src/build/moveit_visual_tools' returned '0': AMENT_PREFIX_PATH=/root/overlay_ws/src/install/rviz_visual_tools:/root/overlay_ws/src/install/graph_msgs:${AMENT_PREFIX_PATH} CMAKE_PREFIX_PATH=/root/overlay_ws/src/install/rviz_visual_tools:/root/overlay_ws/src/install/graph_msgs:/root/overlay_ws/install/hello_moveit_ur:/root/underlay_ws/install/pilz_industrial_motion_planner_testutils:/root/underlay_ws/install/moveit_runtime:/root/underlay_ws/install/moveit2_tutorials:/root/underlay_ws/install/moveit:/root/underlay_ws/install/moveit_planners:/root/underlay_ws/install/pilz_industrial_motion_planner:/root/underlay_ws/install/moveit_visual_tools:/root/underlay_ws/install/moveit_task_constructor_visualization:/root/underlay_ws/install/moveit_task_constructor_demo:/root/underlay_ws/install/moveit_task_constructor_capabilities:/root/underlay_ws/install/moveit_task_constructor_core:/root/underlay_ws/install/moveit_ros_control_interface:/root/underlay_ws/install/moveit_plugins:/root/underlay_ws/install/moveit_simple_controller_manager:/root/underlay_ws/install/moveit_setup_assistant:/root/underlay_ws/install/moveit_setup_srdf_plugins:/root/underlay_ws/install/moveit_setup_core_plugins:/root/underlay_ws/install/moveit_setup_controllers:/root/underlay_ws/install/moveit_setup_app_plugins:/root/underlay_ws/install/moveit_setup_framework:/root/underlay_ws/install/moveit_servo:/root/underlay_ws/install/moveit_ros:/root/underlay_ws/install/moveit_ros_visualization:/root/underlay_ws/install/moveit_hybrid_planning:/root/underlay_ws/install/moveit_ros_planning_interface:/root/underlay_ws/install/moveit_ros_benchmarks:/root/underlay_ws/install/moveit_ros_warehouse:/root/underlay_ws/install/moveit_ros_robot_interaction:/root/underlay_ws/install/moveit_ros_perception:/root/underlay_ws/install/moveit_resources_prbt_pg70_support:/root/underlay_ws/install/moveit_resources_prbt_moveit_config:/root/underlay_ws/install/moveit_ros_move_group:/root/underlay_ws/install/moveit_planners_ompl:/root/underlay_ws/install/moveit_ros_planning:/root/underlay_ws/install/moveit_ros_occupancy_map_monitor:/root/underlay_ws/install/moveit_resources_prbt_ikfast_manipulator_plugin:/root/underlay_ws/install/moveit_planners_chomp:/root/underlay_ws/install/moveit_kinematics:/root/underlay_ws/install/moveit_chomp_optimizer_adapter:/root/underlay_ws/install/chomp_motion_planner:/root/underlay_ws/install/moveit_core:/root/underlay_ws/install/srdfdom:/root/underlay_ws/install/rviz_marker_tools:/root/underlay_ws/install/rosparam_shortcuts:/root/underlay_ws/install/moveit_task_constructor_msgs:/root/underlay_ws/install/moveit_resources_prbt_support:/root/underlay_ws/install/moveit_resources:/root/underlay_ws/install/moveit_resources_pr2_description:/root/underlay_ws/install/moveit_resources_panda_moveit_config:/root/underlay_ws/install/moveit_resources_panda_description:/root/underlay_ws/install/moveit_resources_fanuc_moveit_config:/root/underlay_ws/install/moveit_resources_fanuc_description:/root/underlay_ws/install/moveit_common:/root/underlay_ws/install/moveit_configs_utils:/root/underlay_ws/install/launch_param_builder:/opt/ros/humble LD_LIBRARY_PATH=/root/overlay_ws/src/install/rviz_visual_tools/lib:/root/overlay_ws/src/install/graph_msgs/lib:${LD_LIBRARY_PATH} PYTHONPATH=/root/overlay_ws/src/install/graph_msgs/local/lib/python3.10/dist-packages:${PYTHONPATH} /usr/bin/cmake --build /root/overlay_ws/src/build/moveit_visual_tools -- -j8 -l8
[73.297s] Invoking command in '/root/overlay_ws/src/build/moveit_visual_tools': AMENT_PREFIX_PATH=/root/overlay_ws/src/install/rviz_visual_tools:/root/overlay_ws/src/install/graph_msgs:${AMENT_PREFIX_PATH} CMAKE_PREFIX_PATH=/root/overlay_ws/src/install/rviz_visual_tools:/root/overlay_ws/src/install/graph_msgs:/root/overlay_ws/install/hello_moveit_ur:/root/underlay_ws/install/pilz_industrial_motion_planner_testutils:/root/underlay_ws/install/moveit_runtime:/root/underlay_ws/install/moveit2_tutorials:/root/underlay_ws/install/moveit:/root/underlay_ws/install/moveit_planners:/root/underlay_ws/install/pilz_industrial_motion_planner:/root/underlay_ws/install/moveit_visual_tools:/root/underlay_ws/install/moveit_task_constructor_visualization:/root/underlay_ws/install/moveit_task_constructor_demo:/root/underlay_ws/install/moveit_task_constructor_capabilities:/root/underlay_ws/install/moveit_task_constructor_core:/root/underlay_ws/install/moveit_ros_control_interface:/root/underlay_ws/install/moveit_plugins:/root/underlay_ws/install/moveit_simple_controller_manager:/root/underlay_ws/install/moveit_setup_assistant:/root/underlay_ws/install/moveit_setup_srdf_plugins:/root/underlay_ws/install/moveit_setup_core_plugins:/root/underlay_ws/install/moveit_setup_controllers:/root/underlay_ws/install/moveit_setup_app_plugins:/root/underlay_ws/install/moveit_setup_framework:/root/underlay_ws/install/moveit_servo:/root/underlay_ws/install/moveit_ros:/root/underlay_ws/install/moveit_ros_visualization:/root/underlay_ws/install/moveit_hybrid_planning:/root/underlay_ws/install/moveit_ros_planning_interface:/root/underlay_ws/install/moveit_ros_benchmarks:/root/underlay_ws/install/moveit_ros_warehouse:/root/underlay_ws/install/moveit_ros_robot_interaction:/root/underlay_ws/install/moveit_ros_perception:/root/underlay_ws/install/moveit_resources_prbt_pg70_support:/root/underlay_ws/install/moveit_resources_prbt_moveit_config:/root/underlay_ws/install/moveit_ros_move_group:/root/underlay_ws/install/moveit_planners_ompl:/root/underlay_ws/install/moveit_ros_planning:/root/underlay_ws/install/moveit_ros_occupancy_map_monitor:/root/underlay_ws/install/moveit_resources_prbt_ikfast_manipulator_plugin:/root/underlay_ws/install/moveit_planners_chomp:/root/underlay_ws/install/moveit_kinematics:/root/underlay_ws/install/moveit_chomp_optimizer_adapter:/root/underlay_ws/install/chomp_motion_planner:/root/underlay_ws/install/moveit_core:/root/underlay_ws/install/srdfdom:/root/underlay_ws/install/rviz_marker_tools:/root/underlay_ws/install/rosparam_shortcuts:/root/underlay_ws/install/moveit_task_constructor_msgs:/root/underlay_ws/install/moveit_resources_prbt_support:/root/underlay_ws/install/moveit_resources:/root/underlay_ws/install/moveit_resources_pr2_description:/root/underlay_ws/install/moveit_resources_panda_moveit_config:/root/underlay_ws/install/moveit_resources_panda_description:/root/underlay_ws/install/moveit_resources_fanuc_moveit_config:/root/underlay_ws/install/moveit_resources_fanuc_description:/root/underlay_ws/install/moveit_common:/root/underlay_ws/install/moveit_configs_utils:/root/underlay_ws/install/launch_param_builder:/opt/ros/humble LD_LIBRARY_PATH=/root/overlay_ws/src/install/rviz_visual_tools/lib:/root/overlay_ws/src/install/graph_msgs/lib:${LD_LIBRARY_PATH} PYTHONPATH=/root/overlay_ws/src/install/graph_msgs/local/lib/python3.10/dist-packages:${PYTHONPATH} /usr/bin/cmake --install /root/overlay_ws/src/build/moveit_visual_tools
[73.315s] -- Install configuration: "Release"
[73.316s] -- Installing: /root/overlay_ws/src/install/moveit_visual_tools/share/moveit_visual_tools/environment/library_path.sh
[73.316s] -- Installing: /root/overlay_ws/src/install/moveit_visual_tools/share/moveit_visual_tools/environment/library_path.dsv
[73.316s] -- Installing: /root/overlay_ws/src/install/moveit_visual_tools/lib/libmoveit_visual_tools.so
[73.319s] -- Set runtime path of "/root/overlay_ws/src/install/moveit_visual_tools/lib/libmoveit_visual_tools.so" to ""
[73.319s] -- Installing: /root/overlay_ws/src/install/moveit_visual_tools/lib/moveit_visual_tools/moveit_visual_tools_demo
[73.322s] -- Set runtime path of "/root/overlay_ws/src/install/moveit_visual_tools/lib/moveit_visual_tools/moveit_visual_tools_demo" to ""
[73.322s] -- Installing: /root/overlay_ws/src/install/moveit_visual_tools/include
[73.322s] -- Installing: /root/overlay_ws/src/install/moveit_visual_tools/include/moveit_visual_tools
[73.322s] -- Installing: /root/overlay_ws/src/install/moveit_visual_tools/include/moveit_visual_tools/moveit_visual_tools.h
[73.322s] -- Installing: /root/overlay_ws/src/install/moveit_visual_tools/include/moveit_visual_tools/imarker_end_effector.h
[73.323s] -- Installing: /root/overlay_ws/src/install/moveit_visual_tools/include/moveit_visual_tools/imarker_robot_state.h
[73.323s] -- Installing: /root/overlay_ws/src/install/moveit_visual_tools/share/moveit_visual_tools/launch
[73.323s] -- Installing: /root/overlay_ws/src/install/moveit_visual_tools/share/moveit_visual_tools/launch/demo_rviz.launch.py
[73.323s] -- Installing: /root/overlay_ws/src/install/moveit_visual_tools/share/moveit_visual_tools/launch/demo.rviz
[73.323s] -- Installing: /root/overlay_ws/src/install/moveit_visual_tools/share/moveit_visual_tools/resources
[73.323s] -- Installing: /root/overlay_ws/src/install/moveit_visual_tools/share/moveit_visual_tools/resources/screenshot.png
[73.323s] -- Installing: /root/overlay_ws/src/install/moveit_visual_tools/share/moveit_visual_tools/resources/demo.png
[73.324s] -- Installing: /root/overlay_ws/src/install/moveit_visual_tools/share/moveit_visual_tools/resources/rrbot.urdf
[73.324s] -- Installing: /root/overlay_ws/src/install/moveit_visual_tools/share/moveit_visual_tools/resources/demo_mesh.stl
[73.324s] -- Installing: /root/overlay_ws/src/install/moveit_visual_tools/share/moveit_visual_tools/resources/rrbot.srdf
[73.324s] -- Installing: /root/overlay_ws/src/install/moveit_visual_tools/share/ament_index/resource_index/package_run_dependencies/moveit_visual_tools
[73.324s] -- Installing: /root/overlay_ws/src/install/moveit_visual_tools/share/ament_index/resource_index/parent_prefix_path/moveit_visual_tools
[73.324s] -- Installing: /root/overlay_ws/src/install/moveit_visual_tools/share/moveit_visual_tools/environment/ament_prefix_path.sh
[73.325s] -- Installing: /root/overlay_ws/src/install/moveit_visual_tools/share/moveit_visual_tools/environment/ament_prefix_path.dsv
[73.325s] -- Installing: /root/overlay_ws/src/install/moveit_visual_tools/share/moveit_visual_tools/environment/path.sh
[73.325s] -- Installing: /root/overlay_ws/src/install/moveit_visual_tools/share/moveit_visual_tools/environment/path.dsv
[73.326s] -- Installing: /root/overlay_ws/src/install/moveit_visual_tools/share/moveit_visual_tools/local_setup.bash
[73.326s] -- Installing: /root/overlay_ws/src/install/moveit_visual_tools/share/moveit_visual_tools/local_setup.sh
[73.326s] -- Installing: /root/overlay_ws/src/install/moveit_visual_tools/share/moveit_visual_tools/local_setup.zsh
[73.327s] -- Installing: /root/overlay_ws/src/install/moveit_visual_tools/share/moveit_visual_tools/local_setup.dsv
[73.327s] -- Installing: /root/overlay_ws/src/install/moveit_visual_tools/share/moveit_visual_tools/package.dsv
[73.327s] -- Installing: /root/overlay_ws/src/install/moveit_visual_tools/share/ament_index/resource_index/packages/moveit_visual_tools
[73.328s] -- Installing: /root/overlay_ws/src/install/moveit_visual_tools/share/moveit_visual_tools/cmake/export_moveit_visual_toolsExport.cmake
[73.328s] -- Installing: /root/overlay_ws/src/install/moveit_visual_tools/share/moveit_visual_tools/cmake/export_moveit_visual_toolsExport-release.cmake
[73.328s] -- Installing: /root/overlay_ws/src/install/moveit_visual_tools/share/moveit_visual_tools/cmake/ament_cmake_export_targets-extras.cmake
[73.328s] -- Installing: /root/overlay_ws/src/install/moveit_visual_tools/share/moveit_visual_tools/cmake/ament_cmake_export_dependencies-extras.cmake
[73.329s] -- Installing: /root/overlay_ws/src/install/moveit_visual_tools/share/moveit_visual_tools/cmake/moveit_visual_toolsConfig.cmake
[73.329s] -- Installing: /root/overlay_ws/src/install/moveit_visual_tools/share/moveit_visual_tools/cmake/moveit_visual_toolsConfig-version.cmake
[73.329s] -- Installing: /root/overlay_ws/src/install/moveit_visual_tools/share/moveit_visual_tools/package.xml
[73.332s] Invoked command in '/root/overlay_ws/src/build/moveit_visual_tools' returned '0': AMENT_PREFIX_PATH=/root/overlay_ws/src/install/rviz_visual_tools:/root/overlay_ws/src/install/graph_msgs:${AMENT_PREFIX_PATH} CMAKE_PREFIX_PATH=/root/overlay_ws/src/install/rviz_visual_tools:/root/overlay_ws/src/install/graph_msgs:/root/overlay_ws/install/hello_moveit_ur:/root/underlay_ws/install/pilz_industrial_motion_planner_testutils:/root/underlay_ws/install/moveit_runtime:/root/underlay_ws/install/moveit2_tutorials:/root/underlay_ws/install/moveit:/root/underlay_ws/install/moveit_planners:/root/underlay_ws/install/pilz_industrial_motion_planner:/root/underlay_ws/install/moveit_visual_tools:/root/underlay_ws/install/moveit_task_constructor_visualization:/root/underlay_ws/install/moveit_task_constructor_demo:/root/underlay_ws/install/moveit_task_constructor_capabilities:/root/underlay_ws/install/moveit_task_constructor_core:/root/underlay_ws/install/moveit_ros_control_interface:/root/underlay_ws/install/moveit_plugins:/root/underlay_ws/install/moveit_simple_controller_manager:/root/underlay_ws/install/moveit_setup_assistant:/root/underlay_ws/install/moveit_setup_srdf_plugins:/root/underlay_ws/install/moveit_setup_core_plugins:/root/underlay_ws/install/moveit_setup_controllers:/root/underlay_ws/install/moveit_setup_app_plugins:/root/underlay_ws/install/moveit_setup_framework:/root/underlay_ws/install/moveit_servo:/root/underlay_ws/install/moveit_ros:/root/underlay_ws/install/moveit_ros_visualization:/root/underlay_ws/install/moveit_hybrid_planning:/root/underlay_ws/install/moveit_ros_planning_interface:/root/underlay_ws/install/moveit_ros_benchmarks:/root/underlay_ws/install/moveit_ros_warehouse:/root/underlay_ws/install/moveit_ros_robot_interaction:/root/underlay_ws/install/moveit_ros_perception:/root/underlay_ws/install/moveit_resources_prbt_pg70_support:/root/underlay_ws/install/moveit_resources_prbt_moveit_config:/root/underlay_ws/install/moveit_ros_move_group:/root/underlay_ws/install/moveit_planners_ompl:/root/underlay_ws/install/moveit_ros_planning:/root/underlay_ws/install/moveit_ros_occupancy_map_monitor:/root/underlay_ws/install/moveit_resources_prbt_ikfast_manipulator_plugin:/root/underlay_ws/install/moveit_planners_chomp:/root/underlay_ws/install/moveit_kinematics:/root/underlay_ws/install/moveit_chomp_optimizer_adapter:/root/underlay_ws/install/chomp_motion_planner:/root/underlay_ws/install/moveit_core:/root/underlay_ws/install/srdfdom:/root/underlay_ws/install/rviz_marker_tools:/root/underlay_ws/install/rosparam_shortcuts:/root/underlay_ws/install/moveit_task_constructor_msgs:/root/underlay_ws/install/moveit_resources_prbt_support:/root/underlay_ws/install/moveit_resources:/root/underlay_ws/install/moveit_resources_pr2_description:/root/underlay_ws/install/moveit_resources_panda_moveit_config:/root/underlay_ws/install/moveit_resources_panda_description:/root/underlay_ws/install/moveit_resources_fanuc_moveit_config:/root/underlay_ws/install/moveit_resources_fanuc_description:/root/underlay_ws/install/moveit_common:/root/underlay_ws/install/moveit_configs_utils:/root/underlay_ws/install/launch_param_builder:/opt/ros/humble LD_LIBRARY_PATH=/root/overlay_ws/src/install/rviz_visual_tools/lib:/root/overlay_ws/src/install/graph_msgs/lib:${LD_LIBRARY_PATH} PYTHONPATH=/root/overlay_ws/src/install/graph_msgs/local/lib/python3.10/dist-packages:${PYTHONPATH} /usr/bin/cmake --install /root/overlay_ws/src/build/moveit_visual_tools
